<?xml version="1.0" encoding="UTF-8"?>
<coverage generated="1645173253262" clover="3.2.0">
  <project timestamp="1645173253263" name="All files">
    <metrics statements="938" coveredstatements="494" conditionals="755" coveredconditionals="223" methods="202" coveredmethods="83" elements="1895" coveredelements="800" complexity="0" loc="938" ncloc="938" packages="1" files="1" classes="1"/>
    <file name="simplicite.ts" path="D:\dev\git\github\nodejs-api\src\simplicite.ts">
      <metrics statements="938" coveredstatements="494" conditionals="755" coveredconditionals="223" methods="202" coveredmethods="83"/>
      <line num="15" count="1" type="stmt"/>
      <line num="513" count="1" type="stmt"/>
      <line num="514" count="1" type="stmt"/>
      <line num="544" count="1" type="cond" truecount="1" falsecount="1"/>
      <line num="547" count="1" type="stmt"/>
      <line num="549" count="1" type="cond" truecount="3" falsecount="1"/>
      <line num="551" count="1" type="cond" truecount="2" falsecount="0"/>
      <line num="553" count="0" type="stmt"/>
      <line num="556" count="1" type="cond" truecount="2" falsecount="0"/>
      <line num="557" count="10" type="cond" truecount="5" falsecount="0"/>
      <line num="559" count="9" type="stmt"/>
      <line num="562" count="1" type="stmt"/>
      <line num="565" count="1" type="cond" truecount="2" falsecount="0"/>
      <line num="566" count="0" type="cond" truecount="0" falsecount="5"/>
      <line num="568" count="0" type="stmt"/>
      <line num="571" count="0" type="cond" truecount="0" falsecount="5"/>
      <line num="574" count="1" type="cond" truecount="2" falsecount="0"/>
      <line num="575" count="0" type="cond" truecount="0" falsecount="5"/>
      <line num="577" count="0" type="stmt"/>
      <line num="580" count="0" type="cond" truecount="0" falsecount="5"/>
      <line num="583" count="1" type="stmt"/>
      <line num="584" count="1" type="cond" truecount="2" falsecount="0"/>
      <line num="585" count="87" type="cond" truecount="0" falsecount="1"/>
      <line num="586" count="0" type="cond" truecount="0" falsecount="5"/>
      <line num="588" count="0" type="stmt"/>
      <line num="591" count="0" type="stmt"/>
      <line num="595" count="1" type="cond" truecount="1" falsecount="2"/>
      <line num="596" count="1" type="cond" truecount="1" falsecount="0"/>
      <line num="597" count="1" type="stmt"/>
      <line num="598" count="1" type="stmt"/>
      <line num="599" count="1" type="stmt"/>
      <line num="600" count="1" type="cond" truecount="1" falsecount="1"/>
      <line num="601" count="0" type="stmt"/>
      <line num="602" count="0" type="cond" truecount="0" falsecount="2"/>
      <line num="603" count="0" type="stmt"/>
      <line num="605" count="1" type="stmt"/>
      <line num="606" count="1" type="stmt"/>
      <line num="607" count="1" type="cond" truecount="0" falsecount="1"/>
      <line num="608" count="0" type="stmt"/>
      <line num="609" count="1" type="stmt"/>
      <line num="611" count="1" type="cond" truecount="0" falsecount="1"/>
      <line num="612" count="0" type="stmt"/>
      <line num="614" count="0" type="stmt"/>
      <line num="615" count="0" type="stmt"/>
      <line num="619" count="1" type="cond" truecount="1" falsecount="3"/>
      <line num="620" count="1" type="cond" truecount="2" falsecount="1"/>
      <line num="621" count="0" type="stmt"/>
      <line num="622" count="0" type="stmt"/>
      <line num="624" count="1" type="cond" truecount="1" falsecount="1"/>
      <line num="625" count="1" type="cond" truecount="1" falsecount="1"/>
      <line num="626" count="1" type="cond" truecount="2" falsecount="0"/>
      <line num="627" count="1" type="cond" truecount="0" falsecount="1"/>
      <line num="628" count="0" type="stmt"/>
      <line num="630" count="1" type="stmt"/>
      <line num="631" count="1" type="cond" truecount="3" falsecount="2"/>
      <line num="632" count="0" type="stmt"/>
      <line num="633" count="1" type="cond" truecount="0" falsecount="1"/>
      <line num="634" count="0" type="cond" truecount="0" falsecount="2"/>
      <line num="635" count="1" type="stmt"/>
      <line num="637" count="1" type="cond" truecount="1" falsecount="1"/>
      <line num="639" count="1" type="stmt"/>
      <line num="656" count="1" type="cond" truecount="2" falsecount="0"/>
      <line num="657" count="1" type="cond" truecount="2" falsecount="0"/>
      <line num="658" count="1" type="cond" truecount="2" falsecount="0"/>
      <line num="660" count="1" type="cond" truecount="2" falsecount="1"/>
      <line num="662" count="1" type="stmt"/>
      <line num="669" count="1" type="stmt"/>
      <line num="735" count="1" type="stmt"/>
      <line num="736" count="1" type="stmt"/>
      <line num="750" count="1" type="stmt"/>
      <line num="751" count="1" type="stmt"/>
      <line num="783" count="1" type="stmt"/>
      <line num="784" count="0" type="stmt"/>
      <line num="792" count="1" type="stmt"/>
      <line num="793" count="0" type="stmt"/>
      <line num="801" count="1" type="stmt"/>
      <line num="802" count="0" type="cond" truecount="0" falsecount="2"/>
      <line num="810" count="1" type="stmt"/>
      <line num="811" count="0" type="stmt"/>
      <line num="828" count="1" type="stmt"/>
      <line num="829" count="6" type="cond" truecount="2" falsecount="0"/>
      <line num="836" count="1" type="stmt"/>
      <line num="837" count="7" type="stmt"/>
      <line num="838" count="7" type="stmt"/>
      <line num="839" count="7" type="stmt"/>
      <line num="840" count="7" type="stmt"/>
      <line num="841" count="7" type="stmt"/>
      <line num="843" count="7" type="stmt"/>
      <line num="845" count="7" type="stmt"/>
      <line num="846" count="7" type="stmt"/>
      <line num="847" count="7" type="stmt"/>
      <line num="849" count="7" type="stmt"/>
      <line num="857" count="1" type="stmt"/>
      <line num="858" count="5" type="cond" truecount="4" falsecount="0"/>
      <line num="868" count="1" type="stmt"/>
      <line num="869" count="35" type="cond" truecount="2" falsecount="0"/>
      <line num="883" count="1" type="stmt"/>
      <line num="884" count="0" type="cond" truecount="0" falsecount="2"/>
      <line num="885" count="0" type="cond" truecount="0" falsecount="2"/>
      <line num="886" count="0" type="cond" truecount="0" falsecount="2"/>
      <line num="887" count="0" type="cond" truecount="0" falsecount="2"/>
      <line num="888" count="0" type="cond" truecount="0" falsecount="2"/>
      <line num="890" count="0" type="cond" truecount="0" falsecount="1"/>
      <line num="891" count="0" type="stmt"/>
      <line num="892" count="0" type="stmt"/>
      <line num="895" count="0" type="cond" truecount="0" falsecount="1"/>
      <line num="896" count="0" type="stmt"/>
      <line num="897" count="0" type="stmt"/>
      <line num="909" count="1" type="stmt"/>
      <line num="910" count="35" type="stmt"/>
      <line num="911" count="35" type="cond" truecount="2" falsecount="0"/>
      <line num="912" count="35" type="stmt"/>
      <line num="913" count="35" type="cond" truecount="1" falsecount="0"/>
      <line num="914" count="7" type="stmt"/>
      <line num="915" count="35" type="stmt"/>
      <line num="916" count="35" type="cond" truecount="2" falsecount="0"/>
      <line num="917" count="30" type="stmt"/>
      <line num="919" count="5" type="stmt"/>
      <line num="920" count="5" type="cond" truecount="1" falsecount="0"/>
      <line num="921" count="4" type="stmt"/>
      <line num="923" count="35" type="cond" truecount="1" falsecount="1"/>
      <line num="924" count="35" type="cond" truecount="0" falsecount="1"/>
      <line num="925" count="0" type="cond" truecount="0" falsecount="2"/>
      <line num="926" count="35" type="cond" truecount="3" falsecount="1"/>
      <line num="927" count="35" type="cond" truecount="2" falsecount="0"/>
      <line num="928" count="35" type="stmt"/>
      <line num="936" count="35" type="cond" truecount="1" falsecount="0"/>
      <line num="937" count="35" type="stmt"/>
      <line num="938" count="35" type="stmt"/>
      <line num="942" count="0" type="cond" truecount="0" falsecount="4"/>
      <line num="943" count="0" type="cond" truecount="0" falsecount="4"/>
      <line num="944" count="0" type="cond" truecount="0" falsecount="2"/>
      <line num="945" count="0" type="stmt"/>
      <line num="947" count="0" type="stmt"/>
      <line num="958" count="1" type="stmt"/>
      <line num="959" count="35" type="stmt"/>
      <line num="960" count="35" type="cond" truecount="0" falsecount="1"/>
      <line num="961" count="0" type="stmt"/>
      <line num="962" count="35" type="cond" truecount="1" falsecount="1"/>
      <line num="964" count="0" type="stmt"/>
      <line num="976" count="1" type="stmt"/>
      <line num="977" count="1" type="stmt"/>
      <line num="978" count="1" type="cond" truecount="2" falsecount="0"/>
      <line num="979" count="1" type="stmt"/>
      <line num="980" count="1" type="stmt"/>
      <line num="981" count="1" type="stmt"/>
      <line num="982" count="1" type="stmt"/>
      <line num="983" count="1" type="cond" truecount="1" falsecount="1"/>
      <line num="984" count="0" type="stmt"/>
      <line num="985" count="0" type="cond" truecount="0" falsecount="3"/>
      <line num="987" count="1" type="stmt"/>
      <line num="990" count="0" type="stmt"/>
      <line num="991" count="0" type="cond" truecount="0" falsecount="3"/>
      <line num="1006" count="1" type="stmt"/>
      <line num="1007" count="4" type="stmt"/>
      <line num="1008" count="4" type="cond" truecount="2" falsecount="0"/>
      <line num="1009" count="4" type="stmt"/>
      <line num="1010" count="4" type="cond" truecount="5" falsecount="1"/>
      <line num="1011" count="3" type="stmt"/>
      <line num="1012" count="3" type="cond" truecount="1" falsecount="1"/>
      <line num="1013" count="3" type="cond" truecount="1" falsecount="1"/>
      <line num="1014" count="1" type="cond" truecount="3" falsecount="1"/>
      <line num="1015" count="0" type="stmt"/>
      <line num="1016" count="0" type="cond" truecount="0" falsecount="3"/>
      <line num="1018" count="4" type="stmt"/>
      <line num="1019" count="4" type="stmt"/>
      <line num="1020" count="4" type="cond" truecount="3" falsecount="1"/>
      <line num="1021" count="4" type="cond" truecount="3" falsecount="1"/>
      <line num="1022" count="0" type="cond" truecount="0" falsecount="2"/>
      <line num="1023" count="0" type="cond" truecount="0" falsecount="3"/>
      <line num="1025" count="4" type="cond" truecount="1" falsecount="1"/>
      <line num="1026" count="4" type="stmt"/>
      <line num="1027" count="4" type="cond" truecount="1" falsecount="1"/>
      <line num="1028" count="4" type="cond" truecount="1" falsecount="0"/>
      <line num="1029" count="4" type="stmt"/>
      <line num="1030" count="4" type="cond" truecount="1" falsecount="1"/>
      <line num="1031" count="4" type="cond" truecount="1" falsecount="0"/>
      <line num="1032" count="4" type="stmt"/>
      <line num="1033" count="4" type="stmt"/>
      <line num="1034" count="4" type="stmt"/>
      <line num="1035" count="4" type="cond" truecount="1" falsecount="1"/>
      <line num="1036" count="4" type="stmt"/>
      <line num="1038" count="0" type="stmt"/>
      <line num="1040" count="4" type="cond" truecount="1" falsecount="0"/>
      <line num="1041" count="4" type="stmt"/>
      <line num="1043" count="4" type="stmt"/>
      <line num="1050" count="4" type="cond" truecount="2" falsecount="0"/>
      <line num="1053" count="0" type="stmt"/>
      <line num="1054" count="0" type="cond" truecount="0" falsecount="3"/>
      <line num="1067" count="1" type="stmt"/>
      <line num="1068" count="4" type="stmt"/>
      <line num="1069" count="4" type="cond" truecount="2" falsecount="0"/>
      <line num="1070" count="4" type="stmt"/>
      <line num="1071" count="4" type="stmt"/>
      <line num="1072" count="4" type="stmt"/>
      <line num="1073" count="4" type="cond" truecount="1" falsecount="3"/>
      <line num="1074" count="4" type="cond" truecount="1" falsecount="1"/>
      <line num="1075" count="0" type="cond" truecount="0" falsecount="2"/>
      <line num="1076" count="0" type="cond" truecount="0" falsecount="3"/>
      <line num="1078" count="4" type="stmt"/>
      <line num="1079" count="4" type="cond" truecount="2" falsecount="0"/>
      <line num="1082" count="0" type="stmt"/>
      <line num="1083" count="0" type="cond" truecount="0" falsecount="1"/>
      <line num="1084" count="0" type="stmt"/>
      <line num="1085" count="0" type="cond" truecount="0" falsecount="3"/>
      <line num="1105" count="1" type="stmt"/>
      <line num="1106" count="3" type="stmt"/>
      <line num="1107" count="3" type="cond" truecount="1" falsecount="1"/>
      <line num="1108" count="3" type="stmt"/>
      <line num="1109" count="3" type="stmt"/>
      <line num="1110" count="3" type="cond" truecount="2" falsecount="0"/>
      <line num="1111" count="3" type="cond" truecount="1" falsecount="0"/>
      <line num="1112" count="1" type="stmt"/>
      <line num="1113" count="3" type="cond" truecount="2" falsecount="0"/>
      <line num="1114" count="3" type="cond" truecount="0" falsecount="1"/>
      <line num="1115" count="0" type="stmt"/>
      <line num="1116" count="3" type="stmt"/>
      <line num="1117" count="3" type="stmt"/>
      <line num="1118" count="3" type="stmt"/>
      <line num="1119" count="3" type="cond" truecount="1" falsecount="1"/>
      <line num="1120" count="0" type="stmt"/>
      <line num="1121" count="0" type="cond" truecount="0" falsecount="3"/>
      <line num="1123" count="3" type="stmt"/>
      <line num="1124" count="3" type="cond" truecount="1" falsecount="0"/>
      <line num="1125" count="1" type="stmt"/>
      <line num="1126" count="3" type="cond" truecount="0" falsecount="1"/>
      <line num="1127" count="0" type="stmt"/>
      <line num="1128" count="3" type="stmt"/>
      <line num="1131" count="0" type="stmt"/>
      <line num="1132" count="0" type="cond" truecount="0" falsecount="3"/>
      <line num="1145" count="1" type="stmt"/>
      <line num="1146" count="0" type="stmt"/>
      <line num="1147" count="0" type="cond" truecount="0" falsecount="2"/>
      <line num="1148" count="0" type="stmt"/>
      <line num="1149" count="0" type="stmt"/>
      <line num="1150" count="0" type="stmt"/>
      <line num="1151" count="0" type="stmt"/>
      <line num="1152" count="0" type="cond" truecount="0" falsecount="2"/>
      <line num="1153" count="0" type="stmt"/>
      <line num="1154" count="0" type="cond" truecount="0" falsecount="3"/>
      <line num="1156" count="0" type="stmt"/>
      <line num="1159" count="0" type="stmt"/>
      <line num="1160" count="0" type="cond" truecount="0" falsecount="3"/>
      <line num="1178" count="1" type="stmt"/>
      <line num="1179" count="1" type="stmt"/>
      <line num="1180" count="1" type="cond" truecount="2" falsecount="0"/>
      <line num="1181" count="1" type="stmt"/>
      <line num="1182" count="1" type="stmt"/>
      <line num="1183" count="1" type="stmt"/>
      <line num="1184" count="1" type="stmt"/>
      <line num="1185" count="1" type="cond" truecount="1" falsecount="1"/>
      <line num="1186" count="0" type="stmt"/>
      <line num="1187" count="0" type="cond" truecount="0" falsecount="3"/>
      <line num="1189" count="1" type="stmt"/>
      <line num="1190" count="1" type="stmt"/>
      <line num="1193" count="0" type="stmt"/>
      <line num="1194" count="0" type="cond" truecount="0" falsecount="3"/>
      <line num="1212" count="1" type="stmt"/>
      <line num="1213" count="1" type="stmt"/>
      <line num="1214" count="1" type="cond" truecount="2" falsecount="0"/>
      <line num="1215" count="1" type="stmt"/>
      <line num="1216" count="1" type="stmt"/>
      <line num="1217" count="1" type="stmt"/>
      <line num="1218" count="1" type="stmt"/>
      <line num="1219" count="1" type="cond" truecount="1" falsecount="1"/>
      <line num="1220" count="0" type="stmt"/>
      <line num="1221" count="0" type="cond" truecount="0" falsecount="3"/>
      <line num="1223" count="1" type="stmt"/>
      <line num="1224" count="1" type="stmt"/>
      <line num="1227" count="0" type="stmt"/>
      <line num="1228" count="0" type="cond" truecount="0" falsecount="3"/>
      <line num="1247" count="1" type="stmt"/>
      <line num="1248" count="1" type="stmt"/>
      <line num="1249" count="1" type="cond" truecount="2" falsecount="0"/>
      <line num="1250" count="1" type="stmt"/>
      <line num="1251" count="1" type="stmt"/>
      <line num="1252" count="1" type="cond" truecount="0" falsecount="1"/>
      <line num="1253" count="0" type="stmt"/>
      <line num="1254" count="1" type="stmt"/>
      <line num="1255" count="1" type="stmt"/>
      <line num="1256" count="1" type="stmt"/>
      <line num="1257" count="1" type="cond" truecount="1" falsecount="1"/>
      <line num="1258" count="0" type="stmt"/>
      <line num="1259" count="0" type="cond" truecount="0" falsecount="3"/>
      <line num="1261" count="1" type="cond" truecount="1" falsecount="0"/>
      <line num="1262" count="1" type="stmt"/>
      <line num="1263" count="1" type="stmt"/>
      <line num="1266" count="0" type="stmt"/>
      <line num="1267" count="0" type="cond" truecount="0" falsecount="3"/>
      <line num="1286" count="1" type="stmt"/>
      <line num="1287" count="0" type="stmt"/>
      <line num="1288" count="0" type="cond" truecount="0" falsecount="2"/>
      <line num="1289" count="0" type="stmt"/>
      <line num="1290" count="0" type="stmt"/>
      <line num="1291" count="0" type="cond" truecount="0" falsecount="2"/>
      <line num="1292" count="0" type="cond" truecount="0" falsecount="1"/>
      <line num="1293" count="0" type="stmt"/>
      <line num="1294" count="0" type="stmt"/>
      <line num="1295" count="0" type="stmt"/>
      <line num="1296" count="0" type="stmt"/>
      <line num="1297" count="0" type="cond" truecount="0" falsecount="2"/>
      <line num="1298" count="0" type="stmt"/>
      <line num="1299" count="0" type="cond" truecount="0" falsecount="3"/>
      <line num="1301" count="0" type="stmt"/>
      <line num="1302" count="0" type="stmt"/>
      <line num="1303" count="0" type="stmt"/>
      <line num="1304" count="0" type="stmt"/>
      <line num="1307" count="0" type="stmt"/>
      <line num="1308" count="0" type="cond" truecount="0" falsecount="3"/>
      <line num="1324" count="1" type="stmt"/>
      <line num="1325" count="0" type="stmt"/>
      <line num="1326" count="0" type="cond" truecount="0" falsecount="2"/>
      <line num="1327" count="0" type="stmt"/>
      <line num="1328" count="0" type="stmt"/>
      <line num="1329" count="0" type="cond" truecount="0" falsecount="1"/>
      <line num="1330" count="0" type="stmt"/>
      <line num="1331" count="0" type="cond" truecount="0" falsecount="1"/>
      <line num="1332" count="0" type="stmt"/>
      <line num="1333" count="0" type="cond" truecount="0" falsecount="4"/>
      <line num="1334" count="0" type="stmt"/>
      <line num="1335" count="0" type="stmt"/>
      <line num="1336" count="0" type="cond" truecount="0" falsecount="2"/>
      <line num="1337" count="0" type="stmt"/>
      <line num="1338" count="0" type="cond" truecount="0" falsecount="3"/>
      <line num="1340" count="0" type="stmt"/>
      <line num="1343" count="0" type="stmt"/>
      <line num="1344" count="0" type="cond" truecount="0" falsecount="3"/>
      <line num="1356" count="1" type="stmt"/>
      <line num="1357" count="3" type="stmt"/>
      <line num="1358" count="3" type="stmt"/>
      <line num="1359" count="3" type="cond" truecount="1" falsecount="0"/>
      <line num="1360" count="3" type="stmt"/>
      <line num="1361" count="3" type="stmt"/>
      <line num="1363" count="3" type="stmt"/>
      <line num="1371" count="1" type="stmt"/>
      <line num="1372" count="0" type="stmt"/>
      <line num="1383" count="1" type="stmt"/>
      <line num="1384" count="0" type="stmt"/>
      <line num="1402" count="2" type="stmt"/>
      <line num="1440" count="2" type="stmt"/>
      <line num="1441" count="0" type="stmt"/>
      <line num="1449" count="2" type="stmt"/>
      <line num="1450" count="0" type="stmt"/>
      <line num="1458" count="2" type="stmt"/>
      <line num="1465" count="2" type="stmt"/>
      <line num="1466" count="0" type="stmt"/>
      <line num="1474" count="2" type="stmt"/>
      <line num="1481" count="2" type="stmt"/>
      <line num="1482" count="0" type="stmt"/>
      <line num="1490" count="2" type="stmt"/>
      <line num="1497" count="2" type="stmt"/>
      <line num="1498" count="0" type="stmt"/>
      <line num="1506" count="2" type="stmt"/>
      <line num="1513" count="2" type="stmt"/>
      <line num="1514" count="1" type="stmt"/>
      <line num="1522" count="2" type="stmt"/>
      <line num="1523" count="0" type="stmt"/>
      <line num="1533" count="0" type="stmt"/>
      <line num="1541" count="2" type="stmt"/>
      <line num="1542" count="0" type="stmt"/>
      <line num="1550" count="2" type="stmt"/>
      <line num="1551" count="0" type="cond" truecount="0" falsecount="2"/>
      <line num="1559" count="2" type="stmt"/>
      <line num="1560" count="0" type="stmt"/>
      <line num="1568" count="2" type="stmt"/>
      <line num="1569" count="0" type="stmt"/>
      <line num="1577" count="2" type="stmt"/>
      <line num="1578" count="0" type="stmt"/>
      <line num="1586" count="2" type="stmt"/>
      <line num="1587" count="0" type="cond" truecount="0" falsecount="1"/>
      <line num="1588" count="0" type="cond" truecount="0" falsecount="4"/>
      <line num="1595" count="2" type="stmt"/>
      <line num="1596" count="0" type="stmt"/>
      <line num="1612" count="7" type="stmt"/>
      <line num="1674" count="7" type="stmt"/>
      <line num="1675" count="2" type="stmt"/>
      <line num="1683" count="7" type="stmt"/>
      <line num="1684" count="5" type="stmt"/>
      <line num="1692" count="7" type="stmt"/>
      <line num="1699" count="7" type="stmt"/>
      <line num="1700" count="0" type="stmt"/>
      <line num="1708" count="7" type="stmt"/>
      <line num="1709" count="0" type="stmt"/>
      <line num="1717" count="7" type="stmt"/>
      <line num="1718" count="0" type="stmt"/>
      <line num="1726" count="7" type="stmt"/>
      <line num="1733" count="7" type="stmt"/>
      <line num="1734" count="0" type="stmt"/>
      <line num="1742" count="7" type="stmt"/>
      <line num="1749" count="7" type="stmt"/>
      <line num="1750" count="0" type="cond" truecount="0" falsecount="1"/>
      <line num="1751" count="0" type="stmt"/>
      <line num="1760" count="7" type="stmt"/>
      <line num="1761" count="1" type="cond" truecount="2" falsecount="0"/>
      <line num="1769" count="7" type="stmt"/>
      <line num="1770" count="0" type="cond" truecount="0" falsecount="4"/>
      <line num="1787" count="3" type="stmt"/>
      <line num="1788" count="3" type="stmt"/>
      <line num="1789" count="3" type="stmt"/>
      <line num="1790" count="3" type="stmt"/>
      <line num="1791" count="3" type="stmt"/>
      <line num="1792" count="3" type="stmt"/>
      <line num="1858" count="3" type="stmt"/>
      <line num="1860" count="3" type="cond" truecount="2" falsecount="0"/>
      <line num="1861" count="3" type="stmt"/>
      <line num="1862" count="3" type="stmt"/>
      <line num="1863" count="3" type="stmt"/>
      <line num="1865" count="3" type="stmt"/>
      <line num="1866" count="3" type="stmt"/>
      <line num="1867" count="3" type="stmt"/>
      <line num="1942" count="3" type="stmt"/>
      <line num="1943" count="1" type="stmt"/>
      <line num="1944" count="1" type="stmt"/>
      <line num="1945" count="1" type="cond" truecount="2" falsecount="0"/>
      <line num="1946" count="1" type="stmt"/>
      <line num="1947" count="1" type="stmt"/>
      <line num="1948" count="1" type="cond" truecount="0" falsecount="1"/>
      <line num="1949" count="0" type="stmt"/>
      <line num="1950" count="1" type="cond" truecount="0" falsecount="1"/>
      <line num="1951" count="0" type="stmt"/>
      <line num="1952" count="1" type="stmt"/>
      <line num="1953" count="1" type="stmt"/>
      <line num="1954" count="1" type="stmt"/>
      <line num="1955" count="1" type="cond" truecount="1" falsecount="1"/>
      <line num="1956" count="0" type="stmt"/>
      <line num="1957" count="0" type="cond" truecount="0" falsecount="3"/>
      <line num="1959" count="1" type="stmt"/>
      <line num="1960" count="1" type="stmt"/>
      <line num="1963" count="0" type="stmt"/>
      <line num="1964" count="0" type="cond" truecount="0" falsecount="3"/>
      <line num="1973" count="3" type="stmt"/>
      <line num="1980" count="3" type="stmt"/>
      <line num="1981" count="1" type="stmt"/>
      <line num="1989" count="3" type="stmt"/>
      <line num="1990" count="0" type="stmt"/>
      <line num="1998" count="3" type="stmt"/>
      <line num="1999" count="0" type="stmt"/>
      <line num="2007" count="3" type="stmt"/>
      <line num="2008" count="0" type="stmt"/>
      <line num="2016" count="3" type="stmt"/>
      <line num="2017" count="0" type="stmt"/>
      <line num="2026" count="3" type="stmt"/>
      <line num="2027" count="0" type="stmt"/>
      <line num="2028" count="0" type="stmt"/>
      <line num="2029" count="0" type="cond" truecount="0" falsecount="2"/>
      <line num="2030" count="0" type="cond" truecount="0" falsecount="1"/>
      <line num="2031" count="0" type="stmt"/>
      <line num="2039" count="3" type="stmt"/>
      <line num="2040" count="1" type="stmt"/>
      <line num="2048" count="3" type="stmt"/>
      <line num="2049" count="0" type="stmt"/>
      <line num="2057" count="3" type="stmt"/>
      <line num="2058" count="0" type="stmt"/>
      <line num="2067" count="3" type="stmt"/>
      <line num="2068" count="0" type="cond" truecount="0" falsecount="1"/>
      <line num="2069" count="0" type="stmt"/>
      <line num="2070" count="0" type="cond" truecount="0" falsecount="1"/>
      <line num="2071" count="0" type="stmt"/>
      <line num="2080" count="3" type="stmt"/>
      <line num="2081" count="0" type="cond" truecount="0" falsecount="1"/>
      <line num="2082" count="0" type="stmt"/>
      <line num="2083" count="0" type="cond" truecount="0" falsecount="1"/>
      <line num="2084" count="0" type="stmt"/>
      <line num="2094" count="3" type="stmt"/>
      <line num="2095" count="0" type="cond" truecount="0" falsecount="1"/>
      <line num="2096" count="0" type="stmt"/>
      <line num="2097" count="0" type="cond" truecount="0" falsecount="3"/>
      <line num="2098" count="0" type="cond" truecount="0" falsecount="2"/>
      <line num="2099" count="0" type="cond" truecount="0" falsecount="4"/>
      <line num="2100" count="0" type="stmt"/>
      <line num="2102" count="0" type="stmt"/>
      <line num="2113" count="3" type="stmt"/>
      <line num="2114" count="0" type="cond" truecount="0" falsecount="1"/>
      <line num="2115" count="0" type="stmt"/>
      <line num="2116" count="0" type="stmt"/>
      <line num="2117" count="0" type="cond" truecount="0" falsecount="4"/>
      <line num="2127" count="3" type="stmt"/>
      <line num="2128" count="0" type="cond" truecount="0" falsecount="1"/>
      <line num="2129" count="0" type="cond" truecount="0" falsecount="2"/>
      <line num="2130" count="0" type="stmt"/>
      <line num="2131" count="0" type="cond" truecount="0" falsecount="3"/>
      <line num="2132" count="0" type="cond" truecount="0" falsecount="2"/>
      <line num="2142" count="3" type="stmt"/>
      <line num="2143" count="0" type="cond" truecount="0" falsecount="1"/>
      <line num="2144" count="0" type="cond" truecount="0" falsecount="3"/>
      <line num="2145" count="0" type="stmt"/>
      <line num="2146" count="0" type="cond" truecount="0" falsecount="4"/>
      <line num="2147" count="0" type="stmt"/>
      <line num="2149" count="0" type="stmt"/>
      <line num="2160" count="3" type="stmt"/>
      <line num="2161" count="0" type="cond" truecount="0" falsecount="1"/>
      <line num="2162" count="0" type="cond" truecount="0" falsecount="3"/>
      <line num="2163" count="0" type="stmt"/>
      <line num="2164" count="0" type="cond" truecount="0" falsecount="3"/>
      <line num="2165" count="0" type="stmt"/>
      <line num="2166" count="0" type="cond" truecount="0" falsecount="1"/>
      <line num="2167" count="0" type="stmt"/>
      <line num="2184" count="3" type="stmt"/>
      <line num="2185" count="0" type="cond" truecount="0" falsecount="1"/>
      <line num="2186" count="0" type="stmt"/>
      <line num="2187" count="0" type="cond" truecount="0" falsecount="1"/>
      <line num="2188" count="0" type="stmt"/>
      <line num="2191" count="0" type="stmt"/>
      <line num="2201" count="3" type="stmt"/>
      <line num="2202" count="0" type="cond" truecount="0" falsecount="1"/>
      <line num="2203" count="0" type="stmt"/>
      <line num="2204" count="0" type="cond" truecount="0" falsecount="3"/>
      <line num="2205" count="0" type="cond" truecount="0" falsecount="4"/>
      <line num="2215" count="3" type="stmt"/>
      <line num="2216" count="0" type="cond" truecount="0" falsecount="2"/>
      <line num="2225" count="3" type="stmt"/>
      <line num="2226" count="0" type="stmt"/>
      <line num="2227" count="0" type="cond" truecount="0" falsecount="5"/>
      <line num="2239" count="3" type="stmt"/>
      <line num="2240" count="1" type="stmt"/>
      <line num="2241" count="1" type="stmt"/>
      <line num="2242" count="1" type="cond" truecount="2" falsecount="0"/>
      <line num="2243" count="1" type="stmt"/>
      <line num="2244" count="1" type="stmt"/>
      <line num="2245" count="1" type="cond" truecount="0" falsecount="1"/>
      <line num="2246" count="0" type="stmt"/>
      <line num="2247" count="1" type="cond" truecount="0" falsecount="1"/>
      <line num="2248" count="0" type="stmt"/>
      <line num="2249" count="1" type="stmt"/>
      <line num="2250" count="1" type="stmt"/>
      <line num="2251" count="1" type="stmt"/>
      <line num="2252" count="1" type="cond" truecount="1" falsecount="1"/>
      <line num="2253" count="0" type="stmt"/>
      <line num="2254" count="0" type="cond" truecount="0" falsecount="3"/>
      <line num="2256" count="1" type="stmt"/>
      <line num="2257" count="1" type="stmt"/>
      <line num="2260" count="0" type="stmt"/>
      <line num="2261" count="0" type="cond" truecount="0" falsecount="3"/>
      <line num="2272" count="3" type="stmt"/>
      <line num="2273" count="13" type="stmt"/>
      <line num="2274" count="13" type="cond" truecount="1" falsecount="0"/>
      <line num="2275" count="4" type="stmt"/>
      <line num="2276" count="13" type="cond" truecount="3" falsecount="0"/>
      <line num="2277" count="13" type="cond" truecount="1" falsecount="0"/>
      <line num="2278" count="1" type="cond" truecount="1" falsecount="1"/>
      <line num="2279" count="13" type="cond" truecount="2" falsecount="0"/>
      <line num="2280" count="13" type="cond" truecount="1" falsecount="0"/>
      <line num="2281" count="2" type="cond" truecount="2" falsecount="0"/>
      <line num="2282" count="13" type="cond" truecount="2" falsecount="0"/>
      <line num="2283" count="13" type="cond" truecount="0" falsecount="1"/>
      <line num="2284" count="0" type="cond" truecount="0" falsecount="2"/>
      <line num="2285" count="13" type="stmt"/>
      <line num="2294" count="3" type="stmt"/>
      <line num="2295" count="3" type="cond" truecount="1" falsecount="1"/>
      <line num="2305" count="3" type="stmt"/>
      <line num="2306" count="8" type="stmt"/>
      <line num="2307" count="8" type="cond" truecount="1" falsecount="0"/>
      <line num="2308" count="7" type="stmt"/>
      <line num="2309" count="59" type="stmt"/>
      <line num="2310" count="59" type="cond" truecount="2" falsecount="0"/>
      <line num="2311" count="59" type="cond" truecount="4" falsecount="0"/>
      <line num="2312" count="1" type="cond" truecount="1" falsecount="0"/>
      <line num="2313" count="1" type="stmt"/>
      <line num="2314" count="1" type="cond" truecount="2" falsecount="2"/>
      <line num="2315" count="58" type="cond" truecount="2" falsecount="2"/>
      <line num="2316" count="0" type="cond" truecount="0" falsecount="2"/>
      <line num="2317" count="58" type="cond" truecount="2" falsecount="0"/>
      <line num="2318" count="1" type="stmt"/>
      <line num="2319" count="0" type="cond" truecount="0" falsecount="4"/>
      <line num="2321" count="57" type="cond" truecount="4" falsecount="0"/>
      <line num="2324" count="7" type="stmt"/>
      <line num="2335" count="3" type="stmt"/>
      <line num="2336" count="1" type="stmt"/>
      <line num="2337" count="1" type="stmt"/>
      <line num="2338" count="1" type="cond" truecount="2" falsecount="0"/>
      <line num="2339" count="1" type="stmt"/>
      <line num="2340" count="1" type="cond" truecount="1" falsecount="1"/>
      <line num="2341" count="1" type="stmt"/>
      <line num="2342" count="1" type="stmt"/>
      <line num="2343" count="1" type="stmt"/>
      <line num="2344" count="1" type="cond" truecount="1" falsecount="1"/>
      <line num="2345" count="0" type="stmt"/>
      <line num="2346" count="0" type="cond" truecount="0" falsecount="3"/>
      <line num="2348" count="1" type="stmt"/>
      <line num="2349" count="1" type="cond" truecount="1" falsecount="1"/>
      <line num="2350" count="1" type="cond" truecount="1" falsecount="1"/>
      <line num="2351" count="1" type="stmt"/>
      <line num="2352" count="1" type="stmt"/>
      <line num="2355" count="0" type="stmt"/>
      <line num="2356" count="0" type="cond" truecount="0" falsecount="3"/>
      <line num="2372" count="3" type="stmt"/>
      <line num="2373" count="2" type="stmt"/>
      <line num="2374" count="2" type="stmt"/>
      <line num="2375" count="2" type="cond" truecount="2" falsecount="0"/>
      <line num="2376" count="2" type="stmt"/>
      <line num="2377" count="2" type="stmt"/>
      <line num="2378" count="2" type="cond" truecount="0" falsecount="1"/>
      <line num="2379" count="0" type="stmt"/>
      <line num="2380" count="2" type="cond" truecount="0" falsecount="1"/>
      <line num="2381" count="0" type="stmt"/>
      <line num="2382" count="2" type="cond" truecount="0" falsecount="1"/>
      <line num="2383" count="0" type="stmt"/>
      <line num="2384" count="2" type="cond" truecount="1" falsecount="1"/>
      <line num="2385" count="2" type="stmt"/>
      <line num="2386" count="2" type="stmt"/>
      <line num="2387" count="2" type="stmt"/>
      <line num="2388" count="2" type="cond" truecount="1" falsecount="1"/>
      <line num="2389" count="0" type="stmt"/>
      <line num="2390" count="0" type="cond" truecount="0" falsecount="3"/>
      <line num="2392" count="2" type="cond" truecount="0" falsecount="1"/>
      <line num="2393" count="0" type="stmt"/>
      <line num="2394" count="2" type="stmt"/>
      <line num="2395" count="2" type="cond" truecount="1" falsecount="1"/>
      <line num="2396" count="2" type="cond" truecount="1" falsecount="1"/>
      <line num="2397" count="2" type="stmt"/>
      <line num="2398" count="2" type="stmt"/>
      <line num="2401" count="0" type="stmt"/>
      <line num="2402" count="0" type="cond" truecount="0" falsecount="3"/>
      <line num="2418" count="3" type="stmt"/>
      <line num="2419" count="7" type="stmt"/>
      <line num="2420" count="7" type="stmt"/>
      <line num="2421" count="7" type="cond" truecount="2" falsecount="0"/>
      <line num="2422" count="7" type="stmt"/>
      <line num="2423" count="7" type="stmt"/>
      <line num="2424" count="7" type="stmt"/>
      <line num="2425" count="7" type="cond" truecount="1" falsecount="0"/>
      <line num="2426" count="1" type="stmt"/>
      <line num="2427" count="7" type="cond" truecount="0" falsecount="1"/>
      <line num="2428" count="0" type="stmt"/>
      <line num="2429" count="0" type="stmt"/>
      <line num="2431" count="7" type="cond" truecount="0" falsecount="1"/>
      <line num="2432" count="0" type="stmt"/>
      <line num="2433" count="7" type="cond" truecount="0" falsecount="1"/>
      <line num="2434" count="0" type="stmt"/>
      <line num="2435" count="7" type="stmt"/>
      <line num="2436" count="7" type="stmt"/>
      <line num="2437" count="7" type="stmt"/>
      <line num="2438" count="7" type="cond" truecount="1" falsecount="1"/>
      <line num="2439" count="0" type="stmt"/>
      <line num="2440" count="0" type="cond" truecount="0" falsecount="3"/>
      <line num="2442" count="7" type="cond" truecount="0" falsecount="1"/>
      <line num="2443" count="0" type="stmt"/>
      <line num="2444" count="7" type="cond" truecount="1" falsecount="1"/>
      <line num="2445" count="0" type="cond" truecount="0" falsecount="2"/>
      <line num="2447" count="7" type="cond" truecount="2" falsecount="0"/>
      <line num="2448" count="7" type="cond" truecount="2" falsecount="0"/>
      <line num="2451" count="0" type="stmt"/>
      <line num="2452" count="0" type="cond" truecount="0" falsecount="3"/>
      <line num="2465" count="3" type="stmt"/>
      <line num="2466" count="2" type="cond" truecount="2" falsecount="0"/>
      <line num="2467" count="2" type="stmt"/>
      <line num="2468" count="2" type="stmt"/>
      <line num="2469" count="2" type="stmt"/>
      <line num="2470" count="2" type="stmt"/>
      <line num="2482" count="3" type="stmt"/>
      <line num="2483" count="1" type="cond" truecount="2" falsecount="0"/>
      <line num="2484" count="1" type="stmt"/>
      <line num="2485" count="1" type="stmt"/>
      <line num="2486" count="1" type="stmt"/>
      <line num="2487" count="1" type="stmt"/>
      <line num="2499" count="3" type="stmt"/>
      <line num="2500" count="0" type="cond" truecount="0" falsecount="2"/>
      <line num="2501" count="0" type="stmt"/>
      <line num="2502" count="0" type="stmt"/>
      <line num="2503" count="0" type="stmt"/>
      <line num="2504" count="0" type="stmt"/>
      <line num="2516" count="3" type="stmt"/>
      <line num="2517" count="1" type="cond" truecount="2" falsecount="0"/>
      <line num="2518" count="1" type="stmt"/>
      <line num="2519" count="1" type="stmt"/>
      <line num="2520" count="1" type="stmt"/>
      <line num="2521" count="1" type="stmt"/>
      <line num="2530" count="3" type="stmt"/>
      <line num="2531" count="0" type="cond" truecount="0" falsecount="2"/>
      <line num="2532" count="0" type="cond" truecount="0" falsecount="1"/>
      <line num="2533" count="0" type="stmt"/>
      <line num="2544" count="3" type="stmt"/>
      <line num="2545" count="0" type="stmt"/>
      <line num="2546" count="0" type="stmt"/>
      <line num="2547" count="0" type="cond" truecount="0" falsecount="2"/>
      <line num="2548" count="0" type="stmt"/>
      <line num="2549" count="0" type="stmt"/>
      <line num="2550" count="0" type="stmt"/>
      <line num="2551" count="0" type="stmt"/>
      <line num="2552" count="0" type="stmt"/>
      <line num="2553" count="0" type="cond" truecount="0" falsecount="2"/>
      <line num="2554" count="0" type="stmt"/>
      <line num="2555" count="0" type="cond" truecount="0" falsecount="3"/>
      <line num="2557" count="0" type="cond" truecount="0" falsecount="2"/>
      <line num="2558" count="0" type="stmt"/>
      <line num="2561" count="0" type="stmt"/>
      <line num="2562" count="0" type="cond" truecount="0" falsecount="3"/>
      <line num="2577" count="3" type="stmt"/>
      <line num="2578" count="0" type="stmt"/>
      <line num="2579" count="0" type="stmt"/>
      <line num="2580" count="0" type="cond" truecount="0" falsecount="2"/>
      <line num="2581" count="0" type="stmt"/>
      <line num="2582" count="0" type="cond" truecount="0" falsecount="1"/>
      <line num="2583" count="0" type="cond" truecount="0" falsecount="2"/>
      <line num="2584" count="0" type="cond" truecount="0" falsecount="1"/>
      <line num="2585" count="0" type="cond" truecount="0" falsecount="2"/>
      <line num="2586" count="0" type="stmt"/>
      <line num="2587" count="0" type="cond" truecount="0" falsecount="2"/>
      <line num="2588" count="0" type="stmt"/>
      <line num="2589" count="0" type="stmt"/>
      <line num="2590" count="0" type="cond" truecount="0" falsecount="1"/>
      <line num="2591" count="0" type="stmt"/>
      <line num="2592" count="0" type="stmt"/>
      <line num="2593" count="0" type="stmt"/>
      <line num="2594" count="0" type="stmt"/>
      <line num="2595" count="0" type="cond" truecount="0" falsecount="2"/>
      <line num="2596" count="0" type="stmt"/>
      <line num="2597" count="0" type="cond" truecount="0" falsecount="3"/>
      <line num="2599" count="0" type="cond" truecount="0" falsecount="2"/>
      <line num="2600" count="0" type="stmt"/>
      <line num="2603" count="0" type="stmt"/>
      <line num="2604" count="0" type="cond" truecount="0" falsecount="3"/>
      <line num="2617" count="3" type="stmt"/>
      <line num="2618" count="1" type="cond" truecount="1" falsecount="0"/>
      <line num="2619" count="1" type="stmt"/>
      <line num="2620" count="1" type="stmt"/>
      <line num="2621" count="1" type="cond" truecount="3" falsecount="1"/>
      <line num="2622" count="0" type="stmt"/>
      <line num="2624" count="1" type="stmt"/>
      <line num="2635" count="3" type="stmt"/>
      <line num="2636" count="2" type="stmt"/>
      <line num="2637" count="2" type="stmt"/>
      <line num="2638" count="2" type="cond" truecount="2" falsecount="0"/>
      <line num="2639" count="2" type="stmt"/>
      <line num="2640" count="2" type="cond" truecount="1" falsecount="0"/>
      <line num="2641" count="2" type="stmt"/>
      <line num="2642" count="2" type="stmt"/>
      <line num="2643" count="2" type="stmt"/>
      <line num="2644" count="2" type="stmt"/>
      <line num="2645" count="2" type="stmt"/>
      <line num="2646" count="2" type="stmt"/>
      <line num="2647" count="2" type="cond" truecount="1" falsecount="1"/>
      <line num="2648" count="0" type="stmt"/>
      <line num="2649" count="0" type="cond" truecount="0" falsecount="3"/>
      <line num="2651" count="2" type="cond" truecount="2" falsecount="0"/>
      <line num="2652" count="2" type="stmt"/>
      <line num="2655" count="0" type="stmt"/>
      <line num="2656" count="0" type="cond" truecount="0" falsecount="3"/>
      <line num="2669" count="3" type="stmt"/>
      <line num="2670" count="2" type="stmt"/>
      <line num="2671" count="2" type="stmt"/>
      <line num="2672" count="2" type="cond" truecount="2" falsecount="0"/>
      <line num="2673" count="2" type="stmt"/>
      <line num="2674" count="2" type="cond" truecount="1" falsecount="0"/>
      <line num="2675" count="2" type="stmt"/>
      <line num="2676" count="2" type="stmt"/>
      <line num="2677" count="2" type="stmt"/>
      <line num="2678" count="2" type="stmt"/>
      <line num="2679" count="2" type="stmt"/>
      <line num="2680" count="2" type="cond" truecount="1" falsecount="1"/>
      <line num="2681" count="0" type="stmt"/>
      <line num="2682" count="0" type="cond" truecount="0" falsecount="3"/>
      <line num="2684" count="2" type="cond" truecount="1" falsecount="1"/>
      <line num="2685" count="2" type="stmt"/>
      <line num="2688" count="0" type="stmt"/>
      <line num="2689" count="0" type="cond" truecount="0" falsecount="3"/>
      <line num="2702" count="3" type="stmt"/>
      <line num="2703" count="2" type="stmt"/>
      <line num="2704" count="2" type="stmt"/>
      <line num="2705" count="2" type="cond" truecount="2" falsecount="0"/>
      <line num="2706" count="2" type="stmt"/>
      <line num="2707" count="2" type="cond" truecount="1" falsecount="0"/>
      <line num="2708" count="2" type="stmt"/>
      <line num="2709" count="2" type="stmt"/>
      <line num="2710" count="2" type="stmt"/>
      <line num="2711" count="2" type="stmt"/>
      <line num="2712" count="2" type="cond" truecount="1" falsecount="1"/>
      <line num="2713" count="0" type="stmt"/>
      <line num="2714" count="0" type="cond" truecount="0" falsecount="3"/>
      <line num="2716" count="2" type="stmt"/>
      <line num="2717" count="2" type="stmt"/>
      <line num="2718" count="2" type="stmt"/>
      <line num="2721" count="0" type="stmt"/>
      <line num="2722" count="0" type="cond" truecount="0" falsecount="3"/>
      <line num="2737" count="3" type="stmt"/>
      <line num="2738" count="1" type="stmt"/>
      <line num="2739" count="1" type="stmt"/>
      <line num="2740" count="1" type="cond" truecount="2" falsecount="0"/>
      <line num="2741" count="1" type="stmt"/>
      <line num="2742" count="1" type="cond" truecount="1" falsecount="1"/>
      <line num="2743" count="1" type="stmt"/>
      <line num="2744" count="1" type="stmt"/>
      <line num="2745" count="1" type="cond" truecount="1" falsecount="1"/>
      <line num="2746" count="0" type="stmt"/>
      <line num="2747" count="0" type="cond" truecount="0" falsecount="3"/>
      <line num="2749" count="1" type="stmt"/>
      <line num="2750" count="1" type="stmt"/>
      <line num="2753" count="0" type="stmt"/>
      <line num="2754" count="0" type="cond" truecount="0" falsecount="3"/>
      <line num="2768" count="3" type="stmt"/>
      <line num="2769" count="0" type="stmt"/>
      <line num="2770" count="0" type="stmt"/>
      <line num="2771" count="0" type="cond" truecount="0" falsecount="2"/>
      <line num="2772" count="0" type="stmt"/>
      <line num="2773" count="0" type="cond" truecount="0" falsecount="1"/>
      <line num="2774" count="0" type="stmt"/>
      <line num="2775" count="0" type="stmt"/>
      <line num="2776" count="0" type="stmt"/>
      <line num="2777" count="0" type="stmt"/>
      <line num="2778" count="0" type="cond" truecount="0" falsecount="2"/>
      <line num="2779" count="0" type="stmt"/>
      <line num="2780" count="0" type="cond" truecount="0" falsecount="3"/>
      <line num="2782" count="0" type="stmt"/>
      <line num="2785" count="0" type="stmt"/>
      <line num="2786" count="0" type="cond" truecount="0" falsecount="3"/>
      <line num="2800" count="3" type="stmt"/>
      <line num="2801" count="1" type="stmt"/>
      <line num="2802" count="1" type="stmt"/>
      <line num="2803" count="1" type="cond" truecount="2" falsecount="0"/>
      <line num="2804" count="1" type="stmt"/>
      <line num="2805" count="1" type="cond" truecount="0" falsecount="1"/>
      <line num="2806" count="0" type="stmt"/>
      <line num="2807" count="1" type="stmt"/>
      <line num="2808" count="1" type="cond" truecount="0" falsecount="1"/>
      <line num="2809" count="0" type="stmt"/>
      <line num="2810" count="1" type="cond" truecount="0" falsecount="1"/>
      <line num="2811" count="0" type="stmt"/>
      <line num="2812" count="1" type="cond" truecount="1" falsecount="1"/>
      <line num="2813" count="1" type="stmt"/>
      <line num="2814" count="1" type="stmt"/>
      <line num="2815" count="1" type="cond" truecount="1" falsecount="1"/>
      <line num="2816" count="0" type="stmt"/>
      <line num="2817" count="0" type="cond" truecount="0" falsecount="3"/>
      <line num="2819" count="1" type="stmt"/>
      <line num="2822" count="0" type="stmt"/>
      <line num="2823" count="0" type="cond" truecount="0" falsecount="3"/>
      <line num="2837" count="3" type="stmt"/>
      <line num="2838" count="0" type="stmt"/>
      <line num="2839" count="0" type="stmt"/>
      <line num="2840" count="0" type="cond" truecount="0" falsecount="2"/>
      <line num="2841" count="0" type="cond" truecount="0" falsecount="2"/>
      <line num="2842" count="0" type="stmt"/>
      <line num="2843" count="0" type="cond" truecount="0" falsecount="1"/>
      <line num="2844" count="0" type="stmt"/>
      <line num="2845" count="0" type="stmt"/>
      <line num="2846" count="0" type="stmt"/>
      <line num="2847" count="0" type="stmt"/>
      <line num="2848" count="0" type="cond" truecount="0" falsecount="2"/>
      <line num="2849" count="0" type="stmt"/>
      <line num="2850" count="0" type="cond" truecount="0" falsecount="3"/>
      <line num="2852" count="0" type="stmt"/>
      <line num="2855" count="0" type="stmt"/>
      <line num="2856" count="0" type="cond" truecount="0" falsecount="3"/>
      <line num="2870" count="3" type="stmt"/>
      <line num="2871" count="0" type="stmt"/>
      <line num="2872" count="0" type="stmt"/>
      <line num="2873" count="0" type="cond" truecount="0" falsecount="2"/>
      <line num="2874" count="0" type="stmt"/>
      <line num="2875" count="0" type="stmt"/>
      <line num="2876" count="0" type="cond" truecount="0" falsecount="1"/>
      <line num="2877" count="0" type="stmt"/>
      <line num="2878" count="0" type="stmt"/>
      <line num="2879" count="0" type="stmt"/>
      <line num="2880" count="0" type="cond" truecount="0" falsecount="2"/>
      <line num="2881" count="0" type="stmt"/>
      <line num="2882" count="0" type="cond" truecount="0" falsecount="3"/>
      <line num="2884" count="0" type="stmt"/>
      <line num="2885" count="0" type="stmt"/>
      <line num="2888" count="0" type="stmt"/>
      <line num="2889" count="0" type="cond" truecount="0" falsecount="3"/>
      <line num="2902" count="3" type="stmt"/>
      <line num="2903" count="0" type="stmt"/>
      <line num="2904" count="0" type="stmt"/>
      <line num="2905" count="0" type="cond" truecount="0" falsecount="2"/>
      <line num="2906" count="0" type="stmt"/>
      <line num="2907" count="0" type="stmt"/>
      <line num="2908" count="0" type="stmt"/>
      <line num="2909" count="0" type="stmt"/>
      <line num="2910" count="0" type="stmt"/>
      <line num="2911" count="0" type="cond" truecount="0" falsecount="2"/>
      <line num="2912" count="0" type="stmt"/>
      <line num="2913" count="0" type="cond" truecount="0" falsecount="3"/>
      <line num="2915" count="0" type="stmt"/>
      <line num="2916" count="0" type="stmt"/>
      <line num="2919" count="0" type="stmt"/>
      <line num="2920" count="0" type="cond" truecount="0" falsecount="3"/>
      <line num="2932" count="3" type="stmt"/>
      <line num="2933" count="0" type="stmt"/>
      <line num="2949" count="0" type="stmt"/>
      <line num="2972" count="0" type="stmt"/>
      <line num="2974" count="0" type="stmt"/>
      <line num="2975" count="0" type="stmt"/>
      <line num="3003" count="0" type="stmt"/>
      <line num="3004" count="0" type="stmt"/>
      <line num="3013" count="0" type="stmt"/>
      <line num="3014" count="0" type="stmt"/>
      <line num="3015" count="0" type="cond" truecount="0" falsecount="1"/>
      <line num="3016" count="0" type="stmt"/>
      <line num="3017" count="0" type="stmt"/>
      <line num="3018" count="0" type="cond" truecount="0" falsecount="2"/>
      <line num="3019" count="0" type="cond" truecount="0" falsecount="2"/>
      <line num="3020" count="0" type="stmt"/>
      <line num="3021" count="0" type="cond" truecount="0" falsecount="2"/>
      <line num="3023" count="0" type="cond" truecount="0" falsecount="2"/>
      <line num="3026" count="0" type="stmt"/>
      <line num="3040" count="0" type="stmt"/>
      <line num="3041" count="0" type="stmt"/>
      <line num="3042" count="0" type="stmt"/>
      <line num="3043" count="0" type="cond" truecount="0" falsecount="2"/>
      <line num="3044" count="0" type="stmt"/>
      <line num="3045" count="0" type="stmt"/>
      <line num="3046" count="0" type="cond" truecount="0" falsecount="1"/>
      <line num="3047" count="0" type="stmt"/>
      <line num="3048" count="0" type="cond" truecount="0" falsecount="4"/>
      <line num="3049" count="0" type="stmt"/>
      <line num="3050" count="0" type="cond" truecount="0" falsecount="2"/>
      <line num="3051" count="0" type="stmt"/>
      <line num="3052" count="0" type="cond" truecount="0" falsecount="1"/>
      <line num="3053" count="0" type="cond" truecount="0" falsecount="2"/>
      <line num="3055" count="0" type="stmt"/>
      <line num="3056" count="0" type="cond" truecount="0" falsecount="2"/>
      <line num="3057" count="0" type="stmt"/>
      <line num="3059" count="0" type="stmt"/>
      <line num="3060" count="0" type="cond" truecount="0" falsecount="1"/>
      <line num="3061" count="0" type="stmt"/>
      <line num="3063" count="0" type="stmt"/>
      <line num="3064" count="0" type="cond" truecount="0" falsecount="4"/>
      <line num="3065" count="0" type="cond" truecount="0" falsecount="2"/>
      <line num="3066" count="0" type="stmt"/>
      <line num="3074" count="0" type="stmt"/>
      <line num="3075" count="0" type="stmt"/>
      <line num="3076" count="0" type="cond" truecount="0" falsecount="4"/>
      <line num="3077" count="0" type="stmt"/>
      <line num="3078" count="0" type="stmt"/>
      <line num="3080" count="0" type="stmt"/>
      <line num="3081" count="0" type="cond" truecount="0" falsecount="3"/>
      <line num="3083" count="0" type="cond" truecount="0" falsecount="4"/>
      <line num="3084" count="0" type="stmt"/>
      <line num="3085" count="0" type="stmt"/>
      <line num="3087" count="0" type="stmt"/>
      <line num="3088" count="0" type="cond" truecount="0" falsecount="3"/>
      <line num="3091" count="0" type="stmt"/>
      <line num="3092" count="0" type="stmt"/>
      <line num="3094" count="0" type="stmt"/>
      <line num="3095" count="0" type="cond" truecount="0" falsecount="3"/>
      <line num="3099" count="0" type="stmt"/>
      <line num="3100" count="0" type="cond" truecount="0" falsecount="3"/>
      <line num="3109" count="0" type="stmt"/>
    </file>
  </project>
</coverage>
