<?xml version="1.0" encoding="UTF-8"?>
<coverage generated="1629449729610" clover="3.2.0">
  <project timestamp="1629449729610" name="All files">
    <metrics statements="903" coveredstatements="558" conditionals="779" coveredconditionals="292" methods="247" coveredmethods="105" elements="1929" coveredelements="955" complexity="0" loc="903" ncloc="903" packages="1" files="1" classes="1"/>
    <file name="simplicite.js" path="D:\dev\git\github\nodejs-api\src\simplicite.js">
      <metrics statements="903" coveredstatements="558" conditionals="779" coveredconditionals="292" methods="247" coveredmethods="105"/>
      <line num="7" count="1" type="stmt"/>
      <line num="8" count="1" type="stmt"/>
      <line num="9" count="1" type="stmt"/>
      <line num="15" count="1" type="stmt"/>
      <line num="364" count="1" type="stmt"/>
      <line num="388" count="1" type="cond" truecount="1" falsecount="1"/>
      <line num="394" count="1" type="stmt"/>
      <line num="400" count="1" type="cond" truecount="2" falsecount="0"/>
      <line num="407" count="1" type="cond" truecount="2" falsecount="0"/>
      <line num="408" count="0" type="stmt"/>
      <line num="416" count="1" type="cond" truecount="2" falsecount="0"/>
      <line num="417" count="0" type="stmt"/>
      <line num="425" count="1" type="cond" truecount="2" falsecount="0"/>
      <line num="426" count="0" type="stmt"/>
      <line num="434" count="1" type="cond" truecount="2" falsecount="0"/>
      <line num="435" count="0" type="stmt"/>
      <line num="438" count="1" type="stmt"/>
      <line num="445" count="1" type="cond" truecount="2" falsecount="0"/>
      <line num="446" count="82" type="cond" truecount="1" falsecount="1"/>
      <line num="447" count="0" type="stmt"/>
      <line num="455" count="1" type="cond" truecount="2" falsecount="0"/>
      <line num="457" count="1" type="cond" truecount="1" falsecount="1"/>
      <line num="458" count="1" type="stmt"/>
      <line num="459" count="1" type="stmt"/>
      <line num="460" count="1" type="stmt"/>
      <line num="461" count="1" type="cond" truecount="1" falsecount="1"/>
      <line num="462" count="0" type="stmt"/>
      <line num="463" count="0" type="cond" truecount="0" falsecount="2"/>
      <line num="464" count="0" type="stmt"/>
      <line num="466" count="1" type="stmt"/>
      <line num="467" count="1" type="stmt"/>
      <line num="468" count="1" type="cond" truecount="1" falsecount="1"/>
      <line num="469" count="0" type="stmt"/>
      <line num="470" count="1" type="stmt"/>
      <line num="472" count="1" type="cond" truecount="1" falsecount="1"/>
      <line num="473" count="0" type="stmt"/>
      <line num="475" count="0" type="stmt"/>
      <line num="476" count="0" type="stmt"/>
      <line num="480" count="1" type="cond" truecount="1" falsecount="3"/>
      <line num="481" count="1" type="cond" truecount="3" falsecount="1"/>
      <line num="482" count="0" type="stmt"/>
      <line num="483" count="0" type="stmt"/>
      <line num="485" count="1" type="cond" truecount="1" falsecount="1"/>
      <line num="486" count="1" type="cond" truecount="1" falsecount="1"/>
      <line num="487" count="1" type="cond" truecount="2" falsecount="0"/>
      <line num="488" count="1" type="cond" truecount="1" falsecount="1"/>
      <line num="489" count="0" type="stmt"/>
      <line num="491" count="1" type="stmt"/>
      <line num="492" count="1" type="cond" truecount="4" falsecount="2"/>
      <line num="493" count="0" type="stmt"/>
      <line num="494" count="1" type="cond" truecount="1" falsecount="1"/>
      <line num="495" count="0" type="cond" truecount="0" falsecount="2"/>
      <line num="496" count="1" type="stmt"/>
      <line num="498" count="1" type="cond" truecount="1" falsecount="1"/>
      <line num="504" count="1" type="stmt"/>
      <line num="522" count="1" type="cond" truecount="2" falsecount="0"/>
      <line num="529" count="1" type="stmt"/>
      <line num="530" count="1" type="stmt"/>
      <line num="537" count="1" type="cond" truecount="2" falsecount="0"/>
      <line num="544" count="1" type="stmt"/>
      <line num="545" count="1" type="stmt"/>
      <line num="552" count="1" type="cond" truecount="3" falsecount="0"/>
      <line num="559" count="1" type="stmt"/>
      <line num="560" count="0" type="stmt"/>
      <line num="568" count="1" type="stmt"/>
      <line num="577" count="1" type="stmt"/>
      <line num="578" count="6" type="cond" truecount="2" falsecount="0"/>
      <line num="585" count="1" type="stmt"/>
      <line num="586" count="7" type="stmt"/>
      <line num="587" count="7" type="stmt"/>
      <line num="588" count="7" type="stmt"/>
      <line num="589" count="7" type="stmt"/>
      <line num="591" count="7" type="stmt"/>
      <line num="593" count="7" type="stmt"/>
      <line num="594" count="7" type="stmt"/>
      <line num="595" count="7" type="stmt"/>
      <line num="596" count="7" type="stmt"/>
      <line num="598" count="7" type="stmt"/>
      <line num="605" count="1" type="stmt"/>
      <line num="606" count="5" type="cond" truecount="4" falsecount="0"/>
      <line num="615" count="1" type="stmt"/>
      <line num="616" count="35" type="cond" truecount="2" falsecount="0"/>
      <line num="629" count="1" type="stmt"/>
      <line num="630" count="35" type="stmt"/>
      <line num="631" count="35" type="cond" truecount="2" falsecount="0"/>
      <line num="632" count="35" type="stmt"/>
      <line num="633" count="35" type="cond" truecount="2" falsecount="0"/>
      <line num="634" count="7" type="stmt"/>
      <line num="635" count="35" type="stmt"/>
      <line num="636" count="35" type="cond" truecount="2" falsecount="0"/>
      <line num="637" count="30" type="stmt"/>
      <line num="638" count="30" type="stmt"/>
      <line num="640" count="5" type="stmt"/>
      <line num="641" count="5" type="cond" truecount="2" falsecount="0"/>
      <line num="642" count="4" type="stmt"/>
      <line num="643" count="4" type="stmt"/>
      <line num="646" count="35" type="stmt"/>
      <line num="655" count="35" type="cond" truecount="1" falsecount="1"/>
      <line num="656" count="35" type="stmt"/>
      <line num="658" count="0" type="cond" truecount="0" falsecount="4"/>
      <line num="659" count="0" type="cond" truecount="0" falsecount="4"/>
      <line num="660" count="0" type="cond" truecount="0" falsecount="2"/>
      <line num="661" count="0" type="stmt"/>
      <line num="663" count="0" type="stmt"/>
      <line num="674" count="1" type="stmt"/>
      <line num="675" count="0" type="cond" truecount="0" falsecount="2"/>
      <line num="676" count="0" type="cond" truecount="0" falsecount="2"/>
      <line num="677" count="0" type="cond" truecount="0" falsecount="2"/>
      <line num="678" count="0" type="cond" truecount="0" falsecount="4"/>
      <line num="680" count="0" type="stmt"/>
      <line num="689" count="1" type="stmt"/>
      <line num="690" count="35" type="stmt"/>
      <line num="691" count="35" type="cond" truecount="1" falsecount="1"/>
      <line num="692" count="0" type="stmt"/>
      <line num="693" count="35" type="cond" truecount="1" falsecount="1"/>
      <line num="695" count="0" type="stmt"/>
      <line num="706" count="1" type="stmt"/>
      <line num="707" count="1" type="cond" truecount="1" falsecount="1"/>
      <line num="708" count="1" type="stmt"/>
      <line num="709" count="1" type="stmt"/>
      <line num="710" count="1" type="stmt"/>
      <line num="711" count="1" type="cond" truecount="1" falsecount="1"/>
      <line num="712" count="0" type="cond" truecount="0" falsecount="2"/>
      <line num="714" count="1" type="cond" truecount="1" falsecount="1"/>
      <line num="715" count="1" type="stmt"/>
      <line num="718" count="0" type="cond" truecount="0" falsecount="2"/>
      <line num="730" count="1" type="stmt"/>
      <line num="731" count="1" type="stmt"/>
      <line num="732" count="1" type="cond" truecount="2" falsecount="0"/>
      <line num="733" count="1" type="stmt"/>
      <line num="734" count="1" type="stmt"/>
      <line num="735" count="1" type="stmt"/>
      <line num="745" count="4" type="stmt"/>
      <line num="746" count="4" type="cond" truecount="1" falsecount="1"/>
      <line num="747" count="4" type="cond" truecount="4" falsecount="0"/>
      <line num="748" count="3" type="stmt"/>
      <line num="749" count="3" type="cond" truecount="1" falsecount="1"/>
      <line num="750" count="3" type="cond" truecount="2" falsecount="2"/>
      <line num="751" count="3" type="cond" truecount="1" falsecount="1"/>
      <line num="753" count="4" type="stmt"/>
      <line num="754" count="4" type="stmt"/>
      <line num="755" count="4" type="stmt"/>
      <line num="756" count="4" type="cond" truecount="1" falsecount="1"/>
      <line num="757" count="0" type="cond" truecount="0" falsecount="2"/>
      <line num="759" count="4" type="stmt"/>
      <line num="760" count="4" type="stmt"/>
      <line num="761" count="4" type="stmt"/>
      <line num="762" count="4" type="cond" truecount="1" falsecount="1"/>
      <line num="763" count="4" type="stmt"/>
      <line num="764" count="4" type="stmt"/>
      <line num="765" count="4" type="cond" truecount="1" falsecount="1"/>
      <line num="766" count="4" type="stmt"/>
      <line num="768" count="4" type="stmt"/>
      <line num="775" count="4" type="cond" truecount="1" falsecount="1"/>
      <line num="776" count="4" type="stmt"/>
      <line num="779" count="0" type="cond" truecount="0" falsecount="2"/>
      <line num="792" count="1" type="stmt"/>
      <line num="793" count="4" type="stmt"/>
      <line num="794" count="4" type="cond" truecount="2" falsecount="0"/>
      <line num="795" count="4" type="cond" truecount="2" falsecount="0"/>
      <line num="796" count="4" type="stmt"/>
      <line num="797" count="4" type="stmt"/>
      <line num="807" count="4" type="stmt"/>
      <line num="808" count="4" type="cond" truecount="1" falsecount="1"/>
      <line num="809" count="4" type="stmt"/>
      <line num="810" count="4" type="stmt"/>
      <line num="811" count="4" type="stmt"/>
      <line num="812" count="4" type="cond" truecount="1" falsecount="1"/>
      <line num="813" count="0" type="cond" truecount="0" falsecount="2"/>
      <line num="815" count="4" type="stmt"/>
      <line num="816" count="4" type="cond" truecount="1" falsecount="1"/>
      <line num="817" count="4" type="stmt"/>
      <line num="820" count="0" type="cond" truecount="0" falsecount="2"/>
      <line num="821" count="0" type="stmt"/>
      <line num="822" count="0" type="cond" truecount="0" falsecount="2"/>
      <line num="834" count="1" type="stmt"/>
      <line num="835" count="4" type="stmt"/>
      <line num="836" count="4" type="cond" truecount="2" falsecount="0"/>
      <line num="837" count="4" type="cond" truecount="2" falsecount="0"/>
      <line num="838" count="4" type="stmt"/>
      <line num="839" count="4" type="stmt"/>
      <line num="846" count="1" type="stmt"/>
      <line num="855" count="3" type="stmt"/>
      <line num="856" count="3" type="cond" truecount="1" falsecount="1"/>
      <line num="857" count="3" type="stmt"/>
      <line num="858" count="3" type="cond" truecount="4" falsecount="0"/>
      <line num="859" count="1" type="cond" truecount="1" falsecount="1"/>
      <line num="860" count="3" type="cond" truecount="3" falsecount="1"/>
      <line num="861" count="0" type="cond" truecount="0" falsecount="2"/>
      <line num="862" count="3" type="stmt"/>
      <line num="863" count="3" type="stmt"/>
      <line num="864" count="3" type="stmt"/>
      <line num="865" count="3" type="cond" truecount="1" falsecount="1"/>
      <line num="866" count="0" type="cond" truecount="0" falsecount="2"/>
      <line num="868" count="3" type="stmt"/>
      <line num="869" count="3" type="cond" truecount="1" falsecount="1"/>
      <line num="870" count="3" type="stmt"/>
      <line num="873" count="0" type="cond" truecount="0" falsecount="2"/>
      <line num="886" count="1" type="stmt"/>
      <line num="887" count="3" type="stmt"/>
      <line num="888" count="3" type="cond" truecount="1" falsecount="1"/>
      <line num="889" count="3" type="cond" truecount="2" falsecount="0"/>
      <line num="890" count="3" type="stmt"/>
      <line num="891" count="3" type="stmt"/>
      <line num="902" count="0" type="stmt"/>
      <line num="903" count="0" type="cond" truecount="0" falsecount="2"/>
      <line num="904" count="0" type="stmt"/>
      <line num="905" count="0" type="stmt"/>
      <line num="906" count="0" type="stmt"/>
      <line num="907" count="0" type="cond" truecount="0" falsecount="2"/>
      <line num="908" count="0" type="cond" truecount="0" falsecount="2"/>
      <line num="910" count="0" type="cond" truecount="0" falsecount="2"/>
      <line num="911" count="0" type="stmt"/>
      <line num="914" count="0" type="cond" truecount="0" falsecount="2"/>
      <line num="926" count="1" type="stmt"/>
      <line num="927" count="0" type="stmt"/>
      <line num="928" count="0" type="cond" truecount="0" falsecount="2"/>
      <line num="929" count="0" type="cond" truecount="0" falsecount="2"/>
      <line num="930" count="0" type="stmt"/>
      <line num="931" count="0" type="stmt"/>
      <line num="941" count="1" type="stmt"/>
      <line num="942" count="1" type="cond" truecount="1" falsecount="1"/>
      <line num="943" count="1" type="stmt"/>
      <line num="944" count="1" type="stmt"/>
      <line num="945" count="1" type="stmt"/>
      <line num="946" count="1" type="cond" truecount="1" falsecount="1"/>
      <line num="947" count="0" type="cond" truecount="0" falsecount="2"/>
      <line num="949" count="1" type="stmt"/>
      <line num="950" count="1" type="cond" truecount="1" falsecount="1"/>
      <line num="951" count="1" type="stmt"/>
      <line num="954" count="0" type="cond" truecount="0" falsecount="2"/>
      <line num="965" count="1" type="stmt"/>
      <line num="966" count="1" type="stmt"/>
      <line num="967" count="1" type="cond" truecount="2" falsecount="0"/>
      <line num="968" count="1" type="cond" truecount="2" falsecount="0"/>
      <line num="969" count="1" type="stmt"/>
      <line num="970" count="1" type="stmt"/>
      <line num="980" count="1" type="stmt"/>
      <line num="981" count="1" type="cond" truecount="1" falsecount="1"/>
      <line num="982" count="1" type="stmt"/>
      <line num="983" count="1" type="stmt"/>
      <line num="984" count="1" type="stmt"/>
      <line num="985" count="1" type="cond" truecount="1" falsecount="1"/>
      <line num="986" count="0" type="cond" truecount="0" falsecount="2"/>
      <line num="988" count="1" type="stmt"/>
      <line num="989" count="1" type="cond" truecount="1" falsecount="1"/>
      <line num="990" count="1" type="stmt"/>
      <line num="993" count="0" type="cond" truecount="0" falsecount="2"/>
      <line num="1004" count="1" type="stmt"/>
      <line num="1005" count="1" type="stmt"/>
      <line num="1006" count="1" type="cond" truecount="2" falsecount="0"/>
      <line num="1007" count="1" type="cond" truecount="2" falsecount="0"/>
      <line num="1008" count="1" type="stmt"/>
      <line num="1009" count="1" type="stmt"/>
      <line num="1019" count="1" type="stmt"/>
      <line num="1020" count="1" type="cond" truecount="1" falsecount="1"/>
      <line num="1021" count="1" type="stmt"/>
      <line num="1022" count="1" type="stmt"/>
      <line num="1023" count="1" type="stmt"/>
      <line num="1024" count="1" type="cond" truecount="1" falsecount="1"/>
      <line num="1025" count="0" type="cond" truecount="0" falsecount="2"/>
      <line num="1027" count="1" type="stmt"/>
      <line num="1028" count="1" type="cond" truecount="1" falsecount="1"/>
      <line num="1029" count="1" type="stmt"/>
      <line num="1032" count="0" type="cond" truecount="0" falsecount="2"/>
      <line num="1043" count="1" type="stmt"/>
      <line num="1044" count="1" type="stmt"/>
      <line num="1045" count="1" type="cond" truecount="2" falsecount="0"/>
      <line num="1046" count="1" type="cond" truecount="2" falsecount="0"/>
      <line num="1047" count="1" type="stmt"/>
      <line num="1048" count="1" type="stmt"/>
      <line num="1058" count="0" type="stmt"/>
      <line num="1059" count="0" type="cond" truecount="0" falsecount="2"/>
      <line num="1060" count="0" type="stmt"/>
      <line num="1061" count="0" type="cond" truecount="0" falsecount="2"/>
      <line num="1062" count="0" type="stmt"/>
      <line num="1063" count="0" type="stmt"/>
      <line num="1064" count="0" type="stmt"/>
      <line num="1065" count="0" type="stmt"/>
      <line num="1066" count="0" type="cond" truecount="0" falsecount="2"/>
      <line num="1067" count="0" type="cond" truecount="0" falsecount="2"/>
      <line num="1069" count="0" type="stmt"/>
      <line num="1070" count="0" type="cond" truecount="0" falsecount="2"/>
      <line num="1071" count="0" type="stmt"/>
      <line num="1074" count="0" type="cond" truecount="0" falsecount="2"/>
      <line num="1086" count="1" type="stmt"/>
      <line num="1087" count="0" type="stmt"/>
      <line num="1088" count="0" type="cond" truecount="0" falsecount="2"/>
      <line num="1089" count="0" type="cond" truecount="0" falsecount="2"/>
      <line num="1090" count="0" type="stmt"/>
      <line num="1091" count="0" type="stmt"/>
      <line num="1102" count="0" type="stmt"/>
      <line num="1103" count="0" type="cond" truecount="0" falsecount="2"/>
      <line num="1104" count="0" type="stmt"/>
      <line num="1105" count="0" type="cond" truecount="0" falsecount="2"/>
      <line num="1106" count="0" type="cond" truecount="0" falsecount="2"/>
      <line num="1107" count="0" type="cond" truecount="0" falsecount="4"/>
      <line num="1108" count="0" type="stmt"/>
      <line num="1109" count="0" type="stmt"/>
      <line num="1110" count="0" type="cond" truecount="0" falsecount="2"/>
      <line num="1111" count="0" type="cond" truecount="0" falsecount="2"/>
      <line num="1113" count="0" type="cond" truecount="0" falsecount="2"/>
      <line num="1114" count="0" type="stmt"/>
      <line num="1117" count="0" type="cond" truecount="0" falsecount="2"/>
      <line num="1132" count="1" type="stmt"/>
      <line num="1133" count="0" type="stmt"/>
      <line num="1134" count="0" type="cond" truecount="0" falsecount="2"/>
      <line num="1135" count="0" type="cond" truecount="0" falsecount="2"/>
      <line num="1136" count="0" type="stmt"/>
      <line num="1137" count="0" type="stmt"/>
      <line num="1147" count="1" type="stmt"/>
      <line num="1148" count="3" type="stmt"/>
      <line num="1149" count="3" type="stmt"/>
      <line num="1150" count="3" type="cond" truecount="1" falsecount="1"/>
      <line num="1151" count="3" type="stmt"/>
      <line num="1152" count="3" type="stmt"/>
      <line num="1154" count="3" type="stmt"/>
      <line num="1162" count="1" type="stmt"/>
      <line num="1163" count="0" type="stmt"/>
      <line num="1174" count="1" type="stmt"/>
      <line num="1175" count="0" type="stmt"/>
      <line num="1195" count="7" type="stmt"/>
      <line num="1196" count="2" type="stmt"/>
      <line num="1204" count="7" type="stmt"/>
      <line num="1205" count="5" type="stmt"/>
      <line num="1213" count="7" type="stmt"/>
      <line num="1220" count="7" type="stmt"/>
      <line num="1221" count="0" type="stmt"/>
      <line num="1229" count="7" type="stmt"/>
      <line num="1230" count="0" type="stmt"/>
      <line num="1238" count="7" type="stmt"/>
      <line num="1239" count="0" type="stmt"/>
      <line num="1247" count="7" type="stmt"/>
      <line num="1254" count="7" type="stmt"/>
      <line num="1255" count="0" type="stmt"/>
      <line num="1263" count="7" type="stmt"/>
      <line num="1270" count="7" type="stmt"/>
      <line num="1271" count="0" type="cond" truecount="0" falsecount="2"/>
      <line num="1272" count="0" type="stmt"/>
      <line num="1281" count="7" type="stmt"/>
      <line num="1282" count="1" type="cond" truecount="2" falsecount="0"/>
      <line num="1289" count="7" type="stmt"/>
      <line num="1290" count="0" type="cond" truecount="0" falsecount="4"/>
      <line num="1304" count="1" type="stmt"/>
      <line num="1305" count="0" type="stmt"/>
      <line num="1313" count="1" type="stmt"/>
      <line num="1314" count="0" type="stmt"/>
      <line num="1322" count="1" type="stmt"/>
      <line num="1329" count="1" type="stmt"/>
      <line num="1330" count="0" type="stmt"/>
      <line num="1338" count="1" type="stmt"/>
      <line num="1345" count="1" type="stmt"/>
      <line num="1346" count="0" type="stmt"/>
      <line num="1354" count="1" type="stmt"/>
      <line num="1361" count="1" type="stmt"/>
      <line num="1362" count="0" type="stmt"/>
      <line num="1370" count="1" type="stmt"/>
      <line num="1377" count="1" type="stmt"/>
      <line num="1378" count="1" type="stmt"/>
      <line num="1386" count="1" type="stmt"/>
      <line num="1387" count="0" type="stmt"/>
      <line num="1395" count="0" type="stmt"/>
      <line num="1403" count="1" type="stmt"/>
      <line num="1404" count="0" type="stmt"/>
      <line num="1412" count="1" type="stmt"/>
      <line num="1413" count="0" type="cond" truecount="0" falsecount="2"/>
      <line num="1422" count="1" type="stmt"/>
      <line num="1423" count="0" type="cond" truecount="0" falsecount="2"/>
      <line num="1431" count="1" type="stmt"/>
      <line num="1432" count="0" type="stmt"/>
      <line num="1441" count="1" type="stmt"/>
      <line num="1442" count="0" type="cond" truecount="0" falsecount="2"/>
      <line num="1450" count="1" type="stmt"/>
      <line num="1451" count="0" type="cond" truecount="0" falsecount="2"/>
      <line num="1452" count="0" type="cond" truecount="0" falsecount="4"/>
      <line num="1459" count="1" type="stmt"/>
      <line num="1460" count="0" type="stmt"/>
      <line num="1477" count="3" type="stmt"/>
      <line num="1483" count="3" type="stmt"/>
      <line num="1489" count="3" type="stmt"/>
      <line num="1495" count="3" type="stmt"/>
      <line num="1501" count="3" type="stmt"/>
      <line num="1507" count="3" type="stmt"/>
      <line num="1520" count="3" type="cond" truecount="2" falsecount="0"/>
      <line num="1526" count="3" type="stmt"/>
      <line num="1532" count="3" type="stmt"/>
      <line num="1538" count="3" type="stmt"/>
      <line num="1544" count="3" type="stmt"/>
      <line num="1550" count="3" type="stmt"/>
      <line num="1556" count="3" type="stmt"/>
      <line num="1562" count="3" type="stmt"/>
      <line num="1571" count="1" type="stmt"/>
      <line num="1572" count="1" type="cond" truecount="2" falsecount="0"/>
      <line num="1573" count="1" type="stmt"/>
      <line num="1574" count="1" type="cond" truecount="1" falsecount="1"/>
      <line num="1575" count="1" type="cond" truecount="1" falsecount="1"/>
      <line num="1576" count="1" type="stmt"/>
      <line num="1577" count="1" type="stmt"/>
      <line num="1578" count="1" type="stmt"/>
      <line num="1579" count="1" type="cond" truecount="1" falsecount="1"/>
      <line num="1580" count="0" type="cond" truecount="0" falsecount="2"/>
      <line num="1582" count="1" type="stmt"/>
      <line num="1583" count="1" type="cond" truecount="1" falsecount="1"/>
      <line num="1584" count="1" type="stmt"/>
      <line num="1587" count="0" type="cond" truecount="0" falsecount="2"/>
      <line num="1600" count="3" type="stmt"/>
      <line num="1601" count="1" type="stmt"/>
      <line num="1602" count="1" type="stmt"/>
      <line num="1603" count="1" type="stmt"/>
      <line num="1611" count="3" type="stmt"/>
      <line num="1612" count="1" type="stmt"/>
      <line num="1620" count="3" type="stmt"/>
      <line num="1621" count="0" type="stmt"/>
      <line num="1629" count="3" type="stmt"/>
      <line num="1630" count="0" type="stmt"/>
      <line num="1638" count="3" type="stmt"/>
      <line num="1639" count="0" type="stmt"/>
      <line num="1647" count="3" type="stmt"/>
      <line num="1648" count="0" type="stmt"/>
      <line num="1657" count="3" type="stmt"/>
      <line num="1658" count="0" type="stmt"/>
      <line num="1659" count="0" type="stmt"/>
      <line num="1660" count="0" type="cond" truecount="0" falsecount="2"/>
      <line num="1661" count="0" type="cond" truecount="0" falsecount="2"/>
      <line num="1662" count="0" type="stmt"/>
      <line num="1670" count="3" type="stmt"/>
      <line num="1671" count="1" type="stmt"/>
      <line num="1679" count="3" type="stmt"/>
      <line num="1680" count="0" type="stmt"/>
      <line num="1688" count="3" type="stmt"/>
      <line num="1689" count="0" type="stmt"/>
      <line num="1698" count="3" type="stmt"/>
      <line num="1699" count="0" type="cond" truecount="0" falsecount="2"/>
      <line num="1700" count="0" type="stmt"/>
      <line num="1701" count="0" type="cond" truecount="0" falsecount="2"/>
      <line num="1702" count="0" type="stmt"/>
      <line num="1711" count="3" type="stmt"/>
      <line num="1712" count="0" type="cond" truecount="0" falsecount="2"/>
      <line num="1713" count="0" type="stmt"/>
      <line num="1714" count="0" type="cond" truecount="0" falsecount="2"/>
      <line num="1715" count="0" type="stmt"/>
      <line num="1725" count="3" type="stmt"/>
      <line num="1726" count="0" type="cond" truecount="0" falsecount="2"/>
      <line num="1727" count="0" type="stmt"/>
      <line num="1728" count="0" type="cond" truecount="0" falsecount="4"/>
      <line num="1729" count="0" type="cond" truecount="0" falsecount="2"/>
      <line num="1740" count="3" type="stmt"/>
      <line num="1741" count="0" type="cond" truecount="0" falsecount="2"/>
      <line num="1742" count="0" type="stmt"/>
      <line num="1743" count="0" type="stmt"/>
      <line num="1744" count="0" type="cond" truecount="0" falsecount="4"/>
      <line num="1754" count="3" type="stmt"/>
      <line num="1755" count="0" type="cond" truecount="0" falsecount="2"/>
      <line num="1756" count="0" type="cond" truecount="0" falsecount="2"/>
      <line num="1757" count="0" type="stmt"/>
      <line num="1758" count="0" type="cond" truecount="0" falsecount="4"/>
      <line num="1759" count="0" type="cond" truecount="0" falsecount="2"/>
      <line num="1769" count="3" type="stmt"/>
      <line num="1770" count="0" type="cond" truecount="0" falsecount="2"/>
      <line num="1771" count="0" type="cond" truecount="0" falsecount="3"/>
      <line num="1772" count="0" type="stmt"/>
      <line num="1773" count="0" type="cond" truecount="0" falsecount="4"/>
      <line num="1774" count="0" type="stmt"/>
      <line num="1785" count="3" type="stmt"/>
      <line num="1786" count="0" type="cond" truecount="0" falsecount="2"/>
      <line num="1787" count="0" type="cond" truecount="0" falsecount="3"/>
      <line num="1788" count="0" type="stmt"/>
      <line num="1789" count="0" type="cond" truecount="0" falsecount="4"/>
      <line num="1790" count="0" type="stmt"/>
      <line num="1791" count="0" type="cond" truecount="0" falsecount="2"/>
      <line num="1792" count="0" type="stmt"/>
      <line num="1809" count="3" type="stmt"/>
      <line num="1810" count="0" type="cond" truecount="0" falsecount="2"/>
      <line num="1811" count="0" type="stmt"/>
      <line num="1812" count="0" type="stmt"/>
      <line num="1813" count="0" type="cond" truecount="0" falsecount="2"/>
      <line num="1814" count="0" type="stmt"/>
      <line num="1817" count="0" type="stmt"/>
      <line num="1827" count="3" type="stmt"/>
      <line num="1828" count="0" type="cond" truecount="0" falsecount="2"/>
      <line num="1829" count="0" type="stmt"/>
      <line num="1830" count="0" type="cond" truecount="0" falsecount="4"/>
      <line num="1831" count="0" type="cond" truecount="0" falsecount="4"/>
      <line num="1841" count="3" type="stmt"/>
      <line num="1842" count="0" type="cond" truecount="0" falsecount="2"/>
      <line num="1851" count="3" type="stmt"/>
      <line num="1852" count="0" type="stmt"/>
      <line num="1853" count="0" type="cond" truecount="0" falsecount="5"/>
      <line num="1863" count="1" type="stmt"/>
      <line num="1864" count="1" type="cond" truecount="1" falsecount="1"/>
      <line num="1865" count="1" type="stmt"/>
      <line num="1866" count="1" type="cond" truecount="1" falsecount="1"/>
      <line num="1867" count="0" type="stmt"/>
      <line num="1868" count="1" type="cond" truecount="1" falsecount="1"/>
      <line num="1869" count="0" type="stmt"/>
      <line num="1870" count="1" type="stmt"/>
      <line num="1871" count="1" type="stmt"/>
      <line num="1872" count="1" type="stmt"/>
      <line num="1873" count="1" type="cond" truecount="1" falsecount="1"/>
      <line num="1874" count="0" type="cond" truecount="0" falsecount="2"/>
      <line num="1876" count="1" type="stmt"/>
      <line num="1877" count="1" type="cond" truecount="1" falsecount="1"/>
      <line num="1878" count="1" type="stmt"/>
      <line num="1881" count="0" type="cond" truecount="0" falsecount="2"/>
      <line num="1894" count="3" type="stmt"/>
      <line num="1895" count="1" type="stmt"/>
      <line num="1896" count="1" type="cond" truecount="2" falsecount="0"/>
      <line num="1897" count="1" type="cond" truecount="2" falsecount="0"/>
      <line num="1898" count="1" type="stmt"/>
      <line num="1899" count="1" type="stmt"/>
      <line num="1908" count="13" type="stmt"/>
      <line num="1909" count="13" type="cond" truecount="2" falsecount="0"/>
      <line num="1910" count="4" type="stmt"/>
      <line num="1911" count="13" type="cond" truecount="3" falsecount="0"/>
      <line num="1912" count="13" type="cond" truecount="2" falsecount="0"/>
      <line num="1913" count="1" type="cond" truecount="1" falsecount="1"/>
      <line num="1914" count="13" type="cond" truecount="2" falsecount="0"/>
      <line num="1915" count="13" type="cond" truecount="2" falsecount="0"/>
      <line num="1916" count="2" type="cond" truecount="2" falsecount="0"/>
      <line num="1917" count="13" type="cond" truecount="2" falsecount="0"/>
      <line num="1918" count="13" type="cond" truecount="1" falsecount="1"/>
      <line num="1919" count="0" type="cond" truecount="0" falsecount="2"/>
      <line num="1920" count="13" type="stmt"/>
      <line num="1929" count="8" type="stmt"/>
      <line num="1930" count="8" type="cond" truecount="2" falsecount="0"/>
      <line num="1931" count="7" type="stmt"/>
      <line num="1932" count="7" type="stmt"/>
      <line num="1933" count="59" type="cond" truecount="2" falsecount="0"/>
      <line num="1934" count="59" type="cond" truecount="4" falsecount="0"/>
      <line num="1935" count="1" type="cond" truecount="1" falsecount="1"/>
      <line num="1936" count="1" type="stmt"/>
      <line num="1937" count="1" type="cond" truecount="2" falsecount="2"/>
      <line num="1938" count="58" type="cond" truecount="2" falsecount="2"/>
      <line num="1939" count="0" type="cond" truecount="0" falsecount="2"/>
      <line num="1940" count="58" type="cond" truecount="2" falsecount="0"/>
      <line num="1941" count="1" type="stmt"/>
      <line num="1942" count="0" type="cond" truecount="0" falsecount="2"/>
      <line num="1944" count="57" type="cond" truecount="2" falsecount="0"/>
      <line num="1947" count="7" type="stmt"/>
      <line num="1958" count="1" type="stmt"/>
      <line num="1959" count="1" type="cond" truecount="1" falsecount="1"/>
      <line num="1960" count="1" type="cond" truecount="1" falsecount="1"/>
      <line num="1961" count="1" type="stmt"/>
      <line num="1962" count="1" type="stmt"/>
      <line num="1963" count="1" type="stmt"/>
      <line num="1964" count="1" type="cond" truecount="1" falsecount="1"/>
      <line num="1965" count="0" type="cond" truecount="0" falsecount="2"/>
      <line num="1967" count="1" type="stmt"/>
      <line num="1968" count="1" type="cond" truecount="1" falsecount="1"/>
      <line num="1969" count="1" type="cond" truecount="1" falsecount="1"/>
      <line num="1970" count="1" type="stmt"/>
      <line num="1971" count="1" type="cond" truecount="1" falsecount="1"/>
      <line num="1972" count="1" type="stmt"/>
      <line num="1975" count="0" type="cond" truecount="0" falsecount="2"/>
      <line num="1987" count="3" type="stmt"/>
      <line num="1988" count="1" type="stmt"/>
      <line num="1989" count="1" type="cond" truecount="2" falsecount="0"/>
      <line num="1990" count="1" type="cond" truecount="2" falsecount="0"/>
      <line num="1991" count="1" type="stmt"/>
      <line num="1992" count="1" type="stmt"/>
      <line num="2000" count="3" type="stmt"/>
      <line num="2010" count="2" type="stmt"/>
      <line num="2011" count="2" type="cond" truecount="1" falsecount="1"/>
      <line num="2012" count="2" type="stmt"/>
      <line num="2013" count="2" type="cond" truecount="1" falsecount="1"/>
      <line num="2014" count="0" type="stmt"/>
      <line num="2015" count="2" type="cond" truecount="1" falsecount="1"/>
      <line num="2016" count="2" type="cond" truecount="1" falsecount="1"/>
      <line num="2017" count="2" type="cond" truecount="1" falsecount="1"/>
      <line num="2018" count="2" type="stmt"/>
      <line num="2019" count="2" type="stmt"/>
      <line num="2020" count="2" type="stmt"/>
      <line num="2021" count="2" type="cond" truecount="1" falsecount="1"/>
      <line num="2022" count="0" type="cond" truecount="0" falsecount="2"/>
      <line num="2024" count="2" type="cond" truecount="1" falsecount="1"/>
      <line num="2025" count="0" type="stmt"/>
      <line num="2026" count="2" type="stmt"/>
      <line num="2027" count="2" type="cond" truecount="1" falsecount="1"/>
      <line num="2028" count="2" type="cond" truecount="1" falsecount="1"/>
      <line num="2029" count="2" type="stmt"/>
      <line num="2030" count="2" type="cond" truecount="1" falsecount="1"/>
      <line num="2031" count="2" type="stmt"/>
      <line num="2034" count="0" type="cond" truecount="0" falsecount="2"/>
      <line num="2049" count="3" type="stmt"/>
      <line num="2050" count="2" type="stmt"/>
      <line num="2051" count="2" type="cond" truecount="2" falsecount="0"/>
      <line num="2052" count="2" type="cond" truecount="2" falsecount="0"/>
      <line num="2053" count="2" type="stmt"/>
      <line num="2054" count="2" type="stmt"/>
      <line num="2065" count="7" type="stmt"/>
      <line num="2066" count="7" type="cond" truecount="1" falsecount="1"/>
      <line num="2067" count="7" type="stmt"/>
      <line num="2068" count="7" type="stmt"/>
      <line num="2069" count="7" type="cond" truecount="2" falsecount="0"/>
      <line num="2070" count="1" type="stmt"/>
      <line num="2071" count="7" type="cond" truecount="1" falsecount="1"/>
      <line num="2072" count="0" type="stmt"/>
      <line num="2073" count="0" type="stmt"/>
      <line num="2076" count="7" type="cond" truecount="1" falsecount="1"/>
      <line num="2077" count="7" type="cond" truecount="1" falsecount="1"/>
      <line num="2078" count="7" type="stmt"/>
      <line num="2079" count="7" type="stmt"/>
      <line num="2080" count="7" type="stmt"/>
      <line num="2081" count="7" type="cond" truecount="1" falsecount="1"/>
      <line num="2082" count="0" type="cond" truecount="0" falsecount="2"/>
      <line num="2084" count="7" type="cond" truecount="1" falsecount="1"/>
      <line num="2085" count="0" type="stmt"/>
      <line num="2086" count="7" type="cond" truecount="1" falsecount="1"/>
      <line num="2087" count="0" type="cond" truecount="0" falsecount="2"/>
      <line num="2089" count="7" type="cond" truecount="2" falsecount="0"/>
      <line num="2090" count="7" type="cond" truecount="1" falsecount="1"/>
      <line num="2091" count="7" type="cond" truecount="2" falsecount="0"/>
      <line num="2094" count="0" type="cond" truecount="0" falsecount="2"/>
      <line num="2109" count="3" type="stmt"/>
      <line num="2110" count="3" type="stmt"/>
      <line num="2111" count="3" type="cond" truecount="2" falsecount="0"/>
      <line num="2112" count="3" type="cond" truecount="2" falsecount="0"/>
      <line num="2113" count="3" type="stmt"/>
      <line num="2114" count="3" type="stmt"/>
      <line num="2124" count="2" type="cond" truecount="1" falsecount="1"/>
      <line num="2125" count="2" type="stmt"/>
      <line num="2126" count="2" type="stmt"/>
      <line num="2127" count="2" type="stmt"/>
      <line num="2128" count="2" type="stmt"/>
      <line num="2139" count="3" type="stmt"/>
      <line num="2140" count="2" type="stmt"/>
      <line num="2141" count="2" type="cond" truecount="2" falsecount="0"/>
      <line num="2142" count="2" type="cond" truecount="2" falsecount="0"/>
      <line num="2143" count="2" type="stmt"/>
      <line num="2144" count="2" type="stmt"/>
      <line num="2155" count="1" type="cond" truecount="1" falsecount="1"/>
      <line num="2156" count="1" type="stmt"/>
      <line num="2157" count="1" type="stmt"/>
      <line num="2158" count="1" type="stmt"/>
      <line num="2159" count="1" type="stmt"/>
      <line num="2171" count="3" type="stmt"/>
      <line num="2172" count="1" type="stmt"/>
      <line num="2173" count="1" type="cond" truecount="2" falsecount="0"/>
      <line num="2174" count="1" type="cond" truecount="2" falsecount="0"/>
      <line num="2175" count="1" type="stmt"/>
      <line num="2176" count="1" type="stmt"/>
      <line num="2187" count="0" type="cond" truecount="0" falsecount="2"/>
      <line num="2188" count="0" type="stmt"/>
      <line num="2189" count="0" type="stmt"/>
      <line num="2190" count="0" type="stmt"/>
      <line num="2191" count="0" type="stmt"/>
      <line num="2203" count="3" type="stmt"/>
      <line num="2204" count="0" type="stmt"/>
      <line num="2205" count="0" type="cond" truecount="0" falsecount="2"/>
      <line num="2206" count="0" type="cond" truecount="0" falsecount="2"/>
      <line num="2207" count="0" type="stmt"/>
      <line num="2208" count="0" type="stmt"/>
      <line num="2219" count="1" type="cond" truecount="1" falsecount="1"/>
      <line num="2220" count="1" type="stmt"/>
      <line num="2221" count="1" type="stmt"/>
      <line num="2222" count="1" type="stmt"/>
      <line num="2223" count="1" type="stmt"/>
      <line num="2235" count="3" type="stmt"/>
      <line num="2236" count="1" type="stmt"/>
      <line num="2237" count="1" type="cond" truecount="2" falsecount="0"/>
      <line num="2238" count="1" type="cond" truecount="2" falsecount="0"/>
      <line num="2239" count="1" type="stmt"/>
      <line num="2240" count="1" type="stmt"/>
      <line num="2249" count="3" type="stmt"/>
      <line num="2250" count="0" type="cond" truecount="0" falsecount="2"/>
      <line num="2251" count="0" type="cond" truecount="0" falsecount="2"/>
      <line num="2252" count="0" type="stmt"/>
      <line num="2263" count="0" type="stmt"/>
      <line num="2264" count="0" type="cond" truecount="0" falsecount="2"/>
      <line num="2265" count="0" type="stmt"/>
      <line num="2266" count="0" type="stmt"/>
      <line num="2267" count="0" type="stmt"/>
      <line num="2268" count="0" type="stmt"/>
      <line num="2269" count="0" type="cond" truecount="0" falsecount="2"/>
      <line num="2270" count="0" type="cond" truecount="0" falsecount="2"/>
      <line num="2272" count="0" type="stmt"/>
      <line num="2273" count="0" type="cond" truecount="0" falsecount="2"/>
      <line num="2274" count="0" type="stmt"/>
      <line num="2277" count="0" type="cond" truecount="0" falsecount="2"/>
      <line num="2289" count="3" type="stmt"/>
      <line num="2290" count="0" type="stmt"/>
      <line num="2291" count="0" type="cond" truecount="0" falsecount="2"/>
      <line num="2292" count="0" type="cond" truecount="0" falsecount="2"/>
      <line num="2293" count="0" type="stmt"/>
      <line num="2294" count="0" type="stmt"/>
      <line num="2305" count="1" type="cond" truecount="1" falsecount="1"/>
      <line num="2306" count="1" type="stmt"/>
      <line num="2307" count="1" type="stmt"/>
      <line num="2308" count="1" type="cond" truecount="3" falsecount="1"/>
      <line num="2309" count="0" type="stmt"/>
      <line num="2311" count="1" type="stmt"/>
      <line num="2322" count="3" type="stmt"/>
      <line num="2323" count="1" type="stmt"/>
      <line num="2324" count="1" type="cond" truecount="2" falsecount="0"/>
      <line num="2325" count="1" type="cond" truecount="2" falsecount="0"/>
      <line num="2326" count="1" type="stmt"/>
      <line num="2327" count="1" type="stmt"/>
      <line num="2338" count="2" type="stmt"/>
      <line num="2339" count="2" type="cond" truecount="1" falsecount="1"/>
      <line num="2340" count="2" type="stmt"/>
      <line num="2341" count="2" type="cond" truecount="1" falsecount="1"/>
      <line num="2342" count="2" type="stmt"/>
      <line num="2343" count="2" type="stmt"/>
      <line num="2344" count="2" type="stmt"/>
      <line num="2345" count="2" type="stmt"/>
      <line num="2346" count="2" type="cond" truecount="1" falsecount="1"/>
      <line num="2347" count="0" type="cond" truecount="0" falsecount="2"/>
      <line num="2349" count="2" type="cond" truecount="2" falsecount="0"/>
      <line num="2350" count="2" type="cond" truecount="1" falsecount="1"/>
      <line num="2351" count="2" type="stmt"/>
      <line num="2354" count="0" type="cond" truecount="0" falsecount="2"/>
      <line num="2366" count="3" type="stmt"/>
      <line num="2367" count="2" type="stmt"/>
      <line num="2368" count="2" type="stmt"/>
      <line num="2369" count="2" type="cond" truecount="2" falsecount="0"/>
      <line num="2370" count="2" type="cond" truecount="2" falsecount="0"/>
      <line num="2371" count="2" type="stmt"/>
      <line num="2372" count="2" type="stmt"/>
      <line num="2383" count="2" type="stmt"/>
      <line num="2384" count="2" type="cond" truecount="1" falsecount="1"/>
      <line num="2385" count="2" type="stmt"/>
      <line num="2386" count="2" type="cond" truecount="1" falsecount="1"/>
      <line num="2387" count="2" type="stmt"/>
      <line num="2388" count="2" type="stmt"/>
      <line num="2389" count="2" type="stmt"/>
      <line num="2390" count="2" type="stmt"/>
      <line num="2391" count="2" type="cond" truecount="1" falsecount="1"/>
      <line num="2392" count="0" type="cond" truecount="0" falsecount="2"/>
      <line num="2394" count="2" type="cond" truecount="1" falsecount="1"/>
      <line num="2395" count="2" type="cond" truecount="1" falsecount="1"/>
      <line num="2396" count="2" type="stmt"/>
      <line num="2399" count="0" type="cond" truecount="0" falsecount="2"/>
      <line num="2411" count="3" type="stmt"/>
      <line num="2412" count="1" type="stmt"/>
      <line num="2413" count="1" type="cond" truecount="2" falsecount="0"/>
      <line num="2414" count="1" type="cond" truecount="2" falsecount="0"/>
      <line num="2415" count="1" type="stmt"/>
      <line num="2416" count="1" type="stmt"/>
      <line num="2427" count="2" type="stmt"/>
      <line num="2428" count="2" type="cond" truecount="1" falsecount="1"/>
      <line num="2429" count="2" type="stmt"/>
      <line num="2430" count="2" type="cond" truecount="1" falsecount="1"/>
      <line num="2431" count="2" type="stmt"/>
      <line num="2432" count="2" type="stmt"/>
      <line num="2433" count="2" type="stmt"/>
      <line num="2434" count="2" type="cond" truecount="1" falsecount="1"/>
      <line num="2435" count="0" type="cond" truecount="0" falsecount="2"/>
      <line num="2437" count="2" type="stmt"/>
      <line num="2438" count="2" type="stmt"/>
      <line num="2439" count="2" type="cond" truecount="1" falsecount="1"/>
      <line num="2440" count="2" type="stmt"/>
      <line num="2443" count="0" type="cond" truecount="0" falsecount="2"/>
      <line num="2455" count="3" type="stmt"/>
      <line num="2456" count="2" type="stmt"/>
      <line num="2457" count="2" type="cond" truecount="2" falsecount="0"/>
      <line num="2458" count="2" type="cond" truecount="2" falsecount="0"/>
      <line num="2459" count="2" type="stmt"/>
      <line num="2460" count="2" type="stmt"/>
      <line num="2472" count="1" type="stmt"/>
      <line num="2473" count="1" type="cond" truecount="1" falsecount="1"/>
      <line num="2474" count="1" type="cond" truecount="1" falsecount="1"/>
      <line num="2475" count="1" type="stmt"/>
      <line num="2476" count="1" type="stmt"/>
      <line num="2477" count="1" type="cond" truecount="1" falsecount="1"/>
      <line num="2478" count="0" type="cond" truecount="0" falsecount="2"/>
      <line num="2480" count="1" type="stmt"/>
      <line num="2481" count="1" type="cond" truecount="1" falsecount="1"/>
      <line num="2482" count="1" type="stmt"/>
      <line num="2485" count="0" type="cond" truecount="0" falsecount="2"/>
      <line num="2499" count="3" type="stmt"/>
      <line num="2500" count="1" type="stmt"/>
      <line num="2501" count="1" type="cond" truecount="2" falsecount="0"/>
      <line num="2502" count="1" type="cond" truecount="2" falsecount="0"/>
      <line num="2503" count="1" type="stmt"/>
      <line num="2504" count="1" type="stmt"/>
      <line num="2515" count="0" type="stmt"/>
      <line num="2516" count="0" type="cond" truecount="0" falsecount="2"/>
      <line num="2517" count="0" type="cond" truecount="0" falsecount="2"/>
      <line num="2518" count="0" type="stmt"/>
      <line num="2519" count="0" type="stmt"/>
      <line num="2520" count="0" type="stmt"/>
      <line num="2521" count="0" type="stmt"/>
      <line num="2522" count="0" type="cond" truecount="0" falsecount="2"/>
      <line num="2523" count="0" type="cond" truecount="0" falsecount="2"/>
      <line num="2525" count="0" type="stmt"/>
      <line num="2526" count="0" type="cond" truecount="0" falsecount="2"/>
      <line num="2527" count="0" type="stmt"/>
      <line num="2530" count="0" type="cond" truecount="0" falsecount="2"/>
      <line num="2543" count="3" type="stmt"/>
      <line num="2544" count="0" type="stmt"/>
      <line num="2545" count="0" type="cond" truecount="0" falsecount="2"/>
      <line num="2546" count="0" type="cond" truecount="0" falsecount="2"/>
      <line num="2547" count="0" type="stmt"/>
      <line num="2548" count="0" type="stmt"/>
      <line num="2560" count="1" type="stmt"/>
      <line num="2561" count="1" type="cond" truecount="1" falsecount="1"/>
      <line num="2562" count="1" type="cond" truecount="1" falsecount="1"/>
      <line num="2563" count="0" type="stmt"/>
      <line num="2564" count="1" type="stmt"/>
      <line num="2565" count="1" type="cond" truecount="1" falsecount="1"/>
      <line num="2566" count="0" type="stmt"/>
      <line num="2567" count="1" type="cond" truecount="1" falsecount="1"/>
      <line num="2568" count="0" type="stmt"/>
      <line num="2569" count="1" type="cond" truecount="1" falsecount="1"/>
      <line num="2570" count="1" type="stmt"/>
      <line num="2571" count="1" type="stmt"/>
      <line num="2572" count="1" type="cond" truecount="1" falsecount="1"/>
      <line num="2573" count="0" type="cond" truecount="0" falsecount="2"/>
      <line num="2575" count="1" type="cond" truecount="1" falsecount="1"/>
      <line num="2576" count="1" type="stmt"/>
      <line num="2579" count="0" type="cond" truecount="0" falsecount="2"/>
      <line num="2592" count="3" type="stmt"/>
      <line num="2593" count="1" type="stmt"/>
      <line num="2594" count="1" type="cond" truecount="2" falsecount="0"/>
      <line num="2595" count="1" type="cond" truecount="2" falsecount="0"/>
      <line num="2596" count="1" type="stmt"/>
      <line num="2597" count="1" type="stmt"/>
      <line num="2609" count="0" type="stmt"/>
      <line num="2610" count="0" type="cond" truecount="0" falsecount="2"/>
      <line num="2611" count="0" type="stmt"/>
      <line num="2612" count="0" type="cond" truecount="0" falsecount="2"/>
      <line num="2613" count="0" type="stmt"/>
      <line num="2614" count="0" type="stmt"/>
      <line num="2615" count="0" type="stmt"/>
      <line num="2616" count="0" type="cond" truecount="0" falsecount="2"/>
      <line num="2617" count="0" type="cond" truecount="0" falsecount="2"/>
      <line num="2619" count="0" type="stmt"/>
      <line num="2620" count="0" type="cond" truecount="0" falsecount="2"/>
      <line num="2621" count="0" type="stmt"/>
      <line num="2624" count="0" type="cond" truecount="0" falsecount="2"/>
      <line num="2637" count="3" type="stmt"/>
      <line num="2638" count="0" type="stmt"/>
      <line num="2639" count="0" type="cond" truecount="0" falsecount="2"/>
      <line num="2640" count="0" type="cond" truecount="0" falsecount="2"/>
      <line num="2641" count="0" type="stmt"/>
      <line num="2642" count="0" type="stmt"/>
      <line num="2653" count="0" type="stmt"/>
      <line num="2654" count="0" type="cond" truecount="0" falsecount="2"/>
      <line num="2655" count="0" type="stmt"/>
      <line num="2656" count="0" type="stmt"/>
      <line num="2657" count="0" type="stmt"/>
      <line num="2658" count="0" type="stmt"/>
      <line num="2659" count="0" type="cond" truecount="0" falsecount="2"/>
      <line num="2660" count="0" type="cond" truecount="0" falsecount="2"/>
      <line num="2662" count="0" type="stmt"/>
      <line num="2663" count="0" type="cond" truecount="0" falsecount="2"/>
      <line num="2664" count="0" type="stmt"/>
      <line num="2667" count="0" type="cond" truecount="0" falsecount="2"/>
      <line num="2679" count="3" type="stmt"/>
      <line num="2680" count="0" type="stmt"/>
      <line num="2681" count="0" type="cond" truecount="0" falsecount="2"/>
      <line num="2682" count="0" type="cond" truecount="0" falsecount="2"/>
      <line num="2683" count="0" type="stmt"/>
      <line num="2684" count="0" type="stmt"/>
      <line num="2693" count="3" type="stmt"/>
      <line num="2694" count="0" type="stmt"/>
      <line num="2710" count="0" type="stmt"/>
      <line num="2726" count="0" type="stmt"/>
      <line num="2732" count="0" type="stmt"/>
      <line num="2738" count="0" type="stmt"/>
      <line num="2745" count="0" type="stmt"/>
      <line num="2746" count="0" type="stmt"/>
      <line num="2754" count="0" type="stmt"/>
      <line num="2755" count="0" type="stmt"/>
      <line num="2756" count="0" type="cond" truecount="0" falsecount="2"/>
      <line num="2757" count="0" type="stmt"/>
      <line num="2758" count="0" type="stmt"/>
      <line num="2759" count="0" type="cond" truecount="0" falsecount="2"/>
      <line num="2760" count="0" type="cond" truecount="0" falsecount="2"/>
      <line num="2761" count="0" type="stmt"/>
      <line num="2762" count="0" type="cond" truecount="0" falsecount="2"/>
      <line num="2764" count="0" type="cond" truecount="0" falsecount="2"/>
      <line num="2767" count="0" type="stmt"/>
      <line num="2779" count="0" type="stmt"/>
      <line num="2780" count="0" type="cond" truecount="0" falsecount="2"/>
      <line num="2781" count="0" type="stmt"/>
      <line num="2782" count="0" type="cond" truecount="0" falsecount="2"/>
      <line num="2783" count="0" type="stmt"/>
      <line num="2784" count="0" type="cond" truecount="0" falsecount="4"/>
      <line num="2785" count="0" type="stmt"/>
      <line num="2786" count="0" type="cond" truecount="0" falsecount="2"/>
      <line num="2787" count="0" type="stmt"/>
      <line num="2788" count="0" type="stmt"/>
      <line num="2789" count="0" type="cond" truecount="0" falsecount="2"/>
      <line num="2790" count="0" type="stmt"/>
      <line num="2791" count="0" type="stmt"/>
      <line num="2793" count="0" type="stmt"/>
      <line num="2794" count="0" type="cond" truecount="0" falsecount="2"/>
      <line num="2795" count="0" type="stmt"/>
      <line num="2796" count="0" type="stmt"/>
      <line num="2799" count="0" type="stmt"/>
      <line num="2808" count="0" type="cond" truecount="0" falsecount="2"/>
      <line num="2809" count="0" type="stmt"/>
      <line num="2811" count="0" type="cond" truecount="0" falsecount="2"/>
      <line num="2812" count="0" type="stmt"/>
      <line num="2814" count="0" type="stmt"/>
      <line num="2829" count="0" type="stmt"/>
      <line num="2830" count="0" type="stmt"/>
      <line num="2831" count="0" type="cond" truecount="0" falsecount="2"/>
      <line num="2832" count="0" type="cond" truecount="0" falsecount="2"/>
      <line num="2833" count="0" type="stmt"/>
      <line num="2834" count="0" type="stmt"/>
      <line num="2838" count="1" type="stmt"/>
    </file>
  </project>
</coverage>
