{"D:\\dev\\git\\github\\nodejs-api\\src\\simplicite.js": {"path":"D:\\dev\\git\\github\\nodejs-api\\src\\simplicite.js","statementMap":{"0":{"start":{"line":7,"column":8},"end":{"line":7,"column":20}},"1":{"start":{"line":8,"column":12},"end":{"line":8,"column":28}},"2":{"start":{"line":9,"column":13},"end":{"line":9,"column":30}},"3":{"start":{"line":15,"column":16},"end":{"line":356,"column":1}},"4":{"start":{"line":364,"column":1},"end":{"line":364,"column":28}},"5":{"start":{"line":388,"column":1},"end":{"line":388,"column":23}},"6":{"start":{"line":394,"column":1},"end":{"line":394,"column":28}},"7":{"start":{"line":400,"column":1},"end":{"line":400,"column":42}},"8":{"start":{"line":407,"column":1},"end":{"line":409,"column":3}},"9":{"start":{"line":408,"column":2},"end":{"line":408,"column":19}},"10":{"start":{"line":416,"column":1},"end":{"line":418,"column":3}},"11":{"start":{"line":417,"column":2},"end":{"line":417,"column":20}},"12":{"start":{"line":425,"column":1},"end":{"line":427,"column":3}},"13":{"start":{"line":426,"column":2},"end":{"line":426,"column":20}},"14":{"start":{"line":434,"column":1},"end":{"line":436,"column":3}},"15":{"start":{"line":435,"column":2},"end":{"line":435,"column":21}},"16":{"start":{"line":438,"column":14},"end":{"line":438,"column":28}},"17":{"start":{"line":445,"column":1},"end":{"line":448,"column":3}},"18":{"start":{"line":446,"column":2},"end":{"line":447,"column":20}},"19":{"start":{"line":447,"column":3},"end":{"line":447,"column":20}},"20":{"start":{"line":455,"column":1},"end":{"line":455,"column":37}},"21":{"start":{"line":457,"column":1},"end":{"line":478,"column":2}},"22":{"start":{"line":458,"column":2},"end":{"line":477,"column":3}},"23":{"start":{"line":459,"column":3},"end":{"line":459,"column":50}},"24":{"start":{"line":460,"column":11},"end":{"line":460,"column":85}},"25":{"start":{"line":461,"column":3},"end":{"line":471,"column":4}},"26":{"start":{"line":462,"column":4},"end":{"line":462,"column":44}},"27":{"start":{"line":463,"column":4},"end":{"line":463,"column":54}},"28":{"start":{"line":464,"column":4},"end":{"line":464,"column":73}},"29":{"start":{"line":466,"column":4},"end":{"line":466,"column":23}},"30":{"start":{"line":467,"column":4},"end":{"line":467,"column":58}},"31":{"start":{"line":468,"column":4},"end":{"line":469,"column":39}},"32":{"start":{"line":469,"column":5},"end":{"line":469,"column":39}},"33":{"start":{"line":470,"column":4},"end":{"line":470,"column":73}},"34":{"start":{"line":472,"column":3},"end":{"line":473,"column":21}},"35":{"start":{"line":473,"column":4},"end":{"line":473,"column":21}},"36":{"start":{"line":475,"column":3},"end":{"line":475,"column":72}},"37":{"start":{"line":476,"column":3},"end":{"line":476,"column":10}},"38":{"start":{"line":480,"column":14},"end":{"line":480,"column":71}},"39":{"start":{"line":481,"column":1},"end":{"line":484,"column":2}},"40":{"start":{"line":482,"column":2},"end":{"line":482,"column":57}},"41":{"start":{"line":483,"column":2},"end":{"line":483,"column":9}},"42":{"start":{"line":485,"column":12},"end":{"line":485,"column":38}},"43":{"start":{"line":486,"column":12},"end":{"line":486,"column":31}},"44":{"start":{"line":487,"column":12},"end":{"line":487,"column":29}},"45":{"start":{"line":488,"column":1},"end":{"line":489,"column":12}},"46":{"start":{"line":489,"column":2},"end":{"line":489,"column":12}},"47":{"start":{"line":491,"column":11},"end":{"line":491,"column":32}},"48":{"start":{"line":492,"column":1},"end":{"line":493,"column":20}},"49":{"start":{"line":493,"column":2},"end":{"line":493,"column":20}},"50":{"start":{"line":494,"column":1},"end":{"line":495,"column":50}},"51":{"start":{"line":495,"column":2},"end":{"line":495,"column":50}},"52":{"start":{"line":496,"column":1},"end":{"line":496,"column":46}},"53":{"start":{"line":498,"column":10},"end":{"line":498,"column":62}},"54":{"start":{"line":504,"column":1},"end":{"line":516,"column":3}},"55":{"start":{"line":522,"column":1},"end":{"line":522,"column":49}},"56":{"start":{"line":529,"column":1},"end":{"line":531,"column":3}},"57":{"start":{"line":530,"column":2},"end":{"line":530,"column":22}},"58":{"start":{"line":537,"column":1},"end":{"line":537,"column":47}},"59":{"start":{"line":544,"column":1},"end":{"line":546,"column":3}},"60":{"start":{"line":545,"column":2},"end":{"line":545,"column":22}},"61":{"start":{"line":552,"column":1},"end":{"line":552,"column":71}},"62":{"start":{"line":559,"column":1},"end":{"line":561,"column":3}},"63":{"start":{"line":560,"column":2},"end":{"line":560,"column":23}},"64":{"start":{"line":568,"column":27},"end":{"line":568,"column":29}},"65":{"start":{"line":577,"column":1},"end":{"line":579,"column":3}},"66":{"start":{"line":578,"column":2},"end":{"line":578,"column":49}},"67":{"start":{"line":585,"column":1},"end":{"line":599,"column":3}},"68":{"start":{"line":586,"column":2},"end":{"line":586,"column":28}},"69":{"start":{"line":587,"column":2},"end":{"line":587,"column":28}},"70":{"start":{"line":588,"column":2},"end":{"line":588,"column":29}},"71":{"start":{"line":589,"column":2},"end":{"line":589,"column":29}},"72":{"start":{"line":591,"column":2},"end":{"line":591,"column":25}},"73":{"start":{"line":593,"column":2},"end":{"line":593,"column":27}},"74":{"start":{"line":594,"column":2},"end":{"line":594,"column":27}},"75":{"start":{"line":595,"column":2},"end":{"line":595,"column":27}},"76":{"start":{"line":596,"column":2},"end":{"line":596,"column":28}},"77":{"start":{"line":598,"column":2},"end":{"line":598,"column":27}},"78":{"start":{"line":605,"column":1},"end":{"line":609,"column":3}},"79":{"start":{"line":606,"column":2},"end":{"line":608,"column":15}},"80":{"start":{"line":615,"column":1},"end":{"line":619,"column":3}},"81":{"start":{"line":616,"column":2},"end":{"line":618,"column":15}},"82":{"start":{"line":629,"column":1},"end":{"line":665,"column":3}},"83":{"start":{"line":630,"column":13},"end":{"line":630,"column":17}},"84":{"start":{"line":631,"column":10},"end":{"line":631,"column":31}},"85":{"start":{"line":632,"column":10},"end":{"line":632,"column":12}},"86":{"start":{"line":633,"column":2},"end":{"line":634,"column":74}},"87":{"start":{"line":634,"column":3},"end":{"line":634,"column":74}},"88":{"start":{"line":635,"column":10},"end":{"line":635,"column":37}},"89":{"start":{"line":636,"column":2},"end":{"line":645,"column":3}},"90":{"start":{"line":637,"column":3},"end":{"line":637,"column":67}},"91":{"start":{"line":638,"column":3},"end":{"line":638,"column":39}},"92":{"start":{"line":640,"column":3},"end":{"line":640,"column":33}},"93":{"start":{"line":641,"column":3},"end":{"line":644,"column":4}},"94":{"start":{"line":642,"column":4},"end":{"line":642,"column":66}},"95":{"start":{"line":643,"column":4},"end":{"line":643,"column":24}},"96":{"start":{"line":646,"column":2},"end":{"line":664,"column":5}},"97":{"start":{"line":655,"column":3},"end":{"line":656,"column":59}},"98":{"start":{"line":656,"column":4},"end":{"line":656,"column":59}},"99":{"start":{"line":658,"column":11},"end":{"line":658,"column":80}},"100":{"start":{"line":659,"column":11},"end":{"line":659,"column":70}},"101":{"start":{"line":660,"column":3},"end":{"line":663,"column":12}},"102":{"start":{"line":661,"column":4},"end":{"line":661,"column":60}},"103":{"start":{"line":663,"column":4},"end":{"line":663,"column":12}},"104":{"start":{"line":674,"column":1},"end":{"line":681,"column":3}},"105":{"start":{"line":675,"column":2},"end":{"line":680,"column":14}},"106":{"start":{"line":676,"column":3},"end":{"line":676,"column":50}},"107":{"start":{"line":677,"column":7},"end":{"line":680,"column":14}},"108":{"start":{"line":678,"column":3},"end":{"line":678,"column":109}},"109":{"start":{"line":680,"column":3},"end":{"line":680,"column":14}},"110":{"start":{"line":689,"column":1},"end":{"line":697,"column":3}},"111":{"start":{"line":690,"column":2},"end":{"line":696,"column":3}},"112":{"start":{"line":691,"column":3},"end":{"line":692,"column":88}},"113":{"start":{"line":692,"column":4},"end":{"line":692,"column":88}},"114":{"start":{"line":693,"column":3},"end":{"line":693,"column":58}},"115":{"start":{"line":695,"column":3},"end":{"line":695,"column":92}},"116":{"start":{"line":706,"column":13},"end":{"line":706,"column":17}},"117":{"start":{"line":707,"column":2},"end":{"line":707,"column":20}},"118":{"start":{"line":708,"column":2},"end":{"line":719,"column":5}},"119":{"start":{"line":709,"column":11},"end":{"line":709,"column":34}},"120":{"start":{"line":710,"column":3},"end":{"line":710,"column":94}},"121":{"start":{"line":711,"column":3},"end":{"line":716,"column":4}},"122":{"start":{"line":712,"column":4},"end":{"line":712,"column":66}},"123":{"start":{"line":714,"column":4},"end":{"line":715,"column":28}},"124":{"start":{"line":715,"column":5},"end":{"line":715,"column":28}},"125":{"start":{"line":718,"column":3},"end":{"line":718,"column":56}},"126":{"start":{"line":730,"column":1},"end":{"line":736,"column":3}},"127":{"start":{"line":731,"column":10},"end":{"line":731,"column":19}},"128":{"start":{"line":732,"column":2},"end":{"line":732,"column":20}},"129":{"start":{"line":733,"column":2},"end":{"line":733,"column":74}},"130":{"start":{"line":733,"column":39},"end":{"line":733,"column":55}},"131":{"start":{"line":733,"column":57},"end":{"line":733,"column":71}},"132":{"start":{"line":734,"column":2},"end":{"line":734,"column":71}},"133":{"start":{"line":734,"column":43},"end":{"line":734,"column":61}},"134":{"start":{"line":735,"column":2},"end":{"line":735,"column":19}},"135":{"start":{"line":745,"column":13},"end":{"line":745,"column":17}},"136":{"start":{"line":746,"column":2},"end":{"line":746,"column":20}},"137":{"start":{"line":747,"column":2},"end":{"line":752,"column":3}},"138":{"start":{"line":748,"column":3},"end":{"line":748,"column":16}},"139":{"start":{"line":749,"column":3},"end":{"line":749,"column":47}},"140":{"start":{"line":750,"column":3},"end":{"line":751,"column":46}},"141":{"start":{"line":751,"column":4},"end":{"line":751,"column":46}},"142":{"start":{"line":753,"column":2},"end":{"line":780,"column":5}},"143":{"start":{"line":754,"column":11},"end":{"line":754,"column":34}},"144":{"start":{"line":755,"column":3},"end":{"line":755,"column":92}},"145":{"start":{"line":756,"column":3},"end":{"line":777,"column":4}},"146":{"start":{"line":757,"column":4},"end":{"line":757,"column":66}},"147":{"start":{"line":759,"column":4},"end":{"line":759,"column":35}},"148":{"start":{"line":760,"column":4},"end":{"line":760,"column":68}},"149":{"start":{"line":761,"column":4},"end":{"line":761,"column":37}},"150":{"start":{"line":762,"column":4},"end":{"line":763,"column":66}},"151":{"start":{"line":763,"column":5},"end":{"line":763,"column":66}},"152":{"start":{"line":764,"column":4},"end":{"line":764,"column":42}},"153":{"start":{"line":765,"column":4},"end":{"line":766,"column":69}},"154":{"start":{"line":766,"column":5},"end":{"line":766,"column":69}},"155":{"start":{"line":768,"column":4},"end":{"line":774,"column":7}},"156":{"start":{"line":775,"column":4},"end":{"line":776,"column":37}},"157":{"start":{"line":776,"column":5},"end":{"line":776,"column":37}},"158":{"start":{"line":779,"column":3},"end":{"line":779,"column":56}},"159":{"start":{"line":792,"column":1},"end":{"line":798,"column":3}},"160":{"start":{"line":793,"column":10},"end":{"line":793,"column":19}},"161":{"start":{"line":794,"column":2},"end":{"line":794,"column":20}},"162":{"start":{"line":795,"column":2},"end":{"line":795,"column":58}},"163":{"start":{"line":795,"column":43},"end":{"line":795,"column":55}},"164":{"start":{"line":796,"column":2},"end":{"line":796,"column":61}},"165":{"start":{"line":796,"column":36},"end":{"line":796,"column":51}},"166":{"start":{"line":797,"column":2},"end":{"line":797,"column":19}},"167":{"start":{"line":807,"column":13},"end":{"line":807,"column":17}},"168":{"start":{"line":808,"column":2},"end":{"line":808,"column":20}},"169":{"start":{"line":809,"column":2},"end":{"line":823,"column":5}},"170":{"start":{"line":810,"column":11},"end":{"line":810,"column":34}},"171":{"start":{"line":811,"column":3},"end":{"line":811,"column":93}},"172":{"start":{"line":812,"column":3},"end":{"line":818,"column":4}},"173":{"start":{"line":813,"column":4},"end":{"line":813,"column":66}},"174":{"start":{"line":815,"column":4},"end":{"line":815,"column":17}},"175":{"start":{"line":816,"column":4},"end":{"line":817,"column":37}},"176":{"start":{"line":817,"column":5},"end":{"line":817,"column":37}},"177":{"start":{"line":820,"column":3},"end":{"line":821,"column":31}},"178":{"start":{"line":821,"column":4},"end":{"line":821,"column":31}},"179":{"start":{"line":822,"column":3},"end":{"line":822,"column":56}},"180":{"start":{"line":834,"column":1},"end":{"line":840,"column":3}},"181":{"start":{"line":835,"column":10},"end":{"line":835,"column":19}},"182":{"start":{"line":836,"column":2},"end":{"line":836,"column":20}},"183":{"start":{"line":837,"column":2},"end":{"line":837,"column":58}},"184":{"start":{"line":837,"column":43},"end":{"line":837,"column":55}},"185":{"start":{"line":838,"column":2},"end":{"line":838,"column":62}},"186":{"start":{"line":838,"column":37},"end":{"line":838,"column":52}},"187":{"start":{"line":839,"column":2},"end":{"line":839,"column":19}},"188":{"start":{"line":846,"column":1},"end":{"line":846,"column":24}},"189":{"start":{"line":855,"column":13},"end":{"line":855,"column":17}},"190":{"start":{"line":856,"column":2},"end":{"line":856,"column":20}},"191":{"start":{"line":857,"column":10},"end":{"line":857,"column":21}},"192":{"start":{"line":858,"column":2},"end":{"line":859,"column":70}},"193":{"start":{"line":859,"column":3},"end":{"line":859,"column":70}},"194":{"start":{"line":860,"column":2},"end":{"line":861,"column":58}},"195":{"start":{"line":861,"column":3},"end":{"line":861,"column":58}},"196":{"start":{"line":862,"column":2},"end":{"line":874,"column":5}},"197":{"start":{"line":863,"column":11},"end":{"line":863,"column":34}},"198":{"start":{"line":864,"column":3},"end":{"line":864,"column":95}},"199":{"start":{"line":865,"column":3},"end":{"line":871,"column":4}},"200":{"start":{"line":866,"column":4},"end":{"line":866,"column":66}},"201":{"start":{"line":868,"column":4},"end":{"line":868,"column":56}},"202":{"start":{"line":869,"column":4},"end":{"line":870,"column":37}},"203":{"start":{"line":870,"column":5},"end":{"line":870,"column":37}},"204":{"start":{"line":873,"column":3},"end":{"line":873,"column":56}},"205":{"start":{"line":886,"column":1},"end":{"line":892,"column":3}},"206":{"start":{"line":887,"column":10},"end":{"line":887,"column":19}},"207":{"start":{"line":888,"column":2},"end":{"line":888,"column":20}},"208":{"start":{"line":889,"column":2},"end":{"line":889,"column":58}},"209":{"start":{"line":889,"column":43},"end":{"line":889,"column":55}},"210":{"start":{"line":890,"column":2},"end":{"line":890,"column":64}},"211":{"start":{"line":890,"column":39},"end":{"line":890,"column":54}},"212":{"start":{"line":891,"column":2},"end":{"line":891,"column":19}},"213":{"start":{"line":902,"column":13},"end":{"line":902,"column":17}},"214":{"start":{"line":903,"column":2},"end":{"line":903,"column":20}},"215":{"start":{"line":904,"column":2},"end":{"line":915,"column":5}},"216":{"start":{"line":905,"column":11},"end":{"line":905,"column":34}},"217":{"start":{"line":906,"column":3},"end":{"line":906,"column":101}},"218":{"start":{"line":907,"column":3},"end":{"line":912,"column":4}},"219":{"start":{"line":908,"column":4},"end":{"line":908,"column":66}},"220":{"start":{"line":910,"column":4},"end":{"line":911,"column":37}},"221":{"start":{"line":911,"column":5},"end":{"line":911,"column":37}},"222":{"start":{"line":914,"column":3},"end":{"line":914,"column":56}},"223":{"start":{"line":926,"column":1},"end":{"line":932,"column":3}},"224":{"start":{"line":927,"column":10},"end":{"line":927,"column":19}},"225":{"start":{"line":928,"column":2},"end":{"line":928,"column":20}},"226":{"start":{"line":929,"column":2},"end":{"line":929,"column":58}},"227":{"start":{"line":929,"column":43},"end":{"line":929,"column":55}},"228":{"start":{"line":930,"column":2},"end":{"line":930,"column":75}},"229":{"start":{"line":930,"column":45},"end":{"line":930,"column":60}},"230":{"start":{"line":931,"column":2},"end":{"line":931,"column":19}},"231":{"start":{"line":941,"column":13},"end":{"line":941,"column":17}},"232":{"start":{"line":942,"column":2},"end":{"line":942,"column":20}},"233":{"start":{"line":943,"column":2},"end":{"line":955,"column":5}},"234":{"start":{"line":944,"column":11},"end":{"line":944,"column":34}},"235":{"start":{"line":945,"column":3},"end":{"line":945,"column":97}},"236":{"start":{"line":946,"column":3},"end":{"line":952,"column":4}},"237":{"start":{"line":947,"column":4},"end":{"line":947,"column":66}},"238":{"start":{"line":949,"column":4},"end":{"line":949,"column":30}},"239":{"start":{"line":950,"column":4},"end":{"line":951,"column":39}},"240":{"start":{"line":951,"column":5},"end":{"line":951,"column":39}},"241":{"start":{"line":954,"column":3},"end":{"line":954,"column":56}},"242":{"start":{"line":965,"column":1},"end":{"line":971,"column":3}},"243":{"start":{"line":966,"column":10},"end":{"line":966,"column":19}},"244":{"start":{"line":967,"column":2},"end":{"line":967,"column":20}},"245":{"start":{"line":968,"column":2},"end":{"line":968,"column":58}},"246":{"start":{"line":968,"column":43},"end":{"line":968,"column":55}},"247":{"start":{"line":969,"column":2},"end":{"line":969,"column":66}},"248":{"start":{"line":969,"column":41},"end":{"line":969,"column":56}},"249":{"start":{"line":970,"column":2},"end":{"line":970,"column":19}},"250":{"start":{"line":980,"column":13},"end":{"line":980,"column":17}},"251":{"start":{"line":981,"column":2},"end":{"line":981,"column":20}},"252":{"start":{"line":982,"column":2},"end":{"line":994,"column":5}},"253":{"start":{"line":983,"column":11},"end":{"line":983,"column":34}},"254":{"start":{"line":984,"column":3},"end":{"line":984,"column":97}},"255":{"start":{"line":985,"column":3},"end":{"line":991,"column":4}},"256":{"start":{"line":986,"column":4},"end":{"line":986,"column":66}},"257":{"start":{"line":988,"column":4},"end":{"line":988,"column":30}},"258":{"start":{"line":989,"column":4},"end":{"line":990,"column":39}},"259":{"start":{"line":990,"column":5},"end":{"line":990,"column":39}},"260":{"start":{"line":993,"column":3},"end":{"line":993,"column":56}},"261":{"start":{"line":1004,"column":1},"end":{"line":1010,"column":3}},"262":{"start":{"line":1005,"column":10},"end":{"line":1005,"column":19}},"263":{"start":{"line":1006,"column":2},"end":{"line":1006,"column":20}},"264":{"start":{"line":1007,"column":2},"end":{"line":1007,"column":58}},"265":{"start":{"line":1007,"column":43},"end":{"line":1007,"column":55}},"266":{"start":{"line":1008,"column":2},"end":{"line":1008,"column":66}},"267":{"start":{"line":1008,"column":41},"end":{"line":1008,"column":56}},"268":{"start":{"line":1009,"column":2},"end":{"line":1009,"column":19}},"269":{"start":{"line":1019,"column":13},"end":{"line":1019,"column":17}},"270":{"start":{"line":1020,"column":2},"end":{"line":1020,"column":20}},"271":{"start":{"line":1021,"column":2},"end":{"line":1033,"column":5}},"272":{"start":{"line":1022,"column":11},"end":{"line":1022,"column":34}},"273":{"start":{"line":1023,"column":3},"end":{"line":1023,"column":97}},"274":{"start":{"line":1024,"column":3},"end":{"line":1030,"column":4}},"275":{"start":{"line":1025,"column":4},"end":{"line":1025,"column":66}},"276":{"start":{"line":1027,"column":4},"end":{"line":1027,"column":30}},"277":{"start":{"line":1028,"column":4},"end":{"line":1029,"column":39}},"278":{"start":{"line":1029,"column":5},"end":{"line":1029,"column":39}},"279":{"start":{"line":1032,"column":3},"end":{"line":1032,"column":56}},"280":{"start":{"line":1043,"column":1},"end":{"line":1049,"column":3}},"281":{"start":{"line":1044,"column":10},"end":{"line":1044,"column":19}},"282":{"start":{"line":1045,"column":2},"end":{"line":1045,"column":20}},"283":{"start":{"line":1046,"column":2},"end":{"line":1046,"column":58}},"284":{"start":{"line":1046,"column":43},"end":{"line":1046,"column":55}},"285":{"start":{"line":1047,"column":2},"end":{"line":1047,"column":66}},"286":{"start":{"line":1047,"column":41},"end":{"line":1047,"column":56}},"287":{"start":{"line":1048,"column":2},"end":{"line":1048,"column":19}},"288":{"start":{"line":1058,"column":13},"end":{"line":1058,"column":17}},"289":{"start":{"line":1059,"column":2},"end":{"line":1059,"column":20}},"290":{"start":{"line":1060,"column":10},"end":{"line":1060,"column":12}},"291":{"start":{"line":1061,"column":2},"end":{"line":1062,"column":48}},"292":{"start":{"line":1062,"column":3},"end":{"line":1062,"column":48}},"293":{"start":{"line":1063,"column":2},"end":{"line":1075,"column":5}},"294":{"start":{"line":1064,"column":11},"end":{"line":1064,"column":34}},"295":{"start":{"line":1065,"column":3},"end":{"line":1065,"column":94}},"296":{"start":{"line":1066,"column":3},"end":{"line":1072,"column":4}},"297":{"start":{"line":1067,"column":4},"end":{"line":1067,"column":66}},"298":{"start":{"line":1069,"column":4},"end":{"line":1069,"column":27}},"299":{"start":{"line":1070,"column":4},"end":{"line":1071,"column":36}},"300":{"start":{"line":1071,"column":5},"end":{"line":1071,"column":36}},"301":{"start":{"line":1074,"column":3},"end":{"line":1074,"column":56}},"302":{"start":{"line":1086,"column":1},"end":{"line":1092,"column":3}},"303":{"start":{"line":1087,"column":10},"end":{"line":1087,"column":19}},"304":{"start":{"line":1088,"column":2},"end":{"line":1088,"column":20}},"305":{"start":{"line":1089,"column":2},"end":{"line":1089,"column":58}},"306":{"start":{"line":1089,"column":43},"end":{"line":1089,"column":55}},"307":{"start":{"line":1090,"column":2},"end":{"line":1090,"column":63}},"308":{"start":{"line":1090,"column":38},"end":{"line":1090,"column":53}},"309":{"start":{"line":1091,"column":2},"end":{"line":1091,"column":19}},"310":{"start":{"line":1102,"column":13},"end":{"line":1102,"column":17}},"311":{"start":{"line":1103,"column":2},"end":{"line":1103,"column":20}},"312":{"start":{"line":1104,"column":10},"end":{"line":1104,"column":12}},"313":{"start":{"line":1105,"column":2},"end":{"line":1105,"column":45}},"314":{"start":{"line":1105,"column":28},"end":{"line":1105,"column":45}},"315":{"start":{"line":1106,"column":2},"end":{"line":1106,"column":72}},"316":{"start":{"line":1106,"column":20},"end":{"line":1106,"column":72}},"317":{"start":{"line":1107,"column":2},"end":{"line":1118,"column":5}},"318":{"start":{"line":1108,"column":11},"end":{"line":1108,"column":34}},"319":{"start":{"line":1109,"column":3},"end":{"line":1109,"column":98}},"320":{"start":{"line":1110,"column":3},"end":{"line":1115,"column":4}},"321":{"start":{"line":1111,"column":4},"end":{"line":1111,"column":66}},"322":{"start":{"line":1113,"column":4},"end":{"line":1114,"column":37}},"323":{"start":{"line":1114,"column":5},"end":{"line":1114,"column":37}},"324":{"start":{"line":1117,"column":3},"end":{"line":1117,"column":56}},"325":{"start":{"line":1132,"column":1},"end":{"line":1138,"column":3}},"326":{"start":{"line":1133,"column":10},"end":{"line":1133,"column":19}},"327":{"start":{"line":1134,"column":2},"end":{"line":1134,"column":20}},"328":{"start":{"line":1135,"column":2},"end":{"line":1135,"column":58}},"329":{"start":{"line":1135,"column":43},"end":{"line":1135,"column":55}},"330":{"start":{"line":1136,"column":2},"end":{"line":1136,"column":84}},"331":{"start":{"line":1136,"column":42},"end":{"line":1136,"column":57}},"332":{"start":{"line":1137,"column":2},"end":{"line":1137,"column":19}},"333":{"start":{"line":1147,"column":1},"end":{"line":1155,"column":3}},"334":{"start":{"line":1148,"column":17},"end":{"line":1148,"column":63}},"335":{"start":{"line":1149,"column":12},"end":{"line":1149,"column":41}},"336":{"start":{"line":1150,"column":2},"end":{"line":1153,"column":3}},"337":{"start":{"line":1151,"column":3},"end":{"line":1151,"column":50}},"338":{"start":{"line":1152,"column":3},"end":{"line":1152,"column":39}},"339":{"start":{"line":1154,"column":2},"end":{"line":1154,"column":13}},"340":{"start":{"line":1162,"column":1},"end":{"line":1164,"column":3}},"341":{"start":{"line":1163,"column":2},"end":{"line":1163,"column":40}},"342":{"start":{"line":1174,"column":1},"end":{"line":1180,"column":3}},"343":{"start":{"line":1175,"column":2},"end":{"line":1179,"column":98}},"344":{"start":{"line":1195,"column":1},"end":{"line":1197,"column":3}},"345":{"start":{"line":1196,"column":2},"end":{"line":1196,"column":21}},"346":{"start":{"line":1204,"column":1},"end":{"line":1206,"column":3}},"347":{"start":{"line":1205,"column":2},"end":{"line":1205,"column":20}},"348":{"start":{"line":1213,"column":1},"end":{"line":1213,"column":34}},"349":{"start":{"line":1220,"column":1},"end":{"line":1222,"column":3}},"350":{"start":{"line":1221,"column":2},"end":{"line":1221,"column":19}},"351":{"start":{"line":1229,"column":1},"end":{"line":1231,"column":3}},"352":{"start":{"line":1230,"column":2},"end":{"line":1230,"column":20}},"353":{"start":{"line":1238,"column":1},"end":{"line":1240,"column":3}},"354":{"start":{"line":1239,"column":2},"end":{"line":1239,"column":24}},"355":{"start":{"line":1247,"column":1},"end":{"line":1247,"column":39}},"356":{"start":{"line":1254,"column":1},"end":{"line":1256,"column":3}},"357":{"start":{"line":1255,"column":2},"end":{"line":1255,"column":23}},"358":{"start":{"line":1263,"column":1},"end":{"line":1263,"column":37}},"359":{"start":{"line":1270,"column":1},"end":{"line":1273,"column":3}},"360":{"start":{"line":1271,"column":2},"end":{"line":1272,"column":74}},"361":{"start":{"line":1272,"column":3},"end":{"line":1272,"column":74}},"362":{"start":{"line":1281,"column":1},"end":{"line":1283,"column":3}},"363":{"start":{"line":1282,"column":2},"end":{"line":1282,"column":78}},"364":{"start":{"line":1289,"column":1},"end":{"line":1291,"column":3}},"365":{"start":{"line":1290,"column":2},"end":{"line":1290,"column":50}},"366":{"start":{"line":1304,"column":1},"end":{"line":1306,"column":3}},"367":{"start":{"line":1305,"column":2},"end":{"line":1305,"column":17}},"368":{"start":{"line":1313,"column":1},"end":{"line":1315,"column":3}},"369":{"start":{"line":1314,"column":2},"end":{"line":1314,"column":19}},"370":{"start":{"line":1322,"column":1},"end":{"line":1322,"column":37}},"371":{"start":{"line":1329,"column":1},"end":{"line":1331,"column":3}},"372":{"start":{"line":1330,"column":2},"end":{"line":1330,"column":19}},"373":{"start":{"line":1338,"column":1},"end":{"line":1338,"column":37}},"374":{"start":{"line":1345,"column":1},"end":{"line":1347,"column":3}},"375":{"start":{"line":1346,"column":2},"end":{"line":1346,"column":23}},"376":{"start":{"line":1354,"column":1},"end":{"line":1354,"column":37}},"377":{"start":{"line":1361,"column":1},"end":{"line":1363,"column":3}},"378":{"start":{"line":1362,"column":2},"end":{"line":1362,"column":27}},"379":{"start":{"line":1370,"column":1},"end":{"line":1370,"column":37}},"380":{"start":{"line":1377,"column":1},"end":{"line":1379,"column":3}},"381":{"start":{"line":1378,"column":2},"end":{"line":1378,"column":22}},"382":{"start":{"line":1386,"column":1},"end":{"line":1388,"column":3}},"383":{"start":{"line":1387,"column":2},"end":{"line":1387,"column":24}},"384":{"start":{"line":1395,"column":2},"end":{"line":1395,"column":44}},"385":{"start":{"line":1403,"column":1},"end":{"line":1405,"column":3}},"386":{"start":{"line":1404,"column":2},"end":{"line":1404,"column":40}},"387":{"start":{"line":1412,"column":1},"end":{"line":1414,"column":3}},"388":{"start":{"line":1413,"column":2},"end":{"line":1413,"column":48}},"389":{"start":{"line":1422,"column":1},"end":{"line":1424,"column":3}},"390":{"start":{"line":1423,"column":2},"end":{"line":1423,"column":63}},"391":{"start":{"line":1431,"column":1},"end":{"line":1433,"column":3}},"392":{"start":{"line":1432,"column":2},"end":{"line":1432,"column":25}},"393":{"start":{"line":1441,"column":1},"end":{"line":1443,"column":3}},"394":{"start":{"line":1442,"column":2},"end":{"line":1442,"column":85}},"395":{"start":{"line":1450,"column":1},"end":{"line":1453,"column":3}},"396":{"start":{"line":1451,"column":2},"end":{"line":1452,"column":107}},"397":{"start":{"line":1452,"column":3},"end":{"line":1452,"column":107}},"398":{"start":{"line":1459,"column":1},"end":{"line":1461,"column":3}},"399":{"start":{"line":1460,"column":2},"end":{"line":1460,"column":42}},"400":{"start":{"line":1477,"column":1},"end":{"line":1477,"column":18}},"401":{"start":{"line":1483,"column":1},"end":{"line":1483,"column":26}},"402":{"start":{"line":1489,"column":1},"end":{"line":1489,"column":49}},"403":{"start":{"line":1495,"column":1},"end":{"line":1495,"column":19}},"404":{"start":{"line":1501,"column":1},"end":{"line":1501,"column":16}},"405":{"start":{"line":1507,"column":1},"end":{"line":1507,"column":18}},"406":{"start":{"line":1520,"column":1},"end":{"line":1520,"column":37}},"407":{"start":{"line":1526,"column":1},"end":{"line":1526,"column":20}},"408":{"start":{"line":1532,"column":1},"end":{"line":1532,"column":60}},"409":{"start":{"line":1538,"column":1},"end":{"line":1538,"column":72}},"410":{"start":{"line":1544,"column":1},"end":{"line":1544,"column":127}},"411":{"start":{"line":1550,"column":1},"end":{"line":1550,"column":16}},"412":{"start":{"line":1556,"column":1},"end":{"line":1556,"column":19}},"413":{"start":{"line":1562,"column":1},"end":{"line":1562,"column":16}},"414":{"start":{"line":1571,"column":13},"end":{"line":1571,"column":17}},"415":{"start":{"line":1572,"column":2},"end":{"line":1572,"column":20}},"416":{"start":{"line":1573,"column":10},"end":{"line":1573,"column":12}},"417":{"start":{"line":1574,"column":2},"end":{"line":1574,"column":72}},"418":{"start":{"line":1574,"column":20},"end":{"line":1574,"column":72}},"419":{"start":{"line":1575,"column":2},"end":{"line":1575,"column":87}},"420":{"start":{"line":1575,"column":25},"end":{"line":1575,"column":87}},"421":{"start":{"line":1576,"column":2},"end":{"line":1588,"column":5}},"422":{"start":{"line":1577,"column":11},"end":{"line":1577,"column":42}},"423":{"start":{"line":1578,"column":3},"end":{"line":1578,"column":113}},"424":{"start":{"line":1579,"column":3},"end":{"line":1585,"column":4}},"425":{"start":{"line":1580,"column":4},"end":{"line":1580,"column":74}},"426":{"start":{"line":1582,"column":4},"end":{"line":1582,"column":31}},"427":{"start":{"line":1583,"column":4},"end":{"line":1584,"column":40}},"428":{"start":{"line":1584,"column":5},"end":{"line":1584,"column":40}},"429":{"start":{"line":1587,"column":3},"end":{"line":1587,"column":64}},"430":{"start":{"line":1600,"column":1},"end":{"line":1604,"column":3}},"431":{"start":{"line":1601,"column":10},"end":{"line":1601,"column":19}},"432":{"start":{"line":1602,"column":2},"end":{"line":1602,"column":77}},"433":{"start":{"line":1602,"column":47},"end":{"line":1602,"column":67}},"434":{"start":{"line":1603,"column":2},"end":{"line":1603,"column":19}},"435":{"start":{"line":1611,"column":1},"end":{"line":1613,"column":3}},"436":{"start":{"line":1612,"column":2},"end":{"line":1612,"column":28}},"437":{"start":{"line":1620,"column":1},"end":{"line":1622,"column":3}},"438":{"start":{"line":1621,"column":2},"end":{"line":1621,"column":32}},"439":{"start":{"line":1629,"column":1},"end":{"line":1631,"column":3}},"440":{"start":{"line":1630,"column":2},"end":{"line":1630,"column":29}},"441":{"start":{"line":1638,"column":1},"end":{"line":1640,"column":3}},"442":{"start":{"line":1639,"column":2},"end":{"line":1639,"column":28}},"443":{"start":{"line":1647,"column":1},"end":{"line":1649,"column":3}},"444":{"start":{"line":1648,"column":2},"end":{"line":1648,"column":30}},"445":{"start":{"line":1657,"column":1},"end":{"line":1663,"column":3}},"446":{"start":{"line":1658,"column":10},"end":{"line":1658,"column":11}},"447":{"start":{"line":1659,"column":11},"end":{"line":1659,"column":27}},"448":{"start":{"line":1660,"column":2},"end":{"line":1660,"column":56}},"449":{"start":{"line":1660,"column":52},"end":{"line":1660,"column":56}},"450":{"start":{"line":1661,"column":2},"end":{"line":1662,"column":16}},"451":{"start":{"line":1662,"column":3},"end":{"line":1662,"column":16}},"452":{"start":{"line":1670,"column":1},"end":{"line":1672,"column":3}},"453":{"start":{"line":1671,"column":2},"end":{"line":1671,"column":34}},"454":{"start":{"line":1679,"column":1},"end":{"line":1681,"column":3}},"455":{"start":{"line":1680,"column":2},"end":{"line":1680,"column":49}},"456":{"start":{"line":1688,"column":1},"end":{"line":1690,"column":3}},"457":{"start":{"line":1689,"column":2},"end":{"line":1689,"column":29}},"458":{"start":{"line":1698,"column":1},"end":{"line":1703,"column":3}},"459":{"start":{"line":1699,"column":2},"end":{"line":1700,"column":32}},"460":{"start":{"line":1700,"column":3},"end":{"line":1700,"column":32}},"461":{"start":{"line":1701,"column":2},"end":{"line":1702,"column":21}},"462":{"start":{"line":1702,"column":3},"end":{"line":1702,"column":21}},"463":{"start":{"line":1711,"column":1},"end":{"line":1716,"column":3}},"464":{"start":{"line":1712,"column":2},"end":{"line":1713,"column":32}},"465":{"start":{"line":1713,"column":3},"end":{"line":1713,"column":32}},"466":{"start":{"line":1714,"column":2},"end":{"line":1715,"column":22}},"467":{"start":{"line":1715,"column":3},"end":{"line":1715,"column":22}},"468":{"start":{"line":1725,"column":1},"end":{"line":1731,"column":3}},"469":{"start":{"line":1726,"column":2},"end":{"line":1727,"column":20}},"470":{"start":{"line":1727,"column":3},"end":{"line":1727,"column":20}},"471":{"start":{"line":1728,"column":2},"end":{"line":1730,"column":3}},"472":{"start":{"line":1729,"column":3},"end":{"line":1729,"column":63}},"473":{"start":{"line":1740,"column":1},"end":{"line":1745,"column":3}},"474":{"start":{"line":1741,"column":2},"end":{"line":1742,"column":32}},"475":{"start":{"line":1742,"column":3},"end":{"line":1742,"column":32}},"476":{"start":{"line":1743,"column":12},"end":{"line":1743,"column":43}},"477":{"start":{"line":1744,"column":2},"end":{"line":1744,"column":88}},"478":{"start":{"line":1754,"column":1},"end":{"line":1760,"column":3}},"479":{"start":{"line":1755,"column":2},"end":{"line":1756,"column":41}},"480":{"start":{"line":1756,"column":3},"end":{"line":1756,"column":41}},"481":{"start":{"line":1757,"column":12},"end":{"line":1757,"column":43}},"482":{"start":{"line":1758,"column":2},"end":{"line":1759,"column":75}},"483":{"start":{"line":1759,"column":3},"end":{"line":1759,"column":75}},"484":{"start":{"line":1769,"column":1},"end":{"line":1775,"column":3}},"485":{"start":{"line":1770,"column":2},"end":{"line":1771,"column":56}},"486":{"start":{"line":1771,"column":3},"end":{"line":1771,"column":56}},"487":{"start":{"line":1772,"column":12},"end":{"line":1772,"column":43}},"488":{"start":{"line":1773,"column":2},"end":{"line":1774,"column":45}},"489":{"start":{"line":1774,"column":3},"end":{"line":1774,"column":45}},"490":{"start":{"line":1785,"column":1},"end":{"line":1800,"column":3}},"491":{"start":{"line":1786,"column":2},"end":{"line":1787,"column":56}},"492":{"start":{"line":1787,"column":3},"end":{"line":1787,"column":56}},"493":{"start":{"line":1788,"column":12},"end":{"line":1788,"column":43}},"494":{"start":{"line":1789,"column":2},"end":{"line":1790,"column":16}},"495":{"start":{"line":1790,"column":3},"end":{"line":1790,"column":16}},"496":{"start":{"line":1791,"column":2},"end":{"line":1799,"column":116}},"497":{"start":{"line":1792,"column":3},"end":{"line":1799,"column":116}},"498":{"start":{"line":1809,"column":1},"end":{"line":1818,"column":3}},"499":{"start":{"line":1810,"column":2},"end":{"line":1816,"column":3}},"500":{"start":{"line":1811,"column":3},"end":{"line":1815,"column":4}},"501":{"start":{"line":1811,"column":16},"end":{"line":1811,"column":17}},"502":{"start":{"line":1812,"column":12},"end":{"line":1812,"column":19}},"503":{"start":{"line":1813,"column":4},"end":{"line":1814,"column":20}},"504":{"start":{"line":1814,"column":5},"end":{"line":1814,"column":20}},"505":{"start":{"line":1817,"column":2},"end":{"line":1817,"column":14}},"506":{"start":{"line":1827,"column":1},"end":{"line":1833,"column":3}},"507":{"start":{"line":1828,"column":2},"end":{"line":1829,"column":20}},"508":{"start":{"line":1829,"column":3},"end":{"line":1829,"column":20}},"509":{"start":{"line":1830,"column":2},"end":{"line":1832,"column":3}},"510":{"start":{"line":1831,"column":3},"end":{"line":1831,"column":111}},"511":{"start":{"line":1841,"column":1},"end":{"line":1843,"column":3}},"512":{"start":{"line":1842,"column":2},"end":{"line":1842,"column":63}},"513":{"start":{"line":1851,"column":1},"end":{"line":1854,"column":3}},"514":{"start":{"line":1852,"column":10},"end":{"line":1852,"column":20}},"515":{"start":{"line":1853,"column":2},"end":{"line":1853,"column":110}},"516":{"start":{"line":1863,"column":13},"end":{"line":1863,"column":17}},"517":{"start":{"line":1864,"column":2},"end":{"line":1864,"column":20}},"518":{"start":{"line":1865,"column":10},"end":{"line":1865,"column":12}},"519":{"start":{"line":1866,"column":2},"end":{"line":1867,"column":55}},"520":{"start":{"line":1867,"column":3},"end":{"line":1867,"column":55}},"521":{"start":{"line":1868,"column":2},"end":{"line":1869,"column":33}},"522":{"start":{"line":1869,"column":3},"end":{"line":1869,"column":33}},"523":{"start":{"line":1870,"column":2},"end":{"line":1882,"column":5}},"524":{"start":{"line":1871,"column":11},"end":{"line":1871,"column":42}},"525":{"start":{"line":1872,"column":3},"end":{"line":1872,"column":112}},"526":{"start":{"line":1873,"column":3},"end":{"line":1879,"column":4}},"527":{"start":{"line":1874,"column":4},"end":{"line":1874,"column":74}},"528":{"start":{"line":1876,"column":4},"end":{"line":1876,"column":27}},"529":{"start":{"line":1877,"column":4},"end":{"line":1878,"column":39}},"530":{"start":{"line":1878,"column":5},"end":{"line":1878,"column":39}},"531":{"start":{"line":1881,"column":3},"end":{"line":1881,"column":64}},"532":{"start":{"line":1894,"column":1},"end":{"line":1900,"column":3}},"533":{"start":{"line":1895,"column":10},"end":{"line":1895,"column":19}},"534":{"start":{"line":1896,"column":2},"end":{"line":1896,"column":20}},"535":{"start":{"line":1897,"column":2},"end":{"line":1897,"column":58}},"536":{"start":{"line":1897,"column":43},"end":{"line":1897,"column":55}},"537":{"start":{"line":1898,"column":2},"end":{"line":1898,"column":74}},"538":{"start":{"line":1898,"column":45},"end":{"line":1898,"column":64}},"539":{"start":{"line":1899,"column":2},"end":{"line":1899,"column":19}},"540":{"start":{"line":1908,"column":13},"end":{"line":1908,"column":15}},"541":{"start":{"line":1909,"column":2},"end":{"line":1910,"column":61}},"542":{"start":{"line":1910,"column":3},"end":{"line":1910,"column":61}},"543":{"start":{"line":1911,"column":11},"end":{"line":1911,"column":80}},"544":{"start":{"line":1912,"column":2},"end":{"line":1913,"column":82}},"545":{"start":{"line":1913,"column":3},"end":{"line":1913,"column":82}},"546":{"start":{"line":1914,"column":11},"end":{"line":1914,"column":59}},"547":{"start":{"line":1915,"column":2},"end":{"line":1916,"column":83}},"548":{"start":{"line":1916,"column":3},"end":{"line":1916,"column":83}},"549":{"start":{"line":1917,"column":11},"end":{"line":1917,"column":54}},"550":{"start":{"line":1918,"column":2},"end":{"line":1919,"column":80}},"551":{"start":{"line":1919,"column":3},"end":{"line":1919,"column":80}},"552":{"start":{"line":1920,"column":2},"end":{"line":1920,"column":14}},"553":{"start":{"line":1929,"column":10},"end":{"line":1929,"column":12}},"554":{"start":{"line":1930,"column":2},"end":{"line":1930,"column":22}},"555":{"start":{"line":1930,"column":13},"end":{"line":1930,"column":22}},"556":{"start":{"line":1931,"column":10},"end":{"line":1931,"column":11}},"557":{"start":{"line":1932,"column":2},"end":{"line":1946,"column":3}},"558":{"start":{"line":1933,"column":11},"end":{"line":1933,"column":24}},"559":{"start":{"line":1934,"column":3},"end":{"line":1945,"column":4}},"560":{"start":{"line":1935,"column":4},"end":{"line":1936,"column":58}},"561":{"start":{"line":1936,"column":5},"end":{"line":1936,"column":58}},"562":{"start":{"line":1937,"column":4},"end":{"line":1937,"column":138}},"563":{"start":{"line":1938,"column":10},"end":{"line":1945,"column":4}},"564":{"start":{"line":1939,"column":4},"end":{"line":1939,"column":109}},"565":{"start":{"line":1940,"column":10},"end":{"line":1945,"column":4}},"566":{"start":{"line":1941,"column":4},"end":{"line":1942,"column":70}},"567":{"start":{"line":1941,"column":17},"end":{"line":1941,"column":18}},"568":{"start":{"line":1942,"column":5},"end":{"line":1942,"column":70}},"569":{"start":{"line":1944,"column":4},"end":{"line":1944,"column":66}},"570":{"start":{"line":1947,"column":2},"end":{"line":1947,"column":11}},"571":{"start":{"line":1958,"column":13},"end":{"line":1958,"column":17}},"572":{"start":{"line":1959,"column":2},"end":{"line":1959,"column":20}},"573":{"start":{"line":1960,"column":2},"end":{"line":1960,"column":31}},"574":{"start":{"line":1961,"column":2},"end":{"line":1976,"column":5}},"575":{"start":{"line":1962,"column":11},"end":{"line":1962,"column":42}},"576":{"start":{"line":1963,"column":3},"end":{"line":1963,"column":110}},"577":{"start":{"line":1964,"column":3},"end":{"line":1973,"column":4}},"578":{"start":{"line":1965,"column":4},"end":{"line":1965,"column":74}},"579":{"start":{"line":1967,"column":4},"end":{"line":1967,"column":34}},"580":{"start":{"line":1968,"column":4},"end":{"line":1968,"column":71}},"581":{"start":{"line":1969,"column":4},"end":{"line":1969,"column":80}},"582":{"start":{"line":1970,"column":4},"end":{"line":1970,"column":19}},"583":{"start":{"line":1971,"column":4},"end":{"line":1972,"column":37}},"584":{"start":{"line":1972,"column":5},"end":{"line":1972,"column":37}},"585":{"start":{"line":1975,"column":3},"end":{"line":1975,"column":64}},"586":{"start":{"line":1987,"column":1},"end":{"line":1993,"column":3}},"587":{"start":{"line":1988,"column":10},"end":{"line":1988,"column":19}},"588":{"start":{"line":1989,"column":2},"end":{"line":1989,"column":20}},"589":{"start":{"line":1990,"column":2},"end":{"line":1990,"column":58}},"590":{"start":{"line":1990,"column":43},"end":{"line":1990,"column":55}},"591":{"start":{"line":1991,"column":2},"end":{"line":1991,"column":74}},"592":{"start":{"line":1991,"column":38},"end":{"line":1991,"column":55}},"593":{"start":{"line":1992,"column":2},"end":{"line":1992,"column":19}},"594":{"start":{"line":2000,"column":1},"end":{"line":2000,"column":28}},"595":{"start":{"line":2010,"column":13},"end":{"line":2010,"column":17}},"596":{"start":{"line":2011,"column":2},"end":{"line":2011,"column":20}},"597":{"start":{"line":2012,"column":10},"end":{"line":2012,"column":27}},"598":{"start":{"line":2013,"column":2},"end":{"line":2014,"column":35}},"599":{"start":{"line":2014,"column":3},"end":{"line":2014,"column":35}},"600":{"start":{"line":2015,"column":2},"end":{"line":2015,"column":45}},"601":{"start":{"line":2015,"column":28},"end":{"line":2015,"column":45}},"602":{"start":{"line":2016,"column":2},"end":{"line":2016,"column":49}},"603":{"start":{"line":2016,"column":27},"end":{"line":2016,"column":49}},"604":{"start":{"line":2017,"column":2},"end":{"line":2017,"column":31}},"605":{"start":{"line":2018,"column":2},"end":{"line":2035,"column":5}},"606":{"start":{"line":2019,"column":11},"end":{"line":2019,"column":42}},"607":{"start":{"line":2020,"column":3},"end":{"line":2020,"column":108}},"608":{"start":{"line":2021,"column":3},"end":{"line":2032,"column":4}},"609":{"start":{"line":2022,"column":4},"end":{"line":2022,"column":74}},"610":{"start":{"line":2024,"column":4},"end":{"line":2025,"column":37}},"611":{"start":{"line":2025,"column":5},"end":{"line":2025,"column":37}},"612":{"start":{"line":2026,"column":4},"end":{"line":2026,"column":34}},"613":{"start":{"line":2027,"column":4},"end":{"line":2027,"column":71}},"614":{"start":{"line":2028,"column":4},"end":{"line":2028,"column":80}},"615":{"start":{"line":2029,"column":4},"end":{"line":2029,"column":32}},"616":{"start":{"line":2030,"column":4},"end":{"line":2031,"column":36}},"617":{"start":{"line":2031,"column":5},"end":{"line":2031,"column":36}},"618":{"start":{"line":2034,"column":3},"end":{"line":2034,"column":64}},"619":{"start":{"line":2049,"column":1},"end":{"line":2055,"column":3}},"620":{"start":{"line":2050,"column":10},"end":{"line":2050,"column":19}},"621":{"start":{"line":2051,"column":2},"end":{"line":2051,"column":20}},"622":{"start":{"line":2052,"column":2},"end":{"line":2052,"column":58}},"623":{"start":{"line":2052,"column":43},"end":{"line":2052,"column":55}},"624":{"start":{"line":2053,"column":2},"end":{"line":2053,"column":73}},"625":{"start":{"line":2053,"column":38},"end":{"line":2053,"column":54}},"626":{"start":{"line":2054,"column":2},"end":{"line":2054,"column":19}},"627":{"start":{"line":2065,"column":13},"end":{"line":2065,"column":17}},"628":{"start":{"line":2066,"column":2},"end":{"line":2066,"column":20}},"629":{"start":{"line":2067,"column":10},"end":{"line":2067,"column":27}},"630":{"start":{"line":2068,"column":11},"end":{"line":2068,"column":24}},"631":{"start":{"line":2069,"column":2},"end":{"line":2070,"column":46}},"632":{"start":{"line":2070,"column":3},"end":{"line":2070,"column":46}},"633":{"start":{"line":2071,"column":2},"end":{"line":2075,"column":3}},"634":{"start":{"line":2072,"column":3},"end":{"line":2074,"column":4}},"635":{"start":{"line":2072,"column":16},"end":{"line":2072,"column":17}},"636":{"start":{"line":2073,"column":4},"end":{"line":2073,"column":76}},"637":{"start":{"line":2076,"column":2},"end":{"line":2076,"column":38}},"638":{"start":{"line":2076,"column":21},"end":{"line":2076,"column":38}},"639":{"start":{"line":2077,"column":2},"end":{"line":2077,"column":40}},"640":{"start":{"line":2077,"column":19},"end":{"line":2077,"column":40}},"641":{"start":{"line":2078,"column":2},"end":{"line":2095,"column":5}},"642":{"start":{"line":2079,"column":11},"end":{"line":2079,"column":42}},"643":{"start":{"line":2080,"column":3},"end":{"line":2080,"column":105}},"644":{"start":{"line":2081,"column":3},"end":{"line":2092,"column":4}},"645":{"start":{"line":2082,"column":4},"end":{"line":2082,"column":74}},"646":{"start":{"line":2084,"column":4},"end":{"line":2085,"column":37}},"647":{"start":{"line":2085,"column":5},"end":{"line":2085,"column":37}},"648":{"start":{"line":2086,"column":4},"end":{"line":2089,"column":51}},"649":{"start":{"line":2087,"column":5},"end":{"line":2087,"column":61}},"650":{"start":{"line":2089,"column":5},"end":{"line":2089,"column":51}},"651":{"start":{"line":2090,"column":4},"end":{"line":2091,"column":54}},"652":{"start":{"line":2091,"column":5},"end":{"line":2091,"column":54}},"653":{"start":{"line":2094,"column":3},"end":{"line":2094,"column":64}},"654":{"start":{"line":2109,"column":1},"end":{"line":2115,"column":3}},"655":{"start":{"line":2110,"column":10},"end":{"line":2110,"column":19}},"656":{"start":{"line":2111,"column":2},"end":{"line":2111,"column":20}},"657":{"start":{"line":2112,"column":2},"end":{"line":2112,"column":58}},"658":{"start":{"line":2112,"column":43},"end":{"line":2112,"column":55}},"659":{"start":{"line":2113,"column":2},"end":{"line":2113,"column":66}},"660":{"start":{"line":2113,"column":34},"end":{"line":2113,"column":49}},"661":{"start":{"line":2114,"column":2},"end":{"line":2114,"column":19}},"662":{"start":{"line":2124,"column":2},"end":{"line":2124,"column":20}},"663":{"start":{"line":2125,"column":2},"end":{"line":2125,"column":23}},"664":{"start":{"line":2126,"column":2},"end":{"line":2126,"column":21}},"665":{"start":{"line":2127,"column":2},"end":{"line":2127,"column":42}},"666":{"start":{"line":2128,"column":2},"end":{"line":2128,"column":73}},"667":{"start":{"line":2139,"column":1},"end":{"line":2145,"column":3}},"668":{"start":{"line":2140,"column":10},"end":{"line":2140,"column":19}},"669":{"start":{"line":2141,"column":2},"end":{"line":2141,"column":20}},"670":{"start":{"line":2142,"column":2},"end":{"line":2142,"column":58}},"671":{"start":{"line":2142,"column":43},"end":{"line":2142,"column":55}},"672":{"start":{"line":2143,"column":2},"end":{"line":2143,"column":68}},"673":{"start":{"line":2143,"column":43},"end":{"line":2143,"column":58}},"674":{"start":{"line":2144,"column":2},"end":{"line":2144,"column":19}},"675":{"start":{"line":2155,"column":2},"end":{"line":2155,"column":20}},"676":{"start":{"line":2156,"column":2},"end":{"line":2156,"column":23}},"677":{"start":{"line":2157,"column":2},"end":{"line":2157,"column":21}},"678":{"start":{"line":2158,"column":2},"end":{"line":2158,"column":42}},"679":{"start":{"line":2159,"column":2},"end":{"line":2159,"column":41}},"680":{"start":{"line":2171,"column":1},"end":{"line":2177,"column":3}},"681":{"start":{"line":2172,"column":10},"end":{"line":2172,"column":19}},"682":{"start":{"line":2173,"column":2},"end":{"line":2173,"column":20}},"683":{"start":{"line":2174,"column":2},"end":{"line":2174,"column":58}},"684":{"start":{"line":2174,"column":43},"end":{"line":2174,"column":55}},"685":{"start":{"line":2175,"column":2},"end":{"line":2175,"column":75}},"686":{"start":{"line":2175,"column":43},"end":{"line":2175,"column":58}},"687":{"start":{"line":2176,"column":2},"end":{"line":2176,"column":19}},"688":{"start":{"line":2187,"column":2},"end":{"line":2187,"column":20}},"689":{"start":{"line":2188,"column":2},"end":{"line":2188,"column":23}},"690":{"start":{"line":2189,"column":2},"end":{"line":2189,"column":21}},"691":{"start":{"line":2190,"column":2},"end":{"line":2190,"column":40}},"692":{"start":{"line":2191,"column":2},"end":{"line":2191,"column":41}},"693":{"start":{"line":2203,"column":1},"end":{"line":2209,"column":3}},"694":{"start":{"line":2204,"column":10},"end":{"line":2204,"column":19}},"695":{"start":{"line":2205,"column":2},"end":{"line":2205,"column":20}},"696":{"start":{"line":2206,"column":2},"end":{"line":2206,"column":58}},"697":{"start":{"line":2206,"column":43},"end":{"line":2206,"column":55}},"698":{"start":{"line":2207,"column":2},"end":{"line":2207,"column":73}},"699":{"start":{"line":2207,"column":41},"end":{"line":2207,"column":56}},"700":{"start":{"line":2208,"column":2},"end":{"line":2208,"column":19}},"701":{"start":{"line":2219,"column":2},"end":{"line":2219,"column":20}},"702":{"start":{"line":2220,"column":2},"end":{"line":2220,"column":23}},"703":{"start":{"line":2221,"column":2},"end":{"line":2221,"column":21}},"704":{"start":{"line":2222,"column":2},"end":{"line":2222,"column":42}},"705":{"start":{"line":2223,"column":2},"end":{"line":2223,"column":41}},"706":{"start":{"line":2235,"column":1},"end":{"line":2241,"column":3}},"707":{"start":{"line":2236,"column":10},"end":{"line":2236,"column":19}},"708":{"start":{"line":2237,"column":2},"end":{"line":2237,"column":20}},"709":{"start":{"line":2238,"column":2},"end":{"line":2238,"column":58}},"710":{"start":{"line":2238,"column":43},"end":{"line":2238,"column":55}},"711":{"start":{"line":2239,"column":2},"end":{"line":2239,"column":75}},"712":{"start":{"line":2239,"column":43},"end":{"line":2239,"column":58}},"713":{"start":{"line":2240,"column":2},"end":{"line":2240,"column":19}},"714":{"start":{"line":2249,"column":1},"end":{"line":2253,"column":3}},"715":{"start":{"line":2250,"column":2},"end":{"line":2250,"column":27}},"716":{"start":{"line":2251,"column":2},"end":{"line":2252,"column":41}},"717":{"start":{"line":2252,"column":3},"end":{"line":2252,"column":41}},"718":{"start":{"line":2263,"column":13},"end":{"line":2263,"column":17}},"719":{"start":{"line":2264,"column":2},"end":{"line":2264,"column":20}},"720":{"start":{"line":2265,"column":10},"end":{"line":2265,"column":27}},"721":{"start":{"line":2266,"column":2},"end":{"line":2278,"column":5}},"722":{"start":{"line":2267,"column":11},"end":{"line":2267,"column":42}},"723":{"start":{"line":2268,"column":3},"end":{"line":2268,"column":110}},"724":{"start":{"line":2269,"column":3},"end":{"line":2275,"column":4}},"725":{"start":{"line":2270,"column":4},"end":{"line":2270,"column":74}},"726":{"start":{"line":2272,"column":4},"end":{"line":2272,"column":27}},"727":{"start":{"line":2273,"column":4},"end":{"line":2274,"column":36}},"728":{"start":{"line":2274,"column":5},"end":{"line":2274,"column":36}},"729":{"start":{"line":2277,"column":3},"end":{"line":2277,"column":64}},"730":{"start":{"line":2289,"column":1},"end":{"line":2295,"column":3}},"731":{"start":{"line":2290,"column":10},"end":{"line":2290,"column":19}},"732":{"start":{"line":2291,"column":2},"end":{"line":2291,"column":20}},"733":{"start":{"line":2292,"column":2},"end":{"line":2292,"column":58}},"734":{"start":{"line":2292,"column":43},"end":{"line":2292,"column":55}},"735":{"start":{"line":2293,"column":2},"end":{"line":2293,"column":65}},"736":{"start":{"line":2293,"column":37},"end":{"line":2293,"column":50}},"737":{"start":{"line":2294,"column":2},"end":{"line":2294,"column":19}},"738":{"start":{"line":2305,"column":2},"end":{"line":2306,"column":20}},"739":{"start":{"line":2306,"column":3},"end":{"line":2306,"column":20}},"740":{"start":{"line":2307,"column":14},"end":{"line":2307,"column":49}},"741":{"start":{"line":2308,"column":2},"end":{"line":2311,"column":44}},"742":{"start":{"line":2309,"column":3},"end":{"line":2309,"column":44}},"743":{"start":{"line":2311,"column":3},"end":{"line":2311,"column":44}},"744":{"start":{"line":2322,"column":1},"end":{"line":2328,"column":3}},"745":{"start":{"line":2323,"column":10},"end":{"line":2323,"column":19}},"746":{"start":{"line":2324,"column":2},"end":{"line":2324,"column":20}},"747":{"start":{"line":2325,"column":2},"end":{"line":2325,"column":58}},"748":{"start":{"line":2325,"column":43},"end":{"line":2325,"column":55}},"749":{"start":{"line":2326,"column":2},"end":{"line":2326,"column":61}},"750":{"start":{"line":2326,"column":33},"end":{"line":2326,"column":46}},"751":{"start":{"line":2327,"column":2},"end":{"line":2327,"column":19}},"752":{"start":{"line":2338,"column":13},"end":{"line":2338,"column":17}},"753":{"start":{"line":2339,"column":2},"end":{"line":2340,"column":20}},"754":{"start":{"line":2340,"column":3},"end":{"line":2340,"column":20}},"755":{"start":{"line":2341,"column":2},"end":{"line":2341,"column":20}},"756":{"start":{"line":2342,"column":10},"end":{"line":2342,"column":27}},"757":{"start":{"line":2343,"column":2},"end":{"line":2355,"column":5}},"758":{"start":{"line":2344,"column":11},"end":{"line":2344,"column":42}},"759":{"start":{"line":2345,"column":3},"end":{"line":2345,"column":108}},"760":{"start":{"line":2346,"column":3},"end":{"line":2352,"column":4}},"761":{"start":{"line":2347,"column":4},"end":{"line":2347,"column":74}},"762":{"start":{"line":2349,"column":4},"end":{"line":2349,"column":63}},"763":{"start":{"line":2350,"column":4},"end":{"line":2351,"column":36}},"764":{"start":{"line":2351,"column":5},"end":{"line":2351,"column":36}},"765":{"start":{"line":2354,"column":3},"end":{"line":2354,"column":64}},"766":{"start":{"line":2366,"column":1},"end":{"line":2373,"column":3}},"767":{"start":{"line":2367,"column":2},"end":{"line":2367,"column":53}},"768":{"start":{"line":2368,"column":10},"end":{"line":2368,"column":19}},"769":{"start":{"line":2369,"column":2},"end":{"line":2369,"column":20}},"770":{"start":{"line":2370,"column":2},"end":{"line":2370,"column":58}},"771":{"start":{"line":2370,"column":43},"end":{"line":2370,"column":55}},"772":{"start":{"line":2371,"column":2},"end":{"line":2371,"column":63}},"773":{"start":{"line":2371,"column":35},"end":{"line":2371,"column":48}},"774":{"start":{"line":2372,"column":2},"end":{"line":2372,"column":19}},"775":{"start":{"line":2383,"column":13},"end":{"line":2383,"column":17}},"776":{"start":{"line":2384,"column":2},"end":{"line":2385,"column":20}},"777":{"start":{"line":2385,"column":3},"end":{"line":2385,"column":20}},"778":{"start":{"line":2386,"column":2},"end":{"line":2386,"column":20}},"779":{"start":{"line":2387,"column":10},"end":{"line":2387,"column":27}},"780":{"start":{"line":2388,"column":2},"end":{"line":2400,"column":5}},"781":{"start":{"line":2389,"column":11},"end":{"line":2389,"column":42}},"782":{"start":{"line":2390,"column":3},"end":{"line":2390,"column":108}},"783":{"start":{"line":2391,"column":3},"end":{"line":2397,"column":4}},"784":{"start":{"line":2392,"column":4},"end":{"line":2392,"column":74}},"785":{"start":{"line":2394,"column":4},"end":{"line":2394,"column":63}},"786":{"start":{"line":2395,"column":4},"end":{"line":2396,"column":36}},"787":{"start":{"line":2396,"column":5},"end":{"line":2396,"column":36}},"788":{"start":{"line":2399,"column":3},"end":{"line":2399,"column":64}},"789":{"start":{"line":2411,"column":1},"end":{"line":2417,"column":3}},"790":{"start":{"line":2412,"column":10},"end":{"line":2412,"column":19}},"791":{"start":{"line":2413,"column":2},"end":{"line":2413,"column":20}},"792":{"start":{"line":2414,"column":2},"end":{"line":2414,"column":58}},"793":{"start":{"line":2414,"column":43},"end":{"line":2414,"column":55}},"794":{"start":{"line":2415,"column":2},"end":{"line":2415,"column":63}},"795":{"start":{"line":2415,"column":35},"end":{"line":2415,"column":48}},"796":{"start":{"line":2416,"column":2},"end":{"line":2416,"column":19}},"797":{"start":{"line":2427,"column":13},"end":{"line":2427,"column":17}},"798":{"start":{"line":2428,"column":2},"end":{"line":2429,"column":20}},"799":{"start":{"line":2429,"column":3},"end":{"line":2429,"column":20}},"800":{"start":{"line":2430,"column":2},"end":{"line":2430,"column":20}},"801":{"start":{"line":2431,"column":2},"end":{"line":2444,"column":5}},"802":{"start":{"line":2432,"column":11},"end":{"line":2432,"column":42}},"803":{"start":{"line":2433,"column":3},"end":{"line":2433,"column":105}},"804":{"start":{"line":2434,"column":3},"end":{"line":2441,"column":4}},"805":{"start":{"line":2435,"column":4},"end":{"line":2435,"column":74}},"806":{"start":{"line":2437,"column":4},"end":{"line":2437,"column":26}},"807":{"start":{"line":2438,"column":4},"end":{"line":2438,"column":31}},"808":{"start":{"line":2439,"column":4},"end":{"line":2440,"column":37}},"809":{"start":{"line":2440,"column":5},"end":{"line":2440,"column":37}},"810":{"start":{"line":2443,"column":3},"end":{"line":2443,"column":64}},"811":{"start":{"line":2455,"column":1},"end":{"line":2461,"column":3}},"812":{"start":{"line":2456,"column":10},"end":{"line":2456,"column":19}},"813":{"start":{"line":2457,"column":2},"end":{"line":2457,"column":20}},"814":{"start":{"line":2458,"column":2},"end":{"line":2458,"column":58}},"815":{"start":{"line":2458,"column":43},"end":{"line":2458,"column":55}},"816":{"start":{"line":2459,"column":2},"end":{"line":2459,"column":60}},"817":{"start":{"line":2459,"column":32},"end":{"line":2459,"column":45}},"818":{"start":{"line":2460,"column":2},"end":{"line":2460,"column":19}},"819":{"start":{"line":2472,"column":13},"end":{"line":2472,"column":17}},"820":{"start":{"line":2473,"column":2},"end":{"line":2473,"column":20}},"821":{"start":{"line":2474,"column":2},"end":{"line":2486,"column":5}},"822":{"start":{"line":2475,"column":11},"end":{"line":2475,"column":42}},"823":{"start":{"line":2476,"column":3},"end":{"line":2476,"column":124}},"824":{"start":{"line":2477,"column":3},"end":{"line":2483,"column":4}},"825":{"start":{"line":2478,"column":4},"end":{"line":2478,"column":74}},"826":{"start":{"line":2480,"column":17},"end":{"line":2480,"column":34}},"827":{"start":{"line":2481,"column":4},"end":{"line":2482,"column":33}},"828":{"start":{"line":2482,"column":5},"end":{"line":2482,"column":33}},"829":{"start":{"line":2485,"column":3},"end":{"line":2485,"column":64}},"830":{"start":{"line":2499,"column":1},"end":{"line":2505,"column":3}},"831":{"start":{"line":2500,"column":10},"end":{"line":2500,"column":19}},"832":{"start":{"line":2501,"column":2},"end":{"line":2501,"column":20}},"833":{"start":{"line":2502,"column":2},"end":{"line":2502,"column":58}},"834":{"start":{"line":2502,"column":43},"end":{"line":2502,"column":55}},"835":{"start":{"line":2503,"column":2},"end":{"line":2503,"column":77}},"836":{"start":{"line":2503,"column":37},"end":{"line":2503,"column":52}},"837":{"start":{"line":2504,"column":2},"end":{"line":2504,"column":19}},"838":{"start":{"line":2515,"column":13},"end":{"line":2515,"column":17}},"839":{"start":{"line":2516,"column":2},"end":{"line":2516,"column":20}},"840":{"start":{"line":2517,"column":2},"end":{"line":2518,"column":31}},"841":{"start":{"line":2518,"column":3},"end":{"line":2518,"column":31}},"842":{"start":{"line":2519,"column":2},"end":{"line":2531,"column":5}},"843":{"start":{"line":2520,"column":11},"end":{"line":2520,"column":42}},"844":{"start":{"line":2521,"column":3},"end":{"line":2521,"column":128}},"845":{"start":{"line":2522,"column":3},"end":{"line":2528,"column":4}},"846":{"start":{"line":2523,"column":4},"end":{"line":2523,"column":74}},"847":{"start":{"line":2525,"column":4},"end":{"line":2525,"column":35}},"848":{"start":{"line":2526,"column":4},"end":{"line":2527,"column":44}},"849":{"start":{"line":2527,"column":5},"end":{"line":2527,"column":44}},"850":{"start":{"line":2530,"column":3},"end":{"line":2530,"column":64}},"851":{"start":{"line":2543,"column":1},"end":{"line":2549,"column":3}},"852":{"start":{"line":2544,"column":10},"end":{"line":2544,"column":19}},"853":{"start":{"line":2545,"column":2},"end":{"line":2545,"column":20}},"854":{"start":{"line":2546,"column":2},"end":{"line":2546,"column":58}},"855":{"start":{"line":2546,"column":43},"end":{"line":2546,"column":55}},"856":{"start":{"line":2547,"column":2},"end":{"line":2547,"column":69}},"857":{"start":{"line":2547,"column":39},"end":{"line":2547,"column":54}},"858":{"start":{"line":2548,"column":2},"end":{"line":2548,"column":19}},"859":{"start":{"line":2560,"column":13},"end":{"line":2560,"column":17}},"860":{"start":{"line":2561,"column":2},"end":{"line":2561,"column":20}},"861":{"start":{"line":2562,"column":2},"end":{"line":2563,"column":31}},"862":{"start":{"line":2563,"column":3},"end":{"line":2563,"column":31}},"863":{"start":{"line":2564,"column":10},"end":{"line":2564,"column":12}},"864":{"start":{"line":2565,"column":2},"end":{"line":2566,"column":29}},"865":{"start":{"line":2566,"column":3},"end":{"line":2566,"column":29}},"866":{"start":{"line":2567,"column":2},"end":{"line":2568,"column":37}},"867":{"start":{"line":2568,"column":3},"end":{"line":2568,"column":37}},"868":{"start":{"line":2569,"column":2},"end":{"line":2580,"column":5}},"869":{"start":{"line":2570,"column":11},"end":{"line":2570,"column":42}},"870":{"start":{"line":2571,"column":3},"end":{"line":2571,"column":120}},"871":{"start":{"line":2572,"column":3},"end":{"line":2577,"column":4}},"872":{"start":{"line":2573,"column":4},"end":{"line":2573,"column":74}},"873":{"start":{"line":2575,"column":4},"end":{"line":2576,"column":68}},"874":{"start":{"line":2576,"column":5},"end":{"line":2576,"column":68}},"875":{"start":{"line":2579,"column":3},"end":{"line":2579,"column":64}},"876":{"start":{"line":2592,"column":1},"end":{"line":2598,"column":3}},"877":{"start":{"line":2593,"column":10},"end":{"line":2593,"column":19}},"878":{"start":{"line":2594,"column":2},"end":{"line":2594,"column":20}},"879":{"start":{"line":2595,"column":2},"end":{"line":2595,"column":58}},"880":{"start":{"line":2595,"column":43},"end":{"line":2595,"column":55}},"881":{"start":{"line":2596,"column":2},"end":{"line":2596,"column":72}},"882":{"start":{"line":2596,"column":36},"end":{"line":2596,"column":51}},"883":{"start":{"line":2597,"column":2},"end":{"line":2597,"column":19}},"884":{"start":{"line":2609,"column":13},"end":{"line":2609,"column":17}},"885":{"start":{"line":2610,"column":2},"end":{"line":2610,"column":20}},"886":{"start":{"line":2611,"column":10},"end":{"line":2611,"column":25}},"887":{"start":{"line":2612,"column":2},"end":{"line":2612,"column":29}},"888":{"start":{"line":2612,"column":13},"end":{"line":2612,"column":29}},"889":{"start":{"line":2613,"column":2},"end":{"line":2625,"column":5}},"890":{"start":{"line":2614,"column":11},"end":{"line":2614,"column":42}},"891":{"start":{"line":2615,"column":3},"end":{"line":2615,"column":130}},"892":{"start":{"line":2616,"column":3},"end":{"line":2622,"column":4}},"893":{"start":{"line":2617,"column":4},"end":{"line":2617,"column":74}},"894":{"start":{"line":2619,"column":17},"end":{"line":2619,"column":34}},"895":{"start":{"line":2620,"column":4},"end":{"line":2621,"column":33}},"896":{"start":{"line":2621,"column":5},"end":{"line":2621,"column":33}},"897":{"start":{"line":2624,"column":3},"end":{"line":2624,"column":64}},"898":{"start":{"line":2637,"column":1},"end":{"line":2643,"column":3}},"899":{"start":{"line":2638,"column":10},"end":{"line":2638,"column":19}},"900":{"start":{"line":2639,"column":2},"end":{"line":2639,"column":20}},"901":{"start":{"line":2640,"column":2},"end":{"line":2640,"column":58}},"902":{"start":{"line":2640,"column":43},"end":{"line":2640,"column":55}},"903":{"start":{"line":2641,"column":2},"end":{"line":2641,"column":76}},"904":{"start":{"line":2641,"column":40},"end":{"line":2641,"column":52}},"905":{"start":{"line":2642,"column":2},"end":{"line":2642,"column":19}},"906":{"start":{"line":2653,"column":13},"end":{"line":2653,"column":17}},"907":{"start":{"line":2654,"column":2},"end":{"line":2654,"column":20}},"908":{"start":{"line":2655,"column":10},"end":{"line":2655,"column":25}},"909":{"start":{"line":2656,"column":2},"end":{"line":2668,"column":5}},"910":{"start":{"line":2657,"column":11},"end":{"line":2657,"column":42}},"911":{"start":{"line":2658,"column":3},"end":{"line":2658,"column":130}},"912":{"start":{"line":2659,"column":3},"end":{"line":2665,"column":4}},"913":{"start":{"line":2660,"column":4},"end":{"line":2660,"column":74}},"914":{"start":{"line":2662,"column":17},"end":{"line":2662,"column":34}},"915":{"start":{"line":2663,"column":4},"end":{"line":2664,"column":33}},"916":{"start":{"line":2664,"column":5},"end":{"line":2664,"column":33}},"917":{"start":{"line":2667,"column":3},"end":{"line":2667,"column":64}},"918":{"start":{"line":2679,"column":1},"end":{"line":2685,"column":3}},"919":{"start":{"line":2680,"column":10},"end":{"line":2680,"column":19}},"920":{"start":{"line":2681,"column":2},"end":{"line":2681,"column":20}},"921":{"start":{"line":2682,"column":2},"end":{"line":2682,"column":58}},"922":{"start":{"line":2682,"column":43},"end":{"line":2682,"column":55}},"923":{"start":{"line":2683,"column":2},"end":{"line":2683,"column":79}},"924":{"start":{"line":2683,"column":45},"end":{"line":2683,"column":62}},"925":{"start":{"line":2684,"column":2},"end":{"line":2684,"column":19}},"926":{"start":{"line":2693,"column":1},"end":{"line":2695,"column":3}},"927":{"start":{"line":2694,"column":2},"end":{"line":2694,"column":87}},"928":{"start":{"line":2710,"column":1},"end":{"line":2710,"column":18}},"929":{"start":{"line":2726,"column":1},"end":{"line":2726,"column":20}},"930":{"start":{"line":2732,"column":1},"end":{"line":2732,"column":50}},"931":{"start":{"line":2738,"column":1},"end":{"line":2738,"column":78}},"932":{"start":{"line":2745,"column":1},"end":{"line":2747,"column":3}},"933":{"start":{"line":2746,"column":2},"end":{"line":2746,"column":28}},"934":{"start":{"line":2754,"column":1},"end":{"line":2768,"column":3}},"935":{"start":{"line":2755,"column":10},"end":{"line":2755,"column":12}},"936":{"start":{"line":2756,"column":2},"end":{"line":2756,"column":24}},"937":{"start":{"line":2756,"column":15},"end":{"line":2756,"column":24}},"938":{"start":{"line":2757,"column":10},"end":{"line":2757,"column":11}},"939":{"start":{"line":2758,"column":2},"end":{"line":2766,"column":3}},"940":{"start":{"line":2759,"column":11},"end":{"line":2759,"column":26}},"941":{"start":{"line":2760,"column":3},"end":{"line":2765,"column":4}},"942":{"start":{"line":2761,"column":4},"end":{"line":2762,"column":70}},"943":{"start":{"line":2761,"column":17},"end":{"line":2761,"column":18}},"944":{"start":{"line":2762,"column":5},"end":{"line":2762,"column":70}},"945":{"start":{"line":2764,"column":4},"end":{"line":2764,"column":66}},"946":{"start":{"line":2767,"column":2},"end":{"line":2767,"column":11}},"947":{"start":{"line":2779,"column":13},"end":{"line":2779,"column":17}},"948":{"start":{"line":2780,"column":2},"end":{"line":2780,"column":20}},"949":{"start":{"line":2781,"column":10},"end":{"line":2781,"column":12}},"950":{"start":{"line":2782,"column":2},"end":{"line":2783,"column":37}},"951":{"start":{"line":2783,"column":3},"end":{"line":2783,"column":37}},"952":{"start":{"line":2784,"column":10},"end":{"line":2784,"column":61}},"953":{"start":{"line":2785,"column":10},"end":{"line":2785,"column":12}},"954":{"start":{"line":2786,"column":2},"end":{"line":2787,"column":40}},"955":{"start":{"line":2787,"column":3},"end":{"line":2787,"column":40}},"956":{"start":{"line":2788,"column":10},"end":{"line":2788,"column":45}},"957":{"start":{"line":2789,"column":2},"end":{"line":2798,"column":3}},"958":{"start":{"line":2790,"column":3},"end":{"line":2790,"column":91}},"959":{"start":{"line":2791,"column":3},"end":{"line":2791,"column":39}},"960":{"start":{"line":2793,"column":3},"end":{"line":2793,"column":41}},"961":{"start":{"line":2794,"column":3},"end":{"line":2797,"column":4}},"962":{"start":{"line":2795,"column":4},"end":{"line":2795,"column":90}},"963":{"start":{"line":2796,"column":4},"end":{"line":2796,"column":24}},"964":{"start":{"line":2799,"column":2},"end":{"line":2815,"column":5}},"965":{"start":{"line":2808,"column":3},"end":{"line":2809,"column":59}},"966":{"start":{"line":2809,"column":4},"end":{"line":2809,"column":59}},"967":{"start":{"line":2811,"column":3},"end":{"line":2814,"column":14}},"968":{"start":{"line":2812,"column":4},"end":{"line":2812,"column":31}},"969":{"start":{"line":2814,"column":4},"end":{"line":2814,"column":14}},"970":{"start":{"line":2829,"column":1},"end":{"line":2835,"column":3}},"971":{"start":{"line":2830,"column":10},"end":{"line":2830,"column":19}},"972":{"start":{"line":2831,"column":2},"end":{"line":2831,"column":20}},"973":{"start":{"line":2832,"column":2},"end":{"line":2832,"column":58}},"974":{"start":{"line":2832,"column":43},"end":{"line":2832,"column":55}},"975":{"start":{"line":2833,"column":2},"end":{"line":2833,"column":78}},"976":{"start":{"line":2833,"column":37},"end":{"line":2833,"column":54}},"977":{"start":{"line":2834,"column":2},"end":{"line":2834,"column":19}},"978":{"start":{"line":2838,"column":0},"end":{"line":2845,"column":2}}},"fnMap":{"0":{"name":"session","decl":{"start":{"line":363,"column":9},"end":{"line":363,"column":16}},"loc":{"start":{"line":363,"column":25},"end":{"line":365,"column":1}},"line":363},"1":{"name":"Session","decl":{"start":{"line":387,"column":9},"end":{"line":387,"column":16}},"loc":{"start":{"line":387,"column":25},"end":{"line":1181,"column":1}},"line":387},"2":{"name":"(anonymous_2)","decl":{"start":{"line":407,"column":33},"end":{"line":407,"column":34}},"loc":{"start":{"line":407,"column":47},"end":{"line":409,"column":2}},"line":407},"3":{"name":"(anonymous_3)","decl":{"start":{"line":416,"column":34},"end":{"line":416,"column":35}},"loc":{"start":{"line":416,"column":48},"end":{"line":418,"column":2}},"line":416},"4":{"name":"(anonymous_4)","decl":{"start":{"line":425,"column":38},"end":{"line":425,"column":39}},"loc":{"start":{"line":425,"column":52},"end":{"line":427,"column":2}},"line":425},"5":{"name":"(anonymous_5)","decl":{"start":{"line":434,"column":37},"end":{"line":434,"column":38}},"loc":{"start":{"line":434,"column":51},"end":{"line":436,"column":2}},"line":434},"6":{"name":"(anonymous_6)","decl":{"start":{"line":445,"column":37},"end":{"line":445,"column":38}},"loc":{"start":{"line":445,"column":51},"end":{"line":448,"column":2}},"line":445},"7":{"name":"(anonymous_7)","decl":{"start":{"line":529,"column":20},"end":{"line":529,"column":21}},"loc":{"start":{"line":529,"column":34},"end":{"line":531,"column":2}},"line":529},"8":{"name":"(anonymous_8)","decl":{"start":{"line":544,"column":20},"end":{"line":544,"column":21}},"loc":{"start":{"line":544,"column":34},"end":{"line":546,"column":2}},"line":544},"9":{"name":"(anonymous_9)","decl":{"start":{"line":559,"column":21},"end":{"line":559,"column":22}},"loc":{"start":{"line":559,"column":35},"end":{"line":561,"column":2}},"line":559},"10":{"name":"(anonymous_10)","decl":{"start":{"line":577,"column":34},"end":{"line":577,"column":35}},"loc":{"start":{"line":577,"column":59},"end":{"line":579,"column":2}},"line":577},"11":{"name":"(anonymous_11)","decl":{"start":{"line":585,"column":14},"end":{"line":585,"column":15}},"loc":{"start":{"line":585,"column":25},"end":{"line":599,"column":2}},"line":585},"12":{"name":"(anonymous_12)","decl":{"start":{"line":605,"column":27},"end":{"line":605,"column":28}},"loc":{"start":{"line":605,"column":38},"end":{"line":609,"column":2}},"line":605},"13":{"name":"(anonymous_13)","decl":{"start":{"line":615,"column":29},"end":{"line":615,"column":30}},"loc":{"start":{"line":615,"column":40},"end":{"line":619,"column":2}},"line":615},"14":{"name":"(anonymous_14)","decl":{"start":{"line":629,"column":12},"end":{"line":629,"column":13}},"loc":{"start":{"line":629,"column":57},"end":{"line":665,"column":2}},"line":629},"15":{"name":"(anonymous_15)","decl":{"start":{"line":654,"column":10},"end":{"line":654,"column":11}},"loc":{"start":{"line":654,"column":25},"end":{"line":657,"column":3}},"line":654},"16":{"name":"(anonymous_16)","decl":{"start":{"line":657,"column":11},"end":{"line":657,"column":12}},"loc":{"start":{"line":657,"column":25},"end":{"line":664,"column":3}},"line":657},"17":{"name":"(anonymous_17)","decl":{"start":{"line":674,"column":17},"end":{"line":674,"column":18}},"loc":{"start":{"line":674,"column":39},"end":{"line":681,"column":2}},"line":674},"18":{"name":"(anonymous_18)","decl":{"start":{"line":689,"column":14},"end":{"line":689,"column":15}},"loc":{"start":{"line":689,"column":36},"end":{"line":697,"column":2}},"line":689},"19":{"name":"_getHealth","decl":{"start":{"line":705,"column":10},"end":{"line":705,"column":20}},"loc":{"start":{"line":705,"column":37},"end":{"line":720,"column":2}},"line":705},"20":{"name":"(anonymous_20)","decl":{"start":{"line":708,"column":86},"end":{"line":708,"column":87}},"loc":{"start":{"line":708,"column":108},"end":{"line":717,"column":3}},"line":708},"21":{"name":"(anonymous_21)","decl":{"start":{"line":717,"column":5},"end":{"line":717,"column":6}},"loc":{"start":{"line":717,"column":17},"end":{"line":719,"column":3}},"line":717},"22":{"name":"(anonymous_22)","decl":{"start":{"line":730,"column":18},"end":{"line":730,"column":19}},"loc":{"start":{"line":730,"column":33},"end":{"line":736,"column":2}},"line":730},"23":{"name":"(anonymous_23)","decl":{"start":{"line":733,"column":15},"end":{"line":733,"column":16}},"loc":{"start":{"line":733,"column":27},"end":{"line":733,"column":73}},"line":733},"24":{"name":"(anonymous_24)","decl":{"start":{"line":734,"column":24},"end":{"line":734,"column":25}},"loc":{"start":{"line":734,"column":41},"end":{"line":734,"column":63}},"line":734},"25":{"name":"_login","decl":{"start":{"line":744,"column":10},"end":{"line":744,"column":16}},"loc":{"start":{"line":744,"column":33},"end":{"line":781,"column":2}},"line":744},"26":{"name":"(anonymous_26)","decl":{"start":{"line":753,"column":78},"end":{"line":753,"column":79}},"loc":{"start":{"line":753,"column":100},"end":{"line":778,"column":3}},"line":753},"27":{"name":"(anonymous_27)","decl":{"start":{"line":778,"column":5},"end":{"line":778,"column":6}},"loc":{"start":{"line":778,"column":17},"end":{"line":780,"column":3}},"line":778},"28":{"name":"(anonymous_28)","decl":{"start":{"line":792,"column":14},"end":{"line":792,"column":15}},"loc":{"start":{"line":792,"column":29},"end":{"line":798,"column":2}},"line":792},"29":{"name":"(anonymous_29)","decl":{"start":{"line":795,"column":29},"end":{"line":795,"column":30}},"loc":{"start":{"line":795,"column":41},"end":{"line":795,"column":57}},"line":795},"30":{"name":"(anonymous_30)","decl":{"start":{"line":796,"column":20},"end":{"line":796,"column":21}},"loc":{"start":{"line":796,"column":34},"end":{"line":796,"column":53}},"line":796},"31":{"name":"_logout","decl":{"start":{"line":806,"column":10},"end":{"line":806,"column":17}},"loc":{"start":{"line":806,"column":34},"end":{"line":824,"column":2}},"line":806},"32":{"name":"(anonymous_32)","decl":{"start":{"line":809,"column":77},"end":{"line":809,"column":78}},"loc":{"start":{"line":809,"column":99},"end":{"line":819,"column":3}},"line":809},"33":{"name":"(anonymous_33)","decl":{"start":{"line":819,"column":5},"end":{"line":819,"column":6}},"loc":{"start":{"line":819,"column":17},"end":{"line":823,"column":3}},"line":819},"34":{"name":"(anonymous_34)","decl":{"start":{"line":834,"column":15},"end":{"line":834,"column":16}},"loc":{"start":{"line":834,"column":30},"end":{"line":840,"column":2}},"line":834},"35":{"name":"(anonymous_35)","decl":{"start":{"line":837,"column":29},"end":{"line":837,"column":30}},"loc":{"start":{"line":837,"column":41},"end":{"line":837,"column":57}},"line":837},"36":{"name":"(anonymous_36)","decl":{"start":{"line":838,"column":21},"end":{"line":838,"column":22}},"loc":{"start":{"line":838,"column":35},"end":{"line":838,"column":54}},"line":838},"37":{"name":"_getGrant","decl":{"start":{"line":854,"column":10},"end":{"line":854,"column":19}},"loc":{"start":{"line":854,"column":36},"end":{"line":875,"column":2}},"line":854},"38":{"name":"(anonymous_38)","decl":{"start":{"line":862,"column":83},"end":{"line":862,"column":84}},"loc":{"start":{"line":862,"column":105},"end":{"line":872,"column":3}},"line":862},"39":{"name":"(anonymous_39)","decl":{"start":{"line":872,"column":5},"end":{"line":872,"column":6}},"loc":{"start":{"line":872,"column":17},"end":{"line":874,"column":3}},"line":872},"40":{"name":"(anonymous_40)","decl":{"start":{"line":886,"column":17},"end":{"line":886,"column":18}},"loc":{"start":{"line":886,"column":32},"end":{"line":892,"column":2}},"line":886},"41":{"name":"(anonymous_41)","decl":{"start":{"line":889,"column":29},"end":{"line":889,"column":30}},"loc":{"start":{"line":889,"column":41},"end":{"line":889,"column":57}},"line":889},"42":{"name":"(anonymous_42)","decl":{"start":{"line":890,"column":23},"end":{"line":890,"column":24}},"loc":{"start":{"line":890,"column":37},"end":{"line":890,"column":56}},"line":890},"43":{"name":"_changePassword","decl":{"start":{"line":901,"column":10},"end":{"line":901,"column":25}},"loc":{"start":{"line":901,"column":47},"end":{"line":916,"column":2}},"line":901},"44":{"name":"(anonymous_44)","decl":{"start":{"line":904,"column":118},"end":{"line":904,"column":119}},"loc":{"start":{"line":904,"column":140},"end":{"line":913,"column":3}},"line":904},"45":{"name":"(anonymous_45)","decl":{"start":{"line":913,"column":5},"end":{"line":913,"column":6}},"loc":{"start":{"line":913,"column":17},"end":{"line":915,"column":3}},"line":913},"46":{"name":"(anonymous_46)","decl":{"start":{"line":926,"column":23},"end":{"line":926,"column":24}},"loc":{"start":{"line":926,"column":43},"end":{"line":932,"column":2}},"line":926},"47":{"name":"(anonymous_47)","decl":{"start":{"line":929,"column":29},"end":{"line":929,"column":30}},"loc":{"start":{"line":929,"column":41},"end":{"line":929,"column":57}},"line":929},"48":{"name":"(anonymous_48)","decl":{"start":{"line":930,"column":29},"end":{"line":9
[...]
line":2654},"363":{"loc":{"start":{"line":2659,"column":3},"end":{"line":2665,"column":4}},"type":"if","locations":[{"start":{"line":2659,"column":3},"end":{"line":2665,"column":4}},{"start":{"line":2659,"column":3},"end":{"line":2665,"column":4}}],"line":2659},"364":{"loc":{"start":{"line":2660,"column":5},"end":{"line":2660,"column":49}},"type":"cond-expr","locations":[{"start":{"line":2660,"column":18},"end":{"line":2660,"column":28}},{"start":{"line":2660,"column":31},"end":{"line":2660,"column":49}}],"line":2660},"365":{"loc":{"start":{"line":2663,"column":4},"end":{"line":2664,"column":33}},"type":"if","locations":[{"start":{"line":2663,"column":4},"end":{"line":2664,"column":33}},{"start":{"line":2663,"column":4},"end":{"line":2664,"column":33}}],"line":2663},"366":{"loc":{"start":{"line":2667,"column":4},"end":{"line":2667,"column":48}},"type":"cond-expr","locations":[{"start":{"line":2667,"column":17},"end":{"line":2667,"column":27}},{"start":{"line":2667,"column":30},"end":{"line":2667,"column":48}}],"line":2667},"367":{"loc":{"start":{"line":2681,"column":9},"end":{"line":2681,"column":19}},"type":"binary-expr","locations":[{"start":{"line":2681,"column":9},"end":{"line":2681,"column":13}},{"start":{"line":2681,"column":17},"end":{"line":2681,"column":19}}],"line":2681},"368":{"loc":{"start":{"line":2682,"column":15},"end":{"line":2682,"column":57}},"type":"binary-expr","locations":[{"start":{"line":2682,"column":15},"end":{"line":2682,"column":25}},{"start":{"line":2682,"column":29},"end":{"line":2682,"column":57}}],"line":2682},"369":{"loc":{"start":{"line":2756,"column":2},"end":{"line":2756,"column":24}},"type":"if","locations":[{"start":{"line":2756,"column":2},"end":{"line":2756,"column":24}},{"start":{"line":2756,"column":2},"end":{"line":2756,"column":24}}],"line":2756},"370":{"loc":{"start":{"line":2759,"column":11},"end":{"line":2759,"column":26}},"type":"binary-expr","locations":[{"start":{"line":2759,"column":11},"end":{"line":2759,"column":20}},{"start":{"line":2759,"column":24},"end":{"line":2759,"column":26}}],"line":2759},"371":{"loc":{"start":{"line":2760,"column":3},"end":{"line":2765,"column":4}},"type":"if","locations":[{"start":{"line":2760,"column":3},"end":{"line":2765,"column":4}},{"start":{"line":2760,"column":3},"end":{"line":2765,"column":4}}],"line":2760},"372":{"loc":{"start":{"line":2762,"column":11},"end":{"line":2762,"column":31}},"type":"cond-expr","locations":[{"start":{"line":2762,"column":23},"end":{"line":2762,"column":26}},{"start":{"line":2762,"column":29},"end":{"line":2762,"column":31}}],"line":2762},"373":{"loc":{"start":{"line":2764,"column":10},"end":{"line":2764,"column":30}},"type":"cond-expr","locations":[{"start":{"line":2764,"column":22},"end":{"line":2764,"column":25}},{"start":{"line":2764,"column":28},"end":{"line":2764,"column":30}}],"line":2764},"374":{"loc":{"start":{"line":2780,"column":9},"end":{"line":2780,"column":19}},"type":"binary-expr","locations":[{"start":{"line":2780,"column":9},"end":{"line":2780,"column":13}},{"start":{"line":2780,"column":17},"end":{"line":2780,"column":19}}],"line":2780},"375":{"loc":{"start":{"line":2782,"column":2},"end":{"line":2783,"column":37}},"type":"if","locations":[{"start":{"line":2782,"column":2},"end":{"line":2783,"column":37}},{"start":{"line":2782,"column":2},"end":{"line":2783,"column":37}}],"line":2782},"376":{"loc":{"start":{"line":2784,"column":10},"end":{"line":2784,"column":61}},"type":"cond-expr","locations":[{"start":{"line":2784,"column":24},"end":{"line":2784,"column":35}},{"start":{"line":2784,"column":39},"end":{"line":2784,"column":60}}],"line":2784},"377":{"loc":{"start":{"line":2784,"column":39},"end":{"line":2784,"column":60}},"type":"cond-expr","locations":[{"start":{"line":2784,"column":46},"end":{"line":2784,"column":52}},{"start":{"line":2784,"column":55},"end":{"line":2784,"column":60}}],"line":2784},"378":{"loc":{"start":{"line":2786,"column":2},"end":{"line":2787,"column":40}},"type":"if","locations":[{"start":{"line":2786,"column":2},"end":{"line":2787,"column":40}},{"start":{"line":2786,"column":2},"end":{"line":2787,"column":40}}],"line":2786},"379":{"loc":{"start":{"line":2789,"column":2},"end":{"line":2798,"column":3}},"type":"if","locations":[{"start":{"line":2789,"column":2},"end":{"line":2798,"column":3}},{"start":{"line":2789,"column":2},"end":{"line":2798,"column":3}}],"line":2789},"380":{"loc":{"start":{"line":2794,"column":3},"end":{"line":2797,"column":4}},"type":"if","locations":[{"start":{"line":2794,"column":3},"end":{"line":2797,"column":4}},{"start":{"line":2794,"column":3},"end":{"line":2797,"column":4}}],"line":2794},"381":{"loc":{"start":{"line":2808,"column":3},"end":{"line":2809,"column":59}},"type":"if","locations":[{"start":{"line":2808,"column":3},"end":{"line":2809,"column":59}},{"start":{"line":2808,"column":3},"end":{"line":2809,"column":59}}],"line":2808},"382":{"loc":{"start":{"line":2811,"column":3},"end":{"line":2814,"column":14}},"type":"if","locations":[{"start":{"line":2811,"column":3},"end":{"line":2814,"column":14}},{"start":{"line":2811,"column":3},"end":{"line":2814,"column":14}}],"line":2811},"383":{"loc":{"start":{"line":2831,"column":9},"end":{"line":2831,"column":19}},"type":"binary-expr","locations":[{"start":{"line":2831,"column":9},"end":{"line":2831,"column":13}},{"start":{"line":2831,"column":17},"end":{"line":2831,"column":19}}],"line":2831},"384":{"loc":{"start":{"line":2832,"column":15},"end":{"line":2832,"column":57}},"type":"binary-expr","locations":[{"start":{"line":2832,"column":15},"end":{"line":2832,"column":25}},{"start":{"line":2832,"column":29},"end":{"line":2832,"column":57}}],"line":2832}},"s":{"0":1,"1":1,"2":1,"3":1,"4":1,"5":1,"6":1,"7":1,"8":1,"9":0,"10":1,"11":0,"12":1,"13":0,"14":1,"15":0,"16":1,"17":1,"18":48,"19":0,"20":1,"21":1,"22":1,"23":1,"24":1,"25":1,"26":0,"27":0,"28":0,"29":1,"30":1,"31":1,"32":0,"33":1,"34":1,"35":0,"36":0,"37":0,"38":1,"39":1,"40":0,"41":0,"42":1,"43":1,"44":1,"45":1,"46":0,"47":1,"48":1,"49":0,"50":1,"51":0,"52":1,"53":1,"54":1,"55":1,"56":1,"57":0,"58":1,"59":1,"60":0,"61":1,"62":1,"63":0,"64":1,"65":1,"66":4,"67":1,"68":2,"69":2,"70":2,"71":2,"72":2,"73":2,"74":2,"75":2,"76":2,"77":2,"78":1,"79":1,"80":1,"81":22,"82":1,"83":22,"84":22,"85":22,"86":22,"87":6,"88":22,"89":22,"90":21,"91":21,"92":1,"93":1,"94":1,"95":1,"96":22,"97":22,"98":22,"99":0,"100":0,"101":0,"102":0,"103":0,"104":1,"105":0,"106":0,"107":0,"108":0,"109":0,"110":1,"111":22,"112":22,"113":0,"114":22,"115":0,"116":0,"117":0,"118":0,"119":0,"120":0,"121":0,"122":0,"123":0,"124":0,"125":0,"126":1,"127":0,"128":0,"129":0,"130":0,"131":0,"132":0,"133":0,"134":0,"135":1,"136":1,"137":1,"138":1,"139":1,"140":1,"141":1,"142":1,"143":1,"144":1,"145":1,"146":0,"147":1,"148":1,"149":1,"150":1,"151":1,"152":1,"153":1,"154":1,"155":1,"156":1,"157":1,"158":0,"159":1,"160":1,"161":1,"162":1,"163":0,"164":1,"165":1,"166":1,"167":1,"168":1,"169":1,"170":1,"171":1,"172":1,"173":0,"174":1,"175":1,"176":1,"177":0,"178":0,"179":0,"180":1,"181":1,"182":1,"183":1,"184":0,"185":1,"186":1,"187":1,"188":1,"189":1,"190":1,"191":1,"192":1,"193":1,"194":1,"195":0,"196":1,"197":1,"198":1,"199":1,"200":0,"201":1,"202":1,"203":1,"204":0,"205":1,"206":1,"207":1,"208":1,"209":0,"210":1,"211":1,"212":1,"213":0,"214":0,"215":0,"216":0,"217":0,"218":0,"219":0,"220":0,"221":0,"222":0,"223":1,"224":0,"225":0,"226":0,"227":0,"228":0,"229":0,"230":0,"231":1,"232":1,"233":1,"234":1,"235":1,"236":1,"237":0,"238":1,"239":1,"240":1,"241":0,"242":1,"243":1,"244":1,"245":1,"246":0,"247":1,"248":1,"249":1,"250":1,"251":1,"252":1,"253":1,"254":1,"255":1,"256":0,"257":1,"258":1,"259":1,"260":0,"261":1,"262":1,"263":1,"264":1,"265":0,"266":1,"267":1,"268":1,"269":1,"270":1,"271":1,"272":1,"273":1,"274":1,"275":0,"276":1,"277":1,"278":1,"279":0,"280":1,"281":1,"282":1,"283":1,"284":0,"285":1,"286":1,"287":1,"288":0,"289":0,"290":0,"291":0,"292":0,"293":0,"294":0,"295":0,"296":0,"297":0,"298":0,"299":0,"300":0,"301":0,"302":1,"303":0,"304":0,"305":0,"306":0,"307":0,"308":0,"309":0,"310":0,"311":0,"312":0,"313":0,"314":0,"315":0,"316":0,"317":0,"318":0,"319":0,"320":0,"321":0,"322":0,"323":0,"324":0,"325":1,"326":0,"327":0,"328":0,"329":0,"330":0,"331":0,"332":0,"333":1,"334":2,"335":2,"336":2,"337":2,"338":2,"339":2,"340":1,"341":0,"342":1,"343":0,"344":2,"345":2,"346":2,"347":3,"348":2,"349":2,"350":0,"351":2,"352":0,"353":2,"354":0,"355":2,"356":2,"357":0,"358":2,"359":2,"360":0,"361":0,"362":2,"363":1,"364":2,"365":0,"366":1,"367":0,"368":1,"369":0,"370":1,"371":1,"372":0,"373":1,"374":1,"375":0,"376":1,"377":1,"378":0,"379":1,"380":1,"381":1,"382":1,"383":0,"384":0,"385":1,"386":0,"387":1,"388":0,"389":1,"390":0,"391":1,"392":0,"393":1,"394":0,"395":1,"396":0,"397":0,"398":1,"399":0,"400":2,"401":2,"402":2,"403":2,"404":2,"405":2,"406":2,"407":2,"408":2,"409":2,"410":2,"411":2,"412":2,"413":2,"414":1,"415":1,"416":1,"417":1,"418":0,"419":1,"420":0,"421":1,"422":1,"423":1,"424":1,"425":0,"426":1,"427":1,"428":1,"429":0,"430":2,"431":1,"432":1,"433":1,"434":1,"435":2,"436":1,"437":2,"438":0,"439":2,"440":0,"441":2,"442":0,"443":2,"444":0,"445":2,"446":0,"447":0,"448":0,"449":0,"450":0,"451":0,"452":2,"453":1,"454":2,"455":0,"456":2,"457":0,"458":2,"459":0,"460":0,"461":0,"462":0,"463":2,"464":0,"465":0,"466":0,"467":0,"468":2,"469":0,"470":0,"471":0,"472":0,"473":2,"474":0,"475":0,"476":0,"477":0,"478":2,"479":0,"480":0,"481":0,"482":0,"483":0,"484":2,"485":0,"486":0,"487":0,"488":0,"489":0,"490":2,"491":0,"492":0,"493":0,"494":0,"495":0,"496":0,"497":0,"498":2,"499":0,"500":0,"501":0,"502":0,"503":0,"504":0,"505":0,"506":2,"507":0,"508":0,"509":0,"510":0,"511":2,"512":0,"513":2,"514":0,"515":0,"516":1,"517":1,"518":1,"519":1,"520":0,"521":1,"522":0,"523":1,"524":1,"525":1,"526":1,"527":0,"528":1,"529":1,"530":1,"531":0,"532":2,"533":1,"534":1,"535":1,"536":0,"537":1,"538":1,"539":1,"540":10,"541":10,"542":3,"543":10,"544":10,"545":0,"546":10,"547":10,"548":1,"549":10,"550":10,"551":0,"552":10,"553":7,"554":7,"555":1,"556":6,"557":6,"558":39,"559":39,"560":0,"561":0,"562":0,"563":39,"564":0,"565":39,"566":0,"567":0,"568":0,"569":39,"570":6,"571":1,"572":1,"573":1,"574":1,"575":1,"576":1,"577":1,"578":0,"579":1,"580":1,"581":1,"582":1,"583":1,"584":1,"585":0,"586":2,"587":1,"588":1,"589":1,"590":0,"591":1,"592":1,"593":1,"594":2,"595":2,"596":2,"597":2,"598":2,"599":0,"600":2,"601":0,"602":2,"603":0,"604":2,"605":2,"606":2,"607":2,"608":2,"609":0,"610":2,"611":0,"612":2,"613":2,"614":2,"615":2,"616":2,"617":2,"618":0,"619":2,"620":2,"621":2,"622":2,"623":0,"624":2,"625":2,"626":2,"627":5,"628":5,"629":5,"630":5,"631":5,"632":1,"633":5,"634":0,"635":0,"636":0,"637":5,"638":0,"639":5,"640":0,"641":5,"642":5,"643":5,"644":5,"645":0,"646":5,"647":0,"648":5,"649":0,"650":5,"651":5,"652":5,"653":0,"654":2,"655":2,"656":2,"657":2,"658":0,"659":2,"660":2,"661":2,"662":1,"663":1,"664":1,"665":1,"666":1,"667":2,"668":1,"669":1,"670":1,"671":0,"672":1,"673":1,"674":1,"675":1,"676":1,"677":1,"678":1,"679":1,"680":2,"681":1,"682":1,"683":1,"684":0,"685":1,"686":1,"687":1,"688":0,"689":0,"690":0,"691":0,"692":0,"693":2,"694":0,"695":0,"696":0,"697":0,"698":0,"699":0,"700":0,"701":1,"702":1,"703":1,"704":1,"705":1,"706":2,"707":1,"708":1,"709":1,"710":0,"711":1,"712":1,"713":1,"714":2,"715":0,"716":0,"717":0,"718":0,"719":0,"720":0,"721":0,"722":0,"723":0,"724":0,"725":0,"726":0,"727":0,"728":0,"729":0,"730":2,"731":0,"732":0,"733":0,"734":0,"735":0,"736":0,"737":0,"738":1,"739":1,"740":1,"741":1,"742":0,"743":1,"744":2,"745":1,"746":1,"747":1,"748":0,"749":1,"750":1,"751":1,"752":1,"753":1,"754":1,"755":1,"756":1,"757":1,"758":1,"759":1,"760":1,"761":0,"762":1,"763":1,"764":1,"765":0,"766":2,"767":1,"768":1,"769":1,"770":1,"771":0,"772":1,"773":1,"774":1,"775":2,"776":2,"777":2,"778":2,"779":2,"780":2,"781":2,"782":2,"783":2,"784":0,"785":2,"786":2,"787":2,"788":0,"789":2,"790":1,"791":1,"792":1,"793":0,"794":1,"795":1,"796":1,"797":1,"798":1,"799":1,"800":1,"801":1,"802":1,"803":1,"804":1,"805":0,"806":1,"807":1,"808":1,"809":1,"810":0,"811":2,"812":1,"813":1,"814":1,"815":0,"816":1,"817":1,"818":1,"819":1,"820":1,"821":1,"822":1,"823":1,"824":1,"825":0,"826":1,"827":1,"828":1,"829":0,"830":2,"831":1,"832":1,"833":1,"834":0,"835":1,"836":1,"837":1,"838":0,"839":0,"840":0,"841":0,"842":0,"843":0,"844":0,"845":0,"846":0,"847":0,"848":0,"849":0,"850":0,"851":2,"852":0,"853":0,"854":0,"855":0,"856":0,"857":0,"858":0,"859":1,"860":1,"861":1,"862":0,"863":1,"864":1,"865":0,"866":1,"867":0,"868":1,"869":1,"870":1,"871":1,"872":0,"873":1,"874":1,"875":0,"876":2,"877":1,"878":1,"879":1,"880":0,"881":1,"882":1,"883":1,"884":0,"885":0,"886":0,"887":0,"888":0,"889":0,"890":0,"891":0,"892":0,"893":0,"894":0,"895":0,"896":0,"897":0,"898":2,"899":0,"900":0,"901":0,"902":0,"903":0,"904":0,"905":0,"906":0,"907":0,"908":0,"909":0,"910":0,"911":0,"912":0,"913":0,"914":0,"915":0,"916":0,"917":0,"918":2,"919":0,"920":0,"921":0,"922":0,"923":0,"924":0,"925":0,"926":2,"927":0,"928":0,"929":0,"930":0,"931":0,"932":0,"933":0,"934":0,"935":0,"936":0,"937":0,"938":0,"939":0,"940":0,"941":0,"942":0,"943":0,"944":0,"945":0,"946":0,"947":0,"948":0,"949":0,"950":0,"951":0,"952":0,"953":0,"954":0,"955":0,"956":0,"957":0,"958":0,"959":0,"960":0,"961":0,"962":0,"963":0,"964":0,"965":0,"966":0,"967":0,"968":0,"969":0,"970":0,"971":0,"972":0,"973":0,"974":0,"975":0,"976":0,"977":0,"978":1},"f":{"0":1,"1":1,"2":0,"3":0,"4":0,"5":0,"6":48,"7":0,"8":0,"9":0,"10":4,"11":2,"12":1,"13":22,"14":22,"15":22,"16":0,"17":0,"18":22,"19":0,"20":0,"21":0,"22":0,"23":0,"24":0,"25":1,"26":1,"27":0,"28":1,"29":0,"30":1,"31":1,"32":1,"33":0,"34":1,"35":0,"36":1,"37":1,"38":1,"39":0,"40":1,"41":0,"42":1,"43":0,"44":0,"45":0,"46":0,"47":0,"48":0,"49":1,"50":1,"51":0,"52":1,"53":0,"54":1,"55":1,"56":1,"57":0,"58":1,"59":0,"60":1,"61":1,"62":1,"63":0,"64":1,"65":0,"66":1,"67":0,"68":0,"69":0,"70":0,"71":0,"72":0,"73":0,"74":0,"75":0,"76":0,"77":0,"78":0,"79":2,"80":0,"81":0,"82":2,"83":2,"84":3,"85":0,"86":0,"87":0,"88":0,"89":0,"90":1,"91":0,"92":1,"93":0,"94":0,"95":0,"96":0,"97":0,"98":1,"99":0,"100":0,"101":0,"102":0,"103":0,"104":0,"105":0,"106":0,"107":0,"108":2,"109":2,"110":1,"111":1,"112":0,"113":1,"114":1,"115":1,"116":0,"117":0,"118":0,"119":0,"120":0,"121":1,"122":0,"123":0,"124":0,"125":0,"126":0,"127":0,"128":0,"129":0,"130":0,"131":0,"132":0,"133":0,"134":0,"135":1,"136":1,"137":0,"138":1,"139":0,"140":1,"141":10,"142":7,"143":1,"144":1,"145":0,"146":1,"147":0,"148":1,"149":2,"150":2,"151":0,"152":2,"153":0,"154":2,"155":5,"156":5,"157":0,"158":2,"159":0,"160":2,"161":1,"162":1,"163":0,"164":1,"165":1,"166":1,"167":0,"168":1,"169":0,"170":0,"171":0,"172":0,"173":1,"174":1,"175":0,"176":1,"177":0,"178":0,"179":0,"180":0,"181":0,"182":0,"183":0,"184":1,"185":1,"186":0,"187":1,"188":1,"189":1,"190":0,"191":1,"192":0,"193":1,"194":2,"195":2,"196":0,"197":1,"198":0,"199":1,"200":1,"201":1,"202":0,"203":1,"204":0,"205":1,"206":1,"207":1,"208":0,"209":1,"210":0,"211":1,"212":0,"213":0,"214":0,"215":0,"216":0,"217":0,"218":1,"219":1,"220":0,"221":1,"222":0,"223":1,"224":0,"225":0,"226":0,"227":0,"228":0,"229":0,"230":0,"231":0,"232":0,"233":0,"234":0,"235":0,"236":0,"237":0,"238":0,"239":0,"240":0,"241":0,"242":0,"243":0,"244":0,"245":0,"246":0},"b":{"0":[1,0],"1":[1,1],"2":[1,1],"3":[1,1],"4":[1,1],"5":[1,1],"6":[1,1],"7":[0,48],"8":[1,1],"9":[1,0],"10":[0,1],"11":[0,0],"12":[0,1],"13":[0,1],"14":[1,0],"15":[0,0],"16":[0,1],"17":[1,1],"18":[1,0],"19":[1,0],"20":[1,1],"21":[0,1],"22":[0,1],"23":[1,0,1,1],"24":[0,1],"25":[0,0],"26":[0,1],"27":[0,1],"28":[1,1],"29":[1,1],"30":[1,1,1],"31":[4,2],"32":[1,0],"33":[1,1],"34":[21,1],"35":[6,16],"36":[6,16],"37":[21,1],"38":[1,0],"39":[22,0],"40":[22,0],"41":[0,0],"42":[0,0],"43":[0,0],"44":[0,0],"45":[0,0],"46":[0,0],"47":[0,0],"48":[0,0],"49":[0,0],"50":[0,0],"51":[0,22],"52":[22,0],"53":[0,0],"54":[0,0],"55":[0,0],"56":[0,0],"57":[0,0],"58":[0,0],"59":[1,0],"60":[1,0],"61":[1,0],"62":[1,0],"63":[1,0],"64":[1,0],"65":[1,0],"66":[0,1],"67":[0,0],"68":[1,0],"69":[1,0],"70":[1,0],"71":[0,0],"72":[1,0],"73":[1,1],"74":[1,0],"75":[0,1],"76":[0,0],"77":[1,0],"78":[0,0],"79":[0,0],"80":[1,1],"81":[1,1],"82":[1,0],"83":[1,0],"84":[1,0],"85":[1,0],"86":[0,1],"87":[1,1],"88":[0,0],"89":[0,1],"90":[0,0],"91":[1,0],"92":[0,0],"93":[1,0],"94":[1,1],"95":[0,0],"96":[0,0],"97":[0,0],"98":[0,0],"99":[0,0],"100":[0,0],"101":[0,0],"102":[1,0],"103":[0,1],"104":[0,0],"105":[1,0],"106":[0,0],"107":[1,1],"108":[1,1],"109":[1,0],"110":[0,1],"111":[0,0],"112":[1,0],"113":[0,0],"114":[1,1],"115":[1,1],"116":[1,0],"117":[0,1],"118":[0,0],"119":[1,0],"120":[0,0],"121":[1,1],"122":[1,1],"123":[0,0],"124":[0,0],"125":[0,0],"126":[0,0],"127":[0,0],"128":[0,0],"129":[0,0],"130":[0,0],"131":[0,0],"132":[0,0],"133":[0,0],"134":[0,0],"135":[0,0],"136":[0,0],"137":[0,0],"138":[0,0],"139":[0,0],"140":[0,0],"141":[0,0],"142":[2,0],"143":[0,0],"144":[0,0],"145":[0,0],"146":[0,0],"147":[0,0],"148":[1,1],"149":[0,0],"150":[0,0],"151":[0,0],"152":[0,0],"153":[0,0],"154":[0,0],"155":[0,0],"156":[0,0],"157":[2,2],"158":[1,1],"159":[0,1],"160":[0,1],"161":[0,1],"162":[0,0],"163":[1,0],"164":[0,0],"165":[0,0],"166":[0,0],"167":[0,0],"168":[0,0],"169":[0,0],"170":[0,0],"171":[0,0],"172":[0,0],"173":[0,0],"174":[0,0],"175":[0,0],"176":[0,0],"177":[0,0],"178":[0,0],"179":[0,0],"180":[0,0],"181":[0,0],"182":[0,0],"183":[0,0],"184":[0,0,0],"185":[0,0],"186":[0,0],"187":[0,0],"188":[0,0,0],"189":[0,0],"190":[0,0],"191":[0,0],"192":[0,0],"193":[0,0],"194":[0,0],"195":[0,0],"196":[0,0],"197":[0,0],"198":[0,0],"199":[0,0],"200":[0,0],"201":[0,0],"202":[0,0,0,0,0],"203":[1,0],"204":[0,1],"205":[0,1],"206":[0,1],"207":[0,0],"208":[1,0],"209":[0,0],"210":[1,1],"211":[1,1],"212":[3,7],"213":[10,10,10],"214":[0,10],"215":[0,0],"216":[10,9],"217":[1,9],"218":[1,0],"219":[10,10],"220":[0,10],"221":[0,0],"222":[1,6],"223":[39,13],"224":[0,39],"225":[39,0],"226":[0,0],"227":[0,0],"228":[0,0],"229":[0,39],"230":[39,0],"231":[0,0],"232":[0,39],"233":[0,0],"234":[33,6],"235":[1,0],"236":[1,0],"237":[0,1],"238":[0,0],"239":[1,0],"240":[1,0],"241":[1,0],"242":[0,0],"243":[1,1],"244":[1,1],"245":[2,0],"246":[0,2],"247":[0,2],"248":[0,2],"249":[2,0],"250":[0,2],"251":[0,0],"252":[0,2],"253":[0,2],"254":[0,2],"255":[2,0],"256":[0,0],"257":[2,1],"258":[2,2],"259":[5,0],"260":[1,4],"261":[0,5],"262":[0,5],"263":[0,5],"264":[0,5],"265":[0,0],"266":[0,5],"267":[0,5],"268":[0,0],"269":[1,4],"270":[5,0],"271":[1,4],"272":[0,0],"273":[2,1],"274":[2,2],"275":[1,0],"276":[1,1],"277":[1,1],"278":[1,0],"279":[1,1],"280":[1,1],"281":[0,0],"282":[0,0],"283":[0,0],"284":[1,0],"285":[1,1],"286":[1,1],"287":[0,0],"288":[0,0],"289":[0,0],"290":[0,0],"291":[0,0],"292":[0,0],"293":[0,0],"294":[0,0],"295":[0,0],"296":[1,0],"297":[0,1],"298":[1,1],"299":[1,1],"300":[1,1],"301":[1,0],"302":[1,0],"303":[0,1],"304":[0,0],"305":[0,1],"306":[1,0],"307":[0,0],"308":[1,1],"309":[1,1],"310":[2,0],"311":[2,0],"312":[0,2],"313":[0,0],"314":[0,2],"315":[2,0],"316":[0,0],"317":[1,1],"318":[1,1],"319":[1,0],"320":[1,0],"321":[0,1],"322":[0,0],"323":[1,0],"324":[0,0],"325":[1,1],"326":[1,1],"327":[1,0],"328":[0,1],"329":[0,1],"330":[0,0],"331":[1,0],"332":[0,0],"333":[1,1],"334":[1,1],"335":[0,0],"336":[0,0],"337":[0,0],"338":[0,0],"339":[0,0],"340":[0,0],"341":[0,0],"342":[0,0],"343":[1,0],"344":[0,1],"345":[0,1],"346":[0,1],"347":[1,0],"348":[0,1],"349":[0,0],"350":[1,0],"351":[0,0],"352":[1,1],"353":[1,1],"354":[0,0],"355":[0,0],"356":[0,0],"357":[0,0],"358":[0,0],"359":[0,0],"360":[0,0],"361":[0,0],"362":[0,0],"363":[0,0],"364":[0,0],"365":[0,0],"366":[0,0],"367":[0,0],"368":[0,0],"369":[0,0],"370":[0,0],"371":[0,0],"372":[0,0],"373":[0,0],"374":[0,0],"375":[0,0],"376":[0,0],"377":[0,0],"378":[0,0],"379":[0,0],"380":[0,0],"381":[0,0],"382":[0,0],"383":[0,0],"384":[0,0]},"_coverageSchema":"1a1c01bbd47fc00a2c39e90264f33305004495a9","hash":"84563801f26e29ce1de56f8778defc8b53ffa13c"}
}
