{"D:\\dev\\git\\github\\nodejs-api\\src\\simplicite.js": {"path":"D:\\dev\\git\\github\\nodejs-api\\src\\simplicite.js","statementMap":{"0":{"start":{"line":7,"column":8},"end":{"line":7,"column":20}},"1":{"start":{"line":8,"column":12},"end":{"line":8,"column":28}},"2":{"start":{"line":9,"column":13},"end":{"line":9,"column":30}},"3":{"start":{"line":15,"column":16},"end":{"line":356,"column":1}},"4":{"start":{"line":364,"column":1},"end":{"line":364,"column":28}},"5":{"start":{"line":388,"column":1},"end":{"line":388,"column":23}},"6":{"start":{"line":394,"column":1},"end":{"line":394,"column":28}},"7":{"start":{"line":400,"column":1},"end":{"line":400,"column":42}},"8":{"start":{"line":407,"column":1},"end":{"line":409,"column":3}},"9":{"start":{"line":408,"column":2},"end":{"line":408,"column":19}},"10":{"start":{"line":416,"column":1},"end":{"line":418,"column":3}},"11":{"start":{"line":417,"column":2},"end":{"line":417,"column":20}},"12":{"start":{"line":425,"column":1},"end":{"line":427,"column":3}},"13":{"start":{"line":426,"column":2},"end":{"line":426,"column":20}},"14":{"start":{"line":434,"column":1},"end":{"line":436,"column":3}},"15":{"start":{"line":435,"column":2},"end":{"line":435,"column":21}},"16":{"start":{"line":438,"column":14},"end":{"line":438,"column":28}},"17":{"start":{"line":445,"column":1},"end":{"line":448,"column":3}},"18":{"start":{"line":446,"column":2},"end":{"line":447,"column":20}},"19":{"start":{"line":447,"column":3},"end":{"line":447,"column":20}},"20":{"start":{"line":455,"column":1},"end":{"line":455,"column":37}},"21":{"start":{"line":457,"column":1},"end":{"line":478,"column":2}},"22":{"start":{"line":458,"column":2},"end":{"line":477,"column":3}},"23":{"start":{"line":459,"column":3},"end":{"line":459,"column":50}},"24":{"start":{"line":460,"column":11},"end":{"line":460,"column":85}},"25":{"start":{"line":461,"column":3},"end":{"line":471,"column":4}},"26":{"start":{"line":462,"column":4},"end":{"line":462,"column":44}},"27":{"start":{"line":463,"column":4},"end":{"line":463,"column":54}},"28":{"start":{"line":464,"column":4},"end":{"line":464,"column":73}},"29":{"start":{"line":466,"column":4},"end":{"line":466,"column":23}},"30":{"start":{"line":467,"column":4},"end":{"line":467,"column":58}},"31":{"start":{"line":468,"column":4},"end":{"line":469,"column":39}},"32":{"start":{"line":469,"column":5},"end":{"line":469,"column":39}},"33":{"start":{"line":470,"column":4},"end":{"line":470,"column":73}},"34":{"start":{"line":472,"column":3},"end":{"line":473,"column":21}},"35":{"start":{"line":473,"column":4},"end":{"line":473,"column":21}},"36":{"start":{"line":475,"column":3},"end":{"line":475,"column":72}},"37":{"start":{"line":476,"column":3},"end":{"line":476,"column":10}},"38":{"start":{"line":480,"column":14},"end":{"line":480,"column":71}},"39":{"start":{"line":481,"column":1},"end":{"line":484,"column":2}},"40":{"start":{"line":482,"column":2},"end":{"line":482,"column":57}},"41":{"start":{"line":483,"column":2},"end":{"line":483,"column":9}},"42":{"start":{"line":485,"column":12},"end":{"line":485,"column":38}},"43":{"start":{"line":486,"column":12},"end":{"line":486,"column":31}},"44":{"start":{"line":487,"column":12},"end":{"line":487,"column":29}},"45":{"start":{"line":488,"column":1},"end":{"line":489,"column":12}},"46":{"start":{"line":489,"column":2},"end":{"line":489,"column":12}},"47":{"start":{"line":491,"column":11},"end":{"line":491,"column":32}},"48":{"start":{"line":492,"column":1},"end":{"line":493,"column":20}},"49":{"start":{"line":493,"column":2},"end":{"line":493,"column":20}},"50":{"start":{"line":494,"column":1},"end":{"line":495,"column":50}},"51":{"start":{"line":495,"column":2},"end":{"line":495,"column":50}},"52":{"start":{"line":496,"column":1},"end":{"line":496,"column":46}},"53":{"start":{"line":498,"column":10},"end":{"line":498,"column":62}},"54":{"start":{"line":504,"column":1},"end":{"line":516,"column":3}},"55":{"start":{"line":522,"column":1},"end":{"line":522,"column":49}},"56":{"start":{"line":529,"column":1},"end":{"line":531,"column":3}},"57":{"start":{"line":530,"column":2},"end":{"line":530,"column":22}},"58":{"start":{"line":537,"column":1},"end":{"line":537,"column":47}},"59":{"start":{"line":544,"column":1},"end":{"line":546,"column":3}},"60":{"start":{"line":545,"column":2},"end":{"line":545,"column":22}},"61":{"start":{"line":552,"column":1},"end":{"line":552,"column":71}},"62":{"start":{"line":559,"column":1},"end":{"line":561,"column":3}},"63":{"start":{"line":560,"column":2},"end":{"line":560,"column":23}},"64":{"start":{"line":568,"column":27},"end":{"line":568,"column":29}},"65":{"start":{"line":577,"column":1},"end":{"line":579,"column":3}},"66":{"start":{"line":578,"column":2},"end":{"line":578,"column":49}},"67":{"start":{"line":585,"column":1},"end":{"line":599,"column":3}},"68":{"start":{"line":586,"column":2},"end":{"line":586,"column":28}},"69":{"start":{"line":587,"column":2},"end":{"line":587,"column":28}},"70":{"start":{"line":588,"column":2},"end":{"line":588,"column":29}},"71":{"start":{"line":589,"column":2},"end":{"line":589,"column":29}},"72":{"start":{"line":591,"column":2},"end":{"line":591,"column":25}},"73":{"start":{"line":593,"column":2},"end":{"line":593,"column":27}},"74":{"start":{"line":594,"column":2},"end":{"line":594,"column":27}},"75":{"start":{"line":595,"column":2},"end":{"line":595,"column":27}},"76":{"start":{"line":596,"column":2},"end":{"line":596,"column":28}},"77":{"start":{"line":598,"column":2},"end":{"line":598,"column":27}},"78":{"start":{"line":605,"column":1},"end":{"line":609,"column":3}},"79":{"start":{"line":606,"column":2},"end":{"line":608,"column":15}},"80":{"start":{"line":615,"column":1},"end":{"line":619,"column":3}},"81":{"start":{"line":616,"column":2},"end":{"line":618,"column":15}},"82":{"start":{"line":629,"column":1},"end":{"line":665,"column":3}},"83":{"start":{"line":630,"column":13},"end":{"line":630,"column":17}},"84":{"start":{"line":631,"column":10},"end":{"line":631,"column":31}},"85":{"start":{"line":632,"column":10},"end":{"line":632,"column":12}},"86":{"start":{"line":633,"column":2},"end":{"line":634,"column":74}},"87":{"start":{"line":634,"column":3},"end":{"line":634,"column":74}},"88":{"start":{"line":635,"column":10},"end":{"line":635,"column":37}},"89":{"start":{"line":636,"column":2},"end":{"line":645,"column":3}},"90":{"start":{"line":637,"column":3},"end":{"line":637,"column":67}},"91":{"start":{"line":638,"column":3},"end":{"line":638,"column":39}},"92":{"start":{"line":640,"column":3},"end":{"line":640,"column":33}},"93":{"start":{"line":641,"column":3},"end":{"line":644,"column":4}},"94":{"start":{"line":642,"column":4},"end":{"line":642,"column":66}},"95":{"start":{"line":643,"column":4},"end":{"line":643,"column":24}},"96":{"start":{"line":646,"column":2},"end":{"line":664,"column":5}},"97":{"start":{"line":655,"column":3},"end":{"line":656,"column":59}},"98":{"start":{"line":656,"column":4},"end":{"line":656,"column":59}},"99":{"start":{"line":658,"column":11},"end":{"line":658,"column":80}},"100":{"start":{"line":659,"column":11},"end":{"line":659,"column":70}},"101":{"start":{"line":660,"column":3},"end":{"line":663,"column":12}},"102":{"start":{"line":661,"column":4},"end":{"line":661,"column":60}},"103":{"start":{"line":663,"column":4},"end":{"line":663,"column":12}},"104":{"start":{"line":674,"column":1},"end":{"line":681,"column":3}},"105":{"start":{"line":675,"column":2},"end":{"line":680,"column":14}},"106":{"start":{"line":676,"column":3},"end":{"line":676,"column":50}},"107":{"start":{"line":677,"column":7},"end":{"line":680,"column":14}},"108":{"start":{"line":678,"column":3},"end":{"line":678,"column":109}},"109":{"start":{"line":680,"column":3},"end":{"line":680,"column":14}},"110":{"start":{"line":689,"column":1},"end":{"line":697,"column":3}},"111":{"start":{"line":690,"column":2},"end":{"line":696,"column":3}},"112":{"start":{"line":691,"column":3},"end":{"line":692,"column":88}},"113":{"start":{"line":692,"column":4},"end":{"line":692,"column":88}},"114":{"start":{"line":693,"column":3},"end":{"line":693,"column":58}},"115":{"start":{"line":695,"column":3},"end":{"line":695,"column":92}},"116":{"start":{"line":706,"column":13},"end":{"line":706,"column":17}},"117":{"start":{"line":707,"column":2},"end":{"line":707,"column":20}},"118":{"start":{"line":708,"column":2},"end":{"line":719,"column":5}},"119":{"start":{"line":709,"column":11},"end":{"line":709,"column":34}},"120":{"start":{"line":710,"column":3},"end":{"line":710,"column":94}},"121":{"start":{"line":711,"column":3},"end":{"line":716,"column":4}},"122":{"start":{"line":712,"column":4},"end":{"line":712,"column":66}},"123":{"start":{"line":714,"column":4},"end":{"line":715,"column":28}},"124":{"start":{"line":715,"column":5},"end":{"line":715,"column":28}},"125":{"start":{"line":718,"column":3},"end":{"line":718,"column":56}},"126":{"start":{"line":730,"column":1},"end":{"line":736,"column":3}},"127":{"start":{"line":731,"column":10},"end":{"line":731,"column":19}},"128":{"start":{"line":732,"column":2},"end":{"line":732,"column":20}},"129":{"start":{"line":733,"column":2},"end":{"line":733,"column":74}},"130":{"start":{"line":733,"column":39},"end":{"line":733,"column":55}},"131":{"start":{"line":733,"column":57},"end":{"line":733,"column":71}},"132":{"start":{"line":734,"column":2},"end":{"line":734,"column":71}},"133":{"start":{"line":734,"column":43},"end":{"line":734,"column":61}},"134":{"start":{"line":735,"column":2},"end":{"line":735,"column":19}},"135":{"start":{"line":745,"column":13},"end":{"line":745,"column":17}},"136":{"start":{"line":746,"column":2},"end":{"line":746,"column":20}},"137":{"start":{"line":747,"column":2},"end":{"line":754,"column":3}},"138":{"start":{"line":748,"column":3},"end":{"line":748,"column":16}},"139":{"start":{"line":749,"column":3},"end":{"line":749,"column":47}},"140":{"start":{"line":750,"column":3},"end":{"line":750,"column":45}},"141":{"start":{"line":751,"column":9},"end":{"line":754,"column":3}},"142":{"start":{"line":752,"column":3},"end":{"line":752,"column":16}},"143":{"start":{"line":753,"column":3},"end":{"line":753,"column":67}},"144":{"start":{"line":755,"column":2},"end":{"line":782,"column":5}},"145":{"start":{"line":756,"column":11},"end":{"line":756,"column":34}},"146":{"start":{"line":757,"column":3},"end":{"line":757,"column":92}},"147":{"start":{"line":758,"column":3},"end":{"line":779,"column":4}},"148":{"start":{"line":759,"column":4},"end":{"line":759,"column":66}},"149":{"start":{"line":761,"column":4},"end":{"line":761,"column":35}},"150":{"start":{"line":762,"column":4},"end":{"line":762,"column":68}},"151":{"start":{"line":763,"column":4},"end":{"line":763,"column":37}},"152":{"start":{"line":764,"column":4},"end":{"line":765,"column":66}},"153":{"start":{"line":765,"column":5},"end":{"line":765,"column":66}},"154":{"start":{"line":766,"column":4},"end":{"line":766,"column":42}},"155":{"start":{"line":767,"column":4},"end":{"line":768,"column":69}},"156":{"start":{"line":768,"column":5},"end":{"line":768,"column":69}},"157":{"start":{"line":770,"column":4},"end":{"line":776,"column":7}},"158":{"start":{"line":777,"column":4},"end":{"line":778,"column":37}},"159":{"start":{"line":778,"column":5},"end":{"line":778,"column":37}},"160":{"start":{"line":781,"column":3},"end":{"line":781,"column":56}},"161":{"start":{"line":795,"column":1},"end":{"line":801,"column":3}},"162":{"start":{"line":796,"column":10},"end":{"line":796,"column":19}},"163":{"start":{"line":797,"column":2},"end":{"line":797,"column":20}},"164":{"start":{"line":798,"column":2},"end":{"line":798,"column":58}},"165":{"start":{"line":798,"column":43},"end":{"line":798,"column":55}},"166":{"start":{"line":799,"column":2},"end":{"line":799,"column":61}},"167":{"start":{"line":799,"column":36},"end":{"line":799,"column":51}},"168":{"start":{"line":800,"column":2},"end":{"line":800,"column":19}},"169":{"start":{"line":810,"column":13},"end":{"line":810,"column":17}},"170":{"start":{"line":811,"column":2},"end":{"line":811,"column":20}},"171":{"start":{"line":812,"column":2},"end":{"line":826,"column":5}},"172":{"start":{"line":813,"column":11},"end":{"line":813,"column":34}},"173":{"start":{"line":814,"column":3},"end":{"line":814,"column":93}},"174":{"start":{"line":815,"column":3},"end":{"line":821,"column":4}},"175":{"start":{"line":816,"column":4},"end":{"line":816,"column":66}},"176":{"start":{"line":818,"column":4},"end":{"line":818,"column":17}},"177":{"start":{"line":819,"column":4},"end":{"line":820,"column":37}},"178":{"start":{"line":820,"column":5},"end":{"line":820,"column":37}},"179":{"start":{"line":823,"column":3},"end":{"line":824,"column":31}},"180":{"start":{"line":824,"column":4},"end":{"line":824,"column":31}},"181":{"start":{"line":825,"column":3},"end":{"line":825,"column":56}},"182":{"start":{"line":837,"column":1},"end":{"line":843,"column":3}},"183":{"start":{"line":838,"column":10},"end":{"line":838,"column":19}},"184":{"start":{"line":839,"column":2},"end":{"line":839,"column":20}},"185":{"start":{"line":840,"column":2},"end":{"line":840,"column":58}},"186":{"start":{"line":840,"column":43},"end":{"line":840,"column":55}},"187":{"start":{"line":841,"column":2},"end":{"line":841,"column":62}},"188":{"start":{"line":841,"column":37},"end":{"line":841,"column":52}},"189":{"start":{"line":842,"column":2},"end":{"line":842,"column":19}},"190":{"start":{"line":849,"column":1},"end":{"line":849,"column":24}},"191":{"start":{"line":858,"column":13},"end":{"line":858,"column":17}},"192":{"start":{"line":859,"column":2},"end":{"line":859,"column":20}},"193":{"start":{"line":860,"column":10},"end":{"line":860,"column":21}},"194":{"start":{"line":861,"column":2},"end":{"line":862,"column":70}},"195":{"start":{"line":862,"column":3},"end":{"line":862,"column":70}},"196":{"start":{"line":863,"column":2},"end":{"line":864,"column":58}},"197":{"start":{"line":864,"column":3},"end":{"line":864,"column":58}},"198":{"start":{"line":865,"column":2},"end":{"line":877,"column":5}},"199":{"start":{"line":866,"column":11},"end":{"line":866,"column":34}},"200":{"start":{"line":867,"column":3},"end":{"line":867,"column":95}},"201":{"start":{"line":868,"column":3},"end":{"line":874,"column":4}},"202":{"start":{"line":869,"column":4},"end":{"line":869,"column":66}},"203":{"start":{"line":871,"column":4},"end":{"line":871,"column":56}},"204":{"start":{"line":872,"column":4},"end":{"line":873,"column":37}},"205":{"start":{"line":873,"column":5},"end":{"line":873,"column":37}},"206":{"start":{"line":876,"column":3},"end":{"line":876,"column":56}},"207":{"start":{"line":889,"column":1},"end":{"line":895,"column":3}},"208":{"start":{"line":890,"column":10},"end":{"line":890,"column":19}},"209":{"start":{"line":891,"column":2},"end":{"line":891,"column":20}},"210":{"start":{"line":892,"column":2},"end":{"line":892,"column":58}},"211":{"start":{"line":892,"column":43},"end":{"line":892,"column":55}},"212":{"start":{"line":893,"column":2},"end":{"line":893,"column":64}},"213":{"start":{"line":893,"column":39},"end":{"line":893,"column":54}},"214":{"start":{"line":894,"column":2},"end":{"line":894,"column":19}},"215":{"start":{"line":905,"column":13},"end":{"line":905,"column":17}},"216":{"start":{"line":906,"column":2},"end":{"line":906,"column":20}},"217":{"start":{"line":907,"column":2},"end":{"line":918,"column":5}},"218":{"start":{"line":908,"column":11},"end":{"line":908,"column":34}},"219":{"start":{"line":909,"column":3},"end":{"line":909,"column":101}},"220":{"start":{"line":910,"column":3},"end":{"line":915,"column":4}},"221":{"start":{"line":911,"column":4},"end":{"line":911,"column":66}},"222":{"start":{"line":913,"column":4},"end":{"line":914,"column":37}},"223":{"start":{"line":914,"column":5},"end":{"line":914,"column":37}},"224":{"start":{"line":917,"column":3},"end":{"line":917,"column":56}},"225":{"start":{"line":929,"column":1},"end":{"line":935,"column":3}},"226":{"start":{"line":930,"column":10},"end":{"line":930,"column":19}},"227":{"start":{"line":931,"column":2},"end":{"line":931,"column":20}},"228":{"start":{"line":932,"column":2},"end":{"line":932,"column":58}},"229":{"start":{"line":932,"column":43},"end":{"line":932,"column":55}},"230":{"start":{"line":933,"column":2},"end":{"line":933,"column":75}},"231":{"start":{"line":933,"column":45},"end":{"line":933,"column":60}},"232":{"start":{"line":934,"column":2},"end":{"line":934,"column":19}},"233":{"start":{"line":944,"column":13},"end":{"line":944,"column":17}},"234":{"start":{"line":945,"column":2},"end":{"line":945,"column":20}},"235":{"start":{"line":946,"column":2},"end":{"line":958,"column":5}},"236":{"start":{"line":947,"column":11},"end":{"line":947,"column":34}},"237":{"start":{"line":948,"column":3},"end":{"line":948,"column":97}},"238":{"start":{"line":949,"column":3},"end":{"line":955,"column":4}},"239":{"start":{"line":950,"column":4},"end":{"line":950,"column":66}},"240":{"start":{"line":952,"column":4},"end":{"line":952,"column":30}},"241":{"start":{"line":953,"column":4},"end":{"line":954,"column":39}},"242":{"start":{"line":954,"column":5},"end":{"line":954,"column":39}},"243":{"start":{"line":957,"column":3},"end":{"line":957,"column":56}},"244":{"start":{"line":968,"column":1},"end":{"line":974,"column":3}},"245":{"start":{"line":969,"column":10},"end":{"line":969,"column":19}},"246":{"start":{"line":970,"column":2},"end":{"line":970,"column":20}},"247":{"start":{"line":971,"column":2},"end":{"line":971,"column":58}},"248":{"start":{"line":971,"column":43},"end":{"line":971,"column":55}},"249":{"start":{"line":972,"column":2},"end":{"line":972,"column":66}},"250":{"start":{"line":972,"column":41},"end":{"line":972,"column":56}},"251":{"start":{"line":973,"column":2},"end":{"line":973,"column":19}},"252":{"start":{"line":983,"column":13},"end":{"line":983,"column":17}},"253":{"start":{"line":984,"column":2},"end":{"line":984,"column":20}},"254":{"start":{"line":985,"column":2},"end":{"line":997,"column":5}},"255":{"start":{"line":986,"column":11},"end":{"line":986,"column":34}},"256":{"start":{"line":987,"column":3},"end":{"line":987,"column":97}},"257":{"start":{"line":988,"column":3},"end":{"line":994,"column":4}},"258":{"start":{"line":989,"column":4},"end":{"line":989,"column":66}},"259":{"start":{"line":991,"column":4},"end":{"line":991,"column":30}},"260":{"start":{"line":992,"column":4},"end":{"line":993,"column":39}},"261":{"start":{"line":993,"column":5},"end":{"line":993,"column":39}},"262":{"start":{"line":996,"column":3},"end":{"line":996,"column":56}},"263":{"start":{"line":1007,"column":1},"end":{"line":1013,"column":3}},"264":{"start":{"line":1008,"column":10},"end":{"line":1008,"column":19}},"265":{"start":{"line":1009,"column":2},"end":{"line":1009,"column":20}},"266":{"start":{"line":1010,"column":2},"end":{"line":1010,"column":58}},"267":{"start":{"line":1010,"column":43},"end":{"line":1010,"column":55}},"268":{"start":{"line":1011,"column":2},"end":{"line":1011,"column":66}},"269":{"start":{"line":1011,"column":41},"end":{"line":1011,"column":56}},"270":{"start":{"line":1012,"column":2},"end":{"line":1012,"column":19}},"271":{"start":{"line":1023,"column":13},"end":{"line":1023,"column":17}},"272":{"start":{"line":1024,"column":2},"end":{"line":1024,"column":20}},"273":{"start":{"line":1025,"column":10},"end":{"line":1025,"column":12}},"274":{"start":{"line":1026,"column":2},"end":{"line":1027,"column":48}},"275":{"start":{"line":1027,"column":3},"end":{"line":1027,"column":48}},"276":{"start":{"line":1028,"column":2},"end":{"line":1040,"column":5}},"277":{"start":{"line":1029,"column":11},"end":{"line":1029,"column":34}},"278":{"start":{"line":1030,"column":3},"end":{"line":1030,"column":97}},"279":{"start":{"line":1031,"column":3},"end":{"line":1037,"column":4}},"280":{"start":{"line":1032,"column":4},"end":{"line":1032,"column":66}},"281":{"start":{"line":1034,"column":4},"end":{"line":1034,"column":30}},"282":{"start":{"line":1035,"column":4},"end":{"line":1036,"column":39}},"283":{"start":{"line":1036,"column":5},"end":{"line":1036,"column":39}},"284":{"start":{"line":1039,"column":3},"end":{"line":1039,"column":56}},"285":{"start":{"line":1051,"column":1},"end":{"line":1057,"column":3}},"286":{"start":{"line":1052,"column":10},"end":{"line":1052,"column":19}},"287":{"start":{"line":1053,"column":2},"end":{"line":1053,"column":20}},"288":{"start":{"line":1054,"column":2},"end":{"line":1054,"column":58}},"289":{"start":{"line":1054,"column":43},"end":{"line":1054,"column":55}},"290":{"start":{"line":1055,"column":2},"end":{"line":1055,"column":74}},"291":{"start":{"line":1055,"column":41},"end":{"line":1055,"column":56}},"292":{"start":{"line":1056,"column":2},"end":{"line":1056,"column":19}},"293":{"start":{"line":1066,"column":13},"end":{"line":1066,"column":17}},"294":{"start":{"line":1067,"column":2},"end":{"line":1067,"column":20}},"295":{"start":{"line":1068,"column":10},"end":{"line":1068,"column":12}},"296":{"start":{"line":1069,"column":2},"end":{"line":1070,"column":48}},"297":{"start":{"line":1070,"column":3},"end":{"line":1070,"column":48}},"298":{"start":{"line":1071,"column":2},"end":{"line":1083,"column":5}},"299":{"start":{"line":1072,"column":11},"end":{"line":1072,"column":34}},"300":{"start":{"line":1073,"column":3},"end":{"line":1073,"column":94}},"301":{"start":{"line":1074,"column":3},"end":{"line":1080,"column":4}},"302":{"start":{"line":1075,"column":4},"end":{"line":1075,"column":66}},"303":{"start":{"line":1077,"column":4},"end":{"line":1077,"column":27}},"304":{"start":{"line":1078,"column":4},"end":{"line":1079,"column":36}},"305":{"start":{"line":1079,"column":5},"end":{"line":1079,"column":36}},"306":{"start":{"line":1082,"column":3},"end":{"line":1082,"column":56}},"307":{"start":{"line":1094,"column":1},"end":{"line":1100,"column":3}},"308":{"start":{"line":1095,"column":10},"end":{"line":1095,"column":19}},"309":{"start":{"line":1096,"column":2},"end":{"line":1096,"column":20}},"310":{"start":{"line":1097,"column":2},"end":{"line":1097,"column":58}},"311":{"start":{"line":1097,"column":43},"end":{"line":1097,"column":55}},"312":{"start":{"line":1098,"column":2},"end":{"line":1098,"column":63}},"313":{"start":{"line":1098,"column":38},"end":{"line":1098,"column":53}},"314":{"start":{"line":1099,"column":2},"end":{"line":1099,"column":19}},"315":{"start":{"line":1110,"column":13},"end":{"line":1110,"column":17}},"316":{"start":{"line":1111,"column":2},"end":{"line":1111,"column":20}},"317":{"start":{"line":1112,"column":10},"end":{"line":1112,"column":12}},"318":{"start":{"line":1113,"column":2},"end":{"line":1113,"column":45}},"319":{"start":{"line":1113,"column":28},"end":{"line":1113,"column":45}},"320":{"start":{"line":1114,"column":2},"end":{"line":1114,"column":72}},"321":{"start":{"line":1114,"column":20},"end":{"line":1114,"column":72}},"322":{"start":{"line":1115,"column":2},"end":{"line":1126,"column":5}},"323":{"start":{"line":1116,"column":11},"end":{"line":1116,"column":34}},"324":{"start":{"line":1117,"column":3},"end":{"line":1117,"column":98}},"325":{"start":{"line":1118,"column":3},"end":{"line":1123,"column":4}},"326":{"start":{"line":1119,"column":4},"end":{"line":1119,"column":66}},"327":{"start":{"line":1121,"column":4},"end":{"line":1122,"column":37}},"328":{"start":{"line":1122,"column":5},"end":{"line":1122,"column":37}},"329":{"start":{"line":1125,"column":3},"end":{"line":1125,"column":56}},"330":{"start":{"line":1140,"column":1},"end":{"line":1146,"column":3}},"331":{"start":{"line":1141,"column":10},"end":{"line":1141,"column":19}},"332":{"start":{"line":1142,"column":2},"end":{"line":1142,"column":20}},"333":{"start":{"line":1143,"column":2},"end":{"line":1143,"column":58}},"334":{"start":{"line":1143,"column":43},"end":{"line":1143,"column":55}},"335":{"start":{"line":1144,"column":2},"end":{"line":1144,"column":84}},"336":{"start":{"line":1144,"column":42},"end":{"line":1144,"column":57}},"337":{"start":{"line":1145,"column":2},"end":{"line":1145,"column":19}},"338":{"start":{"line":1155,"column":1},"end":{"line":1163,"column":3}},"339":{"start":{"line":1156,"column":17},"end":{"line":1156,"column":63}},"340":{"start":{"line":1157,"column":12},"end":{"line":1157,"column":41}},"341":{"start":{"line":1158,"column":2},"end":{"line":1161,"column":3}},"342":{"start":{"line":1159,"column":3},"end":{"line":1159,"column":50}},"343":{"start":{"line":1160,"column":3},"end":{"line":1160,"column":39}},"344":{"start":{"line":1162,"column":2},"end":{"line":1162,"column":13}},"345":{"start":{"line":1170,"column":1},"end":{"line":1172,"column":3}},"346":{"start":{"line":1171,"column":2},"end":{"line":1171,"column":40}},"347":{"start":{"line":1182,"column":1},"end":{"line":1188,"column":3}},"348":{"start":{"line":1183,"column":2},"end":{"line":1187,"column":98}},"349":{"start":{"line":1203,"column":1},"end":{"line":1205,"column":3}},"350":{"start":{"line":1204,"column":2},"end":{"line":1204,"column":21}},"351":{"start":{"line":1212,"column":1},"end":{"line":1214,"column":3}},"352":{"start":{"line":1213,"column":2},"end":{"line":1213,"column":20}},"353":{"start":{"line":1221,"column":1},"end":{"line":1221,"column":34}},"354":{"start":{"line":1228,"column":1},"end":{"line":1230,"column":3}},"355":{"start":{"line":1229,"column":2},"end":{"line":1229,"column":19}},"356":{"start":{"line":1237,"column":1},"end":{"line":1239,"column":3}},"357":{"start":{"line":1238,"column":2},"end":{"line":1238,"column":20}},"358":{"start":{"line":1246,"column":1},"end":{"line":1248,"column":3}},"359":{"start":{"line":1247,"column":2},"end":{"line":1247,"column":24}},"360":{"start":{"line":1255,"column":1},"end":{"line":1255,"column":39}},"361":{"start":{"line":1262,"column":1},"end":{"line":1264,"column":3}},"362":{"start":{"line":1263,"column":2},"end":{"line":1263,"column":23}},"363":{"start":{"line":1271,"column":1},"end":{"line":1271,"column":37}},"364":{"start":{"line":1278,"column":1},"end":{"line":1281,"column":3}},"365":{"start":{"line":1279,"column":2},"end":{"line":1280,"column":74}},"366":{"start":{"line":1280,"column":3},"end":{"line":1280,"column":74}},"367":{"start":{"line":1289,"column":1},"end":{"line":1291,"column":3}},"368":{"start":{"line":1290,"column":2},"end":{"line":1290,"column":78}},"369":{"start":{"line":1297,"column":1},"end":{"line":1299,"column":3}},"370":{"start":{"line":1298,"column":2},"end":{"line":1298,"column":50}},"371":{"start":{"line":1312,"column":1},"end":{"line":1314,"column":3}},"372":{"start":{"line":1313,"column":2},"end":{"line":1313,"column":17}},"373":{"start":{"line":1321,"column":1},"end":{"line":1323,"column":3}},"374":{"start":{"line":1322,"column":2},"end":{"line":1322,"column":19}},"375":{"start":{"line":1330,"column":1},"end":{"line":1330,"column":37}},"376":{"start":{"line":1337,"column":1},"end":{"line":1339,"column":3}},"377":{"start":{"line":1338,"column":2},"end":{"line":1338,"column":19}},"378":{"start":{"line":1346,"column":1},"end":{"line":1346,"column":37}},"379":{"start":{"line":1353,"column":1},"end":{"line":1355,"column":3}},"380":{"start":{"line":1354,"column":2},"end":{"line":1354,"column":23}},"381":{"start":{"line":1362,"column":1},"end":{"line":1362,"column":37}},"382":{"start":{"line":1369,"column":1},"end":{"line":1371,"column":3}},"383":{"start":{"line":1370,"column":2},"end":{"line":1370,"column":27}},"384":{"start":{"line":1378,"column":1},"end":{"line":1378,"column":37}},"385":{"start":{"line":1385,"column":1},"end":{"line":1387,"column":3}},"386":{"start":{"line":1386,"column":2},"end":{"line":1386,"column":22}},"387":{"start":{"line":1394,"column":1},"end":{"line":1396,"column":3}},"388":{"start":{"line":1395,"column":2},"end":{"line":1395,"column":24}},"389":{"start":{"line":1403,"column":2},"end":{"line":1403,"column":44}},"390":{"start":{"line":1411,"column":1},"end":{"line":1413,"column":3}},"391":{"start":{"line":1412,"column":2},"end":{"line":1412,"column":40}},"392":{"start":{"line":1420,"column":1},"end":{"line":1422,"column":3}},"393":{"start":{"line":1421,"column":2},"end":{"line":1421,"column":48}},"394":{"start":{"line":1430,"column":1},"end":{"line":1432,"column":3}},"395":{"start":{"line":1431,"column":2},"end":{"line":1431,"column":63}},"396":{"start":{"line":1439,"column":1},"end":{"line":1441,"column":3}},"397":{"start":{"line":1440,"column":2},"end":{"line":1440,"column":25}},"398":{"start":{"line":1449,"column":1},"end":{"line":1451,"column":3}},"399":{"start":{"line":1450,"column":2},"end":{"line":1450,"column":85}},"400":{"start":{"line":1458,"column":1},"end":{"line":1461,"column":3}},"401":{"start":{"line":1459,"column":2},"end":{"line":1460,"column":107}},"402":{"start":{"line":1460,"column":3},"end":{"line":1460,"column":107}},"403":{"start":{"line":1467,"column":1},"end":{"line":1469,"column":3}},"404":{"start":{"line":1468,"column":2},"end":{"line":1468,"column":42}},"405":{"start":{"line":1485,"column":1},"end":{"line":1485,"column":18}},"406":{"start":{"line":1491,"column":1},"end":{"line":1491,"column":26}},"407":{"start":{"line":1497,"column":1},"end":{"line":1497,"column":49}},"408":{"start":{"line":1503,"column":1},"end":{"line":1503,"column":19}},"409":{"start":{"line":1509,"column":1},"end":{"line":1509,"column":16}},"410":{"start":{"line":1515,"column":1},"end":{"line":1515,"column":18}},"411":{"start":{"line":1528,"column":1},"end":{"line":1528,"column":37}},"412":{"start":{"line":1534,"column":1},"end":{"line":1534,"column":20}},"413":{"start":{"line":1540,"column":1},"end":{"line":1540,"column":60}},"414":{"start":{"line":1546,"column":1},"end":{"line":1546,"column":72}},"415":{"start":{"line":1552,"column":1},"end":{"line":1552,"column":127}},"416":{"start":{"line":1558,"column":1},"end":{"line":1558,"column":16}},"417":{"start":{"line":1564,"column":1},"end":{"line":1564,"column":19}},"418":{"start":{"line":1570,"column":1},"end":{"line":1570,"column":16}},"419":{"start":{"line":1579,"column":13},"end":{"line":1579,"column":17}},"420":{"start":{"line":1580,"column":2},"end":{"line":1580,"column":20}},"421":{"start":{"line":1581,"column":10},"end":{"line":1581,"column":12}},"422":{"start":{"line":1582,"column":2},"end":{"line":1582,"column":72}},"423":{"start":{"line":1582,"column":20},"end":{"line":1582,"column":72}},"424":{"start":{"line":1583,"column":2},"end":{"line":1583,"column":87}},"425":{"start":{"line":1583,"column":25},"end":{"line":1583,"column":87}},"426":{"start":{"line":1584,"column":2},"end":{"line":1596,"column":5}},"427":{"start":{"line":1585,"column":11},"end":{"line":1585,"column":42}},"428":{"start":{"line":1586,"column":3},"end":{"line":1586,"column":113}},"429":{"start":{"line":1587,"column":3},"end":{"line":1593,"column":4}},"430":{"start":{"line":1588,"column":4},"end":{"line":1588,"column":74}},"431":{"start":{"line":1590,"column":4},"end":{"line":1590,"column":31}},"432":{"start":{"line":1591,"column":4},"end":{"line":1592,"column":40}},"433":{"start":{"line":1592,"column":5},"end":{"line":1592,"column":40}},"434":{"start":{"line":1595,"column":3},"end":{"line":1595,"column":64}},"435":{"start":{"line":1608,"column":1},"end":{"line":1612,"column":3}},"436":{"start":{"line":1609,"column":10},"end":{"line":1609,"column":19}},"437":{"start":{"line":1610,"column":2},"end":{"line":1610,"column":77}},"438":{"start":{"line":1610,"column":47},"end":{"line":1610,"column":67}},"439":{"start":{"line":1611,"column":2},"end":{"line":1611,"column":19}},"440":{"start":{"line":1623,"column":1},"end":{"line":1623,"column":37}},"441":{"start":{"line":1630,"column":1},"end":{"line":1632,"column":3}},"442":{"start":{"line":1631,"column":2},"end":{"line":1631,"column":28}},"443":{"start":{"line":1639,"column":1},"end":{"line":1641,"column":3}},"444":{"start":{"line":1640,"column":2},"end":{"line":1640,"column":32}},"445":{"start":{"line":1648,"column":1},"end":{"line":1650,"column":3}},"446":{"start":{"line":1649,"column":2},"end":{"line":1649,"column":29}},"447":{"start":{"line":1657,"column":1},"end":{"line":1659,"column":3}},"448":{"start":{"line":1658,"column":2},"end":{"line":1658,"column":28}},"449":{"start":{"line":1666,"column":1},"end":{"line":1668,"column":3}},"450":{"start":{"line":1667,"column":2},"end":{"line":1667,"column":30}},"451":{"start":{"line":1676,"column":1},"end":{"line":1682,"column":3}},"452":{"start":{"line":1677,"column":10},"end":{"line":1677,"column":11}},"453":{"start":{"line":1678,"column":11},"end":{"line":1678,"column":27}},"454":{"start":{"line":1679,"column":2},"end":{"line":1679,"column":56}},"455":{"start":{"line":1679,"column":52},"end":{"line":1679,"column":56}},"456":{"start":{"line":1680,"column":2},"end":{"line":1681,"column":16}},"457":{"start":{"line":1681,"column":3},"end":{"line":1681,"column":16}},"458":{"start":{"line":1689,"column":1},"end":{"line":1691,"column":3}},"459":{"start":{"line":1690,"column":2},"end":{"line":1690,"column":34}},"460":{"start":{"line":1698,"column":1},"end":{"line":1700,"column":3}},"461":{"start":{"line":1699,"column":2},"end":{"line":1699,"column":49}},"462":{"start":{"line":1707,"column":1},"end":{"line":1709,"column":3}},"463":{"start":{"line":1708,"column":2},"end":{"line":1708,"column":29}},"464":{"start":{"line":1717,"column":1},"end":{"line":1722,"column":3}},"465":{"start":{"line":1718,"column":2},"end":{"line":1719,"column":32}},"466":{"start":{"line":1719,"column":3},"end":{"line":1719,"column":32}},"467":{"start":{"line":1720,"column":2},"end":{"line":1721,"column":21}},"468":{"start":{"line":1721,"column":3},"end":{"line":1721,"column":21}},"469":{"start":{"line":1730,"column":1},"end":{"line":1735,"column":3}},"470":{"start":{"line":1731,"column":2},"end":{"line":1732,"column":32}},"471":{"start":{"line":1732,"column":3},"end":{"line":1732,"column":32}},"472":{"start":{"line":1733,"column":2},"end":{"line":1734,"column":22}},"473":{"start":{"line":1734,"column":3},"end":{"line":1734,"column":22}},"474":{"start":{"line":1744,"column":1},"end":{"line":1750,"column":3}},"475":{"start":{"line":1745,"column":2},"end":{"line":1746,"column":20}},"476":{"start":{"line":1746,"column":3},"end":{"line":1746,"column":20}},"477":{"start":{"line":1747,"column":2},"end":{"line":1749,"column":3}},"478":{"start":{"line":1748,"column":3},"end":{"line":1748,"column":63}},"479":{"start":{"line":1759,"column":1},"end":{"line":1764,"column":3}},"480":{"start":{"line":1760,"column":2},"end":{"line":1761,"column":32}},"481":{"start":{"line":1761,"column":3},"end":{"line":1761,"column":32}},"482":{"start":{"line":1762,"column":12},"end":{"line":1762,"column":43}},"483":{"start":{"line":1763,"column":2},"end":{"line":1763,"column":88}},"484":{"start":{"line":1773,"column":1},"end":{"line":1779,"column":3}},"485":{"start":{"line":1774,"column":2},"end":{"line":1775,"column":41}},"486":{"start":{"line":1775,"column":3},"end":{"line":1775,"column":41}},"487":{"start":{"line":1776,"column":12},"end":{"line":1776,"column":43}},"488":{"start":{"line":1777,"column":2},"end":{"line":1778,"column":75}},"489":{"start":{"line":1778,"column":3},"end":{"line":1778,"column":75}},"490":{"start":{"line":1788,"column":1},"end":{"line":1794,"column":3}},"491":{"start":{"line":1789,"column":2},"end":{"line":1790,"column":56}},"492":{"start":{"line":1790,"column":3},"end":{"line":1790,"column":56}},"493":{"start":{"line":1791,"column":12},"end":{"line":1791,"column":43}},"494":{"start":{"line":1792,"column":2},"end":{"line":1793,"column":45}},"495":{"start":{"line":1793,"column":3},"end":{"line":1793,"column":45}},"496":{"start":{"line":1804,"column":1},"end":{"line":1819,"column":3}},"497":{"start":{"line":1805,"column":2},"end":{"line":1806,"column":56}},"498":{"start":{"line":1806,"column":3},"end":{"line":1806,"column":56}},"499":{"start":{"line":1807,"column":12},"end":{"line":1807,"column":43}},"500":{"start":{"line":1808,"column":2},"end":{"line":1809,"column":16}},"501":{"start":{"line":1809,"column":3},"end":{"line":1809,"column":16}},"502":{"start":{"line":1810,"column":2},"end":{"line":1818,"column":116}},"503":{"start":{"line":1811,"column":3},"end":{"line":1818,"column":116}},"504":{"start":{"line":1828,"column":1},"end":{"line":1837,"column":3}},"505":{"start":{"line":1829,"column":2},"end":{"line":1835,"column":3}},"506":{"start":{"line":1830,"column":3},"end":{"line":1834,"column":4}},"507":{"start":{"line":1830,"column":16},"end":{"line":1830,"column":17}},"508":{"start":{"line":1831,"column":12},"end":{"line":1831,"column":19}},"509":{"start":{"line":1832,"column":4},"end":{"line":1833,"column":20}},"510":{"start":{"line":1833,"column":5},"end":{"line":1833,"column":20}},"511":{"start":{"line":1836,"column":2},"end":{"line":1836,"column":14}},"512":{"start":{"line":1846,"column":1},"end":{"line":1852,"column":3}},"513":{"start":{"line":1847,"column":2},"end":{"line":1848,"column":20}},"514":{"start":{"line":1848,"column":3},"end":{"line":1848,"column":20}},"515":{"start":{"line":1849,"column":2},"end":{"line":1851,"column":3}},"516":{"start":{"line":1850,"column":3},"end":{"line":1850,"column":111}},"517":{"start":{"line":1860,"column":1},"end":{"line":1862,"column":3}},"518":{"start":{"line":1861,"column":2},"end":{"line":1861,"column":63}},"519":{"start":{"line":1870,"column":1},"end":{"line":1873,"column":3}},"520":{"start":{"line":1871,"column":10},"end":{"line":1871,"column":20}},"521":{"start":{"line":1872,"column":2},"end":{"line":1872,"column":110}},"522":{"start":{"line":1882,"column":13},"end":{"line":1882,"column":17}},"523":{"start":{"line":1883,"column":2},"end":{"line":1883,"column":20}},"524":{"start":{"line":1884,"column":10},"end":{"line":1884,"column":12}},"525":{"start":{"line":1885,"column":2},"end":{"line":1886,"column":55}},"526":{"start":{"line":1886,"column":3},"end":{"line":1886,"column":55}},"527":{"start":{"line":1887,"column":2},"end":{"line":1888,"column":33}},"528":{"start":{"line":1888,"column":3},"end":{"line":1888,"column":33}},"529":{"start":{"line":1889,"column":2},"end":{"line":1901,"column":5}},"530":{"start":{"line":1890,"column":11},"end":{"line":1890,"column":42}},"531":{"start":{"line":1891,"column":3},"end":{"line":1891,"column":112}},"532":{"start":{"line":1892,"column":3},"end":{"line":1898,"column":4}},"533":{"start":{"line":1893,"column":4},"end":{"line":1893,"column":74}},"534":{"start":{"line":1895,"column":4},"end":{"line":1895,"column":27}},"535":{"start":{"line":1896,"column":4},"end":{"line":1897,"column":39}},"536":{"start":{"line":1897,"column":5},"end":{"line":1897,"column":39}},"537":{"start":{"line":1900,"column":3},"end":{"line":1900,"column":64}},"538":{"start":{"line":1913,"column":1},"end":{"line":1919,"column":3}},"539":{"start":{"line":1914,"column":10},"end":{"line":1914,"column":19}},"540":{"start":{"line":1915,"column":2},"end":{"line":1915,"column":20}},"541":{"start":{"line":1916,"column":2},"end":{"line":1916,"column":58}},"542":{"start":{"line":1916,"column":43},"end":{"line":1916,"column":55}},"543":{"start":{"line":1917,"column":2},"end":{"line":1917,"column":74}},"544":{"start":{"line":1917,"column":45},"end":{"line":1917,"column":64}},"545":{"start":{"line":1918,"column":2},"end":{"line":1918,"column":19}},"546":{"start":{"line":1927,"column":13},"end":{"line":1927,"column":15}},"547":{"start":{"line":1928,"column":2},"end":{"line":1929,"column":61}},"548":{"start":{"line":1929,"column":3},"end":{"line":1929,"column":61}},"549":{"start":{"line":1930,"column":11},"end":{"line":1930,"column":80}},"550":{"start":{"line":1931,"column":2},"end":{"line":1932,"column":82}},"551":{"start":{"line":1932,"column":3},"end":{"line":1932,"column":82}},"552":{"start":{"line":1933,"column":11},"end":{"line":1933,"column":59}},"553":{"start":{"line":1934,"column":2},"end":{"line":1935,"column":83}},"554":{"start":{"line":1935,"column":3},"end":{"line":1935,"column":83}},"555":{"start":{"line":1936,"column":11},"end":{"line":1936,"column":54}},"556":{"start":{"line":1937,"column":2},"end":{"line":1938,"column":80}},"557":{"start":{"line":1938,"column":3},"end":{"line":1938,"column":80}},"558":{"start":{"line":1939,"column":2},"end":{"line":1939,"column":14}},"559":{"start":{"line":1948,"column":10},"end":{"line":1948,"column":12}},"560":{"start":{"line":1949,"column":2},"end":{"line":1949,"column":22}},"561":{"start":{"line":1949,"column":13},"end":{"line":1949,"column":22}},"562":{"start":{"line":1950,"column":10},"end":{"line":1950,"column":11}},"563":{"start":{"line":1951,"column":2},"end":{"line":1965,"column":3}},"564":{"start":{"line":1952,"column":11},"end":{"line":1952,"column":24}},"565":{"start":{"line":1953,"column":3},"end":{"line":1964,"column":4}},"566":{"start":{"line":1954,"column":4},"end":{"line":1955,"column":58}},"567":{"start":{"line":1955,"column":5},"end":{"line":1955,"column":58}},"568":{"start":{"line":1956,"column":4},"end":{"line":1956,"column":138}},"569":{"start":{"line":1957,"column":10},"end":{"line":1964,"column":4}},"570":{"start":{"line":1958,"column":4},"end":{"line":1958,"column":109}},"571":{"start":{"line":1959,"column":10},"end":{"line":1964,"column":4}},"572":{"start":{"line":1960,"column":4},"end":{"line":1961,"column":70}},"573":{"start":{"line":1960,"column":17},"end":{"line":1960,"column":18}},"574":{"start":{"line":1961,"column":5},"end":{"line":1961,"column":70}},"575":{"start":{"line":1963,"column":4},"end":{"line":1963,"column":66}},"576":{"start":{"line":1966,"column":2},"end":{"line":1966,"column":11}},"577":{"start":{"line":1977,"column":13},"end":{"line":1977,"column":17}},"578":{"start":{"line":1978,"column":2},"end":{"line":1978,"column":20}},"579":{"start":{"line":1979,"column":2},"end":{"line":1979,"column":31}},"580":{"start":{"line":1980,"column":2},"end":{"line":1995,"column":5}},"581":{"start":{"line":1981,"column":11},"end":{"line":1981,"column":42}},"582":{"start":{"line":1982,"column":3},"end":{"line":1982,"column":110}},"583":{"start":{"line":1983,"column":3},"end":{"line":1992,"column":4}},"584":{"start":{"line":1984,"column":4},"end":{"line":1984,"column":74}},"585":{"start":{"line":1986,"column":4},"end":{"line":1986,"column":34}},"586":{"start":{"line":1987,"column":4},"end":{"line":1987,"column":71}},"587":{"start":{"line":1988,"column":4},"end":{"line":1988,"column":80}},"588":{"start":{"line":1989,"column":4},"end":{"line":1989,"column":19}},"589":{"start":{"line":1990,"column":4},"end":{"line":1991,"column":37}},"590":{"start":{"line":1991,"column":5},"end":{"line":1991,"column":37}},"591":{"start":{"line":1994,"column":3},"end":{"line":1994,"column":64}},"592":{"start":{"line":2006,"column":1},"end":{"line":2012,"column":3}},"593":{"start":{"line":2007,"column":10},"end":{"line":2007,"column":19}},"594":{"start":{"line":2008,"column":2},"end":{"line":2008,"column":20}},"595":{"start":{"line":2009,"column":2},"end":{"line":2009,"column":58}},"596":{"start":{"line":2009,"column":43},"end":{"line":2009,"column":55}},"597":{"start":{"line":2010,"column":2},"end":{"line":2010,"column":74}},"598":{"start":{"line":2010,"column":38},"end":{"line":2010,"column":55}},"599":{"start":{"line":2011,"column":2},"end":{"line":2011,"column":19}},"600":{"start":{"line":2019,"column":1},"end":{"line":2019,"column":28}},"601":{"start":{"line":2029,"column":13},"end":{"line":2029,"column":17}},"602":{"start":{"line":2030,"column":2},"end":{"line":2030,"column":20}},"603":{"start":{"line":2031,"column":10},"end":{"line":2031,"column":27}},"604":{"start":{"line":2032,"column":2},"end":{"line":2033,"column":35}},"605":{"start":{"line":2033,"column":3},"end":{"line":2033,"column":35}},"606":{"start":{"line":2034,"column":2},"end":{"line":2034,"column":45}},"607":{"start":{"line":2034,"column":28},"end":{"line":2034,"column":45}},"608":{"start":{"line":2035,"column":2},"end":{"line":2035,"column":49}},"609":{"start":{"line":2035,"column":27},"end":{"line":2035,"column":49}},"610":{"start":{"line":2036,"column":2},"end":{"line":2036,"column":31}},"611":{"start":{"line":2037,"column":2},"end":{"line":2054,"column":5}},"612":{"start":{"line":2038,"column":11},"end":{"line":2038,"column":42}},"613":{"start":{"line":2039,"column":3},"end":{"line":2039,"column":108}},"614":{"start":{"line":2040,"column":3},"end":{"line":2051,"column":4}},"615":{"start":{"line":2041,"column":4},"end":{"line":2041,"column":74}},"616":{"start":{"line":2043,"column":4},"end":{"line":2044,"column":37}},"617":{"start":{"line":2044,"column":5},"end":{"line":2044,"column":37}},"618":{"start":{"line":2045,"column":4},"end":{"line":2045,"column":34}},"619":{"start":{"line":2046,"column":4},"end":{"line":2046,"column":71}},"620":{"start":{"line":2047,"column":4},"end":{"line":2047,"column":80}},"621":{"start":{"line":2048,"column":4},"end":{"line":2048,"column":32}},"622":{"start":{"line":2049,"column":4},"end":{"line":2050,"column":36}},"623":{"start":{"line":2050,"column":5},"end":{"line":2050,"column":36}},"624":{"start":{"line":2053,"column":3},"end":{"line":2053,"column":64}},"625":{"start":{"line":2068,"column":1},"end":{"line":2074,"column":3}},"626":{"start":{"line":2069,"column":10},"end":{"line":2069,"column":19}},"627":{"start":{"line":2070,"column":2},"end":{"line":2070,"column":20}},"628":{"start":{"line":2071,"column":2},"end":{"line":2071,"column":58}},"629":{"start":{"line":2071,"column":43},"end":{"line":2071,"column":55}},"630":{"start":{"line":2072,"column":2},"end":{"line":2072,"column":73}},"631":{"start":{"line":2072,"column":38},"end":{"line":2072,"column":54}},"632":{"start":{"line":2073,"column":2},"end":{"line":2073,"column":19}},"633":{"start":{"line":2084,"column":13},"end":{"line":2084,"column":17}},"634":{"start":{"line":2085,"column":2},"end":{"line":2085,"column":20}},"635":{"start":{"line":2086,"column":10},"end":{"line":2086,"column":27}},"636":{"start":{"line":2087,"column":12},"end":{"line":2087,"column":25}},"637":{"start":{"line":2088,"column":2},"end":{"line":2089,"column":46}},"638":{"start":{"line":2089,"column":3},"end":{"line":2089,"column":46}},"639":{"start":{"line":2090,"column":2},"end":{"line":2094,"column":3}},"640":{"start":{"line":2091,"column":3},"end":{"line":2093,"column":4}},"641":{"start":{"line":2091,"column":16},"end":{"line":2091,"column":17}},"642":{"start":{"line":2092,"column":4},"end":{"line":2092,"column":76}},"643":{"start":{"line":2095,"column":2},"end":{"line":2095,"column":38}},"644":{"start":{"line":2095,"column":21},"end":{"line":2095,"column":38}},"645":{"start":{"line":2096,"column":2},"end":{"line":2096,"column":40}},"646":{"start":{"line":2096,"column":19},"end":{"line":2096,"column":40}},"647":{"start":{"line":2097,"column":2},"end":{"line":2114,"column":5}},"648":{"start":{"line":2098,"column":11},"end":{"line":2098,"column":42}},"649":{"start":{"line":2099,"column":3},"end":{"line":2099,"column":105}},"650":{"start":{"line":2100,"column":3},"end":{"line":2111,"column":4}},"651":{"start":{"line":2101,"column":4},"end":{"line":2101,"column":74}},"652":{"start":{"line":2103,"column":4},"end":{"line":2104,"column":37}},"653":{"start":{"line":2104,"column":5},"end":{"line":2104,"column":37}},"654":{"start":{"line":2105,"column":4},"end":{"line":2108,"column":51}},"655":{"start":{"line":2106,"column":5},"end":{"line":2106,"column":61}},"656":{"start":{"line":2108,"column":5},"end":{"line":2108,"column":51}},"657":{"start":{"line":2109,"column":4},"end":{"line":2110,"column":54}},"658":{"start":{"line":2110,"column":5},"end":{"line":2110,"column":54}},"659":{"start":{"line":2113,"column":3},"end":{"line":2113,"column":64}},"660":{"start":{"line":2128,"column":1},"end":{"line":2134,"column":3}},"661":{"start":{"line":2129,"column":10},"end":{"line":2129,"column":19}},"662":{"start":{"line":2130,"column":2},"end":{"line":2130,"column":20}},"663":{"start":{"line":2131,"column":2},"end":{"line":2131,"column":58}},"664":{"start":{"line":2131,"column":43},"end":{"line":2131,"column":55}},"665":{"start":{"line":2132,"column":2},"end":{"line":2132,"column":66}},"666":{"start":{"line":2132,"column":34},"end":{"line":2132,"column":49}},"667":{"start":{"line":2133,"column":2},"end":{"line":2133,"column":19}},"668":{"start":{"line":2143,"column":2},"end":{"line":2143,"column":20}},"669":{"start":{"line":2144,"column":2},"end":{"line":2144,"column":23}},"670":{"start":{"line":2145,"column":2},"end":{"line":2145,"column":21}},"671":{"start":{"line":2146,"column":2},"end":{"line":2146,"column":42}},"672":{"start":{"line":2147,"column":2},"end":{"line":2147,"column":73}},"673":{"start":{"line":2158,"column":1},"end":{"line":2164,"column":3}},"674":{"start":{"line":2159,"column":10},"end":{"line":2159,"column":19}},"675":{"start":{"line":2160,"column":2},"end":{"line":2160,"column":20}},"676":{"start":{"line":2161,"column":2},"end":{"line":2161,"column":58}},"677":{"start":{"line":2161,"column":43},"end":{"line":2161,"column":55}},"678":{"start":{"line":2162,"column":2},"end":{"line":2162,"column":68}},"679":{"start":{"line":2162,"column":43},"end":{"line":2162,"column":58}},"680":{"start":{"line":2163,"column":2},"end":{"line":2163,"column":19}},"681":{"start":{"line":2174,"column":2},"end":{"line":2174,"column":20}},"682":{"start":{"line":2175,"column":2},"end":{"line":2175,"column":23}},"683":{"start":{"line":2176,"column":2},"end":{"line":2176,"column":21}},"684":{"start":{"line":2177,"column":2},"end":{"line":2177,"column":42}},"685":{"start":{"line":2178,"column":2},"end":{"line":2178,"column":41}},"686":{"start":{"line":2190,"column":1},"end":{"line":2196,"column":3}},"687":{"start":{"line":2191,"column":10},"end":{"line":2191,"column":19}},"688":{"start":{"line":2192,"column":2},"end":{"line":2192,"column":20}},"689":{"start":{"line":2193,"column":2},"end":{"line":2193,"column":58}},"690":{"start":{"line":2193,"column":43},"end":{"line":2193,"column":55}},"691":{"start":{"line":2194,"column":2},"end":{"line":2194,"column":75}},"692":{"start":{"line":2194,"column":43},"end":{"line":2194,"column":58}},"693":{"start":{"line":2195,"column":2},"end":{"line":2195,"column":19}},"694":{"start":{"line":2206,"column":2},"end":{"line":2206,"column":20}},"695":{"start":{"line":2207,"column":2},"end":{"line":2207,"column":23}},"696":{"start":{"line":2208,"column":2},"end":{"line":2208,"column":21}},"697":{"start":{"line":2209,"column":2},"end":{"line":2209,"column":40}},"698":{"start":{"line":2210,"column":2},"end":{"line":2210,"column":41}},"699":{"start":{"line":2222,"column":1},"end":{"line":2228,"column":3}},"700":{"start":{"line":2223,"column":10},"end":{"line":2223,"column":19}},"701":{"start":{"line":2224,"column":2},"end":{"line":2224,"column":20}},"702":{"start":{"line":2225,"column":2},"end":{"line":2225,"column":58}},"703":{"start":{"line":2225,"column":43},"end":{"line":2225,"column":55}},"704":{"start":{"line":2226,"column":2},"end":{"line":2226,"column":73}},"705":{"start":{"line":2226,"column":41},"end":{"line":2226,"column":56}},"706":{"start":{"line":2227,"column":2},"end":{"line":2227,"column":19}},"707":{"start":{"line":2238,"column":2},"end":{"line":2238,"column":20}},"708":{"start":{"line":2239,"column":2},"end":{"line":2239,"column":23}},"709":{"start":{"line":2240,"column":2},"end":{"line":2240,"column":21}},"710":{"start":{"line":2241,"column":2},"end":{"line":2241,"column":42}},"711":{"start":{"line":2242,"column":2},"end":{"line":2242,"column":41}},"712":{"start":{"line":2254,"column":1},"end":{"line":2260,"column":3}},"713":{"start":{"line":2255,"column":10},"end":{"line":2255,"column":19}},"714":{"start":{"line":2256,"column":2},"end":{"line":2256,"column":20}},"715":{"start":{"line":2257,"column":2},"end":{"line":2257,"column":58}},"716":{"start":{"line":2257,"column":43},"end":{"line":2257,"column":55}},"717":{"start":{"line":2258,"column":2},"end":{"line":2258,"column":75}},"718":{"start":{"line":2258,"column":43},"end":{"line":2258,"column":58}},"719":{"start":{"line":2259,"column":2},"end":{"line":2259,"column":19}},"720":{"start":{"line":2268,"column":1},"end":{"line":2272,"column":3}},"721":{"start":{"line":2269,"column":2},"end":{"line":2269,"column":27}},"722":{"start":{"line":2270,"column":2},"end":{"line":2271,"column":41}},"723":{"start":{"line":2271,"column":3},"end":{"line":2271,"column":41}},"724":{"start":{"line":2282,"column":13},"end":{"line":2282,"column":17}},"725":{"start":{"line":2283,"column":2},"end":{"line":2283,"column":20}},"726":{"start":{"line":2284,"column":10},"end":{"line":2284,"column":27}},"727":{"start":{"line":2285,"column":2},"end":{"line":2297,"column":5}},"728":{"start":{"line":2286,"column":11},"end":{"line":2286,"column":42}},"729":{"start":{"line":2287,"column":3},"end":{"line":2287,"column":110}},"730":{"start":{"line":2288,"column":3},"end":{"line":2294,"column":4}},"731":{"start":{"line":2289,"column":4},"end":{"line":2289,"column":74}},"732":{"start":{"line":2291,"column":4},"end":{"line":2291,"column":27}},"733":{"start":{"line":2292,"column":4},"end":{"line":2293,"column":36}},"734":{"start":{"line":2293,"column":5},"end":{"line":2293,"column":36}},"735":{"start":{"line":2296,"column":3},"end":{"line":2296,"column":64}},"736":{"start":{"line":2308,"column":1},"end":{"line":2314,"column":3}},"737":{"start":{"line":2309,"column":10},"end":{"line":2309,"column":19}},"738":{"start":{"line":2310,"column":2},"end":{"line":2310,"column":20}},"739":{"start":{"line":2311,"column":2},"end":{"line":2311,"column":58}},"740":{"start":{"line":2311,"column":43},"end":{"line":2311,"column":55}},"741":{"start":{"line":2312,"column":2},"end":{"line":2312,"column":65}},"742":{"start":{"line":2312,"column":37},"end":{"line":2312,"column":50}},"743":{"start":{"line":2313,"column":2},"end":{"line":2313,"column":19}},"744":{"start":{"line":2324,"column":2},"end":{"line":2325,"column":20}},"745":{"start":{"line":2325,"column":3},"end":{"line":2325,"column":20}},"746":{"start":{"line":2326,"column":14},"end":{"line":2326,"column":49}},"747":{"start":{"line":2327,"column":2},"end":{"line":2330,"column":44}},"748":{"start":{"line":2328,"column":3},"end":{"line":2328,"column":44}},"749":{"start":{"line":2330,"column":3},"end":{"line":2330,"column":44}},"750":{"start":{"line":2341,"column":1},"end":{"line":2347,"column":3}},"751":{"start":{"line":2342,"column":10},"end":{"line":2342,"column":19}},"752":{"start":{"line":2343,"column":2},"end":{"line":2343,"column":20}},"753":{"start":{"line":2344,"column":2},"end":{"line":2344,"column":58}},"754":{"start":{"line":2344,"column":43},"end":{"line":2344,"column":55}},"755":{"start":{"line":2345,"column":2},"end":{"line":2345,"column":61}},"756":{"start":{"line":2345,"column":33},"end":{"line":2345,"column":46}},"757":{"start":{"line":2346,"column":2},"end":{"line":2346,"column":19}},"758":{"start":{"line":2357,"column":13},"end":{"line":2357,"column":17}},"759":{"start":{"line":2358,"column":2},"end":{"line":2359,"column":20}},"760":{"start":{"line":2359,"column":3},"end":{"line":2359,"column":20}},"761":{"start":{"line":2360,"column":2},"end":{"line":2360,"column":20}},"762":{"start":{"line":2361,"column":10},"end":{"line":2361,"column":27}},"763":{"start":{"line":2362,"column":2},"end":{"line":2374,"column":5}},"764":{"start":{"line":2363,"column":11},"end":{"line":2363,"column":42}},"765":{"start":{"line":2364,"column":3},"end":{"line":2364,"column":108}},"766":{"start":{"line":2365,"column":3},"end":{"line":2371,"column":4}},"767":{"start":{"line":2366,"column":4},"end":{"line":2366,"column":74}},"768":{"start":{"line":2368,"column":4},"end":{"line":2368,"column":63}},"769":{"start":{"line":2369,"column":4},"end":{"line":2370,"column":36}},"770":{"start":{"line":2370,"column":5},"end":{"line":2370,"column":36}},"771":{"start":{"line":2373,"column":3},"end":{"line":2373,"column":64}},"772":{"start":{"line":2385,"column":1},"end":{"line":2392,"column":3}},"773":{"start":{"line":2386,"column":2},"end":{"line":2386,"column":53}},"774":{"start":{"line":2387,"column":10},"end":{"line":2387,"column":19}},"775":{"start":{"line":2388,"column":2},"end":{"line":2388,"column":20}},"776":{"start":{"line":2389,"column":2},"end":{"line":2389,"column":58}},"777":{"start":{"line":2389,"column":43},"end":{"line":2389,"column":55}},"778":{"start":{"line":2390,"column":2},"end":{"line":2390,"column":63}},"779":{"start":{"line":2390,"column":35},"end":{"line":2390,"column":48}},"780":{"start":{"line":2391,"column":2},"end":{"line":2391,"column":19}},"781":{"start":{"line":2402,"column":13},"end":{"line":2402,"column":17}},"782":{"start":{"line":2403,"column":2},"end":{"line":2404,"column":20}},"783":{"start":{"line":2404,"column":3},"end":{"line":2404,"column":20}},"784":{"start":{"line":2405,"column":2},"end":{"line":2405,"column":20}},"785":{"start":{"line":2406,"column":10},"end":{"line":2406,"column":27}},"786":{"start":{"line":2407,"column":2},"end":{"line":2419,"column":5}},"787":{"start":{"line":2408,"column":11},"end":{"line":2408,"column":42}},"788":{"start":{"line":2409,"column":3},"end":{"line":2409,"column":108}},"789":{"start":{"line":2410,"column":3},"end":{"line":2416,"column":4}},"790":{"start":{"line":2411,"column":4},"end":{"line":2411,"column":74}},"791":{"start":{"line":2413,"column":4},"end":{"line":2413,"column":63}},"792":{"start":{"line":2414,"column":4},"end":{"line":2415,"column":36}},"793":{"start":{"line":2415,"column":5},"end":{"line":2415,"column":36}},"794":{"start":{"line":2418,"column":3},"end":{"line":2418,"column":64}},"795":{"start":{"line":2430,"column":1},"end":{"line":2436,"column":3}},"796":{"start":{"line":2431,"column":10},"end":{"line":2431,"column":19}},"797":{"start":{"line":2432,"column":2},"end":{"line":2432,"column":20}},"798":{"start":{"line":2433,"column":2},"end":{"line":2433,"column":58}},"799":{"start":{"line":2433,"column":43},"end":{"line":2433,"column":55}},"800":{"start":{"line":2434,"column":2},"end":{"line":2434,"column":63}},"801":{"start":{"line":2434,"column":35},"end":{"line":2434,"column":48}},"802":{"start":{"line":2435,"column":2},"end":{"line":2435,"column":19}},"803":{"start":{"line":2446,"column":13},"end":{"line":2446,"column":17}},"804":{"start":{"line":2447,"column":2},"end":{"line":2448,"column":20}},"805":{"start":{"line":2448,"column":3},"end":{"line":2448,"column":20}},"806":{"start":{"line":2449,"column":2},"end":{"line":2449,"column":20}},"807":{"start":{"line":2450,"column":2},"end":{"line":2463,"column":5}},"808":{"start":{"line":2451,"column":11},"end":{"line":2451,"column":42}},"809":{"start":{"line":2452,"column":3},"end":{"line":2452,"column":105}},"810":{"start":{"line":2453,"column":3},"end":{"line":2460,"column":4}},"811":{"start":{"line":2454,"column":4},"end":{"line":2454,"column":74}},"812":{"start":{"line":2456,"column":4},"end":{"line":2456,"column":26}},"813":{"start":{"line":2457,"column":4},"end":{"line":2457,"column":31}},"814":{"start":{"line":2458,"column":4},"end":{"line":2459,"column":37}},"815":{"start":{"line":2459,"column":5},"end":{"line":2459,"column":37}},"816":{"start":{"line":2462,"column":3},"end":{"line":2462,"column":64}},"817":{"start":{"line":2474,"column":1},"end":{"line":2480,"column":3}},"818":{"start":{"line":2475,"column":10},"end":{"line":2475,"column":19}},"819":{"start":{"line":2476,"column":2},"end":{"line":2476,"column":20}},"820":{"start":{"line":2477,"column":2},"end":{"line":2477,"column":58}},"821":{"start":{"line":2477,"column":43},"end":{"line":2477,"column":55}},"822":{"start":{"line":2478,"column":2},"end":{"line":2478,"column":60}},"823":{"start":{"line":2478,"column":32},"end":{"line":2478,"column":45}},"824":{"start":{"line":2479,"column":2},"end":{"line":2479,"column":19}},"825":{"start":{"line":2491,"column":13},"end":{"line":2491,"column":17}},"826":{"start":{"line":2492,"column":2},"end":{"line":2492,"column":20}},"827":{"start":{"line":2493,"column":2},"end":{"line":2505,"column":5}},"828":{"start":{"line":2494,"column":11},"end":{"line":2494,"column":42}},"829":{"start":{"line":2495,"column":3},"end":{"line":2495,"column":124}},"830":{"start":{"line":2496,"column":3},"end":{"line":2502,"column":4}},"831":{"start":{"line":2497,"column":4},"end":{"line":2497,"column":74}},"832":{"start":{"line":2499,"column":17},"end":{"line":2499,"column":34}},"833":{"start":{"line":2500,"column":4},"end":{"line":2501,"column":33}},"834":{"start":{"line":2501,"column":5},"end":{"line":2501,"column":33}},"835":{"start":{"line":2504,"column":3},"end":{"line":2504,"column":64}},"836":{"start":{"line":2518,"column":1},"end":{"line":2524,"column":3}},"837":{"start":{"line":2519,"column":10},"end":{"line":2519,"column":19}},"838":{"start":{"line":2520,"column":2},"end":{"line":2520,"column":20}},"839":{"start":{"line":2521,"column":2},"end":{"line":2521,"column":58}},"840":{"start":{"line":2521,"column":43},"end":{"line":2521,"column":55}},"841":{"start":{"line":2522,"column":2},"end":{"line":2522,"column":77}},"842":{"start":{"line":2522,"column":37},"end":{"line":2522,"column":52}},"843":{"start":{"line":2523,"column":2},"end":{"line":2523,"column":19}},"844":{"start":{"line":2534,"column":13},"end":{"line":2534,"column":17}},"845":{"start":{"line":2535,"column":2},"end":{"line":2535,"column":20}},"846":{"start":{"line":2536,"column":2},"end":{"line":2537,"column":31}},"847":{"start":{"line":2537,"column":3},"end":{"line":2537,"column":31}},"848":{"start":{"line":2538,"column":2},"end":{"line":2550,"column":5}},"849":{"start":{"line":2539,"column":11},"end":{"line":2539,"column":42}},"850":{"start":{"line":2540,"column":3},"end":{"line":2540,"column":128}},"851":{"start":{"line":2541,"column":3},"end":{"line":2547,"column":4}},"852":{"start":{"line":2542,"column":4},"end":{"line":2542,"column":74}},"853":{"start":{"line":2544,"column":4},"end":{"line":2544,"column":35}},"854":{"start":{"line":2545,"column":4},"end":{"line":2546,"column":44}},"855":{"start":{"line":2546,"column":5},"end":{"line":2546,"column":44}},"856":{"start":{"line":2549,"column":3},"end":{"line":2549,"column":64}},"857":{"start":{"line":2562,"column":1},"end":{"line":2568,"column":3}},"858":{"start":{"line":2563,"column":10},"end":{"line":2563,"column":19}},"859":{"start":{"line":2564,"column":2},"end":{"line":2564,"column":20}},"860":{"start":{"line":2565,"column":2},"end":{"line":2565,"column":58}},"861":{"start":{"line":2565,"column":43},"end":{"line":2565,"column":55}},"862":{"start":{"line":2566,"column":2},"end":{"line":2566,"column":69}},"863":{"start":{"line":2566,"column":39},"end":{"line":2566,"column":54}},"864":{"start":{"line":2567,"column":2},"end":{"line":2567,"column":19}},"865":{"start":{"line":2579,"column":13},"end":{"line":2579,"column":17}},"866":{"start":{"line":2580,"column":2},"end":{"line":2580,"column":20}},"867":{"start":{"line":2581,"column":2},"end":{"line":2582,"column":31}},"868":{"start":{"line":2582,"column":3},"end":{"line":2582,"column":31}},"869":{"start":{"line":2583,"column":10},"end":{"line":2583,"column":12}},"870":{"start":{"line":2584,"column":2},"end":{"line":2585,"column":29}},"871":{"start":{"line":2585,"column":3},"end":{"line":2585,"column":29}},"872":{"start":{"line":2586,"column":2},"end":{"line":2587,"column":37}},"873":{"start":{"line":2587,"column":3},"end":{"line":2587,"column":37}},"874":{"start":{"line":2588,"column":2},"end":{"line":2599,"column":5}},"875":{"start":{"line":2589,"column":11},"end":{"line":2589,"column":42}},"876":{"start":{"line":2590,"column":3},"end":{"line":2590,"column":120}},"877":{"start":{"line":2591,"column":3},"end":{"line":2596,"column":4}},"878":{"start":{"line":2592,"column":4},"end":{"line":2592,"column":74}},"879":{"start":{"line":2594,"column":4},"end":{"line":2595,"column":68}},"880":{"start":{"line":2595,"column":5},"end":{"line":2595,"column":68}},"881":{"start":{"line":2598,"column":3},"end":{"line":2598,"column":64}},"882":{"start":{"line":2611,"column":1},"end":{"line":2617,"column":3}},"883":{"start":{"line":2612,"column":10},"end":{"line":2612,"column":19}},"884":{"start":{"line":2613,"column":2},"end":{"line":2613,"column":20}},"885":{"start":{"line":2614,"column":2},"end":{"line":2614,"column":58}},"886":{"start":{"line":2614,"column":43},"end":{"line":2614,"column":55}},"887":{"start":{"line":2615,"column":2},"end":{"line":2615,"column":72}},"888":{"start":{"line":2615,"column":36},"end":{"line":2615,"column":51}},"889":{"start":{"line":2616,"column":2},"end":{"line":2616,"column":19}},"890":{"start":{"line":2628,"column":13},"end":{"line":2628,"column":17}},"891":{"start":{"line":2629,"column":2},"end":{"line":2629,"column":20}},"892":{"start":{"line":2630,"column":10},"end":{"line":2630,"column":25}},"893":{"start":{"line":2631,"column":2},"end":{"line":2631,"column":29}},"894":{"start":{"line":2631,"column":13},"end":{"line":2631,"column":29}},"895":{"start":{"line":2632,"column":2},"end":{"line":2644,"column":5}},"896":{"start":{"line":2633,"column":11},"end":{"line":2633,"column":42}},"897":{"start":{"line":2634,"column":3},"end":{"line":2634,"column":130}},"898":{"start":{"line":2635,"column":3},"end":{"line":2641,"column":4}},"899":{"start":{"line":2636,"column":4},"end":{"line":2636,"column":74}},"900":{"start":{"line":2638,"column":17},"end":{"line":2638,"column":34}},"901":{"start":{"line":2639,"column":4},"end":{"line":2640,"column":33}},"902":{"start":{"line":2640,"column":5},"end":{"line":2640,"column":33}},"903":{"start":{"line":2643,"column":3},"end":{"line":2643,"column":64}},"904":{"start":{"line":2656,"column":1},"end":{"line":2662,"column":3}},"905":{"start":{"line":2657,"column":10},"end":{"line":2657,"column":19}},"906":{"start":{"line":2658,"column":2},"end":{"line":2658,"column":20}},"907":{"start":{"line":2659,"column":2},"end":{"line":2659,"column":58}},"908":{"start":{"line":2659,"column":43},"end":{"line":2659,"column":55}},"909":{"start":{"line":2660,"column":2},"end":{"line":2660,"column":76}},"910":{"start":{"line":2660,"column":40},"end":{"line":2660,"column":52}},"911":{"start":{"line":2661,"column":2},"end":{"line":2661,"column":19}},"912":{"start":{"line":2672,"column":13},"end":{"line":2672,"column":17}},"913":{"start":{"line":2673,"column":2},"end":{"line":2673,"column":20}},"914":{"start":{"line":2674,"column":10},"end":{"line":2674,"column":25}},"915":{"start":{"line":2675,"column":2},"end":{"line":2687,"column":5}},"916":{"start":{"line":2676,"column":11},"end":{"line":2676,"column":42}},"917":{"start":{"line":2677,"column":3},"end":{"line":2677,"column":130}},"918":{"start":{"line":2678,"column":3},"end":{"line":2684,"column":4}},"919":{"start":{"line":2679,"column":4},"end":{"line":2679,"column":74}},"920":{"start":{"line":2681,"column":17},"end":{"line":2681,"column":34}},"921":{"start":{"line":2682,"column":4},"end":{"line":2683,"column":33}},"922":{"start":{"line":2683,"column":5},"end":{"line":2683,"column":33}},"923":{"start":{"line":2686,"column":3},"end":{"line":2686,"column":64}},"924":{"start":{"line":2698,"column":1},"end":{"line":2704,"column":3}},"925":{"start":{"line":2699,"column":10},"end":{"line":2699,"column":19}},"926":{"start":{"line":2700,"column":2},"end":{"line":2700,"column":20}},"927":{"start":{"line":2701,"column":2},"end":{"line":2701,"column":58}},"928":{"start":{"line":2701,"column":43},"end":{"line":2701,"column":55}},"929":{"start":{"line":2702,"column":2},"end":{"line":2702,"column":79}},"930":{"start":{"line":2702,"column":45},"end":{"line":2702,"column":62}},"931":{"start":{"line":2703,"column":2},"end":{"line":2703,"column":19}},"932":{"start":{"line":2712,"column":1},"end":{"line":2714,"column":3}},"933":{"start":{"line":2713,"column":2},"end":{"line":2713,"column":87}},"934":{"start":{"line":2729,"column":1},"end":{"line":2729,"column":18}},"935":{"start":{"line":2745,"column":1},"end":{"line":2745,"column":20}},"936":{"start":{"line":2751,"column":1},"end":{"line":2751,"column":50}},"937":{"start":{"line":2757,"column":1},"end":{"line":2757,"column":78}},"938":{"start":{"line":2764,"column":1},"end":{"line":2766,"column":3}},"939":{"start":{"line":2765,"column":2},"end":{"line":2765,"column":28}},"940":{"start":{"line":2773,"column":1},"end":{"line":2787,"column":3}},"941":{"start":{"line":2774,"column":10},"end":{"line":2774,"column":12}},"942":{"start":{"line":2775,"column":2},"end":{"line":2775,"column":24}},"943":{"start":{"line":2775,"column":15},"end":{"line":2775,"column":24}},"944":{"start":{"line":2776,"column":10},"end":{"line":2776,"column":11}},"945":{"start":{"line":2777,"column":2},"end":{"line":2785,"column":3}},"946":{"start":{"line":2778,"column":11},"end":{"line":2778,"column":26}},"947":{"start":{"line":2779,"column":3},"end":{"line":2784,"column":4}},"948":{"start":{"line":2780,"column":4},"end":{"line":2781,"column":70}},"949":{"start":{"line":2780,"column":17},"end":{"line":2780,"column":18}},"950":{"start":{"line":2781,"column":5},"end":{"line":2781,"column":70}},"951":{"start":{"line":2783,"column":4},"end":{"line":2783,"column":66}},"952":{"start":{"line":2786,"column":2},"end":{"line":2786,"column":11}},"953":{"start":{"line":2798,"column":13},"end":{"line":2798,"column":17}},"954":{"start":{"line":2799,"column":2},"end":{"line":2799,"column":20}},"955":{"start":{"line":2800,"column":10},"end":{"line":2800,"column":12}},"956":{"start":{"line":2801,"column":2},"end":{"line":2802,"column":37}},"957":{"start":{"line":2802,"column":3},"end":{"line":2802,"column":37}},"958":{"start":{"line":2803,"column":10},"end":{"line":2803,"column":61}},"959":{"start":{"line":2804,"column":10},"end":{"line":2804,"column":12}},"960":{"start":{"line":2805,"column":2},"end":{"line":2806,"column":40}},"961":{"start":{"line":2806,"column":3},"end":{"line":2806,"column":40}},"962":{"start":{"line":2807,"column":10},"end":{"line":2807,"column":45}},"963":{"start":{"line":2808,"column":2},"end":{"line":2817,"column":3}},"964":{"start":{"line":2809,"column":3},"end":{"line":2809,"column":91}},"965":{"start":{"line":2810,"column":3},"end":{"line":2810,"column":39}},"966":{"start":{"line":2812,"column":3},"end":{"line":2812,"column":41}},"967":{"start":{"line":2813,"column":3},"end":{"line":2816,"column":4}},"968":{"start":{"line":2814,"column":4},"end":{"line":2814,"column":90}},"969":{"start":{"line":2815,"column":4},"end":{"line":2815,"column":24}},"970":{"start":{"line":2818,"column":2},"end":{"line":2834,"column":5}},"971":{"start":{"line":2827,"column":3},"end":{"line":2828,"column":59}},"972":{"start":{"line":2828,"column":4},"end":{"line":2828,"column":59}},"973":{"start":{"line":2830,"column":3},"end":{"line":2833,"column":14}},"974":{"start":{"line":2831,"column":4},"end":{"line":2831,"column":31}},"975":{"start":{"line":2833,"column":4},"end":{"line":2833,"column":14}},"976":{"start":{"line":2848,"column":1},"end":{"line":2854,"column":3}},"977":{"start":{"line":2849,"column":10},"end":{"line":2849,"column":19}},"978":{"start":{"line":2850,"column":2},"end":{"line":2850,"column":20}},"979":{"start":{"line":2851,"column":2},"end":{"line":2851,"column":58}},"980":{"start":{"line":2851,"column":43},"end":{"line":2851,"column":55}},"981":{"start":{"line":2852,"column":2},"end":{"line":2852,"column":78}},"982":{"start":{"line":2852,"column":37},"end":{"line":2852,"column":54}},"983":{"start":{"line":2853,"column":2},"end":{"line":2853,"column":19}},"984":{"start":{"line":2857,"column":0},"end":{"line":2864,"column":2}}},"fnMap":{"0":{"name":"session","decl":{"start":{"line":363,"column":9},"end":{"line":363,"column":16}},"loc":{"start":{"line":363,"column":25},"end":{"line":365,"column":1}},"line":363},"1":{"name":"Session","decl":{"start":{"line":387,"column":9},"end":{"line":387,"column":16}},"loc":{"start":{"line":387,"column":25},"end":{"line":1189,"column":1}},"line":387},"2":{"name":"(anonymous_2)","decl":{"start":{"line":407,"column":33},"end":{"line":407,"column":34}},"loc":{"start":{"line":407,"column":47},"end":{"line":409,"column":2}},"line":407},"3":{"name":"(anonymous_3)","decl":{"start":{"line":416,"column":34},"end":{"line":416,"column":35}},"loc":{"start":{"line":416,"column":48},"end":{"line":418,"column":2}},"line":416},"4":{"name":"(anonymous_4)","decl":{"start":{"line":425,"column":38},"end":{"line":425,"column":39}},"loc":{"start":{"line":425,"column":52},"end":{"line":427,"column":2}},"line":425},"5":{"name":"(anonymous_5)","decl":{"start":{"line":434,"column":37},"end":{"line":434,"column":38}},"loc":{"start":{"line":434,"column":51},"end":{"line":436,"column":2}},"line":434},"6":{"name":"(anonymous_6)","decl":{"start":{"line":445,"column":37},"end":{"line":445,"column":38}},"loc":{"start":{"line":445,"column":51},"end":{"line":448,"column":2}},"line":445},"7":{"name":"(anonymous_7)","decl":{"start":{"line":529,"column":20},"end":{"line":529,"column":21}},"loc":{"start":{"line":529,"column":34},"end":{"line":531,"column":2}},"line":529},"8":{"name":"(anonymous_8)","decl":{"start":{"line":544,"column":20},"end":{"line":544,"column":21}},"loc":{"start":{"line":544,"column":34},"end":{"line":546,"column":2}},"line":544},"9":{"name":"(anonymous_9)","decl":{"start":{"line":559,"column":21},"end":{"line":559,"column":22}},"loc":{"start":{"line":559,"column":35},"end":{"line":561,"column":2}},"line":559},"10":{"name":"(anonymous_10)","decl":{"start":{"line":577,"column":34},"end":{"line":577,"column":35}},"loc":{"start":{"line":577,"column":59},"end":{"line":579,"column":2}},"line":577},"11":{"name":"(anonymous_11)","decl":{"start":{"line":585,"column":14},"end":{"line":585,"column":15}},"loc":{"start":{"line":585,"column":25},"end":{"line":599,"column":2}},"line":585},"12":{"name":"(anonymous_12)","decl":{"start":{"line":605,"column":27},"end":{"line":605,"column":28}},"loc":{"start":{"line":605,"column":38},"end":{"line":609,"column":2}},"line":605},"13":{"name":"(anonymous_13)","decl":{"start":{"line":615,"column":29},"end":{"line":615,"column":30}},"loc":{"start":{"line":615,"column":40},"end":{"line":619,"column":2}},"line":615},"14":{"name":"(anonymous_14)","decl":{"start":{"line":629,"column":12},"end":{"line":629,"column":13}},"loc":{"start":{"line":629,"column":57},"end":{"line":665,"column":2}},"line":629},"15":{"name":"(anonymous_15)","decl":{"start":{"line":654,"column":10},"end":{"line":654,"column":11}},"loc":{"start":{"line":654,"column":25},"end":{"line":657,"column":3}},"line":654},"16":{"name":"(anonymous_16)","decl":{"start":{"line":657,"column":11},"end":{"line":657,"column":12}},"loc":{"start":{"line":657,"column":25},"end":{"line":664,"column":3}},"line":657},"17":{"name":"(anonymous_17)","decl":{"start":{"line":674,"column":17},"end":{"line":674,"column":18}},"loc":{"start":{"line":674,"column":39},"end":{"line":681,"column":2}},"line":674},"18":{"name":"(anonymous_18)","decl":{"start":{"line":689,"column":14},"end":{"line":689,"column":15}},"loc":{"start":{"line":689,"column":36},"end":{"line":697,"column":2}},"line":689},"19":{"name":"_getHealth","decl":{"start":{"line":705,"column":10},"end":{"line":705,"column":20}},"loc":{"start":{"line":705,"column":37},"end":{"line":720,"column":2}},"line":705},"20":{"name":"(anonymous_20)","decl":{"start":{"line":708,"column":86},"end":{"line":708,"column":87}},"loc":{"start":{"line":708,"column":108},"end":{"line":717,"column":3}},"line":708},"21":{"name":"(anonymous_21)","decl":{"start":{"line":717,"column":5},"end":{"line":717,"column":6}},"loc":{"start":{"line":717,"column":17},"end":{"line":719,"column":3}},"line":717},"22":{"name":"(anonymous_22)","decl":{"start":{"line":730,"column":18},"end":{"line":730,"column":19}},"loc":{"start":{"line":730,"column":33},"end":{"line":736,"column":2}},"line":730},"23":{"name":"(anonymous_23)","decl":{"start":{"line":733,"column":15},"end":{"line":733,"column":16}},"loc":{"start":{"line":733,"column":27},"end":{"line":733,"column":73}},"line":733},"24":{"name":"(anonymous_24)","decl":{"start":{"line":734,"column":24},"end":{"line":734,"column":25}},"loc":{"start":{"line":734,"column":41},"end":{"line":734,"column":63}},"line":734},"25":{"name":"_login","decl":{"start":{"line":744,"column":10},"end":{"line":744,"column":16}},"loc":{"start":{"line":744,"column":33},"end":{"line":783,"column":2}},"line":744},"26":{"name":"(anonymous_26)","decl":{"start":{"line":755,"column":78},"end":{"line":755,"column":79}},"loc":{"start":{"line":755,"column":100},"end":{"line":780,"column":3}},"line":755},"27":{"name":"(anonymous_27)","decl":{"start":{"line":780,"column":5},"end":{"line":780,"column":6}},"loc":{"start":{"line":780,"column":17},"end":{"line":782,"column":3}},"line":780},"28":{"name":"(anonymous_28)","decl":{"start":{"line":795,"column":14},"end":{"line":795,"column":15}},"loc":{"start":{"line":795,"column":29},"end":{"line":801,"column":2}},"line":795},"29":{"name":"(anonymous_29)","decl":{"start":{"line":798,"column":29},"end":{"line":798,"column":30}},"loc":{"start":{"line":798,"column":41},"end":{"line":798,"column":57}},"line":798},"30":{"name":"(anonymous_30)","decl":{"start":{"line":799,"column":20},"end":{"line":799,"column":21}},"loc":{"start":{"line":799,"column":34},"end":{"line":799,"column":53}},"line":799},"31":{"name":"_logout","decl":{"start":{"line":809,"column":10},"end":{"line":809,"column":17}},"loc":{"start":{"line":809,"column":34},"end":{"line":827,"column":2}},"line":809},"32":{"name":"(anonymous_32)","decl":{"start":{"line":812,"column":77},"end":{"line":812,"column":78}},"loc":{"start":{"line":812,"column":99},"end":{"line":822,"column":3}},"line":812},"33":{"name":"(anonymous_33)","decl":{"start":{"line":822,"column":5},"end":{"line":822,"column":6}},"loc":{"start":{"line":822,"column":17},"end":{"line":826,"column":3}},"line":822},"34":{"name":"(anonymous_34)","decl":{"start":{"line":837,"column":15},"end":{"line":837,"column":16}},"loc":{"start":{"line":837,"column":30},"end":{"line":843,"column":2}},"line":837},"35":{"name":"(anonymous_35)","decl":{"start":{"line":840,"column":29},"end":{"line":840,"column":30}},"loc":{"start":{"line":840,"column":41},"end":{"line":840,"column":57}},"line":840},"36":{"name":"(anonymous_36)","decl":{"start":{"line":841,"column":21},"end":{"line":841,"column":22}},"loc":{"start":{"line":841,"column":35},"end":{"line":841,"column":54}},"line":841},"37":{"name":"_getGrant","decl":{"start":{"line":857,"column":10},"end":{"line":857,"column":19}},"loc":{"start":{"line":857,"column":36},"end":{"line":878,"column":2}},"line":857},"38":{"name":"(anonymous_38)","decl":{"start":{"line":865,"column":83},"end":{"line":865,"column":84}},"loc":{"start":{"line":865,"column":105},"end":{"line":875,"column":3}},"line":865},"39":{"name":"(anonymous_39)","decl":{"start":{"line":875,"column":5},"end":{"line":875,"column":6}},"loc":{"start":{"line":875,"column":17},"end":{"line":877,"column":3}},"line":875},"40":{"name":"(anonymous_40)","decl":{"start":{"line":889,"column":17},"end":{"line":889,"column":18}},"loc":{"start":{"line":889,"column":32},"end":{"line":895,"column":2}},"line":889},"41":{"name":"(anonymous_41)","decl":{"start":{"line":892,"column":29},"end":{"line":892,"column":30}},"loc":{"start":{"line":892,"column":41},"end":{"line":892,"column":57}},"line":892},"42":{"name":"(anonymous_42)","decl":{"start":{"line":893,"column":23},"end":{"line":893,"column":24}},"loc":{"start":{"line":893,"column":37},"end":{"line":893,"column":56}},"line":893},"43":{"name":"_changePassword","decl":{"start":{"line":904,"column":10},"end":{"line":904,"column":25}},"loc":{"start":{"line":904,"column":47},"end":{"line":919,"column":2}},"line":904},"44":{"name":"(anonymous_44)","decl":{"start":{"line":907,"column":118},"end":{"line":907,"column":119}},"loc":{"start":{"line":907,"column":140},"end":{"line":916,"column":3}},"line":907},"45":{"name":"(anonymous_45)","decl":{"start":{"line":916,"column":5},"end":{"line":916,"column":6}},"loc":{"start":{"line":916,"column":17},"end":{"line":918,"column":3}},"line":916},"46":{"name":"(anonymous_
[...]
"column":19}},"type":"binary-expr","locations":[{"start":{"line":2673,"column":9},"end":{"line":2673,"column":13}},{"start":{"line":2673,"column":17},"end":{"line":2673,"column":19}}],"line":2673},"365":{"loc":{"start":{"line":2678,"column":3},"end":{"line":2684,"column":4}},"type":"if","locations":[{"start":{"line":2678,"column":3},"end":{"line":2684,"column":4}},{"start":{"line":2680,"column":10},"end":{"line":2684,"column":4}}],"line":2678},"366":{"loc":{"start":{"line":2679,"column":5},"end":{"line":2679,"column":49}},"type":"cond-expr","locations":[{"start":{"line":2679,"column":18},"end":{"line":2679,"column":28}},{"start":{"line":2679,"column":31},"end":{"line":2679,"column":49}}],"line":2679},"367":{"loc":{"start":{"line":2682,"column":4},"end":{"line":2683,"column":33}},"type":"if","locations":[{"start":{"line":2682,"column":4},"end":{"line":2683,"column":33}},{"start":{},"end":{}}],"line":2682},"368":{"loc":{"start":{"line":2686,"column":4},"end":{"line":2686,"column":48}},"type":"cond-expr","locations":[{"start":{"line":2686,"column":17},"end":{"line":2686,"column":27}},{"start":{"line":2686,"column":30},"end":{"line":2686,"column":48}}],"line":2686},"369":{"loc":{"start":{"line":2700,"column":9},"end":{"line":2700,"column":19}},"type":"binary-expr","locations":[{"start":{"line":2700,"column":9},"end":{"line":2700,"column":13}},{"start":{"line":2700,"column":17},"end":{"line":2700,"column":19}}],"line":2700},"370":{"loc":{"start":{"line":2701,"column":15},"end":{"line":2701,"column":57}},"type":"binary-expr","locations":[{"start":{"line":2701,"column":15},"end":{"line":2701,"column":25}},{"start":{"line":2701,"column":29},"end":{"line":2701,"column":57}}],"line":2701},"371":{"loc":{"start":{"line":2775,"column":2},"end":{"line":2775,"column":24}},"type":"if","locations":[{"start":{"line":2775,"column":2},"end":{"line":2775,"column":24}},{"start":{},"end":{}}],"line":2775},"372":{"loc":{"start":{"line":2778,"column":11},"end":{"line":2778,"column":26}},"type":"binary-expr","locations":[{"start":{"line":2778,"column":11},"end":{"line":2778,"column":20}},{"start":{"line":2778,"column":24},"end":{"line":2778,"column":26}}],"line":2778},"373":{"loc":{"start":{"line":2779,"column":3},"end":{"line":2784,"column":4}},"type":"if","locations":[{"start":{"line":2779,"column":3},"end":{"line":2784,"column":4}},{"start":{"line":2782,"column":10},"end":{"line":2784,"column":4}}],"line":2779},"374":{"loc":{"start":{"line":2781,"column":11},"end":{"line":2781,"column":31}},"type":"cond-expr","locations":[{"start":{"line":2781,"column":23},"end":{"line":2781,"column":26}},{"start":{"line":2781,"column":29},"end":{"line":2781,"column":31}}],"line":2781},"375":{"loc":{"start":{"line":2783,"column":10},"end":{"line":2783,"column":30}},"type":"cond-expr","locations":[{"start":{"line":2783,"column":22},"end":{"line":2783,"column":25}},{"start":{"line":2783,"column":28},"end":{"line":2783,"column":30}}],"line":2783},"376":{"loc":{"start":{"line":2799,"column":9},"end":{"line":2799,"column":19}},"type":"binary-expr","locations":[{"start":{"line":2799,"column":9},"end":{"line":2799,"column":13}},{"start":{"line":2799,"column":17},"end":{"line":2799,"column":19}}],"line":2799},"377":{"loc":{"start":{"line":2801,"column":2},"end":{"line":2802,"column":37}},"type":"if","locations":[{"start":{"line":2801,"column":2},"end":{"line":2802,"column":37}},{"start":{},"end":{}}],"line":2801},"378":{"loc":{"start":{"line":2803,"column":10},"end":{"line":2803,"column":61}},"type":"cond-expr","locations":[{"start":{"line":2803,"column":24},"end":{"line":2803,"column":35}},{"start":{"line":2803,"column":39},"end":{"line":2803,"column":60}}],"line":2803},"379":{"loc":{"start":{"line":2803,"column":39},"end":{"line":2803,"column":60}},"type":"cond-expr","locations":[{"start":{"line":2803,"column":46},"end":{"line":2803,"column":52}},{"start":{"line":2803,"column":55},"end":{"line":2803,"column":60}}],"line":2803},"380":{"loc":{"start":{"line":2805,"column":2},"end":{"line":2806,"column":40}},"type":"if","locations":[{"start":{"line":2805,"column":2},"end":{"line":2806,"column":40}},{"start":{},"end":{}}],"line":2805},"381":{"loc":{"start":{"line":2808,"column":2},"end":{"line":2817,"column":3}},"type":"if","locations":[{"start":{"line":2808,"column":2},"end":{"line":2817,"column":3}},{"start":{"line":2811,"column":9},"end":{"line":2817,"column":3}}],"line":2808},"382":{"loc":{"start":{"line":2813,"column":3},"end":{"line":2816,"column":4}},"type":"if","locations":[{"start":{"line":2813,"column":3},"end":{"line":2816,"column":4}},{"start":{},"end":{}}],"line":2813},"383":{"loc":{"start":{"line":2827,"column":3},"end":{"line":2828,"column":59}},"type":"if","locations":[{"start":{"line":2827,"column":3},"end":{"line":2828,"column":59}},{"start":{},"end":{}}],"line":2827},"384":{"loc":{"start":{"line":2830,"column":3},"end":{"line":2833,"column":14}},"type":"if","locations":[{"start":{"line":2830,"column":3},"end":{"line":2833,"column":14}},{"start":{"line":2833,"column":4},"end":{"line":2833,"column":14}}],"line":2830},"385":{"loc":{"start":{"line":2850,"column":9},"end":{"line":2850,"column":19}},"type":"binary-expr","locations":[{"start":{"line":2850,"column":9},"end":{"line":2850,"column":13}},{"start":{"line":2850,"column":17},"end":{"line":2850,"column":19}}],"line":2850},"386":{"loc":{"start":{"line":2851,"column":15},"end":{"line":2851,"column":57}},"type":"binary-expr","locations":[{"start":{"line":2851,"column":15},"end":{"line":2851,"column":25}},{"start":{"line":2851,"column":29},"end":{"line":2851,"column":57}}],"line":2851}},"s":{"0":1,"1":1,"2":1,"3":1,"4":1,"5":1,"6":1,"7":1,"8":1,"9":0,"10":1,"11":0,"12":1,"13":0,"14":1,"15":0,"16":1,"17":1,"18":82,"19":0,"20":1,"21":1,"22":1,"23":1,"24":1,"25":1,"26":0,"27":0,"28":0,"29":1,"30":1,"31":1,"32":0,"33":1,"34":1,"35":0,"36":0,"37":0,"38":1,"39":1,"40":0,"41":0,"42":1,"43":1,"44":1,"45":1,"46":0,"47":1,"48":1,"49":0,"50":1,"51":0,"52":1,"53":1,"54":1,"55":1,"56":1,"57":1,"58":1,"59":1,"60":1,"61":1,"62":1,"63":0,"64":1,"65":1,"66":6,"67":1,"68":7,"69":7,"70":7,"71":7,"72":7,"73":7,"74":7,"75":7,"76":7,"77":7,"78":1,"79":5,"80":1,"81":35,"82":1,"83":35,"84":35,"85":35,"86":35,"87":7,"88":35,"89":35,"90":30,"91":30,"92":5,"93":5,"94":4,"95":4,"96":35,"97":35,"98":35,"99":0,"100":0,"101":0,"102":0,"103":0,"104":1,"105":0,"106":0,"107":0,"108":0,"109":0,"110":1,"111":35,"112":35,"113":0,"114":35,"115":0,"116":1,"117":1,"118":1,"119":1,"120":1,"121":1,"122":0,"123":1,"124":1,"125":0,"126":1,"127":1,"128":1,"129":1,"130":0,"131":0,"132":1,"133":1,"134":1,"135":4,"136":4,"137":4,"138":3,"139":3,"140":3,"141":1,"142":0,"143":0,"144":4,"145":4,"146":4,"147":4,"148":0,"149":4,"150":4,"151":4,"152":4,"153":4,"154":4,"155":4,"156":4,"157":4,"158":4,"159":4,"160":0,"161":1,"162":4,"163":4,"164":4,"165":0,"166":4,"167":4,"168":4,"169":4,"170":4,"171":4,"172":4,"173":4,"174":4,"175":0,"176":4,"177":4,"178":4,"179":0,"180":0,"181":0,"182":1,"183":4,"184":4,"185":4,"186":0,"187":4,"188":4,"189":4,"190":1,"191":3,"192":3,"193":3,"194":3,"195":1,"196":3,"197":0,"198":3,"199":3,"200":3,"201":3,"202":0,"203":3,"204":3,"205":3,"206":0,"207":1,"208":3,"209":3,"210":3,"211":0,"212":3,"213":3,"214":3,"215":0,"216":0,"217":0,"218":0,"219":0,"220":0,"221":0,"222":0,"223":0,"224":0,"225":1,"226":0,"227":0,"228":0,"229":0,"230":0,"231":0,"232":0,"233":1,"234":1,"235":1,"236":1,"237":1,"238":1,"239":0,"240":1,"241":1,"242":1,"243":0,"244":1,"245":1,"246":1,"247":1,"248":0,"249":1,"250":1,"251":1,"252":1,"253":1,"254":1,"255":1,"256":1,"257":1,"258":0,"259":1,"260":1,"261":1,"262":0,"263":1,"264":1,"265":1,"266":1,"267":0,"268":1,"269":1,"270":1,"271":1,"272":1,"273":1,"274":1,"275":0,"276":1,"277":1,"278":1,"279":1,"280":0,"281":1,"282":1,"283":1,"284":0,"285":1,"286":1,"287":1,"288":1,"289":0,"290":1,"291":1,"292":1,"293":0,"294":0,"295":0,"296":0,"297":0,"298":0,"299":0,"300":0,"301":0,"302":0,"303":0,"304":0,"305":0,"306":0,"307":1,"308":0,"309":0,"310":0,"311":0,"312":0,"313":0,"314":0,"315":0,"316":0,"317":0,"318":0,"319":0,"320":0,"321":0,"322":0,"323":0,"324":0,"325":0,"326":0,"327":0,"328":0,"329":0,"330":1,"331":0,"332":0,"333":0,"334":0,"335":0,"336":0,"337":0,"338":1,"339":3,"340":3,"341":3,"342":3,"343":3,"344":3,"345":1,"346":0,"347":1,"348":0,"349":7,"350":2,"351":7,"352":5,"353":7,"354":7,"355":0,"356":7,"357":0,"358":7,"359":0,"360":7,"361":7,"362":0,"363":7,"364":7,"365":0,"366":0,"367":7,"368":1,"369":7,"370":0,"371":1,"372":0,"373":1,"374":0,"375":1,"376":1,"377":0,"378":1,"379":1,"380":0,"381":1,"382":1,"383":0,"384":1,"385":1,"386":1,"387":1,"388":0,"389":0,"390":1,"391":0,"392":1,"393":0,"394":1,"395":0,"396":1,"397":0,"398":1,"399":0,"400":1,"401":0,"402":0,"403":1,"404":0,"405":3,"406":3,"407":3,"408":3,"409":3,"410":3,"411":3,"412":3,"413":3,"414":3,"415":3,"416":3,"417":3,"418":3,"419":1,"420":1,"421":1,"422":1,"423":0,"424":1,"425":0,"426":1,"427":1,"428":1,"429":1,"430":0,"431":1,"432":1,"433":1,"434":0,"435":3,"436":1,"437":1,"438":1,"439":1,"440":3,"441":3,"442":1,"443":3,"444":0,"445":3,"446":0,"447":3,"448":0,"449":3,"450":0,"451":3,"452":0,"453":0,"454":0,"455":0,"456":0,"457":0,"458":3,"459":1,"460":3,"461":0,"462":3,"463":0,"464":3,"465":0,"466":0,"467":0,"468":0,"469":3,"470":0,"471":0,"472":0,"473":0,"474":3,"475":0,"476":0,"477":0,"478":0,"479":3,"480":0,"481":0,"482":0,"483":0,"484":3,"485":0,"486":0,"487":0,"488":0,"489":0,"490":3,"491":0,"492":0,"493":0,"494":0,"495":0,"496":3,"497":0,"498":0,"499":0,"500":0,"501":0,"502":0,"503":0,"504":3,"505":0,"506":0,"507":0,"508":0,"509":0,"510":0,"511":0,"512":3,"513":0,"514":0,"515":0,"516":0,"517":3,"518":0,"519":3,"520":0,"521":0,"522":1,"523":1,"524":1,"525":1,"526":0,"527":1,"528":0,"529":1,"530":1,"531":1,"532":1,"533":0,"534":1,"535":1,"536":1,"537":0,"538":3,"539":1,"540":1,"541":1,"542":0,"543":1,"544":1,"545":1,"546":13,"547":13,"548":4,"549":13,"550":13,"551":1,"552":13,"553":13,"554":2,"555":13,"556":13,"557":0,"558":13,"559":8,"560":8,"561":1,"562":7,"563":7,"564":59,"565":59,"566":1,"567":1,"568":1,"569":58,"570":0,"571":58,"572":1,"573":1,"574":0,"575":57,"576":7,"577":1,"578":1,"579":1,"580":1,"581":1,"582":1,"583":1,"584":0,"585":1,"586":1,"587":1,"588":1,"589":1,"590":1,"591":0,"592":3,"593":1,"594":1,"595":1,"596":0,"597":1,"598":1,"599":1,"600":3,"601":2,"602":2,"603":2,"604":2,"605":0,"606":2,"607":0,"608":2,"609":0,"610":2,"611":2,"612":2,"613":2,"614":2,"615":0,"616":2,"617":0,"618":2,"619":2,"620":2,"621":2,"622":2,"623":2,"624":0,"625":3,"626":2,"627":2,"628":2,"629":0,"630":2,"631":2,"632":2,"633":7,"634":7,"635":7,"636":7,"637":7,"638":1,"639":7,"640":0,"641":0,"642":0,"643":7,"644":0,"645":7,"646":0,"647":7,"648":7,"649":7,"650":7,"651":0,"652":7,"653":0,"654":7,"655":0,"656":7,"657":7,"658":7,"659":0,"660":3,"661":3,"662":3,"663":3,"664":0,"665":3,"666":3,"667":3,"668":2,"669":2,"670":2,"671":2,"672":2,"673":3,"674":2,"675":2,"676":2,"677":0,"678":2,"679":2,"680":2,"681":1,"682":1,"683":1,"684":1,"685":1,"686":3,"687":1,"688":1,"689":1,"690":0,"691":1,"692":1,"693":1,"694":0,"695":0,"696":0,"697":0,"698":0,"699":3,"700":0,"701":0,"702":0,"703":0,"704":0,"705":0,"706":0,"707":1,"708":1,"709":1,"710":1,"711":1,"712":3,"713":1,"714":1,"715":1,"716":0,"717":1,"718":1,"719":1,"720":3,"721":0,"722":0,"723":0,"724":0,"725":0,"726":0,"727":0,"728":0,"729":0,"730":0,"731":0,"732":0,"733":0,"734":0,"735":0,"736":3,"737":0,"738":0,"739":0,"740":0,"741":0,"742":0,"743":0,"744":1,"745":1,"746":1,"747":1,"748":0,"749":1,"750":3,"751":1,"752":1,"753":1,"754":0,"755":1,"756":1,"757":1,"758":2,"759":2,"760":2,"761":2,"762":2,"763":2,"764":2,"765":2,"766":2,"767":0,"768":2,"769":2,"770":2,"771":0,"772":3,"773":2,"774":2,"775":2,"776":2,"777":0,"778":2,"779":2,"780":2,"781":2,"782":2,"783":2,"784":2,"785":2,"786":2,"787":2,"788":2,"789":2,"790":0,"791":2,"792":2,"793":2,"794":0,"795":3,"796":1,"797":1,"798":1,"799":0,"800":1,"801":1,"802":1,"803":2,"804":2,"805":2,"806":2,"807":2,"808":2,"809":2,"810":2,"811":0,"812":2,"813":2,"814":2,"815":2,"816":0,"817":3,"818":2,"819":2,"820":2,"821":0,"822":2,"823":2,"824":2,"825":1,"826":1,"827":1,"828":1,"829":1,"830":1,"831":0,"832":1,"833":1,"834":1,"835":0,"836":3,"837":1,"838":1,"839":1,"840":0,"841":1,"842":1,"843":1,"844":0,"845":0,"846":0,"847":0,"848":0,"849":0,"850":0,"851":0,"852":0,"853":0,"854":0,"855":0,"856":0,"857":3,"858":0,"859":0,"860":0,"861":0,"862":0,"863":0,"864":0,"865":1,"866":1,"867":1,"868":0,"869":1,"870":1,"871":0,"872":1,"873":0,"874":1,"875":1,"876":1,"877":1,"878":0,"879":1,"880":1,"881":0,"882":3,"883":1,"884":1,"885":1,"886":0,"887":1,"888":1,"889":1,"890":0,"891":0,"892":0,"893":0,"894":0,"895":0,"896":0,"897":0,"898":0,"899":0,"900":0,"901":0,"902":0,"903":0,"904":3,"905":0,"906":0,"907":0,"908":0,"909":0,"910":0,"911":0,"912":0,"913":0,"914":0,"915":0,"916":0,"917":0,"918":0,"919":0,"920":0,"921":0,"922":0,"923":0,"924":3,"925":0,"926":0,"927":0,"928":0,"929":0,"930":0,"931":0,"932":3,"933":0,"934":0,"935":0,"936":0,"937":0,"938":0,"939":0,"940":0,"941":0,"942":0,"943":0,"944":0,"945":0,"946":0,"947":0,"948":0,"949":0,"950":0,"951":0,"952":0,"953":0,"954":0,"955":0,"956":0,"957":0,"958":0,"959":0,"960":0,"961":0,"962":0,"963":0,"964":0,"965":0,"966":0,"967":0,"968":0,"969":0,"970":0,"971":0,"972":0,"973":0,"974":0,"975":0,"976":0,"977":0,"978":0,"979":0,"980":0,"981":0,"982":0,"983":0,"984":1},"f":{"0":1,"1":1,"2":0,"3":0,"4":0,"5":0,"6":82,"7":1,"8":1,"9":0,"10":6,"11":7,"12":5,"13":35,"14":35,"15":35,"16":0,"17":0,"18":35,"19":1,"20":1,"21":0,"22":1,"23":0,"24":1,"25":4,"26":4,"27":0,"28":4,"29":0,"30":4,"31":4,"32":4,"33":0,"34":4,"35":0,"36":4,"37":3,"38":3,"39":0,"40":3,"41":0,"42":3,"43":0,"44":0,"45":0,"46":0,"47":0,"48":0,"49":1,"50":1,"51":0,"52":1,"53":0,"54":1,"55":1,"56":1,"57":0,"58":1,"59":0,"60":1,"61":1,"62":1,"63":0,"64":1,"65":0,"66":1,"67":0,"68":0,"69":0,"70":0,"71":0,"72":0,"73":0,"74":0,"75":0,"76":0,"77":0,"78":0,"79":3,"80":0,"81":0,"82":7,"83":2,"84":5,"85":0,"86":0,"87":0,"88":0,"89":0,"90":1,"91":0,"92":1,"93":0,"94":0,"95":0,"96":0,"97":0,"98":1,"99":0,"100":0,"101":0,"102":0,"103":0,"104":0,"105":0,"106":0,"107":0,"108":3,"109":3,"110":1,"111":1,"112":0,"113":1,"114":1,"115":1,"116":0,"117":0,"118":0,"119":0,"120":0,"121":1,"122":0,"123":0,"124":0,"125":0,"126":0,"127":0,"128":0,"129":0,"130":0,"131":0,"132":0,"133":0,"134":0,"135":1,"136":1,"137":0,"138":1,"139":0,"140":1,"141":13,"142":8,"143":1,"144":1,"145":0,"146":1,"147":0,"148":1,"149":2,"150":2,"151":0,"152":2,"153":0,"154":2,"155":7,"156":7,"157":0,"158":3,"159":0,"160":3,"161":2,"162":2,"163":0,"164":2,"165":1,"166":1,"167":0,"168":1,"169":0,"170":0,"171":0,"172":0,"173":1,"174":1,"175":0,"176":1,"177":0,"178":0,"179":0,"180":0,"181":0,"182":0,"183":0,"184":1,"185":1,"186":0,"187":1,"188":2,"189":2,"190":0,"191":2,"192":0,"193":2,"194":2,"195":2,"196":0,"197":1,"198":0,"199":1,"200":2,"201":2,"202":0,"203":2,"204":0,"205":2,"206":1,"207":1,"208":0,"209":1,"210":0,"211":1,"212":0,"213":0,"214":0,"215":0,"216":0,"217":0,"218":1,"219":1,"220":0,"221":1,"222":0,"223":1,"224":0,"225":0,"226":0,"227":0,"228":0,"229":0,"230":0,"231":0,"232":0,"233":0,"234":0,"235":0,"236":0,"237":0,"238":0,"239":0,"240":0,"241":0,"242":0,"243":0,"244":0,"245":0,"246":0},"b":{"0":[1,0],"1":[1,1],"2":[1,1],"3":[1,1],"4":[1,1],"5":[1,1],"6":[1,1],"7":[0,82],"8":[1,1],"9":[1,0],"10":[0,1],"11":[0,0],"12":[0,1],"13":[0,1],"14":[1,0],"15":[0,0],"16":[0,1],"17":[1,1],"18":[1,0],"19":[1,0],"20":[1,1],"21":[0,1],"22":[0,1],"23":[1,0,1,1],"24":[0,1],"25":[0,0],"26":[0,1],"27":[0,1],"28":[1,1],"29":[1,1],"30":[1,1,1],"31":[6,3],"32":[4,1],"33":[5,4],"34":[30,5],"35":[7,28],"36":[7,28],"37":[30,5],"38":[4,1],"39":[35,0],"40":[35,0],"41":[0,0],"42":[0,0],"43":[0,0],"44":[0,0],"45":[0,0],"46":[0,0],"47":[0,0],"48":[0,0],"49":[0,0],"50":[0,0],"51":[0,35],"52":[35,0],"53":[1,0],"54":[0,1],"55":[0,0],"56":[1,0],"57":[0,0],"58":[1,1],"59":[4,0],"60":[3,1],"61":[4,1,3,0],"62":[3,0],"63":[3,0],"64":[0,1],"65":[1,1,1],"66":[0,0,0],"67":[0,4],"68":[0,0],"69":[4,0],"70":[4,0],"71":[4,0],"72":[0,0],"73":[4,1],"74":[4,4],"75":[4,0],"76":[0,4],"77":[0,0],"78":[4,0],"79":[0,0],"80":[0,0],"81":[4,4],"82":[4,4],"83":[3,0],"84":[1,2],"85":[3,2],"86":[1,0],"87":[0,3],"88":[3,3],"89":[0,0],"90":[0,3],"91":[0,0],"92":[3,0],"93":[0,0],"94":[3,0],"95":[3,3],"96":[0,0],"97":[0,0],"98":[0,0],"99":[0,0],"100":[0,0],"101":[0,0],"102":[0,0],"103":[1,0],"104":[0,1],"105":[0,0],"106":[1,0],"107":[0,0],"108":[1,1],"109":[1,1],"110":[1,0],"111":[0,1],"112":[0,0],"113":[1,0],"114":[0,0],"115":[1,1],"116":[1,1],"117":[1,0],"118":[0,1],"119":[0,1],"120":[0,0],"121":[1,0],"122":[0,0],"123":[1,1],"124":[1,1],"125":[0,0],"126":[0,0],"127":[0,0],"128":[0,0],"129":[0,0],"130":[0,0],"131":[0,0],"132":[0,0],"133":[0,0],"134":[0,0],"135":[0,0],"136":[0,0],"137":[0,0],"138":[0,0],"139":[0,0],"140":[0,0],"141":[0,0],"142":[0,0],"143":[0,0],"144":[3,0],"145":[0,0],"146":[0,0],"147":[0,0],"148":[0,0],"149":[0,0],"150":[1,1],"151":[0,0],"152":[0,0],"153":[0,0],"154":[0,0],"155":[0,0],"156":[0,0],"157":[0,0],"158":[0,0],"159":[3,3],"160":[1,1],"161":[0,1],"162":[0,1],"163":[0,1],"164":[0,0],"165":[1,0],"166":[0,0],"167":[0,0],"168":[0,0],"169":[0,0],"170":[0,0],"171":[0,0],"172":[0,0],"173":[0,0],"174":[0,0],"175":[0,0],"176":[0,0],"177":[0,0],"178":[0,0],"179":[0,0],"180":[0,0],"181":[0,0],"182":[0,0],"183":[0,0],"184":[0,0],"185":[0,0],"186":[0,0,0],"187":[0,0],"188":[0,0],"189":[0,0],"190":[0,0,0],"191":[0,0],"192":[0,0],"193":[0,0],"194":[0,0],"195":[0,0],"196":[0,0],"197":[0,0],"198":[0,0],"199":[0,0],"200":[0,0],"201":[0,0],"202":[0,0],"203":[0,0],"204":[0,0,0,0,0],"205":[1,0],"206":[0,1],"207":[0,1],"208":[0,1],"209":[0,0],"210":[1,0],"211":[0,0],"212":[1,1],"213":[1,1],"214":[4,9],"215":[13,13,12],"216":[1,12],"217":[0,1],"218":[13,12],"219":[2,11],"220":[1,1],"221":[13,13],"222":[0,13],"223":[0,0],"224":[1,7],"225":[59,27],"226":[1,58],"227":[59,1],"228":[1,0],"229":[1,0],"230":[0,1],"231":[0,58],"232":[58,0],"233":[0,0],"234":[1,57],"235":[0,0],"236":[50,7],"237":[1,0],"238":[1,0],"239":[0,1],"240":[0,0],"241":[1,0],"242":[1,0],"243":[1,0],"244":[0,0],"245":[1,1],"246":[1,1],"247":[2,0],"248":[0,2],"249":[0,2],"250":[0,2],"251":[2,0],"252":[0,2],"253":[0,0],"254":[0,2],"255":[0,2],"256":[0,2],"257":[2,0],"258":[0,0],"259":[2,1],"260":[2,2],"261":[7,0],"262":[1,6],"263":[0,7],"264":[0,7],"265":[0,7],"266":[0,7],"267":[0,0],"268":[0,7],"269":[0,7],"270":[0,0],"271":[1,6],"272":[7,0],"273":[1,6],"274":[0,0],"275":[3,1],"276":[3,3],"277":[2,0],"278":[2,2],"279":[2,2],"280":[1,0],"281":[1,1],"282":[1,1],"283":[0,0],"284":[0,0],"285":[0,0],"286":[1,0],"287":[1,1],"288":[1,1],"289":[0,0],"290":[0,0],"291":[0,0],"292":[0,0],"293":[0,0],"294":[0,0],"295":[0,0],"296":[0,0],"297":[0,0],"298":[1,0],"299":[0,1],"300":[1,1],"301":[1,1],"302":[1,1],"303":[2,0],"304":[2,0],"305":[0,2],"306":[0,0],"307":[1,1],"308":[2,0],"309":[0,0],"310":[2,2],"311":[2,2],"312":[2,0],"313":[2,0],"314":[0,2],"315":[0,0],"316":[0,2],"317":[2,0],"318":[0,0],"319":[1,1],"320":[1,1],"321":[2,0],"322":[2,0],"323":[0,2],"324":[0,0],"325":[2,0],"326":[0,0],"327":[2,2],"328":[2,2],"329":[1,0],"330":[0,1],"331":[0,1],"332":[0,0],"333":[1,0],"334":[0,0],"335":[1,1],"336":[1,1],"337":[0,0],"338":[0,0],"339":[0,0],"340":[0,0],"341":[0,0],"342":[0,0],"343":[0,0],"344":[0,0],"345":[1,0],"346":[0,1],"347":[0,1],"348":[0,1],"349":[1,0],"350":[0,1],"351":[0,0],"352":[1,0],"353":[0,0],"354":[1,1],"355":[1,1],"356":[0,0],"357":[0,0],"358":[0,0],"359":[0,0],"360":[0,0],"361":[0,0],"362":[0,0],"363":[0,0],"364":[0,0],"365":[0,0],"366":[0,0],"367":[0,0],"368":[0,0],"369":[0,0],"370":[0,0],"371":[0,0],"372":[0,0],"373":[0,0],"374":[0,0],"375":[0,0],"376":[0,0],"377":[0,0],"378":[0,0],"379":[0,0],"380":[0,0],"381":[0,0],"382":[0,0],"383":[0,0],"384":[0,0],"385":[0,0],"386":[0,0]},"_coverageSchema":"1a1c01bbd47fc00a2c39e90264f33305004495a9","hash":"61009dffc03ebbfa8006152bc10eb9d962b75a06"}
}
