TN:
SF:src\simplicite.js
FN:342,session
FN:366,Session
FN:386,(anonymous_2)
FN:395,(anonymous_3)
FN:404,(anonymous_4)
FN:413,(anonymous_5)
FN:424,(anonymous_6)
FN:509,(anonymous_7)
FN:525,(anonymous_8)
FN:541,(anonymous_9)
FN:559,(anonymous_10)
FN:567,(anonymous_11)
FN:586,getBasicAuthHeader
FN:596,getBearerTokenHeader
FN:610,(anonymous_14)
FN:635,(anonymous_15)
FN:638,(anonymous_16)
FN:653,(anonymous_17)
FN:663,(anonymous_18)
FN:679,_getHealth
FN:682,(anonymous_20)
FN:691,(anonymous_21)
FN:703,(anonymous_22)
FN:706,(anonymous_23)
FN:707,(anonymous_24)
FN:717,_login
FN:726,(anonymous_26)
FN:751,(anonymous_27)
FN:764,(anonymous_28)
FN:767,(anonymous_29)
FN:768,(anonymous_30)
FN:778,_logout
FN:781,(anonymous_32)
FN:791,(anonymous_33)
FN:805,(anonymous_34)
FN:808,(anonymous_35)
FN:809,(anonymous_36)
FN:826,_getGrant
FN:832,(anonymous_38)
FN:842,(anonymous_39)
FN:854,(anonymous_40)
FN:857,(anonymous_41)
FN:858,(anonymous_42)
FN:869,_changePassword
FN:872,(anonymous_44)
FN:881,(anonymous_45)
FN:893,(anonymous_46)
FN:896,(anonymous_47)
FN:897,(anonymous_48)
FN:907,_getAppInfo
FN:910,(anonymous_50)
FN:920,(anonymous_51)
FN:931,(anonymous_52)
FN:934,(anonymous_53)
FN:935,(anonymous_54)
FN:945,_getSysInfo
FN:948,(anonymous_56)
FN:958,(anonymous_57)
FN:969,(anonymous_58)
FN:972,(anonymous_59)
FN:973,(anonymous_60)
FN:983,_getNews
FN:989,(anonymous_62)
FN:999,(anonymous_63)
FN:1011,(anonymous_64)
FN:1014,(anonymous_65)
FN:1015,(anonymous_66)
FN:1026,_indexSearch
FN:1032,(anonymous_68)
FN:1041,(anonymous_69)
FN:1056,(anonymous_70)
FN:1059,(anonymous_71)
FN:1060,(anonymous_72)
FN:1071,(anonymous_73)
FN:1086,(anonymous_74)
FN:1099,Grant
FN:1105,(anonymous_76)
FN:1114,(anonymous_77)
FN:1129,(anonymous_78)
FN:1138,(anonymous_79)
FN:1146,(anonymous_80)
FN:1161,(anonymous_81)
FN:1176,(anonymous_82)
FN:1186,(anonymous_83)
FN:1199,BusinessObjectMetadata
FN:1246,BusinessObject
FN:1297,_getMetaData
FN:1303,(anonymous_87)
FN:1313,(anonymous_88)
FN:1326,(anonymous_89)
FN:1328,(anonymous_90)
FN:1337,(anonymous_91)
FN:1346,(anonymous_92)
FN:1355,(anonymous_93)
FN:1364,(anonymous_94)
FN:1373,(anonymous_95)
FN:1383,(anonymous_96)
FN:1396,(anonymous_97)
FN:1405,(anonymous_98)
FN:1414,(anonymous_99)
FN:1424,(anonymous_100)
FN:1438,(anonymous_101)
FN:1453,(anonymous_102)
FN:1467,(anonymous_103)
FN:1480,(anonymous_104)
FN:1497,(anonymous_105)
FN:1507,(anonymous_106)
FN:1518,_getFilters
FN:1526,(anonymous_108)
FN:1536,(anonymous_109)
FN:1549,(anonymous_110)
FN:1552,(anonymous_111)
FN:1553,(anonymous_112)
FN:1562,_getOptions
FN:1583,_getReqParams
FN:1611,_count
FN:1615,(anonymous_116)
FN:1628,(anonymous_117)
FN:1640,(anonymous_118)
FN:1643,(anonymous_119)
FN:1644,(anonymous_120)
FN:1662,_search
FN:1671,(anonymous_122)
FN:1686,(anonymous_123)
FN:1701,(anonymous_124)
FN:1704,(anonymous_125)
FN:1705,(anonymous_126)
FN:1716,_get
FN:1730,(anonymous_128)
FN:1745,(anonymous_129)
FN:1760,(anonymous_130)
FN:1763,(anonymous_131)
FN:1764,(anonymous_132)
FN:1774,_getForCreate
FN:1789,(anonymous_134)
FN:1792,(anonymous_135)
FN:1793,(anonymous_136)
FN:1804,_getForUpdate
FN:1820,(anonymous_138)
FN:1823,(anonymous_139)
FN:1824,(anonymous_140)
FN:1835,_getForCopy
FN:1851,(anonymous_142)
FN:1854,(anonymous_143)
FN:1855,(anonymous_144)
FN:1866,_getForDelete
FN:1882,(anonymous_146)
FN:1885,(anonymous_147)
FN:1886,(anonymous_148)
FN:1895,(anonymous_149)
FN:1907,_populate
FN:1911,(anonymous_151)
FN:1921,(anonymous_152)
FN:1933,(anonymous_153)
FN:1936,(anonymous_154)
FN:1937,(anonymous_155)
FN:1948,_save
FN:1965,(anonymous_157)
FN:1968,(anonymous_158)
FN:1969,(anonymous_159)
FN:1980,_create
FN:1986,(anonymous_161)
FN:1996,(anonymous_162)
FN:2008,(anonymous_163)
FN:2012,(anonymous_164)
FN:2013,(anonymous_165)
FN:2024,_update
FN:2030,(anonymous_167)
FN:2040,(anonymous_168)
FN:2052,(anonymous_169)
FN:2055,(anonymous_170)
FN:2056,(anonymous_171)
FN:2067,_del
FN:2072,(anonymous_173)
FN:2083,(anonymous_174)
FN:2095,(anonymous_175)
FN:2098,(anonymous_176)
FN:2099,(anonymous_177)
FN:2111,_action
FN:2114,(anonymous_179)
FN:2124,(anonymous_180)
FN:2137,(anonymous_181)
FN:2140,(anonymous_182)
FN:2141,(anonymous_183)
FN:2152,_crosstab
FN:2157,(anonymous_185)
FN:2167,(anonymous_186)
FN:2180,(anonymous_187)
FN:2183,(anonymous_188)
FN:2184,(anonymous_189)
FN:2195,_print
FN:2205,(anonymous_191)
FN:2215,(anonymous_192)
FN:2227,(anonymous_193)
FN:2230,(anonymous_194)
FN:2231,(anonymous_195)
FN:2243,_setParameter
FN:2248,(anonymous_197)
FN:2258,(anonymous_198)
FN:2271,(anonymous_199)
FN:2274,(anonymous_200)
FN:2275,(anonymous_201)
FN:2286,_getParameter
FN:2290,(anonymous_203)
FN:2300,(anonymous_204)
FN:2312,(anonymous_205)
FN:2315,(anonymous_206)
FN:2316,(anonymous_207)
FNF:208
FNH:94
FNDA:1,session
FNDA:1,Session
FNDA:0,(anonymous_2)
FNDA:0,(anonymous_3)
FNDA:0,(anonymous_4)
FNDA:0,(anonymous_5)
FNDA:78,(anonymous_6)
FNDA:1,(anonymous_7)
FNDA:1,(anonymous_8)
FNDA:0,(anonymous_9)
FNDA:6,(anonymous_10)
FNDA:7,(anonymous_11)
FNDA:5,getBasicAuthHeader
FNDA:33,getBearerTokenHeader
FNDA:33,(anonymous_14)
FNDA:33,(anonymous_15)
FNDA:0,(anonymous_16)
FNDA:0,(anonymous_17)
FNDA:33,(anonymous_18)
FNDA:1,_getHealth
FNDA:1,(anonymous_20)
FNDA:0,(anonymous_21)
FNDA:1,(anonymous_22)
FNDA:0,(anonymous_23)
FNDA:1,(anonymous_24)
FNDA:4,_login
FNDA:4,(anonymous_26)
FNDA:0,(anonymous_27)
FNDA:4,(anonymous_28)
FNDA:0,(anonymous_29)
FNDA:4,(anonymous_30)
FNDA:4,_logout
FNDA:4,(anonymous_32)
FNDA:0,(anonymous_33)
FNDA:4,(anonymous_34)
FNDA:0,(anonymous_35)
FNDA:4,(anonymous_36)
FNDA:3,_getGrant
FNDA:3,(anonymous_38)
FNDA:0,(anonymous_39)
FNDA:3,(anonymous_40)
FNDA:0,(anonymous_41)
FNDA:3,(anonymous_42)
FNDA:0,_changePassword
FNDA:0,(anonymous_44)
FNDA:0,(anonymous_45)
FNDA:0,(anonymous_46)
FNDA:0,(anonymous_47)
FNDA:0,(anonymous_48)
FNDA:1,_getAppInfo
FNDA:1,(anonymous_50)
FNDA:0,(anonymous_51)
FNDA:1,(anonymous_52)
FNDA:0,(anonymous_53)
FNDA:1,(anonymous_54)
FNDA:1,_getSysInfo
FNDA:1,(anonymous_56)
FNDA:0,(anonymous_57)
FNDA:1,(anonymous_58)
FNDA:0,(anonymous_59)
FNDA:1,(anonymous_60)
FNDA:0,_getNews
FNDA:0,(anonymous_62)
FNDA:0,(anonymous_63)
FNDA:0,(anonymous_64)
FNDA:0,(anonymous_65)
FNDA:0,(anonymous_66)
FNDA:0,_indexSearch
FNDA:0,(anonymous_68)
FNDA:0,(anonymous_69)
FNDA:0,(anonymous_70)
FNDA:0,(anonymous_71)
FNDA:0,(anonymous_72)
FNDA:3,(anonymous_73)
FNDA:0,(anonymous_74)
FNDA:3,Grant
FNDA:2,(anonymous_76)
FNDA:5,(anonymous_77)
FNDA:0,(anonymous_78)
FNDA:0,(anonymous_79)
FNDA:0,(anonymous_80)
FNDA:0,(anonymous_81)
FNDA:0,(anonymous_82)
FNDA:1,(anonymous_83)
FNDA:3,BusinessObjectMetadata
FNDA:3,BusinessObject
FNDA:1,_getMetaData
FNDA:1,(anonymous_87)
FNDA:0,(anonymous_88)
FNDA:1,(anonymous_89)
FNDA:1,(anonymous_90)
FNDA:1,(anonymous_91)
FNDA:0,(anonymous_92)
FNDA:0,(anonymous_93)
FNDA:0,(anonymous_94)
FNDA:0,(anonymous_95)
FNDA:0,(anonymous_96)
FNDA:0,(anonymous_97)
FNDA:0,(anonymous_98)
FNDA:0,(anonymous_99)
FNDA:0,(anonymous_100)
FNDA:0,(anonymous_101)
FNDA:0,(anonymous_102)
FNDA:0,(anonymous_103)
FNDA:0,(anonymous_104)
FNDA:0,(anonymous_105)
FNDA:0,(anonymous_106)
FNDA:1,_getFilters
FNDA:1,(anonymous_108)
FNDA:0,(anonymous_109)
FNDA:1,(anonymous_110)
FNDA:0,(anonymous_111)
FNDA:1,(anonymous_112)
FNDA:13,_getOptions
FNDA:7,_getReqParams
FNDA:1,_count
FNDA:1,(anonymous_116)
FNDA:0,(anonymous_117)
FNDA:1,(anonymous_118)
FNDA:0,(anonymous_119)
FNDA:1,(anonymous_120)
FNDA:2,_search
FNDA:2,(anonymous_122)
FNDA:0,(anonymous_123)
FNDA:2,(anonymous_124)
FNDA:0,(anonymous_125)
FNDA:2,(anonymous_126)
FNDA:7,_get
FNDA:7,(anonymous_128)
FNDA:0,(anonymous_129)
FNDA:3,(anonymous_130)
FNDA:0,(anonymous_131)
FNDA:3,(anonymous_132)
FNDA:2,_getForCreate
FNDA:2,(anonymous_134)
FNDA:0,(anonymous_135)
FNDA:2,(anonymous_136)
FNDA:1,_getForUpdate
FNDA:1,(anonymous_138)
FNDA:0,(anonymous_139)
FNDA:1,(anonymous_140)
FNDA:0,_getForCopy
FNDA:0,(anonymous_142)
FNDA:0,(anonymous_143)
FNDA:0,(anonymous_144)
FNDA:1,_getForDelete
FNDA:1,(anonymous_146)
FNDA:0,(anonymous_147)
FNDA:1,(anonymous_148)
FNDA:0,(anonymous_149)
FNDA:0,_populate
FNDA:0,(anonymous_151)
FNDA:0,(anonymous_152)
FNDA:0,(anonymous_153)
FNDA:0,(anonymous_154)
FNDA:0,(anonymous_155)
FNDA:1,_save
FNDA:1,(anonymous_157)
FNDA:0,(anonymous_158)
FNDA:1,(anonymous_159)
FNDA:2,_create
FNDA:2,(anonymous_161)
FNDA:0,(anonymous_162)
FNDA:2,(anonymous_163)
FNDA:0,(anonymous_164)
FNDA:2,(anonymous_165)
FNDA:2,_update
FNDA:2,(anonymous_167)
FNDA:0,(anonymous_168)
FNDA:1,(anonymous_169)
FNDA:0,(anonymous_170)
FNDA:1,(anonymous_171)
FNDA:2,_del
FNDA:2,(anonymous_173)
FNDA:0,(anonymous_174)
FNDA:2,(anonymous_175)
FNDA:0,(anonymous_176)
FNDA:2,(anonymous_177)
FNDA:1,_action
FNDA:1,(anonymous_179)
FNDA:0,(anonymous_180)
FNDA:1,(anonymous_181)
FNDA:0,(anonymous_182)
FNDA:1,(anonymous_183)
FNDA:0,_crosstab
FNDA:0,(anonymous_185)
FNDA:0,(anonymous_186)
FNDA:0,(anonymous_187)
FNDA:0,(anonymous_188)
FNDA:0,(anonymous_189)
FNDA:0,_print
FNDA:0,(anonymous_191)
FNDA:0,(anonymous_192)
FNDA:0,(anonymous_193)
FNDA:0,(anonymous_194)
FNDA:0,(anonymous_195)
FNDA:0,_setParameter
FNDA:0,(anonymous_197)
FNDA:0,(anonymous_198)
FNDA:0,(anonymous_199)
FNDA:0,(anonymous_200)
FNDA:0,(anonymous_201)
FNDA:0,_getParameter
FNDA:0,(anonymous_203)
FNDA:0,(anonymous_204)
FNDA:0,(anonymous_205)
FNDA:0,(anonymous_206)
FNDA:0,(anonymous_207)
DA:7,1
DA:8,1
DA:9,1
DA:15,1
DA:343,1
DA:367,1
DA:373,1
DA:379,1
DA:386,1
DA:387,0
DA:395,1
DA:396,0
DA:404,1
DA:405,0
DA:413,1
DA:414,0
DA:417,1
DA:424,1
DA:425,78
DA:426,0
DA:435,1
DA:437,1
DA:438,1
DA:439,1
DA:440,1
DA:441,1
DA:442,0
DA:443,0
DA:444,0
DA:446,1
DA:447,1
DA:448,1
DA:449,0
DA:450,1
DA:452,1
DA:453,0
DA:455,0
DA:456,0
DA:460,1
DA:461,1
DA:462,0
DA:463,0
DA:465,1
DA:466,1
DA:467,1
DA:468,1
DA:469,0
DA:471,1
DA:472,1
DA:473,0
DA:474,1
DA:475,0
DA:476,1
DA:483,1
DA:502,1
DA:509,1
DA:510,1
DA:518,1
DA:525,1
DA:526,1
DA:534,1
DA:541,1
DA:542,0
DA:550,1
DA:559,1
DA:560,6
DA:567,1
DA:568,7
DA:569,7
DA:570,7
DA:571,7
DA:573,7
DA:575,7
DA:576,7
DA:577,7
DA:579,7
DA:587,5
DA:597,33
DA:610,1
DA:611,33
DA:612,33
DA:613,33
DA:614,33
DA:615,7
DA:616,33
DA:617,33
DA:618,28
DA:619,28
DA:621,5
DA:622,5
DA:623,4
DA:624,4
DA:627,33
DA:636,33
DA:637,33
DA:639,0
DA:640,0
DA:642,0
DA:653,1
DA:654,0
DA:663,1
DA:664,33
DA:665,33
DA:666,0
DA:667,33
DA:669,0
DA:680,1
DA:681,1
DA:682,1
DA:683,1
DA:684,1
DA:685,1
DA:686,0
DA:688,1
DA:689,1
DA:692,0
DA:703,1
DA:704,1
DA:705,1
DA:706,1
DA:707,1
DA:708,1
DA:718,4
DA:719,4
DA:720,4
DA:721,3
DA:722,3
DA:723,3
DA:724,3
DA:726,4
DA:727,4
DA:728,4
DA:729,4
DA:730,0
DA:732,4
DA:733,4
DA:734,4
DA:735,4
DA:736,4
DA:737,4
DA:738,4
DA:739,4
DA:741,4
DA:748,4
DA:749,4
DA:752,0
DA:764,1
DA:765,4
DA:766,4
DA:767,4
DA:768,4
DA:769,4
DA:779,4
DA:780,4
DA:781,4
DA:782,4
DA:783,4
DA:784,4
DA:785,0
DA:787,4
DA:788,4
DA:789,4
DA:792,0
DA:793,0
DA:794,0
DA:805,1
DA:806,4
DA:807,4
DA:808,4
DA:809,4
DA:810,4
DA:818,1
DA:827,3
DA:828,3
DA:829,3
DA:830,3
DA:831,1
DA:832,3
DA:833,3
DA:834,3
DA:835,3
DA:836,0
DA:838,3
DA:839,3
DA:840,3
DA:843,0
DA:854,1
DA:855,3
DA:856,3
DA:857,3
DA:858,3
DA:859,3
DA:870,0
DA:871,0
DA:872,0
DA:873,0
DA:874,0
DA:875,0
DA:876,0
DA:878,0
DA:879,0
DA:882,0
DA:893,1
DA:894,0
DA:895,0
DA:896,0
DA:897,0
DA:898,0
DA:908,1
DA:909,1
DA:910,1
DA:911,1
DA:912,1
DA:913,1
DA:914,0
DA:916,1
DA:917,1
DA:918,1
DA:921,0
DA:931,1
DA:932,1
DA:933,1
DA:934,1
DA:935,1
DA:936,1
DA:946,1
DA:947,1
DA:948,1
DA:949,1
DA:950,1
DA:951,1
DA:952,0
DA:954,1
DA:955,1
DA:956,1
DA:959,0
DA:969,1
DA:970,1
DA:971,1
DA:972,1
DA:973,1
DA:974,1
DA:984,0
DA:985,0
DA:986,0
DA:987,0
DA:988,0
DA:989,0
DA:990,0
DA:991,0
DA:992,0
DA:993,0
DA:995,0
DA:996,0
DA:997,0
DA:1000,0
DA:1011,1
DA:1012,0
DA:1013,0
DA:1014,0
DA:1015,0
DA:1016,0
DA:1027,0
DA:1028,0
DA:1029,0
DA:1030,0
DA:1031,0
DA:1032,0
DA:1033,0
DA:1034,0
DA:1035,0
DA:1036,0
DA:1038,0
DA:1039,0
DA:1042,0
DA:1056,1
DA:1057,0
DA:1058,0
DA:1059,0
DA:1060,0
DA:1061,0
DA:1071,1
DA:1072,3
DA:1073,3
DA:1074,3
DA:1075,3
DA:1076,3
DA:1078,3
DA:1086,1
DA:1087,0
DA:1105,3
DA:1106,2
DA:1114,3
DA:1115,5
DA:1122,3
DA:1129,3
DA:1130,0
DA:1138,3
DA:1139,0
DA:1146,3
DA:1147,0
DA:1154,3
DA:1161,3
DA:1162,0
DA:1169,3
DA:1176,3
DA:1177,0
DA:1178,0
DA:1186,3
DA:1187,1
DA:1204,3
DA:1210,3
DA:1216,3
DA:1222,3
DA:1228,3
DA:1234,3
DA:1247,3
DA:1253,3
DA:1259,3
DA:1265,3
DA:1271,3
DA:1277,3
DA:1283,3
DA:1289,3
DA:1298,1
DA:1299,1
DA:1300,1
DA:1301,1
DA:1302,1
DA:1303,1
DA:1304,1
DA:1305,1
DA:1306,1
DA:1307,0
DA:1309,1
DA:1310,1
DA:1311,1
DA:1314,0
DA:1326,3
DA:1327,1
DA:1328,1
DA:1329,1
DA:1337,3
DA:1338,1
DA:1346,3
DA:1347,0
DA:1355,3
DA:1356,0
DA:1364,3
DA:1365,0
DA:1373,3
DA:1374,0
DA:1383,3
DA:1384,0
DA:1385,0
DA:1386,0
DA:1387,0
DA:1388,0
DA:1396,3
DA:1397,0
DA:1405,3
DA:1406,0
DA:1414,3
DA:1415,0
DA:1424,3
DA:1425,0
DA:1426,0
DA:1427,0
DA:1428,0
DA:1438,3
DA:1439,0
DA:1440,0
DA:1441,0
DA:1442,0
DA:1453,3
DA:1454,0
DA:1455,0
DA:1456,0
DA:1457,0
DA:1467,3
DA:1468,0
DA:1469,0
DA:1470,0
DA:1480,3
DA:1481,0
DA:1482,0
DA:1483,0
DA:1484,0
DA:1485,0
DA:1488,0
DA:1497,3
DA:1498,0
DA:1507,3
DA:1508,0
DA:1509,0
DA:1519,1
DA:1520,1
DA:1521,1
DA:1522,1
DA:1523,0
DA:1524,1
DA:1525,0
DA:1526,1
DA:1527,1
DA:1528,1
DA:1529,1
DA:1530,0
DA:1532,1
DA:1533,1
DA:1534,1
DA:1537,0
DA:1549,3
DA:1550,1
DA:1551,1
DA:1552,1
DA:1553,1
DA:1554,1
DA:1563,13
DA:1564,13
DA:1565,4
DA:1566,13
DA:1567,13
DA:1568,1
DA:1569,13
DA:1570,13
DA:1571,2
DA:1572,13
DA:1573,13
DA:1574,0
DA:1575,13
DA:1584,7
DA:1585,7
DA:1586,7
DA:1587,7
DA:1588,53
DA:1589,53
DA:1590,1
DA:1591,1
DA:1592,1
DA:1593,52
DA:1594,0
DA:1595,52
DA:1596,0
DA:1597,0
DA:1599,52
DA:1602,7
DA:1612,1
DA:1613,1
DA:1614,1
DA:1615,1
DA:1616,1
DA:1617,1
DA:1618,1
DA:1619,0
DA:1621,1
DA:1622,1
DA:1623,1
DA:1624,1
DA:1625,1
DA:1626,1
DA:1629,0
DA:1640,3
DA:1641,1
DA:1642,1
DA:1643,1
DA:1644,1
DA:1645,1
DA:1653,3
DA:1663,2
DA:1664,2
DA:1665,2
DA:1666,2
DA:1667,0
DA:1668,2
DA:1669,2
DA:1670,2
DA:1671,2
DA:1672,2
DA:1673,2
DA:1674,2
DA:1675,0
DA:1677,2
DA:1678,0
DA:1679,2
DA:1680,2
DA:1681,2
DA:1682,2
DA:1683,2
DA:1684,2
DA:1687,0
DA:1701,3
DA:1702,2
DA:1703,2
DA:1704,2
DA:1705,2
DA:1706,2
DA:1717,7
DA:1718,7
DA:1719,7
DA:1720,7
DA:1721,7
DA:1722,1
DA:1723,7
DA:1724,0
DA:1725,0
DA:1728,7
DA:1729,7
DA:1730,7
DA:1731,7
DA:1732,7
DA:1733,7
DA:1734,0
DA:1736,7
DA:1737,0
DA:1738,7
DA:1739,0
DA:1741,7
DA:1742,7
DA:1743,7
DA:1746,0
DA:1760,3
DA:1761,3
DA:1762,3
DA:1763,3
DA:1764,3
DA:1765,3
DA:1775,2
DA:1776,2
DA:1777,2
DA:1778,2
DA:1779,2
DA:1789,3
DA:1790,2
DA:1791,2
DA:1792,2
DA:1793,2
DA:1794,2
DA:1805,1
DA:1806,1
DA:1807,1
DA:1808,1
DA:1809,1
DA:1820,3
DA:1821,1
DA:1822,1
DA:1823,1
DA:1824,1
DA:1825,1
DA:1836,0
DA:1837,0
DA:1838,0
DA:1839,0
DA:1840,0
DA:1851,3
DA:1852,0
DA:1853,0
DA:1854,0
DA:1855,0
DA:1856,0
DA:1867,1
DA:1868,1
DA:1869,1
DA:1870,1
DA:1871,1
DA:1882,3
DA:1883,1
DA:1884,1
DA:1885,1
DA:1886,1
DA:1887,1
DA:1895,3
DA:1896,0
DA:1897,0
DA:1908,0
DA:1909,0
DA:1910,0
DA:1911,0
DA:1912,0
DA:1913,0
DA:1914,0
DA:1915,0
DA:1917,0
DA:1918,0
DA:1919,0
DA:1922,0
DA:1933,3
DA:1934,0
DA:1935,0
DA:1936,0
DA:1937,0
DA:1938,0
DA:1949,1
DA:1950,1
DA:1951,1
DA:1952,1
DA:1953,0
DA:1955,1
DA:1965,3
DA:1966,1
DA:1967,1
DA:1968,1
DA:1969,1
DA:1970,1
DA:1981,2
DA:1982,2
DA:1983,2
DA:1984,2
DA:1985,2
DA:1986,2
DA:1987,2
DA:1988,2
DA:1989,2
DA:1990,0
DA:1992,2
DA:1993,2
DA:1994,2
DA:1997,0
DA:2008,3
DA:2009,2
DA:2010,2
DA:2011,2
DA:2012,2
DA:2013,2
DA:2014,2
DA:2025,2
DA:2026,2
DA:2027,2
DA:2028,2
DA:2029,2
DA:2030,2
DA:2031,2
DA:2032,2
DA:2033,2
DA:2034,0
DA:2036,2
DA:2037,2
DA:2038,2
DA:2041,0
DA:2052,3
DA:2053,1
DA:2054,1
DA:2055,1
DA:2056,1
DA:2057,1
DA:2068,2
DA:2069,2
DA:2070,2
DA:2071,2
DA:2072,2
DA:2073,2
DA:2074,2
DA:2075,2
DA:2076,0
DA:2078,2
DA:2079,2
DA:2080,2
DA:2081,2
DA:2084,0
DA:2095,3
DA:2096,2
DA:2097,2
DA:2098,2
DA:2099,2
DA:2100,2
DA:2112,1
DA:2113,1
DA:2114,1
DA:2115,1
DA:2116,1
DA:2117,1
DA:2118,0
DA:2120,1
DA:2121,1
DA:2122,1
DA:2125,0
DA:2137,3
DA:2138,1
DA:2139,1
DA:2140,1
DA:2141,1
DA:2142,1
DA:2153,0
DA:2154,0
DA:2155,0
DA:2156,0
DA:2157,0
DA:2158,0
DA:2159,0
DA:2160,0
DA:2161,0
DA:2163,0
DA:2164,0
DA:2165,0
DA:2168,0
DA:2180,3
DA:2181,0
DA:2182,0
DA:2183,0
DA:2184,0
DA:2185,0
DA:2196,0
DA:2197,0
DA:2198,0
DA:2199,0
DA:2200,0
DA:2201,0
DA:2202,0
DA:2203,0
DA:2204,0
DA:2205,0
DA:2206,0
DA:2207,0
DA:2208,0
DA:2209,0
DA:2211,0
DA:2212,0
DA:2213,0
DA:2216,0
DA:2227,3
DA:2228,0
DA:2229,0
DA:2230,0
DA:2231,0
DA:2232,0
DA:2244,0
DA:2245,0
DA:2246,0
DA:2247,0
DA:2248,0
DA:2249,0
DA:2250,0
DA:2251,0
DA:2252,0
DA:2254,0
DA:2255,0
DA:2256,0
DA:2259,0
DA:2271,3
DA:2272,0
DA:2273,0
DA:2274,0
DA:2275,0
DA:2276,0
DA:2287,0
DA:2288,0
DA:2289,0
DA:2290,0
DA:2291,0
DA:2292,0
DA:2293,0
DA:2294,0
DA:2296,0
DA:2297,0
DA:2298,0
DA:2301,0
DA:2312,3
DA:2313,0
DA:2314,0
DA:2315,0
DA:2316,0
DA:2317,0
DA:2321,1
LF:762
LH:493
BRDA:367,0,0,1
BRDA:367,0,1,0
BRDA:379,1,0,1
BRDA:379,1,1,1
BRDA:386,2,0,1
BRDA:386,2,1,1
BRDA:395,3,0,1
BRDA:395,3,1,1
BRDA:404,4,0,1
BRDA:404,4,1,1
BRDA:413,5,0,1
BRDA:413,5,1,1
BRDA:424,6,0,1
BRDA:424,6,1,1
BRDA:425,7,0,0
BRDA:425,7,1,78
BRDA:435,8,0,1
BRDA:435,8,1,1
BRDA:437,9,0,1
BRDA:437,9,1,0
BRDA:441,10,0,0
BRDA:441,10,1,1
BRDA:443,11,0,0
BRDA:443,11,1,0
BRDA:448,12,0,0
BRDA:448,12,1,1
BRDA:452,13,0,0
BRDA:452,13,1,1
BRDA:460,14,0,1
BRDA:460,14,1,0
BRDA:460,15,0,0
BRDA:460,15,1,0
BRDA:461,16,0,0
BRDA:461,16,1,1
BRDA:461,17,0,1
BRDA:461,17,1,1
BRDA:465,18,0,1
BRDA:465,18,1,0
BRDA:466,19,0,1
BRDA:466,19,1,0
BRDA:467,20,0,1
BRDA:467,20,1,1
BRDA:468,21,0,0
BRDA:468,21,1,1
BRDA:472,22,0,0
BRDA:472,22,1,1
BRDA:472,23,0,1
BRDA:472,23,1,0
BRDA:472,23,2,1
BRDA:472,23,3,1
BRDA:474,24,0,0
BRDA:474,24,1,1
BRDA:475,25,0,0
BRDA:475,25,1,0
BRDA:489,26,0,0
BRDA:489,26,1,1
BRDA:502,27,0,1
BRDA:502,27,1,1
BRDA:518,28,0,1
BRDA:518,28,1,1
BRDA:534,29,0,1
BRDA:534,29,1,1
BRDA:534,29,2,1
BRDA:560,30,0,6
BRDA:560,30,1,3
BRDA:587,31,0,4
BRDA:587,31,1,1
BRDA:587,32,0,5
BRDA:587,32,1,4
BRDA:588,33,0,4
BRDA:588,33,1,0
BRDA:597,34,0,28
BRDA:597,34,1,5
BRDA:612,35,0,7
BRDA:612,35,1,26
BRDA:614,36,0,7
BRDA:614,36,1,26
BRDA:617,37,0,28
BRDA:617,37,1,5
BRDA:622,38,0,4
BRDA:622,38,1,1
BRDA:629,39,0,33
BRDA:629,39,1,0
BRDA:636,40,0,33
BRDA:636,40,1,0
BRDA:639,41,0,0
BRDA:639,41,1,0
BRDA:654,42,0,0
BRDA:654,42,1,0
BRDA:665,43,0,0
BRDA:665,43,1,33
BRDA:667,44,0,33
BRDA:667,44,1,0
BRDA:681,45,0,1
BRDA:681,45,1,0
BRDA:685,46,0,0
BRDA:685,46,1,1
BRDA:686,47,0,0
BRDA:686,47,1,0
BRDA:688,48,0,1
BRDA:688,48,1,0
BRDA:692,49,0,0
BRDA:692,49,1,0
BRDA:705,50,0,1
BRDA:705,50,1,1
BRDA:707,51,0,1
BRDA:707,51,1,0
BRDA:719,52,0,4
BRDA:719,52,1,0
BRDA:720,53,0,3
BRDA:720,53,1,1
BRDA:720,54,0,4
BRDA:720,54,1,1
BRDA:722,55,0,3
BRDA:722,55,1,0
BRDA:723,56,0,3
BRDA:723,56,1,0
BRDA:723,57,0,3
BRDA:723,57,1,0
BRDA:724,58,0,3
BRDA:724,58,1,0
BRDA:729,59,0,0
BRDA:729,59,1,4
BRDA:730,60,0,0
BRDA:730,60,1,0
BRDA:735,61,0,4
BRDA:735,61,1,0
BRDA:738,62,0,4
BRDA:738,62,1,0
BRDA:748,63,0,4
BRDA:748,63,1,0
BRDA:752,64,0,0
BRDA:752,64,1,0
BRDA:766,65,0,4
BRDA:766,65,1,1
BRDA:780,66,0,4
BRDA:780,66,1,0
BRDA:784,67,0,0
BRDA:784,67,1,4
BRDA:785,68,0,0
BRDA:785,68,1,0
BRDA:788,69,0,4
BRDA:788,69,1,0
BRDA:792,70,0,0
BRDA:792,70,1,0
BRDA:794,71,0,0
BRDA:794,71,1,0
BRDA:807,72,0,4
BRDA:807,72,1,4
BRDA:828,73,0,3
BRDA:828,73,1,0
BRDA:830,74,0,1
BRDA:830,74,1,2
BRDA:835,75,0,0
BRDA:835,75,1,3
BRDA:836,76,0,0
BRDA:836,76,1,0
BRDA:839,77,0,3
BRDA:839,77,1,0
BRDA:843,78,0,0
BRDA:843,78,1,0
BRDA:856,79,0,3
BRDA:856,79,1,0
BRDA:871,80,0,0
BRDA:871,80,1,0
BRDA:875,81,0,0
BRDA:875,81,1,0
BRDA:876,82,0,0
BRDA:876,82,1,0
BRDA:878,83,0,0
BRDA:878,83,1,0
BRDA:882,84,0,0
BRDA:882,84,1,0
BRDA:895,85,0,0
BRDA:895,85,1,0
BRDA:909,86,0,1
BRDA:909,86,1,0
BRDA:913,87,0,0
BRDA:913,87,1,1
BRDA:914,88,0,0
BRDA:914,88,1,0
BRDA:917,89,0,1
BRDA:917,89,1,0
BRDA:921,90,0,0
BRDA:921,90,1,0
BRDA:933,91,0,1
BRDA:933,91,1,1
BRDA:947,92,0,1
BRDA:947,92,1,0
BRDA:951,93,0,0
BRDA:951,93,1,1
BRDA:952,94,0,0
BRDA:952,94,1,0
BRDA:955,95,0,1
BRDA:955,95,1,0
BRDA:959,96,0,0
BRDA:959,96,1,0
BRDA:971,97,0,1
BRDA:971,97,1,1
BRDA:985,98,0,0
BRDA:985,98,1,0
BRDA:987,99,0,0
BRDA:987,99,1,0
BRDA:992,100,0,0
BRDA:992,100,1,0
BRDA:993,101,0,0
BRDA:993,101,1,0
BRDA:996,102,0,0
BRDA:996,102,1,0
BRDA:1000,103,0,0
BRDA:1000,103,1,0
BRDA:1013,104,0,0
BRDA:1013,104,1,0
BRDA:1028,105,0,0
BRDA:1028,105,1,0
BRDA:1030,106,0,0
BRDA:1030,106,1,0
BRDA:1031,107,0,0
BRDA:1031,107,1,0
BRDA:1032,108,0,0
BRDA:1032,108,1,0
BRDA:1032,109,0,0
BRDA:1032,109,1,0
BRDA:1035,110,0,0
BRDA:1035,110,1,0
BRDA:1036,111,0,0
BRDA:1036,111,1,0
BRDA:1038,112,0,0
BRDA:1038,112,1,0
BRDA:1042,113,0,0
BRDA:1042,113,1,0
BRDA:1058,114,0,0
BRDA:1058,114,1,0
BRDA:1074,115,0,3
BRDA:1074,115,1,0
BRDA:1177,116,0,0
BRDA:1177,116,1,0
BRDA:1187,117,0,1
BRDA:1187,117,1,1
BRDA:1247,118,0,3
BRDA:1247,118,1,3
BRDA:1299,119,0,1
BRDA:1299,119,1,1
BRDA:1301,120,0,0
BRDA:1301,120,1,1
BRDA:1302,121,0,0
BRDA:1302,121,1,1
BRDA:1306,122,0,0
BRDA:1306,122,1,1
BRDA:1307,123,0,0
BRDA:1307,123,1,0
BRDA:1310,124,0,1
BRDA:1310,124,1,0
BRDA:1314,125,0,0
BRDA:1314,125,1,0
BRDA:1386,126,0,0
BRDA:1386,126,1,0
BRDA:1387,127,0,0
BRDA:1387,127,1,0
BRDA:1425,128,0,0
BRDA:1425,128,1,0
BRDA:1427,129,0,0
BRDA:1427,129,1,0
BRDA:1439,130,0,0
BRDA:1439,130,1,0
BRDA:1441,131,0,0
BRDA:1441,131,1,0
BRDA:1441,132,0,0
BRDA:1441,132,1,0
BRDA:1442,133,0,0
BRDA:1442,133,1,0
BRDA:1454,134,0,0
BRDA:1454,134,1,0
BRDA:1457,135,0,0
BRDA:1457,135,1,0
BRDA:1457,136,0,0
BRDA:1457,136,1,0
BRDA:1469,137,0,0
BRDA:1469,137,1,0
BRDA:1469,138,0,0
BRDA:1469,138,1,0
BRDA:1470,139,0,0
BRDA:1470,139,1,0
BRDA:1481,140,0,0
BRDA:1481,140,1,0
BRDA:1484,141,0,0
BRDA:1484,141,1,0
BRDA:1498,142,0,0
BRDA:1498,142,1,0
BRDA:1509,143,0,0
BRDA:1509,143,1,0
BRDA:1509,143,2,0
BRDA:1509,143,3,0
BRDA:1509,143,4,0
BRDA:1520,144,0,1
BRDA:1520,144,1,0
BRDA:1522,145,0,0
BRDA:1522,145,1,1
BRDA:1524,146,0,0
BRDA:1524,146,1,1
BRDA:1529,147,0,0
BRDA:1529,147,1,1
BRDA:1530,148,0,0
BRDA:1530,148,1,0
BRDA:1533,149,0,1
BRDA:1533,149,1,0
BRDA:1537,150,0,0
BRDA:1537,150,1,0
BRDA:1551,151,0,1
BRDA:1551,151,1,1
BRDA:1564,152,0,4
BRDA:1564,152,1,9
BRDA:1566,153,0,13
BRDA:1566,153,1,13
BRDA:1566,153,2,12
BRDA:1567,154,0,1
BRDA:1567,154,1,12
BRDA:1568,155,0,0
BRDA:1568,155,1,1
BRDA:1569,156,0,13
BRDA:1569,156,1,12
BRDA:1570,157,0,2
BRDA:1570,157,1,11
BRDA:1571,158,0,1
BRDA:1571,158,1,1
BRDA:1572,159,0,13
BRDA:1572,159,1,13
BRDA:1573,160,0,0
BRDA:1573,160,1,13
BRDA:1574,161,0,0
BRDA:1574,161,1,0
BRDA:1585,162,0,0
BRDA:1585,162,1,7
BRDA:1588,163,0,53
BRDA:1588,163,1,23
BRDA:1589,164,0,1
BRDA:1589,164,1,52
BRDA:1589,165,0,53
BRDA:1589,165,1,1
BRDA:1590,166,0,1
BRDA:1590,166,1,0
BRDA:1592,167,0,1
BRDA:1592,167,1,0
BRDA:1592,168,0,0
BRDA:1592,168,1,1
BRDA:1593,169,0,0
BRDA:1593,169,1,52
BRDA:1593,170,0,52
BRDA:1593,170,1,0
BRDA:1594,171,0,0
BRDA:1594,171,1,0
BRDA:1595,172,0,0
BRDA:1595,172,1,52
BRDA:1597,173,0,0
BRDA:1597,173,1,0
BRDA:1599,174,0,45
BRDA:1599,174,1,7
BRDA:1613,175,0,1
BRDA:1613,175,1,0
BRDA:1614,176,0,1
BRDA:1614,176,1,0
BRDA:1618,177,0,0
BRDA:1618,177,1,1
BRDA:1619,178,0,0
BRDA:1619,178,1,0
BRDA:1622,179,0,1
BRDA:1622,179,1,0
BRDA:1623,180,0,1
BRDA:1623,180,1,0
BRDA:1625,181,0,1
BRDA:1625,181,1,0
BRDA:1629,182,0,0
BRDA:1629,182,1,0
BRDA:1642,183,0,1
BRDA:1642,183,1,1
BRDA:1664,184,0,2
BRDA:1664,184,1,0
BRDA:1666,185,0,0
BRDA:1666,185,1,2
BRDA:1668,186,0,0
BRDA:1668,186,1,2
BRDA:1669,187,0,0
BRDA:1669,187,1,2
BRDA:1670,188,0,2
BRDA:1670,188,1,0
BRDA:1674,189,0,0
BRDA:1674,189,1,2
BRDA:1675,190,0,0
BRDA:1675,190,1,0
BRDA:1677,191,0,0
BRDA:1677,191,1,2
BRDA:1680,192,0,0
BRDA:1680,192,1,2
BRDA:1681,193,0,0
BRDA:1681,193,1,2
BRDA:1683,194,0,2
BRDA:1683,194,1,0
BRDA:1687,195,0,0
BRDA:1687,195,1,0
BRDA:1703,196,0,2
BRDA:1703,196,1,1
BRDA:1718,197,0,7
BRDA:1718,197,1,0
BRDA:1721,198,0,1
BRDA:1721,198,1,6
BRDA:1723,199,0,0
BRDA:1723,199,1,7
BRDA:1728,200,0,0
BRDA:1728,200,1,7
BRDA:1729,201,0,0
BRDA:1729,201,1,7
BRDA:1733,202,0,0
BRDA:1733,202,1,7
BRDA:1734,203,0,0
BRDA:1734,203,1,0
BRDA:1736,204,0,0
BRDA:1736,204,1,7
BRDA:1738,205,0,0
BRDA:1738,205,1,7
BRDA:1739,206,0,0
BRDA:1739,206,1,0
BRDA:1741,207,0,1
BRDA:1741,207,1,6
BRDA:1742,208,0,7
BRDA:1742,208,1,0
BRDA:1743,209,0,1
BRDA:1743,209,1,6
BRDA:1746,210,0,0
BRDA:1746,210,1,0
BRDA:1762,211,0,3
BRDA:1762,211,1,1
BRDA:1775,212,0,2
BRDA:1775,212,1,0
BRDA:1791,213,0,2
BRDA:1791,213,1,2
BRDA:1805,214,0,1
BRDA:1805,214,1,0
BRDA:1822,215,0,1
BRDA:1822,215,1,1
BRDA:1836,216,0,0
BRDA:1836,216,1,0
BRDA:1853,217,0,0
BRDA:1853,217,1,0
BRDA:1867,218,0,1
BRDA:1867,218,1,0
BRDA:1884,219,0,1
BRDA:1884,219,1,1
BRDA:1896,220,0,0
BRDA:1896,220,1,0
BRDA:1909,221,0,0
BRDA:1909,221,1,0
BRDA:1914,222,0,0
BRDA:1914,222,1,0
BRDA:1915,223,0,0
BRDA:1915,223,1,0
BRDA:1918,224,0,0
BRDA:1918,224,1,0
BRDA:1922,225,0,0
BRDA:1922,225,1,0
BRDA:1935,226,0,0
BRDA:1935,226,1,0
BRDA:1949,227,0,1
BRDA:1949,227,1,0
BRDA:1952,228,0,0
BRDA:1952,228,1,1
BRDA:1952,229,0,1
BRDA:1952,229,1,1
BRDA:1967,230,0,1
BRDA:1967,230,1,1
BRDA:1982,231,0,2
BRDA:1982,231,1,0
BRDA:1984,232,0,2
BRDA:1984,232,1,0
BRDA:1989,233,0,0
BRDA:1989,233,1,2
BRDA:1990,234,0,0
BRDA:1990,234,1,0
BRDA:1992,235,0,1
BRDA:1992,235,1,1
BRDA:1993,236,0,2
BRDA:1993,236,1,0
BRDA:1997,237,0,0
BRDA:1997,237,1,0
BRDA:2011,238,0,2
BRDA:2011,238,1,2
BRDA:2026,239,0,2
BRDA:2026,239,1,0
BRDA:2028,240,0,2
BRDA:2028,240,1,0
BRDA:2033,241,0,0
BRDA:2033,241,1,2
BRDA:2034,242,0,0
BRDA:2034,242,1,0
BRDA:2036,243,0,0
BRDA:2036,243,1,2
BRDA:2037,244,0,2
BRDA:2037,244,1,0
BRDA:2041,245,0,0
BRDA:2041,245,1,0
BRDA:2054,246,0,1
BRDA:2054,246,1,1
BRDA:2069,247,0,2
BRDA:2069,247,1,0
BRDA:2071,248,0,2
BRDA:2071,248,1,0
BRDA:2075,249,0,0
BRDA:2075,249,1,2
BRDA:2076,250,0,0
BRDA:2076,250,1,0
BRDA:2080,251,0,2
BRDA:2080,251,1,0
BRDA:2084,252,0,0
BRDA:2084,252,1,0
BRDA:2097,253,0,2
BRDA:2097,253,1,2
BRDA:2113,254,0,1
BRDA:2113,254,1,1
BRDA:2114,255,0,0
BRDA:2114,255,1,1
BRDA:2117,256,0,0
BRDA:2117,256,1,1
BRDA:2118,257,0,0
BRDA:2118,257,1,0
BRDA:2121,258,0,1
BRDA:2121,258,1,0
BRDA:2125,259,0,0
BRDA:2125,259,1,0
BRDA:2139,260,0,1
BRDA:2139,260,1,1
BRDA:2154,261,0,0
BRDA:2154,261,1,0
BRDA:2155,262,0,0
BRDA:2155,262,1,0
BRDA:2160,263,0,0
BRDA:2160,263,1,0
BRDA:2161,264,0,0
BRDA:2161,264,1,0
BRDA:2164,265,0,0
BRDA:2164,265,1,0
BRDA:2168,266,0,0
BRDA:2168,266,1,0
BRDA:2182,267,0,0
BRDA:2182,267,1,0
BRDA:2197,268,0,0
BRDA:2197,268,1,0
BRDA:2198,269,0,0
BRDA:2198,269,1,0
BRDA:2201,270,0,0
BRDA:2201,270,1,0
BRDA:2203,271,0,0
BRDA:2203,271,1,0
BRDA:2208,272,0,0
BRDA:2208,272,1,0
BRDA:2209,273,0,0
BRDA:2209,273,1,0
BRDA:2212,274,0,0
BRDA:2212,274,1,0
BRDA:2216,275,0,0
BRDA:2216,275,1,0
BRDA:2229,276,0,0
BRDA:2229,276,1,0
BRDA:2245,277,0,0
BRDA:2245,277,1,0
BRDA:2247,278,0,0
BRDA:2247,278,1,0
BRDA:2251,279,0,0
BRDA:2251,279,1,0
BRDA:2252,280,0,0
BRDA:2252,280,1,0
BRDA:2255,281,0,0
BRDA:2255,281,1,0
BRDA:2259,282,0,0
BRDA:2259,282,1,0
BRDA:2273,283,0,0
BRDA:2273,283,1,0
BRDA:2288,284,0,0
BRDA:2288,284,1,0
BRDA:2293,285,0,0
BRDA:2293,285,1,0
BRDA:2294,286,0,0
BRDA:2294,286,1,0
BRDA:2297,287,0,0
BRDA:2297,287,1,0
BRDA:2301,288,0,0
BRDA:2301,288,1,0
BRDA:2314,289,0,0
BRDA:2314,289,1,0
BRF:587
BRH:234
end_of_record
