TN:
SF:src\simplicite.js
FN:363,session
FN:387,Session
FN:407,(anonymous_2)
FN:416,(anonymous_3)
FN:425,(anonymous_4)
FN:434,(anonymous_5)
FN:445,(anonymous_6)
FN:529,(anonymous_7)
FN:544,(anonymous_8)
FN:559,(anonymous_9)
FN:577,(anonymous_10)
FN:585,(anonymous_11)
FN:604,(anonymous_12)
FN:614,(anonymous_13)
FN:628,(anonymous_14)
FN:653,(anonymous_15)
FN:656,(anonymous_16)
FN:673,(anonymous_17)
FN:688,(anonymous_18)
FN:704,_getHealth
FN:707,(anonymous_20)
FN:716,(anonymous_21)
FN:729,(anonymous_22)
FN:732,(anonymous_23)
FN:733,(anonymous_24)
FN:743,_login
FN:752,(anonymous_26)
FN:777,(anonymous_27)
FN:791,(anonymous_28)
FN:794,(anonymous_29)
FN:795,(anonymous_30)
FN:805,_logout
FN:808,(anonymous_32)
FN:818,(anonymous_33)
FN:833,(anonymous_34)
FN:836,(anonymous_35)
FN:837,(anonymous_36)
FN:853,_getGrant
FN:861,(anonymous_38)
FN:871,(anonymous_39)
FN:885,(anonymous_40)
FN:888,(anonymous_41)
FN:889,(anonymous_42)
FN:900,_changePassword
FN:903,(anonymous_44)
FN:912,(anonymous_45)
FN:925,(anonymous_46)
FN:928,(anonymous_47)
FN:929,(anonymous_48)
FN:939,_getAppInfo
FN:942,(anonymous_50)
FN:952,(anonymous_51)
FN:964,(anonymous_52)
FN:967,(anonymous_53)
FN:968,(anonymous_54)
FN:978,_getSysInfo
FN:981,(anonymous_56)
FN:991,(anonymous_57)
FN:1003,(anonymous_58)
FN:1006,(anonymous_59)
FN:1007,(anonymous_60)
FN:1017,_getNews
FN:1023,(anonymous_62)
FN:1033,(anonymous_63)
FN:1046,(anonymous_64)
FN:1049,(anonymous_65)
FN:1050,(anonymous_66)
FN:1061,_indexSearch
FN:1067,(anonymous_68)
FN:1076,(anonymous_69)
FN:1092,(anonymous_70)
FN:1095,(anonymous_71)
FN:1096,(anonymous_72)
FN:1107,(anonymous_73)
FN:1122,(anonymous_74)
FN:1134,(anonymous_75)
FN:1149,Grant
FN:1155,(anonymous_77)
FN:1164,(anonymous_78)
FN:1180,(anonymous_79)
FN:1189,(anonymous_80)
FN:1198,(anonymous_81)
FN:1214,(anonymous_82)
FN:1230,(anonymous_83)
FN:1241,(anonymous_84)
FN:1249,(anonymous_85)
FN:1258,Document
FN:1264,(anonymous_87)
FN:1273,(anonymous_88)
FN:1289,(anonymous_89)
FN:1305,(anonymous_90)
FN:1321,(anonymous_91)
FN:1337,(anonymous_92)
FN:1346,(anonymous_93)
FN:1354,getBuffer
FN:1363,(anonymous_95)
FN:1372,(anonymous_96)
FN:1382,(anonymous_97)
FN:1391,(anonymous_98)
FN:1401,(anonymous_99)
FN:1410,(anonymous_100)
FN:1419,(anonymous_101)
FN:1432,BusinessObjectMetadata
FN:1479,BusinessObject
FN:1530,_getMetaData
FN:1536,(anonymous_105)
FN:1546,(anonymous_106)
FN:1560,(anonymous_107)
FN:1562,(anonymous_108)
FN:1571,(anonymous_109)
FN:1580,(anonymous_110)
FN:1589,(anonymous_111)
FN:1598,(anonymous_112)
FN:1607,(anonymous_113)
FN:1617,(anonymous_114)
FN:1630,(anonymous_115)
FN:1639,(anonymous_116)
FN:1648,(anonymous_117)
FN:1658,(anonymous_118)
FN:1671,(anonymous_119)
FN:1685,(anonymous_120)
FN:1700,(anonymous_121)
FN:1714,(anonymous_122)
FN:1729,(anonymous_123)
FN:1745,(anonymous_124)
FN:1769,(anonymous_125)
FN:1786,(anonymous_126)
FN:1796,(anonymous_127)
FN:1807,_getFilters
FN:1815,(anonymous_129)
FN:1825,(anonymous_130)
FN:1839,(anonymous_131)
FN:1842,(anonymous_132)
FN:1843,(anonymous_133)
FN:1852,_getOptions
FN:1873,_getReqParams
FN:1902,_count
FN:1906,(anonymous_137)
FN:1919,(anonymous_138)
FN:1932,(anonymous_139)
FN:1935,(anonymous_140)
FN:1936,(anonymous_141)
FN:1954,_search
FN:1963,(anonymous_143)
FN:1978,(anonymous_144)
FN:1994,(anonymous_145)
FN:1997,(anonymous_146)
FN:1998,(anonymous_147)
FN:2009,_get
FN:2023,(anonymous_149)
FN:2038,(anonymous_150)
FN:2054,(anonymous_151)
FN:2057,(anonymous_152)
FN:2058,(anonymous_153)
FN:2068,_getForCreate
FN:2084,(anonymous_155)
FN:2087,(anonymous_156)
FN:2088,(anonymous_157)
FN:2099,_getForUpdate
FN:2116,(anonymous_159)
FN:2119,(anonymous_160)
FN:2120,(anonymous_161)
FN:2131,_getForCopy
FN:2148,(anonymous_163)
FN:2151,(anonymous_164)
FN:2152,(anonymous_165)
FN:2163,_getForDelete
FN:2180,(anonymous_167)
FN:2183,(anonymous_168)
FN:2184,(anonymous_169)
FN:2194,(anonymous_170)
FN:2207,_populate
FN:2211,(anonymous_172)
FN:2221,(anonymous_173)
FN:2234,(anonymous_174)
FN:2237,(anonymous_175)
FN:2238,(anonymous_176)
FN:2249,_save
FN:2267,(anonymous_178)
FN:2270,(anonymous_179)
FN:2271,(anonymous_180)
FN:2282,_create
FN:2288,(anonymous_182)
FN:2298,(anonymous_183)
FN:2311,(anonymous_184)
FN:2315,(anonymous_185)
FN:2316,(anonymous_186)
FN:2327,_update
FN:2333,(anonymous_188)
FN:2343,(anonymous_189)
FN:2356,(anonymous_190)
FN:2359,(anonymous_191)
FN:2360,(anonymous_192)
FN:2371,_del
FN:2376,(anonymous_194)
FN:2387,(anonymous_195)
FN:2400,(anonymous_196)
FN:2403,(anonymous_197)
FN:2404,(anonymous_198)
FN:2416,_action
FN:2419,(anonymous_200)
FN:2429,(anonymous_201)
FN:2444,(anonymous_202)
FN:2447,(anonymous_203)
FN:2448,(anonymous_204)
FN:2459,_crosstab
FN:2464,(anonymous_206)
FN:2474,(anonymous_207)
FN:2488,(anonymous_208)
FN:2491,(anonymous_209)
FN:2492,(anonymous_210)
FN:2504,_print
FN:2514,(anonymous_212)
FN:2523,(anonymous_213)
FN:2537,(anonymous_214)
FN:2540,(anonymous_215)
FN:2541,(anonymous_216)
FN:2553,_setParameter
FN:2558,(anonymous_218)
FN:2568,(anonymous_219)
FN:2582,(anonymous_220)
FN:2585,(anonymous_221)
FN:2586,(anonymous_222)
FN:2597,_getParameter
FN:2601,(anonymous_224)
FN:2611,(anonymous_225)
FN:2624,(anonymous_226)
FN:2627,(anonymous_227)
FN:2628,(anonymous_228)
FN:2638,(anonymous_229)
FN:2650,ExternalObjectMetadata
FN:2666,ExternalObject
FN:2690,(anonymous_232)
FN:2699,(anonymous_233)
FN:2723,_call
FN:2752,(anonymous_235)
FN:2755,(anonymous_236)
FN:2774,(anonymous_237)
FN:2777,(anonymous_238)
FN:2778,(anonymous_239)
FNF:240
FNH:101
FNDA:1,session
FNDA:1,Session
FNDA:0,(anonymous_2)
FNDA:0,(anonymous_3)
FNDA:0,(anonymous_4)
FNDA:0,(anonymous_5)
FNDA:80,(anonymous_6)
FNDA:1,(anonymous_7)
FNDA:1,(anonymous_8)
FNDA:0,(anonymous_9)
FNDA:6,(anonymous_10)
FNDA:7,(anonymous_11)
FNDA:5,(anonymous_12)
FNDA:34,(anonymous_13)
FNDA:34,(anonymous_14)
FNDA:34,(anonymous_15)
FNDA:0,(anonymous_16)
FNDA:0,(anonymous_17)
FNDA:34,(anonymous_18)
FNDA:1,_getHealth
FNDA:1,(anonymous_20)
FNDA:0,(anonymous_21)
FNDA:1,(anonymous_22)
FNDA:0,(anonymous_23)
FNDA:1,(anonymous_24)
FNDA:4,_login
FNDA:4,(anonymous_26)
FNDA:0,(anonymous_27)
FNDA:4,(anonymous_28)
FNDA:0,(anonymous_29)
FNDA:4,(anonymous_30)
FNDA:4,_logout
FNDA:4,(anonymous_32)
FNDA:0,(anonymous_33)
FNDA:4,(anonymous_34)
FNDA:0,(anonymous_35)
FNDA:4,(anonymous_36)
FNDA:3,_getGrant
FNDA:3,(anonymous_38)
FNDA:0,(anonymous_39)
FNDA:3,(anonymous_40)
FNDA:0,(anonymous_41)
FNDA:3,(anonymous_42)
FNDA:0,_changePassword
FNDA:0,(anonymous_44)
FNDA:0,(anonymous_45)
FNDA:0,(anonymous_46)
FNDA:0,(anonymous_47)
FNDA:0,(anonymous_48)
FNDA:1,_getAppInfo
FNDA:1,(anonymous_50)
FNDA:0,(anonymous_51)
FNDA:1,(anonymous_52)
FNDA:0,(anonymous_53)
FNDA:1,(anonymous_54)
FNDA:1,_getSysInfo
FNDA:1,(anonymous_56)
FNDA:0,(anonymous_57)
FNDA:1,(anonymous_58)
FNDA:0,(anonymous_59)
FNDA:1,(anonymous_60)
FNDA:0,_getNews
FNDA:0,(anonymous_62)
FNDA:0,(anonymous_63)
FNDA:0,(anonymous_64)
FNDA:0,(anonymous_65)
FNDA:0,(anonymous_66)
FNDA:0,_indexSearch
FNDA:0,(anonymous_68)
FNDA:0,(anonymous_69)
FNDA:0,(anonymous_70)
FNDA:0,(anonymous_71)
FNDA:0,(anonymous_72)
FNDA:3,(anonymous_73)
FNDA:0,(anonymous_74)
FNDA:0,(anonymous_75)
FNDA:7,Grant
FNDA:2,(anonymous_77)
FNDA:5,(anonymous_78)
FNDA:0,(anonymous_79)
FNDA:0,(anonymous_80)
FNDA:0,(anonymous_81)
FNDA:0,(anonymous_82)
FNDA:0,(anonymous_83)
FNDA:1,(anonymous_84)
FNDA:0,(anonymous_85)
FNDA:1,Document
FNDA:0,(anonymous_87)
FNDA:0,(anonymous_88)
FNDA:0,(anonymous_89)
FNDA:0,(anonymous_90)
FNDA:0,(anonymous_91)
FNDA:1,(anonymous_92)
FNDA:0,(anonymous_93)
FNDA:0,getBuffer
FNDA:0,(anonymous_95)
FNDA:0,(anonymous_96)
FNDA:0,(anonymous_97)
FNDA:0,(anonymous_98)
FNDA:0,(anonymous_99)
FNDA:0,(anonymous_100)
FNDA:0,(anonymous_101)
FNDA:3,BusinessObjectMetadata
FNDA:3,BusinessObject
FNDA:1,_getMetaData
FNDA:1,(anonymous_105)
FNDA:0,(anonymous_106)
FNDA:1,(anonymous_107)
FNDA:1,(anonymous_108)
FNDA:1,(anonymous_109)
FNDA:0,(anonymous_110)
FNDA:0,(anonymous_111)
FNDA:0,(anonymous_112)
FNDA:0,(anonymous_113)
FNDA:0,(anonymous_114)
FNDA:1,(anonymous_115)
FNDA:0,(anonymous_116)
FNDA:0,(anonymous_117)
FNDA:0,(anonymous_118)
FNDA:0,(anonymous_119)
FNDA:0,(anonymous_120)
FNDA:0,(anonymous_121)
FNDA:0,(anonymous_122)
FNDA:0,(anonymous_123)
FNDA:0,(anonymous_124)
FNDA:0,(anonymous_125)
FNDA:0,(anonymous_126)
FNDA:0,(anonymous_127)
FNDA:1,_getFilters
FNDA:1,(anonymous_129)
FNDA:0,(anonymous_130)
FNDA:1,(anonymous_131)
FNDA:0,(anonymous_132)
FNDA:1,(anonymous_133)
FNDA:13,_getOptions
FNDA:8,_getReqParams
FNDA:1,_count
FNDA:1,(anonymous_137)
FNDA:0,(anonymous_138)
FNDA:1,(anonymous_139)
FNDA:0,(anonymous_140)
FNDA:1,(anonymous_141)
FNDA:2,_search
FNDA:2,(anonymous_143)
FNDA:0,(anonymous_144)
FNDA:2,(anonymous_145)
FNDA:0,(anonymous_146)
FNDA:2,(anonymous_147)
FNDA:7,_get
FNDA:7,(anonymous_149)
FNDA:0,(anonymous_150)
FNDA:3,(anonymous_151)
FNDA:0,(anonymous_152)
FNDA:3,(anonymous_153)
FNDA:2,_getForCreate
FNDA:2,(anonymous_155)
FNDA:0,(anonymous_156)
FNDA:2,(anonymous_157)
FNDA:1,_getForUpdate
FNDA:1,(anonymous_159)
FNDA:0,(anonymous_160)
FNDA:1,(anonymous_161)
FNDA:0,_getForCopy
FNDA:0,(anonymous_163)
FNDA:0,(anonymous_164)
FNDA:0,(anonymous_165)
FNDA:1,_getForDelete
FNDA:1,(anonymous_167)
FNDA:0,(anonymous_168)
FNDA:1,(anonymous_169)
FNDA:0,(anonymous_170)
FNDA:0,_populate
FNDA:0,(anonymous_172)
FNDA:0,(anonymous_173)
FNDA:0,(anonymous_174)
FNDA:0,(anonymous_175)
FNDA:0,(anonymous_176)
FNDA:1,_save
FNDA:1,(anonymous_178)
FNDA:0,(anonymous_179)
FNDA:1,(anonymous_180)
FNDA:2,_create
FNDA:2,(anonymous_182)
FNDA:0,(anonymous_183)
FNDA:2,(anonymous_184)
FNDA:0,(anonymous_185)
FNDA:2,(anonymous_186)
FNDA:2,_update
FNDA:2,(anonymous_188)
FNDA:0,(anonymous_189)
FNDA:1,(anonymous_190)
FNDA:0,(anonymous_191)
FNDA:1,(anonymous_192)
FNDA:2,_del
FNDA:2,(anonymous_194)
FNDA:0,(anonymous_195)
FNDA:2,(anonymous_196)
FNDA:0,(anonymous_197)
FNDA:2,(anonymous_198)
FNDA:1,_action
FNDA:1,(anonymous_200)
FNDA:0,(anonymous_201)
FNDA:1,(anonymous_202)
FNDA:0,(anonymous_203)
FNDA:1,(anonymous_204)
FNDA:0,_crosstab
FNDA:0,(anonymous_206)
FNDA:0,(anonymous_207)
FNDA:0,(anonymous_208)
FNDA:0,(anonymous_209)
FNDA:0,(anonymous_210)
FNDA:1,_print
FNDA:1,(anonymous_212)
FNDA:0,(anonymous_213)
FNDA:1,(anonymous_214)
FNDA:0,(anonymous_215)
FNDA:1,(anonymous_216)
FNDA:0,_setParameter
FNDA:0,(anonymous_218)
FNDA:0,(anonymous_219)
FNDA:0,(anonymous_220)
FNDA:0,(anonymous_221)
FNDA:0,(anonymous_222)
FNDA:0,_getParameter
FNDA:0,(anonymous_224)
FNDA:0,(anonymous_225)
FNDA:0,(anonymous_226)
FNDA:0,(anonymous_227)
FNDA:0,(anonymous_228)
FNDA:0,(anonymous_229)
FNDA:0,ExternalObjectMetadata
FNDA:0,ExternalObject
FNDA:0,(anonymous_232)
FNDA:0,(anonymous_233)
FNDA:0,_call
FNDA:0,(anonymous_235)
FNDA:0,(anonymous_236)
FNDA:0,(anonymous_237)
FNDA:0,(anonymous_238)
FNDA:0,(anonymous_239)
DA:7,1
DA:8,1
DA:9,1
DA:15,1
DA:364,1
DA:388,1
DA:394,1
DA:400,1
DA:407,1
DA:408,0
DA:416,1
DA:417,0
DA:425,1
DA:426,0
DA:434,1
DA:435,0
DA:438,1
DA:445,1
DA:446,80
DA:447,0
DA:455,1
DA:457,1
DA:458,1
DA:459,1
DA:460,1
DA:461,1
DA:462,0
DA:463,0
DA:464,0
DA:466,1
DA:467,1
DA:468,1
DA:469,0
DA:470,1
DA:472,1
DA:473,0
DA:475,0
DA:476,0
DA:480,1
DA:481,1
DA:482,0
DA:483,0
DA:485,1
DA:486,1
DA:487,1
DA:488,1
DA:489,0
DA:491,1
DA:492,1
DA:493,0
DA:494,1
DA:495,0
DA:496,1
DA:498,1
DA:504,1
DA:522,1
DA:529,1
DA:530,1
DA:537,1
DA:544,1
DA:545,1
DA:552,1
DA:559,1
DA:560,0
DA:568,1
DA:577,1
DA:578,6
DA:585,1
DA:586,7
DA:587,7
DA:588,7
DA:589,7
DA:591,7
DA:593,7
DA:594,7
DA:595,7
DA:597,7
DA:604,1
DA:605,5
DA:614,1
DA:615,34
DA:628,1
DA:629,34
DA:630,34
DA:631,34
DA:632,34
DA:633,7
DA:634,34
DA:635,34
DA:636,29
DA:637,29
DA:639,5
DA:640,5
DA:641,4
DA:642,4
DA:645,34
DA:654,34
DA:655,34
DA:657,0
DA:658,0
DA:659,0
DA:660,0
DA:662,0
DA:673,1
DA:674,0
DA:675,0
DA:676,0
DA:677,0
DA:679,0
DA:688,1
DA:689,34
DA:690,34
DA:691,0
DA:692,34
DA:694,0
DA:705,1
DA:706,1
DA:707,1
DA:708,1
DA:709,1
DA:710,1
DA:711,0
DA:713,1
DA:714,1
DA:717,0
DA:729,1
DA:730,1
DA:731,1
DA:732,1
DA:733,1
DA:734,1
DA:744,4
DA:745,4
DA:746,4
DA:747,3
DA:748,3
DA:749,3
DA:750,3
DA:752,4
DA:753,4
DA:754,4
DA:755,4
DA:756,0
DA:758,4
DA:759,4
DA:760,4
DA:761,4
DA:762,4
DA:763,4
DA:764,4
DA:765,4
DA:767,4
DA:774,4
DA:775,4
DA:778,0
DA:791,1
DA:792,4
DA:793,4
DA:794,4
DA:795,4
DA:796,4
DA:806,4
DA:807,4
DA:808,4
DA:809,4
DA:810,4
DA:811,4
DA:812,0
DA:814,4
DA:815,4
DA:816,4
DA:819,0
DA:820,0
DA:821,0
DA:833,1
DA:834,4
DA:835,4
DA:836,4
DA:837,4
DA:838,4
DA:845,1
DA:854,3
DA:855,3
DA:856,3
DA:857,3
DA:858,1
DA:859,3
DA:860,0
DA:861,3
DA:862,3
DA:863,3
DA:864,3
DA:865,0
DA:867,3
DA:868,3
DA:869,3
DA:872,0
DA:885,1
DA:886,3
DA:887,3
DA:888,3
DA:889,3
DA:890,3
DA:901,0
DA:902,0
DA:903,0
DA:904,0
DA:905,0
DA:906,0
DA:907,0
DA:909,0
DA:910,0
DA:913,0
DA:925,1
DA:926,0
DA:927,0
DA:928,0
DA:929,0
DA:930,0
DA:940,1
DA:941,1
DA:942,1
DA:943,1
DA:944,1
DA:945,1
DA:946,0
DA:948,1
DA:949,1
DA:950,1
DA:953,0
DA:964,1
DA:965,1
DA:966,1
DA:967,1
DA:968,1
DA:969,1
DA:979,1
DA:980,1
DA:981,1
DA:982,1
DA:983,1
DA:984,1
DA:985,0
DA:987,1
DA:988,1
DA:989,1
DA:992,0
DA:1003,1
DA:1004,1
DA:1005,1
DA:1006,1
DA:1007,1
DA:1008,1
DA:1018,0
DA:1019,0
DA:1020,0
DA:1021,0
DA:1022,0
DA:1023,0
DA:1024,0
DA:1025,0
DA:1026,0
DA:1027,0
DA:1029,0
DA:1030,0
DA:1031,0
DA:1034,0
DA:1046,1
DA:1047,0
DA:1048,0
DA:1049,0
DA:1050,0
DA:1051,0
DA:1062,0
DA:1063,0
DA:1064,0
DA:1065,0
DA:1066,0
DA:1067,0
DA:1068,0
DA:1069,0
DA:1070,0
DA:1071,0
DA:1073,0
DA:1074,0
DA:1077,0
DA:1092,1
DA:1093,0
DA:1094,0
DA:1095,0
DA:1096,0
DA:1097,0
DA:1107,1
DA:1108,3
DA:1109,3
DA:1110,3
DA:1111,3
DA:1112,3
DA:1114,3
DA:1122,1
DA:1123,0
DA:1134,1
DA:1135,0
DA:1155,7
DA:1156,2
DA:1164,7
DA:1165,5
DA:1173,7
DA:1180,7
DA:1181,0
DA:1189,7
DA:1190,0
DA:1198,7
DA:1199,0
DA:1207,7
DA:1214,7
DA:1215,0
DA:1223,7
DA:1230,7
DA:1231,0
DA:1232,0
DA:1241,7
DA:1242,1
DA:1249,7
DA:1250,0
DA:1264,1
DA:1265,0
DA:1273,1
DA:1274,0
DA:1282,1
DA:1289,1
DA:1290,0
DA:1298,1
DA:1305,1
DA:1306,0
DA:1314,1
DA:1321,1
DA:1322,0
DA:1330,1
DA:1337,1
DA:1338,1
DA:1346,1
DA:1347,0
DA:1355,0
DA:1363,1
DA:1364,0
DA:1372,1
DA:1373,0
DA:1382,1
DA:1383,0
DA:1391,1
DA:1392,0
DA:1401,1
DA:1402,0
DA:1410,1
DA:1411,0
DA:1412,0
DA:1419,1
DA:1420,0
DA:1437,3
DA:1443,3
DA:1449,3
DA:1455,3
DA:1461,3
DA:1467,3
DA:1480,3
DA:1486,3
DA:1492,3
DA:1498,3
DA:1504,3
DA:1510,3
DA:1516,3
DA:1522,3
DA:1531,1
DA:1532,1
DA:1533,1
DA:1534,1
DA:1535,1
DA:1536,1
DA:1537,1
DA:1538,1
DA:1539,1
DA:1540,0
DA:1542,1
DA:1543,1
DA:1544,1
DA:1547,0
DA:1560,3
DA:1561,1
DA:1562,1
DA:1563,1
DA:1571,3
DA:1572,1
DA:1580,3
DA:1581,0
DA:1589,3
DA:1590,0
DA:1598,3
DA:1599,0
DA:1607,3
DA:1608,0
DA:1617,3
DA:1618,0
DA:1619,0
DA:1620,0
DA:1621,0
DA:1622,0
DA:1630,3
DA:1631,1
DA:1639,3
DA:1640,0
DA:1648,3
DA:1649,0
DA:1658,3
DA:1659,0
DA:1660,0
DA:1661,0
DA:1662,0
DA:1671,3
DA:1672,0
DA:1673,0
DA:1674,0
DA:1675,0
DA:1685,3
DA:1686,0
DA:1687,0
DA:1688,0
DA:1689,0
DA:1700,3
DA:1701,0
DA:1702,0
DA:1703,0
DA:1704,0
DA:1714,3
DA:1715,0
DA:1716,0
DA:1717,0
DA:1718,0
DA:1719,0
DA:1729,3
DA:1730,0
DA:1731,0
DA:1732,0
DA:1733,0
DA:1734,0
DA:1745,3
DA:1746,0
DA:1747,0
DA:1748,0
DA:1749,0
DA:1750,0
DA:1751,0
DA:1752,0
DA:1769,3
DA:1770,0
DA:1771,0
DA:1772,0
DA:1773,0
DA:1774,0
DA:1777,0
DA:1786,3
DA:1787,0
DA:1796,3
DA:1797,0
DA:1798,0
DA:1808,1
DA:1809,1
DA:1810,1
DA:1811,1
DA:1812,0
DA:1813,1
DA:1814,0
DA:1815,1
DA:1816,1
DA:1817,1
DA:1818,1
DA:1819,0
DA:1821,1
DA:1822,1
DA:1823,1
DA:1826,0
DA:1839,3
DA:1840,1
DA:1841,1
DA:1842,1
DA:1843,1
DA:1844,1
DA:1853,13
DA:1854,13
DA:1855,4
DA:1856,13
DA:1857,13
DA:1858,1
DA:1859,13
DA:1860,13
DA:1861,2
DA:1862,13
DA:1863,13
DA:1864,0
DA:1865,13
DA:1874,8
DA:1875,8
DA:1876,7
DA:1877,7
DA:1878,59
DA:1879,59
DA:1880,1
DA:1881,1
DA:1882,1
DA:1883,58
DA:1884,0
DA:1885,58
DA:1886,1
DA:1887,0
DA:1889,57
DA:1892,7
DA:1903,1
DA:1904,1
DA:1905,1
DA:1906,1
DA:1907,1
DA:1908,1
DA:1909,1
DA:1910,0
DA:1912,1
DA:1913,1
DA:1914,1
DA:1915,1
DA:1916,1
DA:1917,1
DA:1920,0
DA:1932,3
DA:1933,1
DA:1934,1
DA:1935,1
DA:1936,1
DA:1937,1
DA:1945,3
DA:1955,2
DA:1956,2
DA:1957,2
DA:1958,2
DA:1959,0
DA:1960,2
DA:1961,2
DA:1962,2
DA:1963,2
DA:1964,2
DA:1965,2
DA:1966,2
DA:1967,0
DA:1969,2
DA:1970,0
DA:1971,2
DA:1972,2
DA:1973,2
DA:1974,2
DA:1975,2
DA:1976,2
DA:1979,0
DA:1994,3
DA:1995,2
DA:1996,2
DA:1997,2
DA:1998,2
DA:1999,2
DA:2010,7
DA:2011,7
DA:2012,7
DA:2013,7
DA:2014,7
DA:2015,1
DA:2016,7
DA:2017,0
DA:2018,0
DA:2021,7
DA:2022,7
DA:2023,7
DA:2024,7
DA:2025,7
DA:2026,7
DA:2027,0
DA:2029,7
DA:2030,0
DA:2031,7
DA:2032,0
DA:2034,7
DA:2035,7
DA:2036,7
DA:2039,0
DA:2054,3
DA:2055,3
DA:2056,3
DA:2057,3
DA:2058,3
DA:2059,3
DA:2069,2
DA:2070,2
DA:2071,2
DA:2072,2
DA:2073,2
DA:2084,3
DA:2085,2
DA:2086,2
DA:2087,2
DA:2088,2
DA:2089,2
DA:2100,1
DA:2101,1
DA:2102,1
DA:2103,1
DA:2104,1
DA:2116,3
DA:2117,1
DA:2118,1
DA:2119,1
DA:2120,1
DA:2121,1
DA:2132,0
DA:2133,0
DA:2134,0
DA:2135,0
DA:2136,0
DA:2148,3
DA:2149,0
DA:2150,0
DA:2151,0
DA:2152,0
DA:2153,0
DA:2164,1
DA:2165,1
DA:2166,1
DA:2167,1
DA:2168,1
DA:2180,3
DA:2181,1
DA:2182,1
DA:2183,1
DA:2184,1
DA:2185,1
DA:2194,3
DA:2195,0
DA:2196,0
DA:2197,0
DA:2208,0
DA:2209,0
DA:2210,0
DA:2211,0
DA:2212,0
DA:2213,0
DA:2214,0
DA:2215,0
DA:2217,0
DA:2218,0
DA:2219,0
DA:2222,0
DA:2234,3
DA:2235,0
DA:2236,0
DA:2237,0
DA:2238,0
DA:2239,0
DA:2250,1
DA:2251,1
DA:2252,1
DA:2253,1
DA:2254,0
DA:2256,1
DA:2267,3
DA:2268,1
DA:2269,1
DA:2270,1
DA:2271,1
DA:2272,1
DA:2283,2
DA:2284,2
DA:2285,2
DA:2286,2
DA:2287,2
DA:2288,2
DA:2289,2
DA:2290,2
DA:2291,2
DA:2292,0
DA:2294,2
DA:2295,2
DA:2296,2
DA:2299,0
DA:2311,3
DA:2312,2
DA:2313,2
DA:2314,2
DA:2315,2
DA:2316,2
DA:2317,2
DA:2328,2
DA:2329,2
DA:2330,2
DA:2331,2
DA:2332,2
DA:2333,2
DA:2334,2
DA:2335,2
DA:2336,2
DA:2337,0
DA:2339,2
DA:2340,2
DA:2341,2
DA:2344,0
DA:2356,3
DA:2357,1
DA:2358,1
DA:2359,1
DA:2360,1
DA:2361,1
DA:2372,2
DA:2373,2
DA:2374,2
DA:2375,2
DA:2376,2
DA:2377,2
DA:2378,2
DA:2379,2
DA:2380,0
DA:2382,2
DA:2383,2
DA:2384,2
DA:2385,2
DA:2388,0
DA:2400,3
DA:2401,2
DA:2402,2
DA:2403,2
DA:2404,2
DA:2405,2
DA:2417,1
DA:2418,1
DA:2419,1
DA:2420,1
DA:2421,1
DA:2422,1
DA:2423,0
DA:2425,1
DA:2426,1
DA:2427,1
DA:2430,0
DA:2444,3
DA:2445,1
DA:2446,1
DA:2447,1
DA:2448,1
DA:2449,1
DA:2460,0
DA:2461,0
DA:2462,0
DA:2463,0
DA:2464,0
DA:2465,0
DA:2466,0
DA:2467,0
DA:2468,0
DA:2470,0
DA:2471,0
DA:2472,0
DA:2475,0
DA:2488,3
DA:2489,0
DA:2490,0
DA:2491,0
DA:2492,0
DA:2493,0
DA:2505,1
DA:2506,1
DA:2507,1
DA:2508,0
DA:2509,1
DA:2510,1
DA:2511,0
DA:2512,1
DA:2513,0
DA:2514,1
DA:2515,1
DA:2516,1
DA:2517,1
DA:2518,0
DA:2520,1
DA:2521,1
DA:2524,0
DA:2537,3
DA:2538,1
DA:2539,1
DA:2540,1
DA:2541,1
DA:2542,1
DA:2554,0
DA:2555,0
DA:2556,0
DA:2557,0
DA:2558,0
DA:2559,0
DA:2560,0
DA:2561,0
DA:2562,0
DA:2564,0
DA:2565,0
DA:2566,0
DA:2569,0
DA:2582,3
DA:2583,0
DA:2584,0
DA:2585,0
DA:2586,0
DA:2587,0
DA:2598,0
DA:2599,0
DA:2600,0
DA:2601,0
DA:2602,0
DA:2603,0
DA:2604,0
DA:2605,0
DA:2607,0
DA:2608,0
DA:2609,0
DA:2612,0
DA:2624,3
DA:2625,0
DA:2626,0
DA:2627,0
DA:2628,0
DA:2629,0
DA:2638,3
DA:2639,0
DA:2655,0
DA:2671,0
DA:2677,0
DA:2683,0
DA:2690,0
DA:2691,0
DA:2699,0
DA:2700,0
DA:2701,0
DA:2702,0
DA:2703,0
DA:2704,0
DA:2705,0
DA:2706,0
DA:2707,0
DA:2709,0
DA:2712,0
DA:2724,0
DA:2725,0
DA:2726,0
DA:2727,0
DA:2728,0
DA:2729,0
DA:2730,0
DA:2731,0
DA:2732,0
DA:2733,0
DA:2734,0
DA:2735,0
DA:2736,0
DA:2738,0
DA:2739,0
DA:2740,0
DA:2741,0
DA:2744,0
DA:2753,0
DA:2754,0
DA:2756,0
DA:2757,0
DA:2759,0
DA:2774,0
DA:2775,0
DA:2776,0
DA:2777,0
DA:2778,0
DA:2779,0
DA:2783,1
LF:880
LH:541
BRDA:388,0,0,1
BRDA:388,0,1,0
BRDA:400,1,0,1
BRDA:400,1,1,1
BRDA:407,2,0,1
BRDA:407,2,1,1
BRDA:416,3,0,1
BRDA:416,3,1,1
BRDA:425,4,0,1
BRDA:425,4,1,1
BRDA:434,5,0,1
BRDA:434,5,1,1
BRDA:445,6,0,1
BRDA:445,6,1,1
BRDA:446,7,0,0
BRDA:446,7,1,80
BRDA:455,8,0,1
BRDA:455,8,1,1
BRDA:457,9,0,1
BRDA:457,9,1,0
BRDA:461,10,0,0
BRDA:461,10,1,1
BRDA:463,11,0,0
BRDA:463,11,1,0
BRDA:468,12,0,0
BRDA:468,12,1,1
BRDA:472,13,0,0
BRDA:472,13,1,1
BRDA:480,14,0,1
BRDA:480,14,1,0
BRDA:480,15,0,0
BRDA:480,15,1,0
BRDA:481,16,0,0
BRDA:481,16,1,1
BRDA:481,17,0,1
BRDA:481,17,1,1
BRDA:485,18,0,1
BRDA:485,18,1,0
BRDA:486,19,0,1
BRDA:486,19,1,0
BRDA:487,20,0,1
BRDA:487,20,1,1
BRDA:488,21,0,0
BRDA:488,21,1,1
BRDA:492,22,0,0
BRDA:492,22,1,1
BRDA:492,23,0,1
BRDA:492,23,1,0
BRDA:492,23,2,1
BRDA:492,23,3,1
BRDA:494,24,0,0
BRDA:494,24,1,1
BRDA:495,25,0,0
BRDA:495,25,1,0
BRDA:498,26,0,0
BRDA:498,26,1,1
BRDA:510,27,0,0
BRDA:510,27,1,1
BRDA:522,28,0,1
BRDA:522,28,1,1
BRDA:537,29,0,1
BRDA:537,29,1,1
BRDA:552,30,0,1
BRDA:552,30,1,1
BRDA:552,30,2,1
BRDA:578,31,0,6
BRDA:578,31,1,3
BRDA:605,32,0,4
BRDA:605,32,1,1
BRDA:605,33,0,5
BRDA:605,33,1,4
BRDA:606,34,0,4
BRDA:606,34,1,0
BRDA:615,35,0,29
BRDA:615,35,1,5
BRDA:630,36,0,7
BRDA:630,36,1,27
BRDA:632,37,0,7
BRDA:632,37,1,27
BRDA:635,38,0,29
BRDA:635,38,1,5
BRDA:640,39,0,4
BRDA:640,39,1,1
BRDA:647,40,0,34
BRDA:647,40,1,0
BRDA:654,41,0,34
BRDA:654,41,1,0
BRDA:657,42,0,0
BRDA:657,42,1,0
BRDA:657,43,0,0
BRDA:657,43,1,0
BRDA:658,44,0,0
BRDA:658,44,1,0
BRDA:658,45,0,0
BRDA:658,45,1,0
BRDA:659,46,0,0
BRDA:659,46,1,0
BRDA:674,47,0,0
BRDA:674,47,1,0
BRDA:675,48,0,0
BRDA:675,48,1,0
BRDA:676,49,0,0
BRDA:676,49,1,0
BRDA:677,50,0,0
BRDA:677,50,1,0
BRDA:677,51,0,0
BRDA:677,51,1,0
BRDA:690,52,0,0
BRDA:690,52,1,34
BRDA:692,53,0,34
BRDA:692,53,1,0
BRDA:706,54,0,1
BRDA:706,54,1,0
BRDA:710,55,0,0
BRDA:710,55,1,1
BRDA:711,56,0,0
BRDA:711,56,1,0
BRDA:713,57,0,1
BRDA:713,57,1,0
BRDA:717,58,0,0
BRDA:717,58,1,0
BRDA:731,59,0,1
BRDA:731,59,1,1
BRDA:745,60,0,4
BRDA:745,60,1,0
BRDA:746,61,0,3
BRDA:746,61,1,1
BRDA:746,62,0,4
BRDA:746,62,1,1
BRDA:748,63,0,3
BRDA:748,63,1,0
BRDA:749,64,0,3
BRDA:749,64,1,0
BRDA:749,65,0,3
BRDA:749,65,1,0
BRDA:750,66,0,3
BRDA:750,66,1,0
BRDA:755,67,0,0
BRDA:755,67,1,4
BRDA:756,68,0,0
BRDA:756,68,1,0
BRDA:761,69,0,4
BRDA:761,69,1,0
BRDA:764,70,0,4
BRDA:764,70,1,0
BRDA:774,71,0,4
BRDA:774,71,1,0
BRDA:778,72,0,0
BRDA:778,72,1,0
BRDA:793,73,0,4
BRDA:793,73,1,1
BRDA:794,74,0,4
BRDA:794,74,1,4
BRDA:807,75,0,4
BRDA:807,75,1,0
BRDA:811,76,0,0
BRDA:811,76,1,4
BRDA:812,77,0,0
BRDA:812,77,1,0
BRDA:815,78,0,4
BRDA:815,78,1,0
BRDA:819,79,0,0
BRDA:819,79,1,0
BRDA:821,80,0,0
BRDA:821,80,1,0
BRDA:835,81,0,4
BRDA:835,81,1,4
BRDA:836,82,0,4
BRDA:836,82,1,4
BRDA:855,83,0,3
BRDA:855,83,1,0
BRDA:857,84,0,1
BRDA:857,84,1,2
BRDA:857,85,0,3
BRDA:857,85,1,2
BRDA:858,86,0,1
BRDA:858,86,1,0
BRDA:859,87,0,0
BRDA:859,87,1,3
BRDA:859,88,0,3
BRDA:859,88,1,3
BRDA:860,89,0,0
BRDA:860,89,1,0
BRDA:864,90,0,0
BRDA:864,90,1,3
BRDA:865,91,0,0
BRDA:865,91,1,0
BRDA:868,92,0,3
BRDA:868,92,1,0
BRDA:872,93,0,0
BRDA:872,93,1,0
BRDA:887,94,0,3
BRDA:887,94,1,0
BRDA:888,95,0,3
BRDA:888,95,1,3
BRDA:902,96,0,0
BRDA:902,96,1,0
BRDA:906,97,0,0
BRDA:906,97,1,0
BRDA:907,98,0,0
BRDA:907,98,1,0
BRDA:909,99,0,0
BRDA:909,99,1,0
BRDA:913,100,0,0
BRDA:913,100,1,0
BRDA:927,101,0,0
BRDA:927,101,1,0
BRDA:928,102,0,0
BRDA:928,102,1,0
BRDA:941,103,0,1
BRDA:941,103,1,0
BRDA:945,104,0,0
BRDA:945,104,1,1
BRDA:946,105,0,0
BRDA:946,105,1,0
BRDA:949,106,0,1
BRDA:949,106,1,0
BRDA:953,107,0,0
BRDA:953,107,1,0
BRDA:966,108,0,1
BRDA:966,108,1,1
BRDA:967,109,0,1
BRDA:967,109,1,1
BRDA:980,110,0,1
BRDA:980,110,1,0
BRDA:984,111,0,0
BRDA:984,111,1,1
BRDA:985,112,0,0
BRDA:985,112,1,0
BRDA:988,113,0,1
BRDA:988,113,1,0
BRDA:992,114,0,0
BRDA:992,114,1,0
BRDA:1005,115,0,1
BRDA:1005,115,1,1
BRDA:1006,116,0,1
BRDA:1006,116,1,1
BRDA:1019,117,0,0
BRDA:1019,117,1,0
BRDA:1021,118,0,0
BRDA:1021,118,1,0
BRDA:1026,119,0,0
BRDA:1026,119,1,0
BRDA:1027,120,0,0
BRDA:1027,120,1,0
BRDA:1030,121,0,0
BRDA:1030,121,1,0
BRDA:1034,122,0,0
BRDA:1034,122,1,0
BRDA:1048,123,0,0
BRDA:1048,123,1,0
BRDA:1049,124,0,0
BRDA:1049,124,1,0
BRDA:1063,125,0,0
BRDA:1063,125,1,0
BRDA:1065,126,0,0
BRDA:1065,126,1,0
BRDA:1066,127,0,0
BRDA:1066,127,1,0
BRDA:1067,128,0,0
BRDA:1067,128,1,0
BRDA:1067,129,0,0
BRDA:1067,129,1,0
BRDA:1070,130,0,0
BRDA:1070,130,1,0
BRDA:1071,131,0,0
BRDA:1071,131,1,0
BRDA:1073,132,0,0
BRDA:1073,132,1,0
BRDA:1077,133,0,0
BRDA:1077,133,1,0
BRDA:1094,134,0,0
BRDA:1094,134,1,0
BRDA:1095,135,0,0
BRDA:1095,135,1,0
BRDA:1110,136,0,3
BRDA:1110,136,1,0
BRDA:1136,137,0,0
BRDA:1136,137,1,0
BRDA:1137,138,0,0
BRDA:1137,138,1,0
BRDA:1138,139,0,0
BRDA:1138,139,1,0
BRDA:1139,140,0,0
BRDA:1139,140,1,0
BRDA:1231,141,0,0
BRDA:1231,141,1,0
BRDA:1242,142,0,1
BRDA:1242,142,1,1
BRDA:1250,143,0,0
BRDA:1250,143,1,0
BRDA:1250,144,0,0
BRDA:1250,144,1,0
BRDA:1355,145,0,0
BRDA:1355,145,1,0
BRDA:1373,146,0,0
BRDA:1373,146,1,0
BRDA:1383,147,0,0
BRDA:1383,147,1,0
BRDA:1402,148,0,0
BRDA:1402,148,1,0
BRDA:1402,149,0,0
BRDA:1402,149,1,0
BRDA:1402,150,0,0
BRDA:1402,150,1,0
BRDA:1411,151,0,0
BRDA:1411,151,1,0
BRDA:1412,152,0,0
BRDA:1412,152,1,0
BRDA:1412,153,0,0
BRDA:1412,153,1,0
BRDA:1480,154,0,3
BRDA:1480,154,1,3
BRDA:1532,155,0,1
BRDA:1532,155,1,1
BRDA:1534,156,0,0
BRDA:1534,156,1,1
BRDA:1535,157,0,0
BRDA:1535,157,1,1
BRDA:1539,158,0,0
BRDA:1539,158,1,1
BRDA:1540,159,0,0
BRDA:1540,159,1,0
BRDA:1543,160,0,1
BRDA:1543,160,1,0
BRDA:1547,161,0,0
BRDA:1547,161,1,0
BRDA:1620,162,0,0
BRDA:1620,162,1,0
BRDA:1621,163,0,0
BRDA:1621,163,1,0
BRDA:1659,164,0,0
BRDA:1659,164,1,0
BRDA:1661,165,0,0
BRDA:1661,165,1,0
BRDA:1672,166,0,0
BRDA:1672,166,1,0
BRDA:1674,167,0,0
BRDA:1674,167,1,0
BRDA:1686,168,0,0
BRDA:1686,168,1,0
BRDA:1688,169,0,0
BRDA:1688,169,1,0
BRDA:1688,170,0,0
BRDA:1688,170,1,0
BRDA:1689,171,0,0
BRDA:1689,171,1,0
BRDA:1701,172,0,0
BRDA:1701,172,1,0
BRDA:1704,173,0,0
BRDA:1704,173,1,0
BRDA:1704,174,0,0
BRDA:1704,174,1,0
BRDA:1715,175,0,0
BRDA:1715,175,1,0
BRDA:1716,176,0,0
BRDA:1716,176,1,0
BRDA:1718,177,0,0
BRDA:1718,177,1,0
BRDA:1718,178,0,0
BRDA:1718,178,1,0
BRDA:1719,179,0,0
BRDA:1719,179,1,0
BRDA:1730,180,0,0
BRDA:1730,180,1,0
BRDA:1731,181,0,0
BRDA:1731,181,1,0
BRDA:1731,181,2,0
BRDA:1733,182,0,0
BRDA:1733,182,1,0
BRDA:1733,183,0,0
BRDA:1733,183,1,0
BRDA:1746,184,0,0
BRDA:1746,184,1,0
BRDA:1747,185,0,0
BRDA:1747,185,1,0
BRDA:1747,185,2,0
BRDA:1749,186,0,0
BRDA:1749,186,1,0
BRDA:1749,187,0,0
BRDA:1749,187,1,0
BRDA:1751,188,0,0
BRDA:1751,188,1,0
BRDA:1758,189,0,0
BRDA:1758,189,1,0
BRDA:1759,190,0,0
BRDA:1759,190,1,0
BRDA:1770,191,0,0
BRDA:1770,191,1,0
BRDA:1773,192,0,0
BRDA:1773,192,1,0
BRDA:1787,193,0,0
BRDA:1787,193,1,0
BRDA:1798,194,0,0
BRDA:1798,194,1,0
BRDA:1798,194,2,0
BRDA:1798,194,3,0
BRDA:1798,194,4,0
BRDA:1809,195,0,1
BRDA:1809,195,1,0
BRDA:1811,196,0,0
BRDA:1811,196,1,1
BRDA:1813,197,0,0
BRDA:1813,197,1,1
BRDA:1818,198,0,0
BRDA:1818,198,1,1
BRDA:1819,199,0,0
BRDA:1819,199,1,0
BRDA:1822,200,0,1
BRDA:1822,200,1,0
BRDA:1826,201,0,0
BRDA:1826,201,1,0
BRDA:1841,202,0,1
BRDA:1841,202,1,1
BRDA:1842,203,0,1
BRDA:1842,203,1,1
BRDA:1854,204,0,4
BRDA:1854,204,1,9
BRDA:1856,205,0,13
BRDA:1856,205,1,13
BRDA:1856,205,2,12
BRDA:1857,206,0,1
BRDA:1857,206,1,12
BRDA:1858,207,0,0
BRDA:1858,207,1,1
BRDA:1859,208,0,13
BRDA:1859,208,1,12
BRDA:1860,209,0,2
BRDA:1860,209,1,11
BRDA:1861,210,0,1
BRDA:1861,210,1,1
BRDA:1862,211,0,13
BRDA:1862,211,1,13
BRDA:1863,212,0,0
BRDA:1863,212,1,13
BRDA:1864,213,0,0
BRDA:1864,213,1,0
BRDA:1875,214,0,1
BRDA:1875,214,1,7
BRDA:1878,215,0,59
BRDA:1878,215,1,27
BRDA:1879,216,0,1
BRDA:1879,216,1,58
BRDA:1879,217,0,59
BRDA:1879,217,1,1
BRDA:1880,218,0,1
BRDA:1880,218,1,0
BRDA:1882,219,0,1
BRDA:1882,219,1,0
BRDA:1882,220,0,0
BRDA:1882,220,1,1
BRDA:1883,221,0,0
BRDA:1883,221,1,58
BRDA:1883,222,0,58
BRDA:1883,222,1,0
BRDA:1884,223,0,0
BRDA:1884,223,1,0
BRDA:1885,224,0,1
BRDA:1885,224,1,57
BRDA:1887,225,0,0
BRDA:1887,225,1,0
BRDA:1889,226,0,50
BRDA:1889,226,1,7
BRDA:1904,227,0,1
BRDA:1904,227,1,0
BRDA:1905,228,0,1
BRDA:1905,228,1,0
BRDA:1909,229,0,0
BRDA:1909,229,1,1
BRDA:1910,230,0,0
BRDA:1910,230,1,0
BRDA:1913,231,0,1
BRDA:1913,231,1,0
BRDA:1914,232,0,1
BRDA:1914,232,1,0
BRDA:1916,233,0,1
BRDA:1916,233,1,0
BRDA:1920,234,0,0
BRDA:1920,234,1,0
BRDA:1934,235,0,1
BRDA:1934,235,1,1
BRDA:1935,236,0,1
BRDA:1935,236,1,1
BRDA:1956,237,0,2
BRDA:1956,237,1,0
BRDA:1958,238,0,0
BRDA:1958,238,1,2
BRDA:1960,239,0,0
BRDA:1960,239,1,2
BRDA:1961,240,0,0
BRDA:1961,240,1,2
BRDA:1962,241,0,2
BRDA:1962,241,1,0
BRDA:1966,242,0,0
BRDA:1966,242,1,2
BRDA:1967,243,0,0
BRDA:1967,243,1,0
BRDA:1969,244,0,0
BRDA:1969,244,1,2
BRDA:1972,245,0,0
BRDA:1972,245,1,2
BRDA:1973,246,0,0
BRDA:1973,246,1,2
BRDA:1975,247,0,2
BRDA:1975,247,1,0
BRDA:1979,248,0,0
BRDA:1979,248,1,0
BRDA:1996,249,0,2
BRDA:1996,249,1,1
BRDA:1997,250,0,2
BRDA:1997,250,1,2
BRDA:2011,251,0,7
BRDA:2011,251,1,0
BRDA:2014,252,0,1
BRDA:2014,252,1,6
BRDA:2016,253,0,0
BRDA:2016,253,1,7
BRDA:2021,254,0,0
BRDA:2021,254,1,7
BRDA:2022,255,0,0
BRDA:2022,255,1,7
BRDA:2026,256,0,0
BRDA:2026,256,1,7
BRDA:2027,257,0,0
BRDA:2027,257,1,0
BRDA:2029,258,0,0
BRDA:2029,258,1,7
BRDA:2031,259,0,0
BRDA:2031,259,1,7
BRDA:2032,260,0,0
BRDA:2032,260,1,0
BRDA:2034,261,0,1
BRDA:2034,261,1,6
BRDA:2035,262,0,7
BRDA:2035,262,1,0
BRDA:2036,263,0,1
BRDA:2036,263,1,6
BRDA:2039,264,0,0
BRDA:2039,264,1,0
BRDA:2056,265,0,3
BRDA:2056,265,1,1
BRDA:2057,266,0,3
BRDA:2057,266,1,3
BRDA:2069,267,0,2
BRDA:2069,267,1,0
BRDA:2086,268,0,2
BRDA:2086,268,1,2
BRDA:2087,269,0,2
BRDA:2087,269,1,2
BRDA:2100,270,0,1
BRDA:2100,270,1,0
BRDA:2118,271,0,1
BRDA:2118,271,1,1
BRDA:2119,272,0,1
BRDA:2119,272,1,1
BRDA:2132,273,0,0
BRDA:2132,273,1,0
BRDA:2150,274,0,0
BRDA:2150,274,1,0
BRDA:2151,275,0,0
BRDA:2151,275,1,0
BRDA:2164,276,0,1
BRDA:2164,276,1,0
BRDA:2182,277,0,1
BRDA:2182,277,1,1
BRDA:2183,278,0,1
BRDA:2183,278,1,1
BRDA:2195,279,0,0
BRDA:2195,279,1,0
BRDA:2196,280,0,0
BRDA:2196,280,1,0
BRDA:2209,281,0,0
BRDA:2209,281,1,0
BRDA:2214,282,0,0
BRDA:2214,282,1,0
BRDA:2215,283,0,0
BRDA:2215,283,1,0
BRDA:2218,284,0,0
BRDA:2218,284,1,0
BRDA:2222,285,0,0
BRDA:2222,285,1,0
BRDA:2236,286,0,0
BRDA:2236,286,1,0
BRDA:2237,287,0,0
BRDA:2237,287,1,0
BRDA:2250,288,0,1
BRDA:2250,288,1,0
BRDA:2253,289,0,0
BRDA:2253,289,1,1
BRDA:2253,290,0,1
BRDA:2253,290,1,1
BRDA:2269,291,0,1
BRDA:2269,291,1,1
BRDA:2270,292,0,1
BRDA:2270,292,1,1
BRDA:2284,293,0,2
BRDA:2284,293,1,0
BRDA:2286,294,0,2
BRDA:2286,294,1,0
BRDA:2291,295,0,0
BRDA:2291,295,1,2
BRDA:2292,296,0,0
BRDA:2292,296,1,0
BRDA:2294,297,0,1
BRDA:2294,297,1,1
BRDA:2295,298,0,2
BRDA:2295,298,1,0
BRDA:2299,299,0,0
BRDA:2299,299,1,0
BRDA:2314,300,0,2
BRDA:2314,300,1,2
BRDA:2315,301,0,2
BRDA:2315,301,1,2
BRDA:2329,302,0,2
BRDA:2329,302,1,0
BRDA:2331,303,0,2
BRDA:2331,303,1,0
BRDA:2336,304,0,0
BRDA:2336,304,1,2
BRDA:2337,305,0,0
BRDA:2337,305,1,0
BRDA:2339,306,0,0
BRDA:2339,306,1,2
BRDA:2340,307,0,2
BRDA:2340,307,1,0
BRDA:2344,308,0,0
BRDA:2344,308,1,0
BRDA:2358,309,0,1
BRDA:2358,309,1,1
BRDA:2359,310,0,1
BRDA:2359,310,1,1
BRDA:2373,311,0,2
BRDA:2373,311,1,0
BRDA:2375,312,0,2
BRDA:2375,312,1,0
BRDA:2379,313,0,0
BRDA:2379,313,1,2
BRDA:2380,314,0,0
BRDA:2380,314,1,0
BRDA:2384,315,0,2
BRDA:2384,315,1,0
BRDA:2388,316,0,0
BRDA:2388,316,1,0
BRDA:2402,317,0,2
BRDA:2402,317,1,2
BRDA:2403,318,0,2
BRDA:2403,318,1,2
BRDA:2418,319,0,1
BRDA:2418,319,1,0
BRDA:2419,320,0,0
BRDA:2419,320,1,1
BRDA:2422,321,0,0
BRDA:2422,321,1,1
BRDA:2423,322,0,0
BRDA:2423,322,1,0
BRDA:2426,323,0,1
BRDA:2426,323,1,0
BRDA:2430,324,0,0
BRDA:2430,324,1,0
BRDA:2446,325,0,1
BRDA:2446,325,1,1
BRDA:2447,326,0,1
BRDA:2447,326,1,1
BRDA:2461,327,0,0
BRDA:2461,327,1,0
BRDA:2462,328,0,0
BRDA:2462,328,1,0
BRDA:2467,329,0,0
BRDA:2467,329,1,0
BRDA:2468,330,0,0
BRDA:2468,330,1,0
BRDA:2471,331,0,0
BRDA:2471,331,1,0
BRDA:2475,332,0,0
BRDA:2475,332,1,0
BRDA:2490,333,0,0
BRDA:2490,333,1,0
BRDA:2491,334,0,0
BRDA:2491,334,1,0
BRDA:2506,335,0,1
BRDA:2506,335,1,0
BRDA:2507,336,0,0
BRDA:2507,336,1,1
BRDA:2510,337,0,0
BRDA:2510,337,1,1
BRDA:2512,338,0,0
BRDA:2512,338,1,1
BRDA:2514,339,0,1
BRDA:2514,339,1,0
BRDA:2517,340,0,0
BRDA:2517,340,1,1
BRDA:2518,341,0,0
BRDA:2518,341,1,0
BRDA:2520,342,0,1
BRDA:2520,342,1,0
BRDA:2524,343,0,0
BRDA:2524,343,1,0
BRDA:2539,344,0,1
BRDA:2539,344,1,1
BRDA:2540,345,0,1
BRDA:2540,345,1,1
BRDA:2555,346,0,0
BRDA:2555,346,1,0
BRDA:2557,347,0,0
BRDA:2557,347,1,0
BRDA:2561,348,0,0
BRDA:2561,348,1,0
BRDA:2562,349,0,0
BRDA:2562,349,1,0
BRDA:2565,350,0,0
BRDA:2565,350,1,0
BRDA:2569,351,0,0
BRDA:2569,351,1,0
BRDA:2584,352,0,0
BRDA:2584,352,1,0
BRDA:2585,353,0,0
BRDA:2585,353,1,0
BRDA:2599,354,0,0
BRDA:2599,354,1,0
BRDA:2604,355,0,0
BRDA:2604,355,1,0
BRDA:2605,356,0,0
BRDA:2605,356,1,0
BRDA:2608,357,0,0
BRDA:2608,357,1,0
BRDA:2612,358,0,0
BRDA:2612,358,1,0
BRDA:2626,359,0,0
BRDA:2626,359,1,0
BRDA:2627,360,0,0
BRDA:2627,360,1,0
BRDA:2701,361,0,0
BRDA:2701,361,1,0
BRDA:2704,362,0,0
BRDA:2704,362,1,0
BRDA:2705,363,0,0
BRDA:2705,363,1,0
BRDA:2707,364,0,0
BRDA:2707,364,1,0
BRDA:2709,365,0,0
BRDA:2709,365,1,0
BRDA:2725,366,0,0
BRDA:2725,366,1,0
BRDA:2727,367,0,0
BRDA:2727,367,1,0
BRDA:2729,368,0,0
BRDA:2729,368,1,0
BRDA:2729,369,0,0
BRDA:2729,369,1,0
BRDA:2731,370,0,0
BRDA:2731,370,1,0
BRDA:2734,371,0,0
BRDA:2734,371,1,0
BRDA:2739,372,0,0
BRDA:2739,372,1,0
BRDA:2753,373,0,0
BRDA:2753,373,1,0
BRDA:2756,374,0,0
BRDA:2756,374,1,0
BRDA:2776,375,0,0
BRDA:2776,375,1,0
BRDA:2777,376,0,0
BRDA:2777,376,1,0
BRF:763
BRH:286
end_of_record
